#
# A fatal error has been detected by the Java Runtime Environment:
#
#  SIGSEGV (0xb) at pc=0x6f10069a, pid=4167, tid=1889921904
#
# JRE version: 6.0_24-b07
# Java VM: Java HotSpot(TM) Server VM (19.1-b02 mixed mode linux-x86 )
# Problematic frame:
# 
[error occurred during error reporting (printing problematic frame), id 0xb]

# If you would like to submit a bug report, please visit:
#   http://java.sun.com/webapps/bugreport/crash.jsp
#

---------------  T H R E A D  ---------------

Current thread (0x08450800):  VMThread [stack: 0x709de000,0x70a5f000] [id=4171]

siginfo:si_signo=SIGSEGV: si_errno=0, si_code=1 (SEGV_MAPERR), si_addr=0x00001a80

Registers:
EAX=0x00001a80, EBX=0x6f101b54, ECX=0x00000000, EDX=0x6f101a98
ESP=0x70a5dc70, EBP=0x70a5dc78, ESI=0x00000037, EDI=0x089fa2d0
EIP=0x6f10069a, CR2=0x00001a80, EFLAGS=0x00210246

Register to memory mapping:

EAX=0x00001a80
0x00001a80 is pointing to unknown location

EBX=0x6f101b54

[error occurred during error reporting (printing registers, top of stack, instructions near pc), id 0xb]

Stack: [0x709de000,0x70a5f000],  sp=0x70a5dc70,  free space=511k
Native frames: (J=compiled Java code, j=interpreted, Vv=VM code, C=native code)

[error occurred during error reporting (printing native stack), id 0xb]

VM_Operation (0x7014eca0): Exit, mode: safepoint, requested by thread 0x702c5000


---------------  P R O C E S S  ---------------

Java Threads: ( => current thread )
  0x6af24000 JavaThread "File Watcher" daemon [_thread_in_native, id=4234, stack(0x6c1af000,0x6c200000)]
  0x6af23800 JavaThread "Inactive RequestProcessor thread [Was:Folder recognizer/org.openide.loaders.FolderList$2]" daemon [_thread_blocked, id=4233, stack(0x6aa5e000,0x6aaaf000)]
  0x6f545800 JavaThread "Animation Thread" [_thread_blocked, id=4232, stack(0x6d84d000,0x6d89e000)]
  0x6ec93c00 JavaThread "logger-awt" daemon [_thread_blocked, id=4231, stack(0x6d7fc000,0x6d84d000)]
  0x6bac2400 JavaThread "Image Fetcher 0" daemon [_thread_blocked, id=4230, stack(0x6ae5e000,0x6aeaf000)]
  0x09600c00 JavaThread "Filter Auto-Refresh" daemon [_thread_blocked, id=4220, stack(0x6a84b000,0x6a89c000)]
  0x6adbd000 JavaThread "Filter Thread" daemon [_thread_blocked, id=4219, stack(0x6aaaf000,0x6ab00000)]
  0x6adbc800 JavaThread "attribute-event-bus" daemon [_thread_blocked, id=4213, stack(0x6ae0d000,0x6ae5e000)]
  0x6bac2000 JavaThread "graph-event-bus" daemon [_thread_blocked, id=4212, stack(0x6c270000,0x6c2c1000)]
  0x6bbbf000 JavaThread "DHNS View Destructor" daemon [_thread_blocked, id=4211, stack(0x700ae000,0x700ff000)]
  0x6a426800 JavaThread "SimpleFPSAnimator" daemon [_thread_blocked, id=4205, stack(0x6efaf000,0x6f000000)]
  0x6b6b1000 JavaThread "Dynamic Model EventDispatchThread" daemon [_thread_blocked, id=4197, stack(0x6c214000,0x6c265000)]
  0x702c7000 JavaThread "DestroyJavaVM" [_thread_blocked, id=4168, stack(0xb69fb000,0xb6a4c000)]
  0x6e2ca000 JavaThread "AWT-EventQueue-1" [_thread_blocked, id=4192, stack(0x6f9af000,0x6fa00000)]
  0x6e2cdc00 JavaThread "TimerQueue" daemon [_thread_blocked, id=4191, stack(0x6c312000,0x6c363000)]
  0x6e2c1800 JavaThread "Thread-2" daemon [_thread_blocked, id=4190, stack(0x6c363000,0x6c3b4000)]
  0x6fa28800 JavaThread "AWT-Shutdown" [_thread_blocked, id=4186, stack(0x6fbbb000,0x6fc0c000)]
  0x6fa1a000 JavaThread "AWT-XAWT" daemon [_thread_blocked, id=4185, stack(0x6fc0c000,0x6fc5d000)]
  0x6ff27000 JavaThread "Java2D Disposer" daemon [_thread_blocked, id=4184, stack(0x6fc5d000,0x6fcae000)]
  0x702c5000 JavaThread "Default RequestProcessor" daemon [_thread_blocked, id=4182, stack(0x700ff000,0x70150000)]
  0x702c2000 JavaThread "CLI Requests Server" daemon [_thread_in_native, id=4181, stack(0x70150000,0x701a1000)]
  0x7054e000 JavaThread "Active Reference Queue Daemon" daemon [_thread_blocked, id=4180, stack(0x7035c000,0x703ad000)]
  0x70547800 JavaThread "Timer-0" daemon [_thread_blocked, id=4179, stack(0x703ad000,0x703fe000)]
  0x70502c00 JavaThread "Low Memory Detector" daemon [_thread_blocked, id=4177, stack(0x70619000,0x7066a000)]
  0x70500c00 JavaThread "CompilerThread1" daemon [_thread_blocked, id=4176, stack(0x7047f000,0x70500000)]
  0x08469000 JavaThread "CompilerThread0" daemon [_thread_blocked, id=4175, stack(0x7066a000,0x706eb000)]
  0x08459000 JavaThread "Finalizer" daemon [_thread_blocked, id=4173, stack(0x7093c000,0x7098d000)]
  0x08454400 JavaThread "Reference Handler" daemon [_thread_blocked, id=4172, stack(0x7098d000,0x709de000)]

Other Threads:
=>0x08450800 VMThread [stack: 0x709de000,0x70a5f000] [id=4171]

VM state:at safepoint (shutting down)

VM Mutex/Monitor currently owned by a thread:  ([mutex/lock_event])
[0x083d2a58] Threads_lock - owner thread: 0x08450800

Heap
 PSYoungGen      total 76480K, used 49981K [0x9eb60000, 0xa40b0000, 0xb38b0000)
  eden space 65600K, 59% used [0x9eb60000,0xa1192168,0xa2b70000)
  from space 10880K, 99% used [0xa3610000,0xa40ad598,0xa40b0000)
  to   space 10880K, 0% used [0xa2b70000,0xa2b70000,0xa3610000)
 PSOldGen        total 174784K, used 8317K [0x750b0000, 0x7fb60000, 0x9eb60000)
  object space 174784K, 4% used [0x750b0000,0x758cf6c8,0x7fb60000)
 PSPermGen       total 39040K, used 38956K [0x710b0000, 0x736d0000, 0x750b0000)
  object space 39040K, 99% used [0x710b0000,0x736bb278,0x736d0000)

Dynamic libraries:
08048000-08052000 r-xp 00000000 08:05 4469969    /usr/lib/jvm/java-6-sun-1.6.0.24/jre/bin/java
08052000-08053000 rwxp 00009000 08:05 4469969    /usr/lib/jvm/java-6-sun-1.6.0.24/jre/bin/java
083cd000-09e5b000 rwxp 00000000 00:00 0          [heap]
68d98000-69798000 rwxp 00000000 00:00 0 
69d00000-69ddb000 rwxp 00000000 00:00 0 
69ddb000-69e00000 ---p 00000000 00:00 0 
69e6c000-69ecc000 rwxs 00000000 00:04 39288853   /SYSV00000000 (deleted)
69ecc000-6a100000 rwxs 00000000 00:04 39256084   /SYSV00000000 (deleted)
6a100000-6a1ff000 rwxp 00000000 00:00 0 
6a1ff000-6a200000 ---p 00000000 00:00 0 
6a200000-6a300000 rwxp 00000000 00:00 0 
6a400000-6a4fd000 rwxp 00000000 00:00 0 
6a4fd000-6a500000 ---p 00000000 00:00 0 
6a500000-6a5f9000 rwxp 00000000 00:00 0 
6a5f9000-6a600000 ---p 00000000 00:00 0 
6a700000-6a7f9000 rwxp 00000000 00:00 0 
6a7f9000-6a800000 ---p 00000000 00:00 0 
6a84b000-6a84e000 ---p 00000000 00:00 0 
6a84e000-6a89c000 rwxp 00000000 00:00 0 
6a89c000-6a89d000 rwxs 24d40000 00:05 8064       /dev/dri/card0
6a89d000-6a8bd000 rwxs 24d20000 00:05 8064       /dev/dri/card0
6a900000-6a9fe000 rwxp 00000000 00:00 0 
6a9fe000-6aa00000 ---p 00000000 00:00 0 
6aa0d000-6aa10000 ---p 00000000 00:00 0 
6aa10000-6aa5e000 rwxp 00000000 00:00 0 
6aa5e000-6aa61000 ---p 00000000 00:00 0 
6aa61000-6aaaf000 rwxp 00000000 00:00 0 
6aaaf000-6aab2000 ---p 00000000 00:00 0 
6aab2000-6ab00000 rwxp 00000000 00:00 0 
6ab00000-6abf9000 rwxp 00000000 00:00 0 
6abf9000-6ac00000 ---p 00000000 00:00 0 
6ac00000-6ad00000 rwxp 00000000 00:00 0 
6ad00000-6adfc000 rwxp 00000000 00:00 0 
6adfc000-6ae00000 ---p 00000000 00:00 0 
6ae0d000-6ae10000 ---p 00000000 00:00 0 
6ae10000-6ae5e000 rwxp 00000000 00:00 0 
6ae5e000-6ae61000 ---p 00000000 00:00 0 
6ae61000-6aeaf000 rwxp 00000000 00:00 0 
6aeaf000-6aeb2000 ---p 00000000 00:00 0 
6aeb2000-6af00000 rwxp 00000000 00:00 0 
6af00000-6affc000 rwxp 00000000 00:00 0 
6affc000-6b000000 ---p 00000000 00:00 0 
6b000000-6b0fa000 rwxp 00000000 00:00 0 
6b0fa000-6b100000 ---p 00000000 00:00 0 
6b100000-6b1fe000 rwxp 00000000 00:00 0 
6b1fe000-6b200000 ---p 00000000 00:00 0 
6b21d000-6b307000 r-xp 00000000 08:05 4349248    /usr/lib/dri/libglsl.so
6b307000-6b30b000 r-xp 000ea000 08:05 4349248    /usr/lib/dri/libglsl.so
6b30b000-6b30c000 rwxp 000ee000 08:05 4349248    /usr/lib/dri/libglsl.so
6b30c000-6b30d000 rwxp 00000000 00:00 0 
6b30d000-6b4e8000 r-xp 00000000 08:05 4349249    /usr/lib/dri/libdricore.so
6b4e8000-6b4ee000 r-xp 001db000 08:05 4349249    /usr/lib/dri/libdricore.so
6b4ee000-6b4f0000 rwxp 001e1000 08:05 4349249    /usr/lib/dri/libdricore.so
6b4f0000-6b500000 rwxp 00000000 00:00 0 
6b500000-6b700000 rwxp 00000000 00:00 0 
6b700000-6b7fa000 rwxp 00000000 00:00 0 
6b7fa000-6b800000 ---p 00000000 00:00 0 
6b800000-6b8fa000 rwxp 00000000 00:00 0 
6b8fa000-6b900000 ---p 00000000 00:00 0 
6b900000-6b9f9000 rwxp 00000000 00:00 0 
6b9f9000-6ba00000 ---p 00000000 00:00 0 
6ba00000-6bb00000 rwxp 00000000 00:00 0 
6bb00000-6bbe1000 rwxp 00000000 00:00 0 
6bbe1000-6bc00000 ---p 00000000 00:00 0 
6bc00000-6bcf2000 rwxp 00000000 00:00 0 
6bcf2000-6bd00000 ---p 00000000 00:00 0 
6bd00000-6bdeb000 rwxp 00000000 00:00 0 
6bdeb000-6be00000 ---p 00000000 00:00 0 
6be00000-6bef4000 rwxp 00000000 00:00 0 
6bef4000-6bf00000 ---p 00000000 00:00 0 
6bf15000-6bf16000 rwxs 24d1f000 00:05 8064       /dev/dri/card0
6bf16000-6bf17000 rwxs 24d1e000 00:05 8064       /dev/dri/card0
6bf17000-6bf18000 rwxs 24d1d000 00:05 8064       /dev/dri/card0
6bf18000-6bf19000 rwxs 24d1c000 00:05 8064       /dev/dri/card0
6bf19000-6bf39000 rwxs 24cfc000 00:05 8064       /dev/dri/card0
6bf39000-6bfff000 r-xp 00000000 08:05 4470045    /usr/lib/jvm/java-6-sun-1.6.0.24/jre/lib/i386/libmlib_image.so
6bfff000-6c000000 rwxp 000c5000 08:05 4470045    /usr/lib/jvm/java-6-sun-1.6.0.24/jre/lib/i386/libmlib_image.so
6c000000-6c0e4000 rwxp 00000000 00:00 0 
6c0e4000-6c100000 ---p 00000000 00:00 0 
6c106000-6c1aa000 r-xp 00000000 08:05 4349235    /usr/lib/dri/i965_dri.so
6c1aa000-6c1ad000 r-xp 000a3000 08:05 4349235    /usr/lib/dri/i965_dri.so
6c1ad000-6c1af000 rwxp 000a6000 08:05 4349235    /usr/lib/dri/i965_dri.so
6c1af000-6c1b2000 ---p 00000000 00:00 0 
6c1b2000-6c200000 rwxp 00000000 00:00 0 
6c20e000-6c214000 rwxs 00000000 00:04 39354391   /SYSV00000000 (deleted)
6c214000-6c217000 ---p 00000000 00:00 0 
6c217000-6c265000 rwxp 00000000 00:00 0 
6c265000-6c26e000 r-xp 00000000 08:05 3539009    /lib/i386-linux-gnu/libdrm_intel.so.1.0.0
6c26e000-6c26f000 r-xp 00008000 08:05 3539009    /lib/i386-linux-gnu/libdrm_intel.so.1.0.0
6c26f000-6c270000 rwxp 00009000 08:05 3539009    /lib/i386-linux-gnu/libdrm_intel.so.1.0.0
6c270000-6c273000 ---p 00000000 00:00 0 
6c273000-6c2c1000 rwxp 00000000 00:00 0 
6c2c1000-6c2c4000 ---p 00000000 00:00 0 
6c2c4000-6c312000 rwxp 00000000 00:00 0 
6c312000-6c315000 ---p 00000000 00:00 0 
6c315000-6c363000 rwxp 00000000 00:00 0 
6c363000-6c366000 ---p 00000000 00:00 0 
6c366000-6c3b4000 rwxp 00000000 00:00 0 
6c3b4000-6c48f000 r-xp 00000000 08:05 920600     /home/daniel/gephi/gephibzr/gephi/build/cluster/modules/lib/linux-i586/libjogl.so
6c48f000-6c490000 rwxp 000da000 08:05 920600     /home/daniel/gephi/gephibzr/gephi/build/cluster/modules/lib/linux-i586/libjogl.so
6c490000-6c4aa000 r-xp 00000000 08:05 3539183    /lib/i386-linux-gnu/libgcc_s.so.1
6c4aa000-6c4ab000 r-xp 00019000 08:05 3539183    /lib/i386-linux-gnu/libgcc_s.so.1
6c4ab000-6c4ac000 rwxp 0001a000 08:05 3539183    /lib/i386-linux-gnu/libgcc_s.so.1
6c4ac000-6c58b000 r-xp 00000000 08:05 4331457    /usr/lib/i386-linux-gnu/libstdc++.so.6.0.14
6c58b000-6c58f000 r-xp 000de000 08:05 4331457    /usr/lib/i386-linux-gnu/libstdc++.so.6.0.14
6c58f000-6c590000 rwxp 000e2000 08:05 4331457    /usr/lib/i386-linux-gnu/libstdc++.so.6.0.14
6c590000-6c597000 rwxp 00000000 00:00 0 
6c597000-6c59f000 r-xp 00000000 08:05 3539143    /lib/i386-linux-gnu/libdrm.so.2.4.0
6c59f000-6c5a0000 r-xp 00007000 08:05 3539143    /lib/i386-linux-gnu/libdrm.so.2.4.0
6c5a0000-6c5a1000 rwxp 00008000 08:05 3539143    /lib/i386-linux-gnu/libdrm.so.2.4.0
6c5a1000-6c5a5000 r-xp 00000000 08:05 4329490    /usr/lib/i386-linux-gnu/libXxf86vm.so.1.0.0
6c5a5000-6c5a6000 r-xp 00003000 08:05 4329490    /usr/lib/i386-linux-gnu/libXxf86vm.so.1.0.0
6c5a6000-6c5a7000 rwxp 00004000 08:05 4329490    /usr/lib/i386-linux-gnu/libXxf86vm.so.1.0.0
6c5a7000-6c5f0000 r-xp 00000000 08:05 4328243    /usr/lib/mesa/libGL.so.1.2
6c5f0000-6c5f1000 ---p 00049000 08:05 4328243    /usr/lib/mesa/libGL.so.1.2
6c5f1000-6c5f6000 r-xp 00049000 08:05 4328243    /usr/lib/mesa/libGL.so.1.2
6c5f6000-6c5fc000 rwxp 0004e000 08:05 4328243    /usr/lib/mesa/libGL.so.1.2
6c5fc000-6c5fd000 rwxp 00000000 00:00 0 
6c5fd000-6c5fe000 ---p 00000000 00:00 0 
6c5fe000-6cdfe000 rwxp 00000000 00:00 0 
6cdfe000-6cdff000 ---p 00000000 00:00 0 
6cdff000-6d5ff000 rwxp 00000000 00:00 0 
6d5ff000-6d614000 r-xp 00000000 08:05 4325840    /usr/lib/libdbusmenu-glib.so.3.0.14
6d614000-6d615000 r-xp 00014000 08:05 4325840    /usr/lib/libdbusmenu-glib.so.3.0.14
6d615000-6d616000 rwxp 00015000 08:05 4325840    /usr/lib/libdbusmenu-glib.so.3.0.14
6d616000-6d624000 r-xp 00000000 08:05 4326996    /usr/lib/libdbusmenu-gtk.so.3.0.14
6d624000-6d625000 r-xp 0000d000 08:05 4326996    /usr/lib/libdbusmenu-gtk.so.3.0.14
6d625000-6d626000 rwxp 0000e000 08:05 4326996    /usr/lib/libdbusmenu-gtk.so.3.0.14
6d627000-6d62d000 rwxs 00000000 00:04 39321622   /SYSV00000000 (deleted)
6d62d000-6d633000 r-xp 00000000 08:05 4470056    /usr/lib/jvm/java-6-sun-1.6.0.24/jre/lib/i386/libmanagement.so
6d633000-6d634000 rwxp 00005000 08:05 4470056    /usr/lib/jvm/java-6-sun-1.6.0.24/jre/lib/i386/libmanagement.so
6d634000-6d63c000 r-xs 00115000 08:05 4470149    /usr/lib/jvm/java-6-sun-1.6.0.24/jre/lib/resources.jar
6d63c000-6d640000 r-xp 00000000 08:05 4339973    /usr/lib/gtk-2.0/2.10.0/menuproxies/libappmenu.so
6d640000-6d641000 r-xp 00003000 08:05 4339973    /usr/lib/gtk-2.0/2.10.0/menuproxies/libappmenu.so
6d641000-6d642000 rwxp 00004000 08:05 4339973    /usr/lib/gtk-2.0/2.10.0/menuproxies/libappmenu.so
6d642000-6d691000 r-xp 00000000 08:05 5244500    /usr/share/fonts/truetype/ttf-dejavu/DejaVuSansMono.ttf
6d691000-6d6e9000 r-xp 00000000 08:05 5243956    /usr/share/fonts/truetype/ubuntu-font-family/Ubuntu-R.ttf
6d6e9000-6d6eb000 r-xp 00000000 08:05 4725402    /usr/lib/i386-linux-gnu/pango/1.6.0/modules/pango-basic-fc.so
6d6eb000-6d6ec000 r-xp 00001000 08:05 4725402    /usr/lib/i386-linux-gnu/pango/1.6.0/modules/pango-basic-fc.so
6d6ec000-6d6ed000 rwxp 00002000 08:05 4725402    /usr/lib/i386-linux-gnu/pango/1.6.0/modules/pango-basic-fc.so
6d6ed000-6d6ee000 r-xs 00000000 08:05 1575980    /var/cache/fontconfig/26de28bc8622bbc1fb67fd234c21975f-le32d4.cache-3
6d6ee000-6d6ef000 r-xs 00000000 08:05 1576028    /var/cache/fontconfig/c05880de57d1f5e948fdfacc138775d9-le32d4.cache-3
6d6ef000-6d6f5000 r-xs 00000000 08:05 1576020    /var/cache/fontconfig/945677eb7aeaf62f1d50efc3fb3ec7d8-le32d4.cache-3
6d6f5000-6d6f7000 r-xs 00000000 08:05 1575744    /var/cache/fontconfig/99e8ed0e538f840c565b6ed5dad60d56-le32d4.cache-3
6d6f7000-6d6fa000 r-xs 00000000 08:05 1576002    /var/cache/fontconfig/e383d7ea5fbe662a33d9b44caf393297-le32d4.cache-3
6d6fa000-6d6ff000 r-xs 00000000 08:05 1575986    /var/cache/fontconfig/401a5dd6b567794a1d18dd9342dfa604-le32d4.cache-3
6d6ff000-6d701000 r-xs 00000000 08:05 1575983    /var/cache/fontconfig/2cd17615ca594fa2959ae173292e504c-le32d4.cache-3
6d701000-6d702000 r-xs 00000000 08:05 1575740    /var/cache/fontconfig/e7071f4a29fa870f4323321c154eba04-le32d4.cache-3
6d702000-6d704000 r-xs 00000000 08:05 1576599    /var/cache/fontconfig/b5ea634b0fb353b8ea17632d1f9ef766-le32d4.cache-3
6d704000-6d708000 r-xs 00000000 08:05 1575958    /var/cache/fontconfig/926e794c3d5e5dffcaf2fa83ef8d36c2-le32d4.cache-3
6d708000-6d70c000 r-xs 00000000 08:05 1575788    /var/cache/fontconfig/a755afe4a08bf5b97852ceb7400b47bc-le32d4.cache-3
6d70c000-6d710000 r-xs 00000000 08:05 1575915    /var/cache/fontconfig/515ca1ebc4b18308bea979be5704f9db-le32d4.cache-3
6d710000-6d717000 r-xs 00000000 08:05 1575886    /var/cache/fontconfig/6d41288fd70b0be22e8c3a91e032eec0-le32d4.cache-3
6d717000-6d722000 r-xs 00000000 08:05 1575845    /var/cache/fontconfig/0f34bcd4b6ee430af32735b75db7f02b-le32d4.cache-3
6d722000-6d744000 r-xs 00000000 08:05 1575808    /var/cache/fontconfig/365b55f210c0a22e9a19e35191240f32-le32d4.cache-3
6d744000-6d752000 r-xs 00000000 08:05 1576043    /var/cache/fontconfig/865f88548240fee46819705c6468c165-le32d4.cache-3
6d752000-6d76a000 r-xs 00000000 08:05 1579274    /var/cache/fontconfig/165b9254a84ccada37e340049ffc8b30-le32d4.cache-3
6d76a000-6d778000 r-xs 00679000 08:05 4469899    /usr/lib/jvm/java-6-sun-1.6.0.24/jre/lib/charsets.jar
6d786000-6d789000 rwxs 00000000 00:04 40435766   /SYSV00000000 (deleted)
6d7ab000-6d7ae000 ---p 00000000 00:00 0 
6d7ae000-6d7fc000 rwxp 00000000 00:00 0 
6d7fc000-6d7ff000 ---p 00000000 00:00 0 
6d7ff000-6d84d000 rwxp 00000000 00:00 0 
6d84d000-6d850000 ---p 00000000 00:00 0 
6d850000-6d89e000 rwxp 00000000 00:00 0 
6e13c000-6e17f000 rwxs 00000000 00:04 40075306   /SYSV00000000 (deleted)
6e17f000-6e194000 rwxs 00000000 00:04 40009768   /SYSV00000000 (deleted)
6e194000-6e1a9000 rwxs 00000000 00:04 39976999   /SYSV00000000 (deleted)
6e1a9000-6e1fd000 r-xp 00000000 08:05 4470041    /usr/lib/jvm/java-6-sun-1.6.0.24/jre/lib/i386/libcmm.so
6e1fd000-6e200000 rwxp 00054000 08:05 4470041    /usr/lib/jvm/java-6-sun-1.6.0.24/jre/lib/i386/libcmm.so
6e200000-6e2f7000 rwxp 00000000 00:00 0 
6e2f7000-6e300000 ---p 00000000 00:00 0 
6e301000-6e302000 r-xp 00000000 08:05 920601     /home/daniel/gephi/gephibzr/gephi/build/cluster/modules/lib/linux-i586/libjogl_awt.so
6e302000-6e303000 rwxp 00000000 08:05 920601     /home/daniel/gephi/gephibzr/gephi/build/cluster/modules/lib/linux-i586/libjogl_awt.so
6e315000-6e31a000 rwxs 00000000 00:04 39911448   /SYSV00000000 (deleted)
6e31a000-6e31e000 rwxs 24784000 00:05 8064       /dev/dri/card0
6e353000-6e378000 r-xp 00000000 08:05 4329115    /usr/lib/libvorbis.so.0.4.5
6e378000-6e379000 r-xp 00025000 08:05 4329115    /usr/lib/libvorbis.so.0.4.5
6e379000-6e37a000 rwxp 00026000 08:05 4329115    /usr/lib/libvorbis.so.0.4.5
6e37a000-6e381000 r-xp 00000000 08:05 4327081    /usr/lib/libltdl.so.7.2.1
6e381000-6e382000 r-xp 00006000 08:05 4327081    /usr/lib/libltdl.so.7.2.1
6e382000-6e383000 rwxp 00007000 08:05 4327081    /usr/lib/libltdl.so.7.2.1
6e383000-6e392000 r-xp 00000000 08:05 4326562    /usr/lib/libtdb.so.1.2.9
6e392000-6e393000 r-xp 0000e000 08:05 4326562    /usr/lib/libtdb.so.1.2.9
6e393000-6e394000 rwxp 0000f000 08:05 4326562    /usr/lib/libtdb.so.1.2.9
6e394000-6e39b000 r-xp 00000000 08:05 4329060    /usr/lib/libvorbisfile.so.3.3.4
6e39b000-6e39c000 r-xp 00006000 08:05 4329060    /usr/lib/libvorbisfile.so.3.3.4
6e39c000-6e39d000 rwxp 00007000 08:05 4329060    /usr/lib/libvorbisfile.so.3.3.4
6e39d000-6e3a5000 r-xs 00000000 08:05 1575802    /var/cache/fontconfig/d52a8644073d54c13679302ca1180695-le32d4.cache-3
6e3a5000-6e3b3000 r-xs 00000000 08:05 1575126    /var/cache/fontconfig/e13b20fdb08344e0e664864cc2ede53d-le32d4.cache-3
6e3b3000-6e3d9000 r-xp 00000000 08:05 3538983    /lib/i386-linux-gnu/libexpat.so.1.5.2
6e3d9000-6e3da000 ---p 00026000 08:05 3538983    /lib/i386-linux-gnu/libexpat.so.1.5.2
6e3da000-6e3dc000 r-xp 00026000 08:05 3538983    /lib/i386-linux-gnu/libexpat.so.1.5.2
6e3dc000-6e3dd000 rwxp 00028000 08:05 3538983    /lib/i386-linux-gnu/libexpat.so.1.5.2
6e3dd000-6e3f6000 r-xp 00000000 08:05 3538994    /lib/i386-linux-gnu/libselinux.so.1
6e3f6000-6e3f7000 r-xp 00018000 08:05 3538994    /lib/i386-linux-gnu/libselinux.so.1
6e3f7000-6e3f8000 rwxp 00019000 08:05 3538994    /lib/i386-linux-gnu/libselinux.so.1
6e3f8000-6e409000 r-xp 00000000 08:05 3542500    /lib/i386-linux-gnu/libresolv-2.13.so
6e409000-6e40a000 r-xp 00010000 08:05 3542500    /lib/i386-linux-gnu/libresolv-2.13.so
6e40a000-6e40b000 rwxp 00011000 08:05 3542500    /lib/i386-linux-gnu/libresolv-2.13.so
6e40b000-6e40d000 rwxp 00000000 00:00 0 
6e40d000-6e44a000 r-xp 00000000 08:05 3539185    /lib/i386-linux-gnu/libpcre.so.3.12.1
6e44a000-6e44b000 r-xp 0003c000 08:05 3539185    /lib/i386-linux-gnu/libpcre.so.3.12.1
6e44b000-6e44c000 rwxp 0003d000 08:05 3539185    /lib/i386-linux-gnu/libpcre.so.3.12.1
6e44c000-6e45f000 r-xp 00000000 08:05 3538986    /lib/i386-linux-gnu/libz.so.1.2.3.4
6e45f000-6e460000 r-xp 00012000 08:05 3538986    /lib/i386-linux-gnu/libz.so.1.2.3.4
6e460000-6e461000 rwxp 00013000 08:05 3538986    /lib/i386-linux-gnu/libz.so.1.2.3.4
6e461000-6e4c8000 r-xp 00000000 08:05 4326388    /usr/lib/libpixman-1.so.0.20.2
6e4c8000-6e4c9000 ---p 00067000 08:05 4326388    /usr/lib/libpixman-1.so.0.20.2
6e4c9000-6e4cc000 r-xp 00067000 08:05 4326388    /usr/lib/libpixman-1.so.0.20.2
6e4cc000-6e4cd000 rwxp 0006a000 08:05 4326388    /usr/lib/libpixman-1.so.0.20.2
6e4cd000-6e5a2000 r-xp 00000000 08:05 3539080    /lib/i386-linux-gnu/libglib-2.0.so.0.2800.6
6e5a2000-6e5a3000 r-xp 000d4000 08:05 3539080    /lib/i386-linux-gnu/libglib-2.0.so.0.2800.6
6e5a3000-6e5a4000 rwxp 000d5000 08:05 3539080    /lib/i386-linux-gnu/libglib-2.0.so.0.2800.6
6e5a4000-6e5e9000 r-xp 00000000 08:05 4328915    /usr/lib/i386-linux-gnu/libgobject-2.0.so.0.2800.6
6e5e9000-6e5ea000 r-xp 00044000 08:05 4328915    /usr/lib/i386-linux-gnu/libgobject-2.0.so.0.2800.6
6e5ea000-6e5eb000 rwxp 00045000 08:05 4328915    /usr/lib/i386-linux-gnu/libgobject-2.0.so.0.2800.6
6e5eb000-6e66c000 r-xp 00000000 08:05 4325689    /usr/lib/i386-linux-gnu/libfreetype.so.6.6.2
6e66c000-6e670000 r-xp 00080000 08:05 4325689    /usr/lib/i386-linux-gnu/libfreetype.so.6.6.2
6e670000-6e671000 rwxp 00084000 08:05 4325689    /usr/lib/i386-linux-gnu/libfreetype.so.6.6.2
6e671000-6e76f000 r-xp 00000000 08:05 4332912    /usr/lib/i386-linux-gnu/libgio-2.0.so.0.2800.6
6e76f000-6e770000 ---p 000fe000 08:05 4332912    /usr/lib/i386-linux-gnu/libgio-2.0.so.0.2800.6
6e770000-6e772000 r-xp 000fe000 08:05 4332912    /usr/lib/i386-linux-gnu/libgio-2.0.so.0.2800.6
6e772000-6e773000 rwxp 00100000 08:05 4332912    /usr/lib/i386-linux-gnu/libgio-2.0.so.0.2800.6
6e773000-6e774000 rwxp 00000000 00:00 0 
6e774000-6e822000 r-xp 00000000 08:05 4326380    /usr/lib/libcairo.so.2.11000.2
6e822000-6e823000 ---p 000ae000 08:05 4326380    /usr/lib/libcairo.so.2.11000.2
6e823000-6e824000 r-xp 000ae000 08:05 4326380    /usr/lib/libcairo.so.2.11000.2
6e824000-6e825000 rwxp 000af000 08:05 4326380    /usr/lib/libcairo.so.2.11000.2
6e825000-6e827000 rwxp 00000000 00:00 0 
6e827000-6ebf8000 r-xp 00000000 08:05 4331892    /usr/lib/libgtk-x11-2.0.so.0.2400.4
6ebf8000-6ebfc000 r-xp 003d0000 08:05 4331892    /usr/lib/libgtk-x11-2.0.so.0.2400.4
6ebfc000-6ebfe000 rwxp 003d4000 08:05 4331892    /usr/lib/libgtk-x11-2.0.so.0.2400.4
6ebfe000-6ec00000 rwxp 00000000 00:00 0 
6ec00000-6ed00000 rwxp 00000000 00:00 0 
6ed01000-6ed02000 r-xp 00000000 08:05 4470022    /usr/lib/jvm/java-6-sun-1.6.0.24/jre/lib/i386/libjawt.so
6ed02000-6ed03000 rwxp 00000000 08:05 4470022    /usr/lib/jvm/java-6-sun-1.6.0.24/jre/lib/i386/libjawt.so
6ed03000-6ed11000 r-xp 00000000 08:05 4326490    /usr/lib/libcanberra.so.0.2.5
6ed11000-6ed12000 r-xp 0000d000 08:05 4326490    /usr/lib/libcanberra.so.0.2.5
6ed12000-6ed13000 rwxp 0000e000 08:05 4326490    /usr/lib/libcanberra.so.0.2.5
6ed13000-6ed36000 r-xp 00000000 08:05 3539147    /lib/i386-linux-gnu/libpng12.so.0.44.0
6ed36000-6ed37000 r-xp 00022000 08:05 3539147    /lib/i386-linux-gnu/libpng12.so.0.44.0
6ed37000-6ed38000 rwxp 00023000 08:05 3539147    /lib/i386-linux-gnu/libpng12.so.0.44.0
6ed38000-6ed65000 r-xp 00000000 08:05 4325572    /usr/lib/i386-linux-gnu/libfontconfig.so.1.4.4
6ed65000-6ed66000 r-xp 0002c000 08:05 4325572    /usr/lib/i386-linux-gnu/libfontconfig.so.1.4.4
6ed66000-6ed67000 rwxp 0002d000 08:05 4325572    /usr/lib/i386-linux-gnu/libfontconfig.so.1.4.4
6ed67000-6edfc000 r-xp 00000000 08:05 4349290    /usr/lib/libgdk-x11-2.0.so.0.2400.4
6edfc000-6edfd000 ---p 00095000 08:05 4349290    /usr/lib/libgdk-x11-2.0.so.0.2400.4
6edfd000-6edff000 r-xp 00095000 08:05 4349290    /usr/lib/libgdk-x11-2.0.so.0.2400.4
6edff000-6ee00000 rwxp 00097000 08:05 4349290    /usr/lib/libgdk-x11-2.0.so.0.2400.4
6ee00000-6eef9000 rwxp 00000000 00:00 0 
6eef9000-6ef00000 ---p 00000000 00:00 0 
6ef00000-6ef05000 r-xp 00000000 08:05 4328876    /usr/lib/libogg.so.0.7.0
6ef05000-6ef06000 r-xp 00004000 08:05 4328876    /usr/lib/libogg.so.0.7.0
6ef06000-6ef07000 rwxp 00005000 08:05 4328876    /usr/lib/libogg.so.0.7.0
6ef07000-6ef0d000 r-xp 00000000 08:05 4325996    /usr/lib/i386-linux-gnu/libxcb-render.so.0.0.0
6ef0d000-6ef0e000 r-xp 00005000 08:05 4325996    /usr/lib/i386-linux-gnu/libxcb-render.so.0.0.0
6ef0e000-6ef0f000 rwxp 00006000 08:05 4325996    /usr/lib/i386-linux-gnu/libxcb-render.so.0.0.0
6ef0f000-6ef11000 r-xp 00000000 08:05 4326159    /usr/lib/i386-linux-gnu/libxcb-shm.so.0.0.0
6ef11000-6ef12000 r-xp 00001000 08:05 4326159    /usr/lib/i386-linux-gnu/libxcb-shm.so.0.0.0
6ef12000-6ef13000 rwxp 00002000 08:05 4326159    /usr/lib/i386-linux-gnu/libxcb-shm.so.0.0.0
6ef13000-6ef51000 r-xp 00000000 08:05 4325711    /usr/lib/i386-linux-gnu/libpango-1.0.so.0.2800.4
6ef51000-6ef52000 r-xp 0003e000 08:05 4325711    /usr/lib/i386-linux-gnu/libpango-1.0.so.0.2800.4
6ef52000-6ef53000 rwxp 0003f000 08:05 4325711    /usr/lib/i386-linux-gnu/libpango-1.0.so.0.2800.4
6ef53000-6ef78000 r-xp 00000000 08:05 4325713    /usr/lib/i386-linux-gnu/libpangoft2-1.0.so.0.2800.4
6ef78000-6ef79000 ---p 00025000 08:05 4325713    /usr/lib/i386-linux-gnu/libpangoft2-1.0.so.0.2800.4
6ef79000-6ef7a000 r-xp 00025000 08:05 4325713    /usr/lib/i386-linux-gnu/libpangoft2-1.0.so.0.2800.4
6ef7a000-6ef7b000 rwxp 00026000 08:05 4325713    /usr/lib/i386-linux-gnu/libpangoft2-1.0.so.0.2800.4
6ef7b000-6ef7c000 r-xp 00000000 08:05 4331894    /usr/lib/gtk-2.0/2.10.0/immodules/im-cedilla.so
6ef7c000-6ef7d000 r-xp 00000000 08:05 4331894    /usr/lib/gtk-2.0/2.10.0/immodules/im-cedilla.so
6ef7d000-6ef7e000 rwxp 00001000 08:05 4331894    /usr/lib/gtk-2.0/2.10.0/immodules/im-cedilla.so
6ef9b000-6ef9f000 rwxs 24728000 00:05 8064       /dev/dri/card0
6ef9f000-6efa7000 rwxs 24a6a000 00:05 8064       /dev/dri/card0
6efa7000-6efaf000 rwxs 24a62000 00:05 8064       /dev/dri/card0
6efaf000-6efb2000 ---p 00000000 00:00 0 
6efb2000-6f000000 rwxp 00000000 00:00 0 
6f000000-6f0fb000 rwxp 00000000 00:00 0 
6f0fb000-6f100000 ---p 00000000 00:00 0 
6f100000-6f101000 r-xp 00000000 08:05 920599     /home/daniel/gephi/gephibzr/gephi/build/cluster/modules/lib/linux-i586/libgluegen-rt.so
6f101000-6f102000 rwxp 00000000 08:05 920599     /home/daniel/gephi/gephibzr/gephi/build/cluster/modules/lib/linux-i586/libgluegen-rt.so
6f102000-6f108000 r-xp 00000000 08:05 4333381    /usr/lib/i386-linux-gnu/libXrandr.so.2.2.0
6f108000-6f109000 r-xp 00005000 08:05 4333381    /usr/lib/i386-linux-gnu/libXrandr.so.2.2.0
6f109000-6f10a000 rwxp 00006000 08:05 4333381    /usr/lib/i386-linux-gnu/libXrandr.so.2.2.0
6f10a000-6f10c000 r-xp 00000000 08:05 4333368    /usr/lib/i386-linux-gnu/libXinerama.so.1.0.0
6f10c000-6f10d000 r-xp 00001000 08:05 4333368    /usr/lib/i386-linux-gnu/libXinerama.so.1.0.0
6f10d000-6f10e000 rwxp 00002000 08:05 4333368    /usr/lib/i386-linux-gnu/libXinerama.so.1.0.0
6f10e000-6f111000 r-xp 00000000 08:05 4332911    /usr/lib/i386-linux-gnu/libgthread-2.0.so.0.2800.6
6f111000-6f112000 r-xp 00003000 08:05 4332911    /usr/lib/i386-linux-gnu/libgthread-2.0.so.0.2800.6
6f112000-6f113000 rwxp 00004000 08:05 4332911    /usr/lib/i386-linux-gnu/libgthread-2.0.so.0.2800.6
6f113000-6f115000 r-xp 00000000 08:05 4332910    /usr/lib/i386-linux-gnu/libgmodule-2.0.so.0.2800.6
6f115000-6f116000 r-xp 00002000 08:05 4332910    /usr/lib/i386-linux-gnu/libgmodule-2.0.so.0.2800.6
6f116000-6f117000 rwxp 00003000 08:05 4332910    /usr/lib/i386-linux-gnu/libgmodule-2.0.so.0.2800.6
6f117000-6f132000 r-xp 00000000 08:05 4326627    /usr/lib/libgdk_pixbuf-2.0.so.0.2300.3
6f132000-6f133000 r-xp 0001a000 08:05 4326627    /usr/lib/libgdk_pixbuf-2.0.so.0.2300.3
6f133000-6f134000 rwxp 0001b000 08:05 4326627    /usr/lib/libgdk_pixbuf-2.0.so.0.2300.3
6f134000-6f14d000 r-xp 00000000 08:05 4326135    /usr/lib/i386-linux-gnu/libatk-1.0.so.0.9.1
6f14d000-6f14e000 ---p 00019000 08:05 4326135    /usr/lib/i386-linux-gnu/libatk-1.0.so.0.9.1
6f14e000-6f14f000 r-xp 00019000 08:05 4326135    /usr/lib/i386-linux-gnu/libatk-1.0.so.0.9.1
6f14f000-6f150000 rwxp 0001a000 08:05 4326135    /usr/lib/i386-linux-gnu/libatk-1.0.so.0.9.1
6f150000-6f152000 r-xp 00000000 08:05 4333357    /usr/lib/i386-linux-gnu/libXdamage.so.1.1.0
6f152000-6f153000 r-xp 00001000 08:05 4333357    /usr/lib/i386-linux-gnu/libXdamage.so.1.1.0
6f153000-6f154000 rwxp 00002000 08:05 4333357    /usr/lib/i386-linux-gnu/libXdamage.so.1.1.0
6f154000-6f156000 r-xp 00000000 08:05 4333341    /usr/lib/i386-linux-gnu/libXcomposite.so.1.0.0
6f156000-6f157000 r-xp 00001000 08:05 4333341    /usr/lib/i386-linux-gnu/libXcomposite.so.1.0.0
6f157000-6f158000 rwxp 00002000 08:05 4333341    /usr/lib/i386-linux-gnu/libXcomposite.so.1.0.0
6f158000-6f162000 r-xp 00000000 08:05 4325712    /usr/lib/i386-linux-gnu/libpangocairo-1.0.so.0.2800.4
6f162000-6f163000 r-xp 00009000 08:05 4325712    /usr/lib/i386-linux-gnu/libpangocairo-1.0.so.0.2800.4
6f163000-6f164000 rwxp 0000a000 08:05 4325712    /usr/lib/i386-linux-gnu/libpangocairo-1.0.so.0.2800.4
6f165000-6f168000 r-xs 00000000 08:05 1575945    /var/cache/fontconfig/6eb3985aa4124903f6ff08ba781cd364-le32d4.cache-3
6f168000-6f16b000 r-xs 00000000 08:05 1575843    /var/cache/fontconfig/d60319d88cac85ba9e1a07bd06cfbb8c-le32d4.cache-3
6f16e000-6f176000 rwxs 24a5a000 00:05 8064       /dev/dri/card0
6f176000-6f17e000 rwxs 24a52000 00:05 8064       /dev/dri/card0
6f17e000-6f191000 r-xp 00000000 08:05 2756514    /tmp/jna2187518668634747045.tmp (deleted)
6f191000-6f192000 rwxp 00013000 08:05 2756514    /tmp/jna2187518668634747045.tmp (deleted)
6f192000-6f1ab000 rwxs 00000000 00:04 39518234   /SYSV00000000 (deleted)
6f1ab000-6f200000 rwxs 00000000 00:04 39485465   /SYSV00000000 (deleted)
6f200000-6f2ff000 rwxp 00000000 00:00 0 
6f2ff000-6f300000 ---p 00000000 00:00 0 
6f300000-6f301000 r-xs 00000000 08:05 1575924    /var/cache/fontconfig/4c73fe0c47614734b17d736dbde7580a-le32d4.cache-3
6f301000-6f302000 r-xs 00000000 08:05 1575918    /var/cache/fontconfig/0d8c3b2ac0904cb8a57a757ad11a4a08-le32d4.cache-3
6f302000-6f305000 r-xp 00000000 08:05 4329344    /usr/lib/libcanberra-gtk.so.0.1.8
6f305000-6f306000 r-xp 00002000 08:05 4329344    /usr/lib/libcanberra-gtk.so.0.1.8
6f306000-6f307000 rwxp 00003000 08:05 4329344    /usr/lib/libcanberra-gtk.so.0.1.8
6f307000-6f30b000 r-xp 00000000 08:05 4327695    /usr/lib/gtk-2.0/modules/libcanberra-gtk-module.so
6f30b000-6f30c000 r-xp 00003000 08:05 4327695    /usr/lib/gtk-2.0/modules/libcanberra-gtk-module.so
6f30c000-6f30d000 rwxp 00004000 08:05 4327695    /usr/lib/gtk-2.0/modules/libcanberra-gtk-module.so
6f30d000-6f315000 r-xp 00000000 08:05 4325660    /usr/lib/liboverlay-scrollbar-0.1.so.0.0.12
6f315000-6f316000 r-xp 00007000 08:05 4325660    /usr/lib/liboverlay-scrollbar-0.1.so.0.0.12
6f316000-6f317000 rwxp 00008000 08:05 4325660    /usr/lib/liboverlay-scrollbar-0.1.so.0.0.12
6f317000-6f318000 r-xs 00000000 08:05 1575917    /var/cache/fontconfig/6a53c69dea097a2d716e069445527da8-le32d4.cache-3
6f318000-6f319000 r-xs 00000000 08:05 1575697    /var/cache/fontconfig/4794a0821666d79190d59a36cb4f44b5-le32d4.cache-3
6f319000-6f31c000 r-xs 00000000 08:05 1576598    /var/cache/fontconfig/7ef2298fde41cc6eeb7af42e48b7d293-le32d4.cache-3
6f31f000-6f327000 rwxs 24a4a000 00:05 8064       /dev/dri/card0
6f327000-6f328000 rwxp 00000000 00:00 0 
6f328000-6f32c000 rwxs 24724000 00:05 8064       /dev/dri/card0
6f32c000-6f341000 r-xp 00000000 08:05 4470039    /usr/lib/jvm/java-6-sun-1.6.0.24/jre/lib/i386/libdcpr.so
6f341000-6f354000 rwxp 00014000 08:05 4470039    /usr/lib/jvm/java-6-sun-1.6.0.24/jre/lib/i386/libdcpr.so
6f354000-6f368000 r-xp 00000000 08:05 4326695    /usr/lib/gtk-2.0/modules/libglobalmenu-plugin.so
6f368000-6f369000 r-xp 00013000 08:05 4326695    /usr/lib/gtk-2.0/modules/libglobalmenu-plugin.so
6f369000-6f36a000 rwxp 00014000 08:05 4326695    /usr/lib/gtk-2.0/modules/libglobalmenu-plugin.so
6f36a000-6f371000 r-xp 00000000 08:05 4328482    /usr/lib/gtk-2.0/2.10.0/engines/libpixmap.so
6f371000-6f372000 ---p 00007000 08:05 4328482    /usr/lib/gtk-2.0/2.10.0/engines/libpixmap.so
6f372000-6f373000 r-xp 00007000 08:05 4328482    /usr/lib/gtk-2.0/2.10.0/engines/libpixmap.so
6f373000-6f374000 rwxp 00008000 08:05 4328482    /usr/lib/gtk-2.0/2.10.0/engines/libpixmap.so
6f374000-6f3a1000 r-xp 00000000 08:05 4325876    /usr/lib/gtk-2.0/2.10.0/engines/libmurrine.so
6f3a1000-6f3a2000 r-xp 0002c000 08:05 4325876    /usr/lib/gtk-2.0/2.10.0/engines/libmurrine.so
6f3a2000-6f3a3000 rwxp 0002d000 08:05 4325876    /usr/lib/gtk-2.0/2.10.0/engines/libmurrine.so
6f3a3000-6f3a6000 r-xs 0002c000 08:05 922550     /home/daniel/gephi/gephibzr/gephi/build/cluster/modules/org-gephi-branding-desktop.jar
6f3a6000-6f3a7000 r-xs 0000c000 08:05 921072     /home/daniel/gephi/gephibzr/gephi/build/cluster/modules/org-gephi-clustering-plugin.jar
6f3a7000-6f3a9000 r-xs 00018000 08:05 921519     /home/daniel/gephi/gephibzr/gephi/build/cluster/modules/org-gephi-data-attributes.jar
6f3a9000-6f3b4000 r-xs 000b1000 08:05 922532     /home/daniel/gephi/gephibzr/gephi/build/cluster/modules/org-gephi-datalab-plugin.jar
6f3b4000-6f3b6000 r-xs 00013000 08:05 922515     /home/daniel/gephi/gephibzr/gephi/build/cluster/modules/org-gephi-desktop-clustering.jar
6f3b6000-6f3b7000 r-xs 00003000 08:05 921032     /home/daniel/gephi/gephibzr/gephi/build/cluster/modules/org-gephi-clustering-api.jar
6f3b7000-6f3b9000 r-xs 0000a000 08:05 922485     /home/daniel/gephi/gephibzr/gephi/build/cluster/modules/org-gephi-desktop-context.jar
6f3b9000-6f3bb000 r-xs 00003000 08:05 922526     /home/daniel/gephi/gephibzr/gephi/build/cluster/modules/ext/spark-1.2.jar
6f3bb000-6f3bf000 r-xs 00053000 08:05 922524     /home/daniel/gephi/gephibzr/gephi/build/cluster/modules/org-gephi-desktop-datalab.jar
6f3bf000-6f3c2000 r-xs 00029000 08:05 921759     /home/daniel/gephi/gephibzr/gephi/build/cluster/modules/org-gephi-desktop-filters.jar
6f3c2000-6f3c3000 r-xs 00005000 08:05 921745     /home/daniel/gephi/gephibzr/gephi/build/cluster/modules/org-gephi-desktop-generate.jar
6f3c3000-6f3c5000 r-xs 00012000 08:05 922553     /home/daniel/gephi/gephibzr/gephi/build/cluster/modules/org-gephi-desktop-hierarchy.jar
6f3c5000-6f3c8000 r-xs 0001a000 08:05 921807     /home/daniel/gephi/gephibzr/gephi/build/cluster/modules/org-gephi-desktop-importer.jar
6f3c8000-6f3ca000 r-xs 00012000 08:05 922540     /home/daniel/gephi/gephibzr/gephi/build/cluster/modules/org-gephi-desktop-layout.jar
6f3ca000-6f3cc000 r-xs 00010000 08:05 921817     /home/daniel/gephi/gephibzr/gephi/build/cluster/modules/org-gephi-desktop-partition.jar
6f3cc000-6f3cf000 r-xs 0001a000 08:05 922557     /home/daniel/gephi/gephibzr/gephi/build/cluster/modules/org-gephi-desktop-preview.jar
6f3cf000-6f3d1000 r-xs 00017000 08:05 921791     /home/daniel/gephi/gephibzr/gephi/build/cluster/modules/org-gephi-desktop-io-export.jar
6f3d1000-6f3d2000 r-xs 00002000 08:05 920699     /home/daniel/gephi/gephibzr/gephi/build/cluster/modules/org-gephi-desktop-progress.jar
6f3d2000-6f3d5000 r-xs 00020000 08:05 921814     /home/daniel/gephi/gephibzr/gephi/build/cluster/modules/org-gephi-desktop-ranking.jar
6f3d5000-6f3d7000 r-xs 00002000 08:05 921752     /home/daniel/gephi/gephibzr/gephi/build/cluster/modules/org-gephi-desktop-recentfiles.jar
6f3d7000-6f3d8000 r-xs 00008000 08:05 921749     /home/daniel/gephi/gephibzr/gephi/build/cluster/modules/org-gephi-desktop-spigot.jar
6f3d8000-6f3d9000 r-xs 00010000 08:05 922496     /home/daniel/gephi/gephibzr/gephi/build/cluster/modules/org-gephi-desktop-statistics.jar
6f3d9000-6f3db000 r-xs 00026000 08:05 922565     /home/daniel/gephi/gephibzr/gephi/build/cluster/modules/org-gephi-desktop-timeline.jar
6f3db000-6f3dd000 r-xs 00011000 08:05 922518     /home/daniel/gephi/gephibzr/gephi/build/cluster/modules/org-gephi-desktop-tools.jar
6f3dd000-6f3df000 r-xs 00119000 08:05 922521     /home/daniel/gephi/gephibzr/gephi/build/cluster/modules/org-gephi-desktop-welcome.jar
6f3df000-6f3e0000 r-xs 0000e000 08:05 922478     /home/daniel/gephi/gephibzr/gephi/build/cluster/modules/org-gephi-dynamic.jar
6f3e0000-6f3e2000 r-xs 00014000 08:05 921599     /home/daniel/gephi/gephibzr/gephi/build/cluster/modules/org-gephi-filters.jar
6f3e2000-6f3e6000 r-xs 0005f000 08:05 921547     /home/daniel/gephi/gephibzr/gephi/build/cluster/modules/org-gephi-graph-dhns.jar
6f3e6000-6f3eb000 r-xs 0004a000 08:05 921268     /home/daniel/gephi/gephibzr/gephi/build/cluster/modules/org-gephi-layout-plugin.jar
6f3eb000-6f3ed000 r-xs 00008000 08:05 921075     /home/daniel/gephi/gephibzr/gephi/build/cluster/modules/org-gephi-layout-api.jar
6f3ed000-6f3ef000 r-xs 00007000 08:05 920649     /home/daniel/gephi/gephibzr/gephi/build/cluster/modules/org-gephi-newslider.jar
6f3ef000-6f3f2000 r-xs 00040000 08:05 921611     /home/daniel/gephi/gephibzr/gephi/build/cluster/modules/org-gephi-preview.jar
6f3f2000-6f3f5000 r-xs 00036000 08:05 920622     /home/daniel/gephi/gephibzr/gephi/build/cluster/modules/ext/core.jar
6f3f5000-6f3f6000 r-xs 00001000 08:05 920620     /home/daniel/gephi/gephibzr/gephi/build/cluster/modules/org-gephi-lib-processing.jar
6f3f6000-6f3fa000 r-xs 00037000 08:05 922537     /home/daniel/gephi/gephibzr/gephi/build/cluster/modules/org-gephi-tools-plugin.jar
6f3fa000-6f3fc000 r-xs 00010000 08:05 921734     /home/daniel/gephi/gephibzr/gephi/build/cluster/modules/org-gephi-desktop-perspective.jar
6f3fc000-6f3fd000 r-xs 00005000 08:05 921214     /home/daniel/gephi/gephibzr/gephi/build/cluster/modules/org-gephi-algorithms.jar
6f3fd000-6f400000 r-xs 00017000 08:05 921696     /home/daniel/gephi/gephibzr/gephi/build/cluster/modules/ext/TimingFramework-1.0.jar
6f400000-6f402000 r-xs 0001e000 08:05 921684     /home/daniel/gephi/gephibzr/gephi/build/cluster/modules/org-gephi-ui-components-SplineEditor.jar
6f402000-6f404000 r-xs 00012000 08:05 921188     /home/daniel/gephi/gephibzr/gephi/build/cluster/modules/org-gephi-ui-exporter-plugin.jar
6f404000-6f406000 r-xs 0001f000 08:05 921183     /home/daniel/gephi/gephibzr/gephi/build/cluster/modules/org-gephi-io-exporter-plugin.jar
6f406000-6f409000 r-xs 0001d000 08:05 920626     /home/daniel/gephi/gephibzr/gephi/build/cluster/modules/ext/stax-utils.jar
6f409000-6f40a000 r-xs 00001000 08:05 920624     /home/daniel/gephi/gephibzr/gephi/build/cluster/modules/org-gephi-lib-staxutils.jar
6f40a000-6f40b000 r-xs 0000c000 08:05 921676     /home/daniel/gephi/gephibzr/gephi/build/cluster/modules/org-gephi-ui-exporter-preview.jar
6f40b000-6f40d000 r-xs 0000d000 08:05 920714     /home/daniel/gephi/gephibzr/gephi/build/cluster/modules/org-gephi-io-exporter-preview.jar
6f40d000-6f40f000 r-xs 00008000 08:05 920653     /home/daniel/gephi/gephibzr/gephi/build/cluster/modules/org-gephi-preview-api.jar
6f40f000-6f411000 r-xs 00005000 08:05 920707     /home/daniel/gephi/gephibzr/gephi/build/cluster/modules/org-gephi-io-exporter-api.jar
6f411000-6f415000 r-xs 00038000 08:05 919846     /home/daniel/gephi/gephibzr/gephi/build/cluster/modules/ext/batik-gvt.jar
6f415000-6f417000 r-xs 00010000 08:05 919847     /home/daniel/gephi/gephibzr/gephi/build/cluster/modules/ext/batik-parser.jar
6f417000-6f41a000 r-xs 0001d000 08:05 919851     /home/daniel/gephi/gephibzr/gephi/build/cluster/modules/ext/batik-util.jar
6f41a000-6f425000 r-xs 000ad000 08:05 919853     /home/daniel/gephi/gephibzr/gephi/build/cluster/modules/ext/pdf-transcoder.jar
6f425000-6f428000 r-xs 00015000 08:05 919840     /home/daniel/gephi/gephibzr/gephi/build/cluster/modules/ext/batik-anim.jar
6f428000-6f435000 r-xs 00087000 08:05 919849     /home/daniel/gephi/gephibzr/gephi/build/cluster/modules/ext/batik-svg-dom.jar
6f435000-6f43a000 r-xs 00010000 08:05 919854     /home/daniel/gephi/gephibzr/gephi/build/cluster/modules/ext/xml-apis-ext.jar
6f43a000-6f444000 r-xs 00080000 08:05 919842     /home/daniel/gephi/gephibzr/gephi/build/cluster/modules/ext/batik-bridge.jar
6f444000-6f446000 r-xs 0001c000 08:05 919850     /home/daniel/gephi/gephibzr/gephi/build/cluster/modules/ext/batik-transcoder.jar
6f446000-6f447000 r-xs 00002000 08:05 919845     /home/daniel/gephi/gephibzr/gephi/build/cluster/modules/ext/batik-ext.jar
6f447000-6f44b000 r-xs 00027000 08:05 919844     /home/daniel/gephi/gephibzr/gephi/build/cluster/modules/ext/batik-dom.jar
6f44b000-6f453000 r-xs 00045000 08:05 919843     /home/daniel/gephi/gephibzr/gephi/build/cluster/modules/ext/batik-css.jar
6f453000-6f454000 r-xs 00007000 08:05 919852     /home/daniel/gephi/gephibzr/gephi/build/cluster/modules/ext/batik-xml.jar
6f454000-6f457000 r-xs 0000d000 08:05 919848     /home/daniel/gephi/gephibzr/gephi/build/cluster/modules/ext/batik-script.jar
6f457000-6f45e000 r-xs 0005c000 08:05 919841     /home/daniel/gephi/gephibzr/gephi/build/cluster/modules/ext/batik-awt-util.jar
6f45e000-6f460000 r-xs 00001000 08:05 919838     /home/daniel/gephi/gephibzr/gephi/build/cluster/modules/org-gephi-lib-batik.jar
6f460000-6f46d000 r-xs 00162000 08:05 920565     /home/daniel/gephi/gephibzr/gephi/build/cluster/modules/ext/iText-5.0.1.jar
6f46d000-6f46e000 r-xs 00001000 08:05 920563     /home/daniel/gephi/gephibzr/gephi/build/cluster/modules/org-gephi-lib-itext.jar
6f46e000-6f471000 r-xs 00024000 08:05 922499     /home/daniel/gephi/gephibzr/gephi/build/cluster/modules/org-gephi-ui-filters-plugin.jar
6f471000-6f475000 r-xs 00042000 08:05 922474     /home/daniel/gephi/gephibzr/gephi/build/cluster/modules/org-gephi-filters-plugin.jar
6f475000-6f476000 r-xs 00003000 08:05 921572     /home/daniel/gephi/gephibzr/gephi/build/cluster/modules/org-gephi-timeline.jar
6f476000-6f478000 r-xs 00007000 08:05 921560     /home/daniel/gephi/gephibzr/gephi/build/cluster/modules/org-gephi-filters-api.jar
6f478000-6f479000 r-xs 00003000 08:05 921235     /home/daniel/gephi/gephibzr/gephi/build/cluster/modules/org-gephi-ui-generator-plugin.jar
6f479000-6f47a000 r-xs 00004000 08:05 921230     /home/daniel/gephi/gephibzr/gephi/build/cluster/modules/org-gephi-io-generator-plugin.jar
6f47a000-6f47b000 r-xs 00002000 08:05 921226     /home/daniel/gephi/gephibzr/gephi/build/cluster/modules/org-gephi-io-generator-api.jar
6f47b000-6f47c000 r-xs 0000e000 08:05 921660     /home/daniel/gephi/gephibzr/gephi/build/cluster/modules/org-gephi-ui-importer-plugin.jar
6f47c000-6f47f000 r-xs 00049000 08:05 921271     /home/daniel/gephi/gephibzr/gephi/build/cluster/modules/org-gephi-io-importer-plugin.jar
6f47f000-6f482000 r-xs 0000e000 08:05 922544     /home/daniel/gephi/gephibzr/gephi/build/cluster/modules/org-gephi-ui-partition-plugin.jar
6f482000-6f484000 r-xs 00003000 08:05 921537     /home/daniel/gephi/gephibzr/gephi/build/cluster/modules/org-gephi-partition-plugin.jar
6f484000-6f486000 r-xs 00011000 08:05 921527     /home/daniel/gephi/gephibzr/gephi/build/cluster/modules/org-gephi-partition-api.jar
6f486000-6f487000 r-xs 00009000 08:05 921668     /home/daniel/gephi/gephibzr/gephi/build/cluster/modules/org-gephi-ui-processor-plugin.jar
6f487000-6f489000 r-xs 0000c000 08:05 921579     /home/daniel/gephi/gephibzr/gephi/build/cluster/modules/org-gephi-io-processor-plugin.jar
6f489000-6f490000 r-xs 00094000 08:05 920522     /home/daniel/gephi/gephibzr/gephi/build/cluster/modules/ext/beansbinding-1.2.1.jar
6f490000-6f491000 r-xs 00001000 08:05 920520     /home/daniel/gephi/gephibzr/gephi/build/cluster/modules/org-gephi-lib-beansbinding.jar
6f491000-6f493000 r-xs 00003000 08:05 920718     /home/daniel/gephi/gephibzr/gephi/build/cluster/modules/org-gephi-ui-project.jar
6f493000-6f495000 r-xs 00005000 08:05 921263     /home/daniel/gephi/gephibzr/gephi/build/cluster/modules/org-gephi-ui-propertyeditor.jar
6f495000-6f497000 r-xs 0000d000 08:05 922502     /home/daniel/gephi/gephibzr/gephi/build/cluster/modules/org-gephi-ui-ranking-plugin.jar
6f497000-6f499000 r-xs 0001c000 08:05 921217     /home/daniel/gephi/gephibzr/gephi/build/cluster/modules/org-gephi-ranking-api.jar
6f499000-6f49b000 r-xs 0001a000 08:05 921780     /home/daniel/gephi/gephibzr/gephi/build/cluster/modules/org-gephi-ui-spigot-plugin.jar
6f49b000-6f49d000 r-xs 00010000 08:05 921239     /home/daniel/gephi/gephibzr/gephi/build/cluster/modules/org-gephi-io-spigot-plugin.jar
6f49d000-6f49e000 r-xs 00004000 08:05 920573     /home/daniel/gephi/gephibzr/gephi/build/cluster/modules/ext/dsn.jar
6f49e000-6f4a3000 r-xs 00039000 08:05 920576     /home/daniel/gephi/gephibzr/gephi/build/cluster/modules/ext/mailapi.jar
6f4a3000-6f4a4000 r-xs 00008000 08:05 920577     /home/daniel/gephi/gephibzr/gephi/build/cluster/modules/ext/pop3.jar
6f4a4000-6f4a5000 r-xs 0000a000 08:05 920578     /home/daniel/gephi/gephibzr/gephi/build/cluster/modules/ext/smtp.jar
6f4a5000-6f4a8000 r-xs 00028000 08:05 920574     /home/daniel/gephi/gephibzr/gephi/build/cluster/modules/ext/imap.jar
6f4a8000-6f4af000 r-xs 0006a000 08:05 920575     /home/daniel/gephi/gephibzr/gephi/build/cluster/modules/ext/mail.jar
6f4af000-6f4b1000 r-xs 00000000 08:05 920571     /home/daniel/gephi/gephibzr/gephi/build/cluster/modules/org-gephi-lib-javamail.jar
6f4b1000-6f4b4000 r-xs 0001c000 08:05 920582     /home/daniel/gephi/gephibzr/gephi/build/cluster/modules/ext/jcalendar-1.3.3.jar
6f4b4000-6f4bc000 r-xs 00052000 08:05 920583     /home/daniel/gephi/gephibzr/gephi/build/cluster/modules/ext/looks-2.0.1.jar
6f4bc000-6f4be000 r-xs 00000000 08:05 920580     /home/daniel/gephi/gephibzr/gephi/build/cluster/modules/org-gephi-lib-jcalendar.jar
6f4be000-6f4c0000 r-xs 00021000 08:05 922481     /home/daniel/gephi/gephibzr/gephi/build/cluster/modules/org-gephi-ui-statistics-plugin.jar
6f4c0000-6f4c2000 r-xs 00021000 08:05 922469     /home/daniel/gephi/gephibzr/gephi/build/cluster/modules/org-gephi-statistics-plugin.jar
6f4c2000-6f4c3000 r-xs 0000b000 08:05 921179     /home/daniel/gephi/gephibzr/gephi/build/cluster/modules/org-gephi-statistics-api.jar
6f4c3000-6f4c5000 r-xs 00009000 08:05 922528     /home/daniel/gephi/gephibzr/gephi/build/cluster/modules/org-gephi-ui-workspace.jar
6f4c5000-6f4d0000 r-xs 000e0000 08:05 922508     /home/daniel/gephi/gephibzr/gephi/build/cluster/modules/org-gephi-visualization.jar
6f4d0000-6f4d2000 r-xs 0000a000 08:05 921740     /home/daniel/gephi/gephibzr/gephi/build/cluster/modules/org-gephi-desktop-project.jar
6f4d2000-6f4d3000 r-xs 00002000 08:05 919784     /home/daniel/gephi/gephibzr/gephi/build/cluster/modules/org-gephi-desktop-mrufiles-api.jar
6f4d3000-6f4d6000 r-xs 00023000 08:05 921222     /home/daniel/gephi/gephibzr/gephi/build/cluster/modules/org-gephi-io-importer-api.jar
6f4d6000-6f4dd000 r-xs 000a7000 08:05 919820     /home/daniel/gephi/gephibzr/gephi/build/cluster/modules/ext/mysql-connector-java-5.1.7-bin.jar
6f4dd000-6f4e2000 r-xs 0006d000 08:05 919822     /home/daniel/gephi/gephibzr/gephi/build/cluster/modules/ext/sqljdbc4.jar
6f4e2000-6f4e8000 r-xs 00077000 08:05 919821     /home/daniel/gephi/gephibzr/gephi/build/cluster/modules/ext/postgresql-8.4-701.jdbc4.jar
6f4e8000-6f4e9000 r-xs 00003000 08:05 919817     /home/daniel/gephi/gephibzr/gephi/build/cluster/modules/org-gephi-io-database-drivers.jar
6f4e9000-6f4ed000 r-xs 00024000 08:05 920554     /home/daniel/gephi/gephibzr/gephi/build/cluster/modules/ext/commons-compress-1.1.jar
6f4ed000-6f4ee000 r-xs 00000000 08:05 920552     /home/daniel/gephi/gephibzr/gephi/build/cluster/modules/org-gephi-lib-commonscompress.jar
6f4ee000-6f4f0000 r-xs 0000a000 08:05 922491     /home/daniel/gephi/gephibzr/gephi/build/cluster/modules/ext/FontChooser.jar
6f4f0000-6f4f2000 r-xs 00011000 08:05 922492     /home/daniel/gephi/gephibzr/gephi/build/cluster/modules/ext/MigLayout-3.7.1.jar
6f4f2000-6f500000 r-xs 00090000 08:05 920558     /home/daniel/gephi/gephibzr/gephi/build/cluster/modules/ext/flamingo.jar
6f500000-6f5ff000 rwxp 00000000 00:00 0 
6f5ff000-6f600000 ---p 00000000 00:00 0 
6f600000-6f6fe000 rwxp 00000000 00:00 0 
6f6fe000-6f700000 ---p 00000000 00:00 0 
6f700000-6f703000 r-xs 0002c000 08:05 922493     /home/daniel/gephi/gephibzr/gephi/build/cluster/modules/ext/colorchooser.jar
6f703000-6f708000 r-xs 00055000 08:05 922489     /home/daniel/gephi/gephibzr/gephi/build/cluster/modules/org-gephi-ui-components.jar
6f708000-6f70a000 r-xs 0000d000 08:05 920541     /home/daniel/gephi/gephibzr/gephi/build/cluster/modules/ext/commons-codec-1.4.jar
6f70a000-6f70b000 r-xs 00001000 08:05 920556     /home/daniel/gephi/gephibzr/gephi/build/cluster/modules/org-gephi-lib-flamingo.jar
6f70b000-6f717000 r-xs 00081000 08:05 920690     /home/daniel/gephi/gephibzr/gephi/build/cluster/modules/ext/google-collect-1.0.jar
6f717000-6f726000 r-xs 000ba000 08:05 920691     /home/daniel/gephi/gephibzr/gephi/build/cluster/modules/ext/trove-2.1.0.jar
6f726000-6f728000 r-xs 00009000 08:05 920688     /home/daniel/gephi/gephibzr/gephi/build/cluster/modules/org-gephi-utils-collection.jar
6f728000-6f733000 r-xs 00108000 08:05 920590     /home/daniel/gephi/gephibzr/gephi/build/cluster/modules/ext/jogl.jar
6f733000-6f734000 r-xs 00004000 08:05 920589     /home/daniel/gephi/gephibzr/gephi/build/cluster/modules/ext/gluegen-rt.jar
6f734000-6f736000 r-xs 00004000 08:05 920587     /home/daniel/gephi/gephibzr/gephi/build/cluster/modules/org-gephi-lib-jogl.jar
6f736000-6f738000 r-xs 0000f000 08:05 920560     /home/daniel/gephi/gephibzr/gephi/build/cluster/modules/org-gephi-lib-gleem.jar
6f738000-6f73a000 r-xs 0000d000 08:05 921726     /home/daniel/gephi/gephibzr/gephi/build/cluster/modules/org-gephi-ui-utils.jar
6f73a000-6f73e000 r-xs 0003e000 08:05 920630     /home/daniel/gephi/gephibzr/gephi/build/cluster/modules/ext/ValidationAPI.jar
6f73e000-6f73f000 r-xs 00003000 08:05 920628     /home/daniel/gephi/gephibzr/gephi/build/cluster/modules/org-gephi-lib-validation.jar
6f73f000-6f741000 r-xs 00002000 08:05 921078     /home/daniel/gephi/gephibzr/gephi/build/cluster/modules/org-gephi-tools-api.jar
6f741000-6f742000 r-xs 00003000 08:05 921589     /home/daniel/gephi/gephibzr/gephi/build/cluster/modules/org-gephi-visualization-api.jar
6f742000-6f745000 r-xs 00024000 08:05 921513     /home/daniel/gephi/gephibzr/gephi/build/cluster/modules/org-gephi-datalab-api.jar
6f745000-6f746000 r-xs 00008000 08:05 921173     /home/daniel/gephi/gephibzr/gephi/build/cluster/modules/org-gephi-dynamic-api.jar
6f746000-6f749000 r-xs 00030000 08:05 921169     /home/daniel/gephi/gephibzr/gephi/build/cluster/modules/org-gephi-data-attributes-api.jar
6f749000-6f764000 r-xs 00139000 08:05 921650     /home/daniel/gephi/gephibzr/gephi/build/cluster/modules/ext/swingx-1.6.1.jar
6f764000-6f775000 r-xs 0014c000 08:05 921714     /home/daniel/gephi/gephibzr/gephi/build/cluster/modules/ext/jfreechart-1.0.13.jar
6f775000-6f800000 rwxs 00000000 00:04 39223315   /SYSV00000000 (deleted)
6f800000-6f8ff000 rwxp 00000000 00:00 0 
6f8ff000-6f900000 ---p 00000000 00:00 0 
6f900000-6f901000 r-xs 00001000 08:05 920539     /home/daniel/gephi/gephibzr/gephi/build/cluster/modules/org-gephi-lib-commons-codec.jar
6f901000-6f902000 r-xs 00007000 08:05 920657     /home/daniel/gephi/gephibzr/gephi/build/cluster/modules/org-gephi-utils.jar
6f902000-6f904000 r-xs 00002000 08:05 920569     /home/daniel/gephi/gephibzr/gephi/build/cluster/modules/ext/javacsv.jar
6f904000-6f905000 r-xs 00001000 08:05 920567     /home/daniel/gephi/gephibzr/gephi/build/cluster/modules/org-gephi-lib-javacsv.jar
6f905000-6f907000 r-xs 00007000 08:05 920721     /home/daniel/gephi/gephibzr/gephi/build/cluster/modules/org-gephi-graph-api.jar
6f907000-6f909000 r-xs 00014000 08:05 920703     /home/daniel/gephi/gephibzr/gephi/build/cluster/modules/org-gephi-project-api.jar
6f909000-6f90a000 r-xs 00006000 08:05 920694     /home/daniel/gephi/gephibzr/gephi/build/cluster/modules/org-gephi-utils-longtask.jar
6f90a000-6f910000 r-xs 00031000 08:05 921652     /home/daniel/gephi/gephibzr/gephi/build/cluster/modules/ext/swingx-beaninfo-1.6.1.jar
6f910000-6f912000 r-xs 00013000 08:05 921716     /home/daniel/gephi/gephibzr/gephi/build/cluster/modules/ext/orson-0.5.0.jar
6f912000-6f918000 r-xs 00046000 08:05 921712     /home/daniel/gephi/gephibzr/gephi/build/cluster/modules/ext/jcommon-1.0.16.jar
6f918000-6f919000 r-xs 00000000 08:05 921700     /home/daniel/gephi/gephibzr/gephi/build/cluster/modules/org-jfree.jar
6f919000-6f928000 r-xs 00074000 08:05 922562     /home/daniel/gephi/gephibzr/gephi/build/cluster/modules/ext/joda-time-1.6.jar
6f928000-6f929000 r-xs 00000000 08:05 922560     /home/daniel/gephi/gephibzr/gephi/build/cluster/modules/org-joda-time.jar
6f929000-6f92b000 r-xs 00008000 08:05 919547     /home/daniel/netbeans-7.0/platform/modules/org-netbeans-core-io-ui.jar
6f92b000-6f934000 r-xs 000ba000 08:05 1051086    /home/daniel/netbeans-7.0/platform/modules/ext/platform-3.2.7.jar
6f934000-6f935000 r-xs 00001000 08:05 919425     /home/daniel/netbeans-7.0/platform/modules/org-netbeans-core-nativeaccess.jar
6f935000-6f93a000 r-xs 00062000 08:05 919574     /home/daniel/netbeans-7.0/platform/modules/org-netbeans-core-ui.jar
6f93a000-6f93b000 r-xs 00000000 08:05 918433     /home/daniel/gephi/gephibzr/gephi/build/cluster/modules/locale/org-netbeans-core-windows_gephi.jar
6f93b000-6f947000 r-xs 001b9000 08:05 919518     /home/daniel/netbeans-7.0/platform/modules/org-netbeans-core-windows.jar
6f947000-6f94d000 r-xs 00034000 08:05 1053531    /home/daniel/netbeans-7.0/platform/modules/ext/junit-4.8.2.jar
6f94d000-6f94e000 r-xs 00000000 08:05 919650     /home/daniel/netbeans-7.0/platform/modules/org-netbeans-libs-junit4.jar
6f94e000-6f956000 r-xs 000e2000 08:05 919355     /home/daniel/netbeans-7.0/platform/modules/org-netbeans-modules-autoupdate-ui.jar
6f956000-6f958000 r-xs 00039000 08:05 1051095    /home/daniel/netbeans-7.0/platform/modules/ext/updater.jar
6f958000-6f95d000 r-xs 000ab000 08:05 919267     /home/daniel/netbeans-7.0/platform/modules/org-netbeans-modules-autoupdate-services.jar
6f95d000-6f95f000 r-xs 0000b000 08:05 919226     /home/daniel/netbeans-7.0/platform/modules/org-netbeans-modules-editor-mimelookup-impl.jar
6f95f000-6f962000 r-xs 00032000 08:05 919427     /home/daniel/netbeans-7.0/platform/modules/org-netbeans-modules-favorites.jar
6f962000-6f964000 r-xs 0000f000 08:05 919368     /home/daniel/netbeans-7.0/platform/modules/org-netbeans-modules-keyring-impl.jar
6f964000-6f96a000 r-xs 00070000 08:05 919446     /home/daniel/netbeans-7.0/platform/modules/org-netbeans-modules-masterfs.jar
6f96a000-6f96e000 r-xs 000e3000 08:05 1051091    /home/daniel/netbeans-7.0/platform/modules/ext/jna-3.2.7.jar
6f96e000-6f970000 r-xs 00000000 08:05 919568     /home/daniel/netbeans-7.0/platform/modules/org-netbeans-libs-jna.jar
6f970000-6f974000 r-xs 0004b000 08:05 919340     /home/daniel/netbeans-7.0/platform/modules/org-netbeans-modules-options-keymap.jar
6f974000-6f979000 r-xs 00061000 08:05 919389     /home/daniel/netbeans-7.0/platform/modules/org-netbeans-modules-options-api.jar
6f979000-6f97f000 r-xs 0008f000 08:05 919604     /home/daniel/netbeans-7.0/platform/modules/org-netbeans-core.jar
6f97f000-6f981000 r-xs 00001000 08:05 919474     /home/daniel/netbeans-7.0/platform/modules/org-netbeans-modules-keyring.jar
6f981000-6f985000 r-xs 0003e000 08:05 919507     /home/daniel/netbeans-7.0/platform/modules/org-netbeans-modules-print.jar
6f985000-6f987000 r-xs 0001f000 08:05 919391     /home/daniel/netbeans-7.0/platform/modules/org-netbeans-modules-progress-ui.jar
6f987000-6f989000 r-xs 00011000 08:05 919447     /home/daniel/netbeans-7.0/platform/modules/org-netbeans-modules-sendopts.jar
6f989000-6f9af000 rwxs 00000000 00:04 39190543   /SYSV00000000 (deleted)
6f9af000-6f9b2000 ---p 00000000 00:00 0 
6f9b2000-6fa00000 rwxp 00000000 00:00 0 
6fa00000-6fb00000 rwxp 00000000 00:00 0 
6fb00000-6fb09000 r-xs 0013a000 08:05 919588     /home/daniel/netbeans-7.0/platform/modules/org-openide-loaders.jar
6fb09000-6fb0a000 r-xs 00000000 08:05 1575980    /var/cache/fontconfig/26de28bc8622bbc1fb67fd234c21975f-le32d4.cache-3
6fb0a000-6fb0b000 r-xs 00000000 08:05 1576028    /var/cache/fontconfig/c05880de57d1f5e948fdfacc138775d9-le32d4.cache-3
6fb0b000-6fb11000 r-xs 00000000 08:05 1576020    /var/cache/fontconfig/945677eb7aeaf62f1d50efc3fb3ec7d8-le32d4.cache-3
6fb11000-6fb13000 r-xs 00000000 08:05 1575744    /var/cache/fontconfig/99e8ed0e538f840c565b6ed5dad60d56-le32d4.cache-3
6fb13000-6fb16000 r-xs 00000000 08:05 1576002    /var/cache/fontconfig/e383d7ea5fbe662a33d9b44caf393297-le32d4.cache-3
6fb16000-6fb1b000 r-xs 00000000 08:05 1575986    /var/cache/fontconfig/401a5dd6b567794a1d18dd9342dfa604-le32d4.cache-3
6fb1b000-6fb1d000 r-xs 00000000 08:05 1575983    /var/cache/fontconfig/2cd17615ca594fa2959ae173292e504c-le32d4.cache-3
6fb1d000-6fb1e000 r-xs 00000000 08:05 1575740    /var/cache/fontconfig/e7071f4a29fa870f4323321c154eba04-le32d4.cache-3
6fb1e000-6fb20000 r-xs 00000000 08:05 1576599    /var/cache/fontconfig/b5ea634b0fb353b8ea17632d1f9ef766-le32d4.cache-3
6fb20000-6fb24000 r-xs 00000000 08:05 1575958    /var/cache/fontconfig/926e794c3d5e5dffcaf2fa83ef8d36c2-le32d4.cache-3
6fb24000-6fb27000 r-xs 00000000 08:05 1575945    /var/cache/fontconfig/6eb3985aa4124903f6ff08ba781cd364-le32d4.cache-3
6fb27000-6fb28000 r-xs 00000000 08:05 1575924    /var/cache/fontconfig/4c73fe0c47614734b17d736dbde7580a-le32d4.cache-3
6fb28000-6fb29000 r-xs 00000000 08:05 1575918    /var/cache/fontconfig/0d8c3b2ac0904cb8a57a757ad11a4a08-le32d4.cache-3
6fb29000-6fb2a000 r-xs 00000000 08:05 1575917    /var/cache/fontconfig/6a53c69dea097a2d716e069445527da8-le32d4.cache-3
6fb2a000-6fb2e000 r-xs 00000000 08:05 1575788    /var/cache/fontconfig/a755afe4a08bf5b97852ceb7400b47bc-le32d4.cache-3
6fb2e000-6fb32000 r-xs 00000000 08:05 1575915    /var/cache/fontconfig/515ca1ebc4b18308bea979be5704f9db-le32d4.cache-3
6fb32000-6fb39000 r-xs 00000000 08:05 1575886    /var/cache/fontconfig/6d41288fd70b0be22e8c3a91e032eec0-le32d4.cache-3
6fb39000-6fb44000 r-xs 00000000 08:05 1575845    /var/cache/fontconfig/0f34bcd4b6ee430af32735b75db7f02b-le32d4.cache-3
6fb44000-6fb47000 r-xs 00000000 08:05 1575843    /var/cache/fontconfig/d60319d88cac85ba9e1a07bd06cfbb8c-le32d4.cache-3
6fb47000-6fb48000 r-xs 00000000 08:05 1575697    /var/cache/fontconfig/4794a0821666d79190d59a36cb4f44b5-le32d4.cache-3
6fb48000-6fb6a000 r-xs 00000000 08:05 1575808    /var/cache/fontconfig/365b55f210c0a22e9a19e35191240f32-le32d4.cache-3
6fb6a000-6fb72000 r-xs 00000000 08:05 1575802    /var/cache/fontconfig/d52a8644073d54c13679302ca1180695-le32d4.cache-3
6fb72000-6fb80000 r-xs 00000000 08:05 1575126    /var/cache/fontconfig/e13b20fdb08344e0e664864cc2ede53d-le32d4.cache-3
6fb80000-6fb98000 r-xs 00000000 08:05 1579274    /var/cache/fontconfig/165b9254a84ccada37e340049ffc8b30-le32d4.cache-3
6fb98000-6fb99000 r-xs 00001000 08:05 921646     /home/daniel/gephi/gephibzr/gephi/build/cluster/modules/org-jdesktop-swingx.jar
6fb99000-6fb9b000 r-xs 0003e000 08:05 919450     /home/daniel/netbeans-7.0/platform/modules/org-netbeans-modules-settings.jar
6fb9b000-6fb9e000 r-xs 00022000 08:05 919475     /home/daniel/netbeans-7.0/platform/modules/org-netbeans-spi-quicksearch.jar
6fb9e000-6fba1000 r-xs 00032000 08:05 919589     /home/daniel/netbeans-7.0/platform/modules/org-openide-actions.jar
6fba1000-6fbae000 r-xs 0019d000 08:05 919573     /home/daniel/netbeans-7.0/platform/modules/org-openide-explorer.jar
6fbae000-6fbbb000 r-xs 000de000 08:05 919449     /home/daniel/netbeans-7.0/platform/modules/org-netbeans-swing-tabcontrol.jar
6fbbb000-6fbbe000 ---p 00000000 00:00 0 
6fbbe000-6fc0c000 rwxp 00000000 00:00 0 
6fc0c000-6fc0f000 ---p 00000000 00:00 0 
6fc0f000-6fc5d000 rwxp 00000000 00:00 0 
6fc5d000-6fc60000 ---p 00000000 00:00 0 
6fc60000-6fcae000 rwxp 00000000 00:00 0 
6fcae000-6fd27000 r-xp 00000000 08:05 4470066    /usr/lib/jvm/java-6-sun-1.6.0.24/jre/lib/i386/libfontmanager.so
6fd27000-6fd31000 rwxp 00078000 08:05 4470066    /usr/lib/jvm/java-6-sun-1.6.0.24/jre/lib/i386/libfontmanager.so
6fd31000-6fd36000 rwxp 00000000 00:00 0 
6fd36000-6fe4c000 r-xp 00000000 08:05 4337845    /usr/lib/i386-linux-gnu/libX11.so.6.3.0
6fe4c000-6fe4d000 ---p 00116000 08:05 4337845    /usr/lib/i386-linux-gnu/libX11.so.6.3.0
6fe4d000-6fe4e000 r-xp 00116000 08:05 4337845    /usr/lib/i386-linux-gnu/libX11.so.6.3.0
6fe4e000-6fe50000 rwxp 00117000 08:05 4337845    /usr/lib/i386-linux-gnu/libX11.so.6.3.0
6fe50000-6fe51000 rwxp 00000000 00:00 0 
6fe51000-6fed5000 r-xp 00000000 08:05 4470018    /usr/lib/jvm/java-6-sun-1.6.0.24/jre/lib/i386/libawt.so
6fed5000-6fedc000 rwxp 00084000 08:05 4470018    /usr/lib/jvm/java-6-sun-1.6.0.24/jre/lib/i386/libawt.so
6fedc000-6ff00000 rwxp 00000000 00:00 0 
6ff00000-70000000 rwxp 00000000 00:00 0 
70000000-70003000 r-xs 0002a000 08:05 922568     /home/daniel/gephi/gephibzr/gephi/build/cluster/modules/org-netbeans-swing-dirchooser.jar
70003000-70006000 r-xs 00036000 08:05 919549     /home/daniel/netbeans-7.0/platform/modules/org-netbeans-swing-plaf.jar
70006000-7000a000 r-xp 00000000 08:05 4329147    /usr/lib/i386-linux-gnu/libXfixes.so.3.1.0
7000a000-7000b000 r-xp 00003000 08:05 4329147    /usr/lib/i386-linux-gnu/libXfixes.so.3.1.0
7000b000-7000c000 rwxp 00004000 08:05 4329147    /usr/lib/i386-linux-gnu/libXfixes.so.3.1.0
7000c000-70014000 r-xp 00000000 08:05 4326287    /usr/lib/i386-linux-gnu/libXrender.so.1.3.0
70014000-70015000 r-xp 00007000 08:05 4326287    /usr/lib/i386-linux-gnu/libXrender.so.1.3.0
70015000-70016000 rwxp 00008000 08:05 4326287    /usr/lib/i386-linux-gnu/libXrender.so.1.3.0
70016000-7001e000 r-xp 00000000 08:05 4333346    /usr/lib/i386-linux-gnu/libXcursor.so.1.0.2
7001e000-7001f000 r-xp 00007000 08:05 4333346    /usr/lib/i386-linux-gnu/libXcursor.so.1.0.2
7001f000-70020000 rwxp 00008000 08:05 4333346    /usr/lib/i386-linux-gnu/libXcursor.so.1.0.2
70020000-70022000 r-xs 0000a000 08:05 919617     /home/daniel/netbeans-7.0/platform/modules/org-openide-io.jar
70022000-70024000 r-xs 0000a000 08:05 919476     /home/daniel/netbeans-7.0/platform/modules/org-netbeans-modules-queries.jar
70024000-70027000 r-xs 00039000 08:05 919506     /home/daniel/netbeans-7.0/platform/modules/org-netbeans-swing-outline.jar
70027000-7002b000 r-xs 0005f000 08:05 919609     /home/daniel/netbeans-7.0/platform/modules/org-openide-text.jar
7002b000-7002d000 r-xs 0000b000 08:05 919314     /home/daniel/netbeans-7.0/platform/modules/org-netbeans-modules-editor-mimelookup.jar
7002d000-7002f000 r-xs 00025000 08:05 919587     /home/daniel/netbeans-7.0/platform/modules/org-openide-windows.jar
7002f000-70034000 r-xs 00080000 08:05 919605     /home/daniel/netbeans-7.0/platform/modules/org-openide-nodes.jar
70034000-70036000 r-xs 0002e000 08:05 919590     /home/daniel/netbeans-7.0/platform/modules/org-openide-dialogs.jar
70036000-7003a000 r-xp 00000000 08:05 4335172    /usr/lib/i386-linux-gnu/libXdmcp.so.6.0.0
7003a000-7003b000 r-xp 00003000 08:05 4335172    /usr/lib/i386-linux-gnu/libXdmcp.so.6.0.0
7003b000-7003c000 rwxp 00004000 08:05 4335172    /usr/lib/i386-linux-gnu/libXdmcp.so.6.0.0
7003c000-7003e000 r-xp 00000000 08:05 4334188    /usr/lib/i386-linux-gnu/libXau.so.6.0.0
7003e000-7003f000 r-xp 00001000 08:05 4334188    /usr/lib/i386-linux-gnu/libXau.so.6.0.0
7003f000-70040000 rwxp 00002000 08:05 4334188    /usr/lib/i386-linux-gnu/libXau.so.6.0.0
70040000-70057000 r-xp 00000000 08:05 4337830    /usr/lib/i386-linux-gnu/libxcb.so.1.1.0
70057000-70058000 r-xp 00016000 08:05 4337830    /usr/lib/i386-linux-gnu/libxcb.so.1.1.0
70058000-70059000 rwxp 00017000 08:05 4337830    /usr/lib/i386-linux-gnu/libxcb.so.1.1.0
70059000-70066000 r-xp 00000000 08:05 4337957    /usr/lib/i386-linux-gnu/libXi.so.6.1.0
70066000-70067000 r-xp 0000c000 08:05 4337957    /usr/lib/i386-linux-gnu/libXi.so.6.1.0
70067000-70068000 rwxp 0000d000 08:05 4337957    /usr/lib/i386-linux-gnu/libXi.so.6.1.0
70068000-700ab000 r-xp 00000000 08:05 4470051    /usr/lib/jvm/java-6-sun-1.6.0.24/jre/lib/i386/xawt/libmawt.so
700ab000-700ad000 rwxp 00043000 08:05 4470051    /usr/lib/jvm/java-6-sun-1.6.0.24/jre/lib/i386/xawt/libmawt.so
700ad000-700ae000 rwxp 00000000 00:00 0 
700ae000-700b1000 ---p 00000000 00:00 0 
700b1000-700ff000 rwxp 00000000 00:00 0 
700ff000-70102000 ---p 00000000 00:00 0 
70102000-70150000 rwxp 00000000 00:00 0 
70150000-70153000 ---p 00000000 00:00 0 
70153000-701a1000 rwxp 00000000 00:00 0 
701a1000-70200000 r-xs 00baa000 08:05 4601474    /usr/lib/jvm/java-6-sun-1.6.0.24/lib/tools.jar
70200000-702f9000 rwxp 00000000 00:00 0 
702f9000-70300000 ---p 00000000 00:00 0 
70300000-70301000 r-xs 00002000 08:05 919353     /home/daniel/netbeans-7.0/platform/modules/org-netbeans-api-annotations-common.jar
70301000-70303000 r-xs 00010000 08:05 919523     /home/daniel/netbeans-7.0/platform/modules/org-netbeans-api-progress.jar
70303000-70307000 r-xp 00000000 08:05 4337963    /usr/lib/libXtst.so.6.1.0
70307000-70308000 r-xp 00003000 08:05 4337963    /usr/lib/libXtst.so.6.1.0
70308000-70309000 rwxp 00004000 08:05 4337963    /usr/lib/libXtst.so.6.1.0
70309000-70316000 r-xp 00000000 08:05 4332391    /usr/lib/i386-linux-gnu/libXext.so.6.4.0
70316000-70317000 r-xp 0000c000 08:05 4332391    /usr/lib/i386-linux-gnu/libXext.so.6.4.0
70317000-70318000 rwxp 0000d000 08:05 4332391    /usr/lib/i386-linux-gnu/libXext.so.6.4.0
70318000-7031d000 r-xs 00085000 08:05 919613     /home/daniel/netbeans-7.0/platform/modules/org-openide-awt.jar
7031d000-70320000 r-xs 00000000 08:05 1576598    /var/cache/fontconfig/7ef2298fde41cc6eeb7af42e48b7d293-le32d4.cache-3
70320000-7032e000 r-xs 00000000 08:05 1576043    /var/cache/fontconfig/865f88548240fee46819705c6468c165-le32d4.cache-3
7032e000-70335000 r-xp 00000000 08:05 4470019    /usr/lib/jvm/java-6-sun-1.6.0.24/jre/lib/i386/libnio.so
70335000-70336000 rwxp 00006000 08:05 4470019    /usr/lib/jvm/java-6-sun-1.6.0.24/jre/lib/i386/libnio.so
70336000-7034a000 r-xp 00000000 08:05 4470064    /usr/lib/jvm/java-6-sun-1.6.0.24/jre/lib/i386/libnet.so
7034a000-7034b000 rwxp 00013000 08:05 4470064    /usr/lib/jvm/java-6-sun-1.6.0.24/jre/lib/i386/libnet.so
7034b000-70351000 r-xs 0001e000 08:05 4601472    /usr/lib/jvm/java-6-sun-1.6.0.24/lib/dt.jar
70351000-70352000 r-xs 00001000 08:05 919529     /home/daniel/netbeans-7.0/platform/lib/locale/org-openide-util_zh_CN.jar
70352000-70353000 r-xs 00001000 08:05 919564     /home/daniel/netbeans-7.0/platform/lib/locale/org-openide-util_ru.jar
70353000-70354000 r-xs 00001000 08:05 919530     /home/daniel/netbeans-7.0/platform/lib/locale/org-openide-util_pt_BR.jar
70354000-70355000 r-xs 00001000 08:05 919563     /home/daniel/netbeans-7.0/platform/lib/locale/org-openide-util_ja.jar
70355000-70356000 r-xs 00000000 08:05 919412     /home/daniel/netbeans-7.0/platform/lib/locale/org-openide-util-lookup_zh_CN.jar
70356000-70357000 r-xs 00000000 08:05 919469     /home/daniel/netbeans-7.0/platform/lib/locale/org-openide-util-lookup_ru.jar
70357000-70358000 r-xs 00000000 08:05 919411     /home/daniel/netbeans-7.0/platform/lib/locale/org-openide-util-lookup_pt_BR.jar
70358000-70359000 r-xs 00000000 08:05 919470     /home/daniel/netbeans-7.0/platform/lib/locale/org-openide-util-lookup_ja.jar
70359000-7035a000 r-xs 00000000 08:05 919488     /home/daniel/netbeans-7.0/platform/lib/locale/org-openide-modules_zh_CN.jar
7035a000-7035b000 r-xs 00000000 08:05 919528     /home/daniel/netbeans-7.0/platform/lib/locale/org-openide-modules_ru.jar
7035b000-7035c000 r-xs 00000000 08:05 919489     /home/daniel/netbeans-7.0/platform/lib/locale/org-openide-modules_pt_BR.jar
7035c000-7035f000 ---p 00000000 00:00 0 
7035f000-703ad000 rwxp 00000000 00:00 0 
703ad000-703b0000 ---p 00000000 00:00 0 
703b0000-703fe000 rwxp 00000000 00:00 0 
703fe000-703ff000 ---p 00000000 00:00 0 
703ff000-7047f000 rwxp 00000000 00:00 0 
7047f000-70482000 ---p 00000000 00:00 0 
70482000-70500000 rwxp 00000000 00:00 0 
70500000-705ff000 rwxp 00000000 00:00 0 
705ff000-70600000 ---p 00000000 00:00 0 
70600000-70601000 r-xs 00000000 08:05 919531     /home/daniel/netbeans-7.0/platform/lib/locale/org-openide-modules_ja.jar
70601000-70602000 r-xs 00000000 08:05 919623     /home/daniel/netbeans-7.0/platform/lib/locale/boot_zh_CN.jar
70602000-70603000 r-xs 00000000 08:05 919628     /home/daniel/netbeans-7.0/platform/lib/locale/boot_ru.jar
70603000-70604000 r-xs 00000000 08:05 919622     /home/daniel/netbeans-7.0/platform/lib/locale/boot_pt_BR.jar
70604000-70605000 r-xs 00000000 08:05 919627     /home/daniel/netbeans-7.0/platform/lib/locale/boot_ja.jar
70605000-7060b000 r-xs 000a7000 08:05 919624     /home/daniel/netbeans-7.0/platform/lib/org-openide-util.jar
7060b000-7060d000 r-xs 00008000 08:05 918421     /home/daniel/gephi/gephibzr/gephi/build/cluster/core/locale/core_gephi.jar
7060d000-7060e000 r-xs 00001000 08:05 919620     /home/daniel/netbeans-7.0/platform/core/locale/core_zh_CN.jar
7060e000-7060f000 r-xs 00001000 08:05 919626     /home/daniel/netbeans-7.0/platform/core/locale/core_ja.jar
7060f000-70610000 r-xs 00001000 08:05 919384     /home/daniel/netbeans-7.0/platform/core/locale/org-openide-filesystems_pt_BR.jar
70610000-70611000 r-xs 00001000 08:05 919619     /home/daniel/netbeans-7.0/platform/core/locale/core_pt_BR.jar
70611000-70612000 r-xs 00001000 08:05 919625     /home/daniel/netbeans-7.0/platform/core/locale/core_ru.jar
70612000-70613000 r-xs 00001000 08:05 919385     /home/daniel/netbeans-7.0/platform/core/locale/org-openide-filesystems_zh_CN.jar
70613000-70614000 r-xs 00001000 08:05 919437     /home/daniel/netbeans-7.0/platform/core/locale/org-openide-filesystems_ru.jar
70614000-70619000 r-xs 000b8000 08:05 919629     /home/daniel/netbeans-7.0/platform/core/core.jar
70619000-7061c000 ---p 00000000 00:00 0 
7061c000-7066a000 rwxp 00000000 00:00 0 
7066a000-7066d000 ---p 00000000 00:00 0 
7066d000-706eb000 rwxp 00000000 00:00 0 
706eb000-706ee000 ---p 00000000 00:00 0 
706ee000-7073c000 rwxp 00000000 00:00 0 
7073c000-7093c000 r-xp 00000000 08:05 4326790    /usr/lib/locale/locale-archive
7093c000-7093f000 ---p 00000000 00:00 0 
7093f000-7098d000 rwxp 00000000 00:00 0 
7098d000-70990000 ---p 00000000 00:00 0 
70990000-709de000 rwxp 00000000 00:00 0 
709de000-709df000 ---p 00000000 00:00 0 
709df000-70a93000 rwxp 00000000 00:00 0 
70a93000-70c2b000 r-xs 03027000 08:05 4470089    /usr/lib/jvm/java-6-sun-1.6.0.24/jre/lib/rt.jar
70c2b000-70c2c000 ---p 00000000 00:00 0 
70c2c000-70cac000 rwxp 00000000 00:00 0 
70cac000-70cad000 ---p 00000000 00:00 0 
70cad000-70d41000 rwxp 00000000 00:00 0 
70d41000-70d4d000 rwxp 00000000 00:00 0 
70d4d000-70da3000 rwxp 00000000 00:00 0 
70da3000-70e9b000 rwxp 00000000 00:00 0 
70e9b000-70eaf000 rwxp 00000000 00:00 0 
70eaf000-70ebb000 rwxp 00000000 00:00 0 
70ebb000-70f11000 rwxp 00000000 00:00 0 
70f11000-71008000 rwxp 00000000 00:00 0 
71008000-71033000 rwxp 00000000 00:00 0 
71033000-710af000 rwxp 00000000 00:00 0 
710af000-736d0000 rwxp 00000000 00:00 0 
736d0000-750b0000 rwxp 00000000 00:00 0 
750b0000-7fb60000 rwxp 00000000 00:00 0 
7fb60000-9eb60000 rwxp 00000000 00:00 0 
9eb60000-a40b0000 rwxp 00000000 00:00 0 
a40b0000-b38b0000 rwxp 00000000 00:00 0 
b38b0000-b38b9000 rwxp 00000000 00:00 0 
b38b9000-b3970000 rwxp 00000000 00:00 0 
b3970000-b3bb0000 rwxp 00000000 00:00 0 
b3bb0000-b6970000 rwxp 00000000 00:00 0 
b6970000-b697f000 r-xp 00000000 08:05 4470020    /usr/lib/jvm/java-6-sun-1.6.0.24/jre/lib/i386/libzip.so
b697f000-b6981000 rwxp 0000e000 08:05 4470020    /usr/lib/jvm/java-6-sun-1.6.0.24/jre/lib/i386/libzip.so
b6981000-b698b000 r-xp 00000000 08:05 3547576    /lib/i386-linux-gnu/libnss_files-2.13.so
b698b000-b698c000 r-xp 00009000 08:05 3547576    /lib/i386-linux-gnu/libnss_files-2.13.so
b698c000-b698d000 rwxp 0000a000 08:05 3547576    /lib/i386-linux-gnu/libnss_files-2.13.so
b698d000-b6996000 r-xp 00000000 08:05 3547561    /lib/i386-linux-gnu/libnss_nis-2.13.so
b6996000-b6997000 r-xp 00008000 08:05 3547561    /lib/i386-linux-gnu/libnss_nis-2.13.so
b6997000-b6998000 rwxp 00009000 08:05 3547561    /lib/i386-linux-gnu/libnss_nis-2.13.so
b6998000-b699e000 r-xp 00000000 08:05 3547562    /lib/i386-linux-gnu/libnss_compat-2.13.so
b699e000-b699f000 r-xp 00005000 08:05 3547562    /lib/i386-linux-gnu/libnss_compat-2.13.so
b699f000-b69a0000 rwxp 00006000 08:05 3547562    /lib/i386-linux-gnu/libnss_compat-2.13.so
b69a0000-b69b3000 r-xp 00000000 08:05 3547557    /lib/i386-linux-gnu/libnsl-2.13.so
b69b3000-b69b4000 r-xp 00012000 08:05 3547557    /lib/i386-linux-gnu/libnsl-2.13.so
b69b4000-b69b5000 rwxp 00013000 08:05 3547557    /lib/i386-linux-gnu/libnsl-2.13.so
b69b5000-b69b7000 rwxp 00000000 00:00 0 
b69b7000-b69b8000 r-xs 00001000 08:05 919436     /home/daniel/netbeans-7.0/platform/core/locale/org-openide-filesystems_ja.jar
b69b8000-b69be000 r-xs 000d0000 08:05 919577     /home/daniel/netbeans-7.0/platform/core/org-openide-filesystems.jar
b69be000-b69c1000 r-xs 00047000 08:05 919593     /home/daniel/netbeans-7.0/platform/lib/org-openide-util-lookup.jar
b69c1000-b69c2000 r-xs 00009000 08:05 919615     /home/daniel/netbeans-7.0/platform/lib/org-openide-modules.jar
b69c2000-b69c5000 r-xs 0005a000 08:05 919630     /home/daniel/netbeans-7.0/platform/lib/boot.jar
b69c5000-b69cd000 rwxs 00000000 08:05 2756511    /tmp/hsperfdata_daniel/4167 (deleted)
b69cd000-b69f0000 r-xp 00000000 08:05 4470015    /usr/lib/jvm/java-6-sun-1.6.0.24/jre/lib/i386/libjava.so
b69f0000-b69f2000 rwxp 00023000 08:05 4470015    /usr/lib/jvm/java-6-sun-1.6.0.24/jre/lib/i386/libjava.so
b69f2000-b69f9000 r-xp 00000000 08:05 3547553    /lib/i386-linux-gnu/librt-2.13.so
b69f9000-b69fa000 r-xp 00006000 08:05 3547553    /lib/i386-linux-gnu/librt-2.13.so
b69fa000-b69fb000 rwxp 00007000 08:05 3547553    /lib/i386-linux-gnu/librt-2.13.so
b69fb000-b69fe000 ---p 00000000 00:00 0 
b69fe000-b6a4c000 rwxp 00000000 00:00 0 
b6a4c000-b6a70000 r-xp 00000000 08:05 3547572    /lib/i386-linux-gnu/libm-2.13.so
b6a70000-b6a71000 r-xp 00023000 08:05 3547572    /lib/i386-linux-gnu/libm-2.13.so
b6a71000-b6a72000 rwxp 00024000 08:05 3547572    /lib/i386-linux-gnu/libm-2.13.so
b6a72000-b71ff000 r-xp 00000000 08:05 4470035    /usr/lib/jvm/java-6-sun-1.6.0.24/jre/lib/i386/server/libjvm.so
b71ff000-b7252000 rwxp 0078d000 08:05 4470035    /usr/lib/jvm/java-6-sun-1.6.0.24/jre/lib/i386/server/libjvm.so
b7252000-b7671000 rwxp 00000000 00:00 0 
b7671000-b77cb000 r-xp 00000000 08:05 3542501    /lib/i386-linux-gnu/libc-2.13.so
b77cb000-b77cc000 ---p 0015a000 08:05 3542501    /lib/i386-linux-gnu/libc-2.13.so
b77cc000-b77ce000 r-xp 0015a000 08:05 3542501    /lib/i386-linux-gnu/libc-2.13.so
b77ce000-b77cf000 rwxp 0015c000 08:05 3542501    /lib/i386-linux-gnu/libc-2.13.so
b77cf000-b77d2000 rwxp 00000000 00:00 0 
b77d2000-b77d4000 r-xp 00000000 08:05 3547569    /lib/i386-linux-gnu/libdl-2.13.so
b77d4000-b77d5000 r-xp 00001000 08:05 3547569    /lib/i386-linux-gnu/libdl-2.13.so
b77d5000-b77d6000 rwxp 00002000 08:05 3547569    /lib/i386-linux-gnu/libdl-2.13.so
b77d6000-b77dd000 r-xp 00000000 08:05 4470024    /usr/lib/jvm/java-6-sun-1.6.0.24/jre/lib/i386/jli/libjli.so
b77dd000-b77df000 rwxp 00006000 08:05 4470024    /usr/lib/jvm/java-6-sun-1.6.0.24/jre/lib/i386/jli/libjli.so
b77df000-b77e0000 rwxp 00000000 00:00 0 
b77e0000-b77f5000 r-xp 00000000 08:05 3547567    /lib/i386-linux-gnu/libpthread-2.13.so
b77f5000-b77f6000 r-xp 00015000 08:05 3547567    /lib/i386-linux-gnu/libpthread-2.13.so
b77f6000-b77f7000 rwxp 00016000 08:05 3547567    /lib/i386-linux-gnu/libpthread-2.13.so
b77f7000-b77f9000 rwxp 00000000 00:00 0 
b77f9000-b77fa000 r-xp 002a1000 08:05 4326790    /usr/lib/locale/locale-archive
b77fa000-b7800000 r-xp 00000000 08:05 4470038    /usr/lib/jvm/java-6-sun-1.6.0.24/jre/lib/i386/native_threads/libhpi.so
b7800000-b7801000 rwxp 00006000 08:05 4470038    /usr/lib/jvm/java-6-sun-1.6.0.24/jre/lib/i386/native_threads/libhpi.so
b7801000-b7802000 rwxp 00000000 00:00 0 
b7802000-b7803000 ---p 00000000 00:00 0 
b7803000-b780e000 r-xp 00000000 08:05 4470049    /usr/lib/jvm/java-6-sun-1.6.0.24/jre/lib/i386/libverify.so
b780e000-b780f000 rwxp 0000b000 08:05 4470049    /usr/lib/jvm/java-6-sun-1.6.0.24/jre/lib/i386/libverify.so
b780f000-b7811000 rwxp 00000000 00:00 0 
b7811000-b7812000 r-xp 00000000 00:00 0          [vdso]
b7812000-b782e000 r-xp 00000000 08:05 3547574    /lib/i386-linux-gnu/ld-2.13.so
b782e000-b782f000 r-xp 0001b000 08:05 3547574    /lib/i386-linux-gnu/ld-2.13.so
b782f000-b7830000 rwxp 0001c000 08:05 3547574    /lib/i386-linux-gnu/ld-2.13.so
bfd88000-bfda9000 rwxp 00000000 00:00 0          [stack]

VM Arguments:
jvm_args: -Djdk.home=/usr/lib/jvm/java-6-sun-1.6.0.24 -Dnetbeans.system_http_proxy=DIRECT -Dnetbeans.system_http_non_proxy_hosts= -Dnetbeans.dirs=/home/daniel/gephi/gephibzr/gephi/build/cluster:/home/daniel/netbeans-7.0/platform -Dnetbeans.home=/home/daniel/netbeans-7.0/platform -Dnetbeans.logger.console=true -ea -Xms256m -Xmx1000m -Dsun.java2d.noddraw=true -Dsun.awt.noerasebackground=true -XX:+HeapDumpOnOutOfMemoryError -XX:HeapDumpPath=/home/daniel/gephi/gephibzr/gephi/build/testuserdir/var/log/heapdump.hprof 
java_command: org.netbeans.Main --userdir /home/daniel/gephi/gephibzr/gephi/build/testuserdir --branding gephi --test-userdir-lock-with-invalid-arg
Launcher Type: SUN_STANDARD

Environment Variables:
PATH=/usr/local/sbin:/usr/local/bin:/usr/sbin:/usr/bin:/sbin:/bin:/usr/games
USERNAME=daniel
LD_LIBRARY_PATH=/usr/lib/jvm/java-6-sun-1.6.0.24/jre/lib/i386/server:/usr/lib/jvm/java-6-sun-1.6.0.24/jre/lib/i386:/usr/lib/jvm/java-6-sun-1.6.0.24/jre/../lib/i386:/usr/lib/jvm/java-6-sun-1.6.0.24/jre/lib/i386/client:/usr/lib/jvm/java-6-sun-1.6.0.24/jre/lib/i386:/usr/lib/jvm/java-6-sun-1.6.0.24/jre/../lib/i386
SHELL=/bin/bash
DISPLAY=:0

Signal Handlers:
SIGSEGV: [libjvm.so+0x708f80], sa_mask[0]=0x7ffbfeff, sa_flags=0x10000004
SIGBUS: [libjvm.so+0x708f80], sa_mask[0]=0x7ffbfeff, sa_flags=0x10000004
SIGFPE: [libjvm.so+0x5c4100], sa_mask[0]=0x7ffbfeff, sa_flags=0x10000004
SIGPIPE: SIG_IGN, sa_mask[0]=0x00001000, sa_flags=0x10000000
SIGXFSZ: [libjvm.so+0x5c4100], sa_mask[0]=0x7ffbfeff, sa_flags=0x10000004
SIGILL: [libjvm.so+0x5c4100], sa_mask[0]=0x7ffbfeff, sa_flags=0x10000004
SIGUSR1: SIG_DFL, sa_mask[0]=0x00000000, sa_flags=0x00000000
SIGUSR2: [libjvm.so+0x5c70e0], sa_mask[0]=0x00000004, sa_flags=0x10000004
SIGHUP: [libjvm.so+0x5c6cc0], sa_mask[0]=0x7ffbfeff, sa_flags=0x10000004
SIGINT: SIG_IGN, sa_mask[0]=0x00000000, sa_flags=0x00000000
SIGTERM: [libjvm.so+0x5c6cc0], sa_mask[0]=0x7ffbfeff, sa_flags=0x10000004
SIGQUIT: [libjvm.so+0x5c6cc0], sa_mask[0]=0x7ffbfeff, sa_flags=0x10000004


---------------  S Y S T E M  ---------------

OS:squeeze/sid

uname:Linux 2.6.38-8-generic #42-Ubuntu SMP Mon Apr 11 03:31:50 UTC 2011 i686
libc:glibc 2.13 NPTL 2.13 
rlimit: STACK 8192k, CORE 0k, NPROC infinity, NOFILE 4096, AS infinity
load average:0.44 0.35 0.22

/proc/meminfo:
MemTotal:        1955572 kB
MemFree:           67008 kB
Buffers:           80140 kB
Cached:           562516 kB
SwapCached:            0 kB
Active:          1065980 kB
Inactive:         726332 kB
Active(anon):     817944 kB
Inactive(anon):   453260 kB
Active(file):     248036 kB
Inactive(file):   273072 kB
Unevictable:          32 kB
Mlocked:              32 kB
HighTotal:       1081776 kB
HighFree:           3480 kB
LowTotal:         873796 kB
LowFree:           63528 kB
SwapTotal:       4476924 kB
SwapFree:        4476756 kB
Dirty:               532 kB
Writeback:             0 kB
AnonPages:       1149724 kB
Mapped:           140792 kB
Shmem:            121592 kB
Slab:              52444 kB
SReclaimable:      34776 kB
SUnreclaim:        17668 kB
KernelStack:        3152 kB
PageTables:         7412 kB
NFS_Unstable:          0 kB
Bounce:                0 kB
WritebackTmp:          0 kB
CommitLimit:     5454708 kB
Committed_AS:    3140380 kB
VmallocTotal:     122880 kB
VmallocUsed:       34648 kB
VmallocChunk:      82500 kB
HardwareCorrupted:     0 kB
HugePages_Total:       0
HugePages_Free:        0
HugePages_Rsvd:        0
HugePages_Surp:        0
Hugepagesize:       4096 kB
DirectMap4k:       16376 kB
DirectMap4M:      892928 kB


CPU:total 2 (2 cores per cpu, 1 threads per core) family 6 model 23 stepping 10, cmov, cx8, fxsr, mmx, sse, sse2, sse3, ssse3, sse4.1

Memory: 4k page, physical 1955572k(67008k free), swap 4476924k(4476756k free)

vm_info: Java HotSpot(TM) Server VM (19.1-b02) for linux-x86 JRE (1.6.0_24-b07), built on Feb  2 2011 16:51:52 by "java_re" with gcc 3.2.1-7a (J2SE release)

time: Mon Jul  4 01:05:35 2011
elapsed time: 104 seconds

