#
# A fatal error has been detected by the Java Runtime Environment:
#
#  SIGSEGV (0xb) at pc=0x0004160a, pid=25122, tid=1808288624
#
# JRE version: 6.0_26-b03
# Java VM: Java HotSpot(TM) Server VM (20.1-b02 mixed mode linux-x86 )
# Problematic frame:
# C  0x0004160a
[error occurred during error reporting (printing problematic frame), id 0xb]

# If you would like to submit a bug report, please visit:
#   http://java.sun.com/webapps/bugreport/crash.jsp
# The crash happened outside the Java Virtual Machine in native code.
# See problematic frame for where to report the bug.
#

---------------  T H R E A D  ---------------

Current thread (0x0a314800):  JavaThread "AWT-EventQueue-1" [_thread_in_native, id=25147, stack(0x6bc34000,0x6bc85000)]

siginfo:si_signo=SIGSEGV: si_errno=0, si_code=1 (SEGV_MAPERR), si_addr=0x0004160a

Registers:
EAX=0x099a6c00, EBX=0x6bdb1588, ECX=0x05800086, EDX=0x704d31d0
ESP=0x6bc8344c, EBP=0x6bc83498, ESI=0x72589050, EDI=0x0a314800
EIP=0x0004160a, EFLAGS=0x00210216, CR2=0x0004160a

Top of Stack: (sp=0x6bc8344c)
0x6bc8344c:   6bd206c4 099a6c00 05800086 704d31d0
0x6bc8345c:   b3881fa7 00000006 00000018 704d31d0
0x6bc8346c:   00000000 05800086 00000000 099a6c00
0x6bc8347c:   00000000 6bc834a0 7259f108 6bc834c4
0x6bc8348c:   b3881fe9 00000000 72589050 6bc834e0
0x6bc8349c:   b388964a 0a314920 6bc834e8 099a6c00
0x6bc834ac:   00000000 05800086 00000000 704d31d0
0x6bc834bc:   00000000 6bc834c0 00000000 6bc83504 

Instructions: (pc=0x0004160a)
0x000415ea:   
[error occurred during error reporting (printing registers, top of stack, instructions near pc), id 0xb]

Register to memory mapping:

EAX=0x099a6c00 is an unknown value
EBX=
[error occurred during error reporting (printing register info), id 0xb]

Stack: [0x6bc34000,0x6bc85000],  sp=0x6bc8344c,  free space=317k
Native frames: (J=compiled Java code, j=interpreted, Vv=VM code, C=native code)
C  0x0004160a
[error occurred during error reporting (printing native stack), id 0xb]

Java frames: (J=compiled Java code, j=interpreted, Vv=VM code)
j  com.sun.opengl.impl.x11.GLX.glXMakeCurrent(JJJ)Z+0
j  com.sun.opengl.impl.x11.X11GLContext.makeCurrentImpl()I+78
j  com.sun.opengl.impl.x11.X11OnscreenGLContext.makeCurrentImpl()I+32
j  com.sun.opengl.impl.GLContextImpl.makeCurrent()I+56
j  com.sun.opengl.impl.GLDrawableHelper.invokeGL(Ljavax/media/opengl/GLDrawable;Ljavax/media/opengl/GLContext;Ljava/lang/Runnable;Ljava/lang/Runnable;)V+308
j  javax.media.opengl.GLCanvas$DisplayOnEventDispatchThreadAction.run()V+35
j  java.awt.event.InvocationEvent.dispatch()V+11
j  java.awt.EventQueue.dispatchEventImpl(Ljava/awt/AWTEvent;Ljava/lang/Object;)V+21
j  java.awt.EventQueue.access$000(Ljava/awt/EventQueue;Ljava/awt/AWTEvent;Ljava/lang/Object;)V+3
j  java.awt.EventQueue$1.run()Ljava/lang/Void;+12
j  java.awt.EventQueue$1.run()Ljava/lang/Object;+1
v  ~StubRoutines::call_stub
j  java.security.AccessController.doPrivileged(Ljava/security/PrivilegedAction;Ljava/security/AccessControlContext;)Ljava/lang/Object;+0
j  java.security.AccessControlContext$1.doIntersectionPrivilege(Ljava/security/PrivilegedAction;Ljava/security/AccessControlContext;Ljava/security/AccessControlContext;)Ljava/lang/Object;+28
j  java.awt.EventQueue.dispatchEvent(Ljava/awt/AWTEvent;)V+46
j  org.netbeans.core.TimableEventQueue.dispatchEvent(Ljava/awt/AWTEvent;)V+17
J  java.awt.EventDispatchThread.pumpOneEventForFilters(I)Z
j  java.awt.EventDispatchThread.pumpEventsForFilter(ILjava/awt/Conditional;Ljava/awt/EventFilter;)V+30
j  java.awt.EventDispatchThread.pumpEventsForHierarchy(ILjava/awt/Conditional;Ljava/awt/Component;)V+11
j  java.awt.EventDispatchThread.pumpEvents(ILjava/awt/Conditional;)V+4
j  java.awt.EventDispatchThread.pumpEvents(Ljava/awt/Conditional;)V+3
j  java.awt.EventDispatchThread.run()V+9
v  ~StubRoutines::call_stub

---------------  P R O C E S S  ---------------

Java Threads: ( => current thread )
  0x0a116000 JavaThread "File Watcher" daemon [_thread_in_native, id=25208, stack(0x66d0d000,0x66d5e000)]
  0x09ef1400 JavaThread "Filter Auto-Refresh" daemon [_thread_blocked, id=25187, stack(0x666af000,0x66700000)]
  0x6a727400 JavaThread "Filter Thread" daemon [_thread_blocked, id=25185, stack(0x699af000,0x69a00000)]
  0x7044b400 JavaThread "attribute-event-bus" daemon [_thread_blocked, id=25177, stack(0x66d5e000,0x66daf000)]
  0x6e997800 JavaThread "graph-event-bus" daemon [_thread_blocked, id=25176, stack(0x66daf000,0x66e00000)]
  0x6728ac00 JavaThread "DHNS View Destructor" daemon [_thread_blocked, id=25175, stack(0x6d22a000,0x6d27b000)]
  0x69e5fc00 JavaThread "SimpleFPSAnimator" daemon [_thread_blocked, id=25165, stack(0x6d1d9000,0x6d22a000)]
  0x6fa4bc00 JavaThread "Timer-1" daemon [_thread_blocked, id=25156, stack(0x6a806000,0x6a857000)]
  0x6fa4dc00 JavaThread "Dynamic Model EventDispatchThread" daemon [_thread_blocked, id=25155, stack(0x6ba0d000,0x6ba5e000)]
  0x096f3800 JavaThread "DestroyJavaVM" [_thread_blocked, id=25123, stack(0xb6902000,0xb6953000)]
=>0x0a314800 JavaThread "AWT-EventQueue-1" [_thread_in_native, id=25147, stack(0x6bc34000,0x6bc85000)]
  0x09daac00 JavaThread "TimerQueue" daemon [_thread_blocked, id=25146, stack(0x6f9af000,0x6fa00000)]
  0x0a334800 JavaThread "Thread-2" daemon [_thread_blocked, id=25145, stack(0x6bc85000,0x6bcd6000)]
  0x6fa5c800 JavaThread "AWT-Shutdown" [_thread_blocked, id=25141, stack(0x6fbcb000,0x6fc1c000)]
  0x700fac00 JavaThread "AWT-XAWT" daemon [_thread_blocked, id=25140, stack(0x6fc1c000,0x6fc6d000)]
  0x099b9000 JavaThread "Java2D Disposer" daemon [_thread_blocked, id=25139, stack(0x6fc9d000,0x6fcee000)]
  0x09974000 JavaThread "CLI Requests Server" daemon [_thread_in_native, id=25136, stack(0x70189000,0x701da000)]
  0x097f4000 JavaThread "Active Reference Queue Daemon" daemon [_thread_blocked, id=25135, stack(0x7025c000,0x702ad000)]
  0x097e0800 JavaThread "Timer-0" daemon [_thread_blocked, id=25134, stack(0x702ad000,0x702fe000)]
  0x0978bc00 JavaThread "Low Memory Detector" daemon [_thread_blocked, id=25132, stack(0x70519000,0x7056a000)]
  0x09789c00 JavaThread "C2 CompilerThread1" daemon [_thread_blocked, id=25131, stack(0x7056a000,0x705eb000)]
  0x09788000 JavaThread "C2 CompilerThread0" daemon [_thread_blocked, id=25130, stack(0x7037f000,0x70400000)]
  0x09786400 JavaThread "Signal Dispatcher" daemon [_thread_blocked, id=25129, stack(0x705eb000,0x7063c000)]
  0x09774800 JavaThread "Finalizer" daemon [_thread_blocked, id=25128, stack(0x7083c000,0x7088d000)]
  0x09773400 JavaThread "Reference Handler" daemon [_thread_blocked, id=25127, stack(0x7088d000,0x708de000)]

Other Threads:
  0x0976f400 VMThread [stack: 0x708de000,0x7095f000] [id=25126]
  0x0978d800 WatcherThread [stack: 0x702fe000,0x7037f000] [id=25133]

VM state:not at safepoint (normal execution)

VM Mutex/Monitor currently owned by a thread: None

Heap
 PSYoungGen      total 77632K, used 34016K [0x9ea60000, 0xa49a0000, 0xb37b0000)
  eden space 62464K, 37% used [0x9ea60000,0xa0125418,0xa2760000)
  from space 15168K, 70% used [0xa3ad0000,0xa4542d88,0xa49a0000)
  to   space 17536K, 0% used [0xa2760000,0xa2760000,0xa3880000)
 PSOldGen        total 174784K, used 10675K [0x74fb0000, 0x7fa60000, 0x9ea60000)
  object space 174784K, 6% used [0x74fb0000,0x75a1ced0,0x7fa60000)
 PSPermGen       total 38144K, used 38036K [0x70fb0000, 0x734f0000, 0x74fb0000)
  object space 38144K, 99% used [0x70fb0000,0x734d5120,0x734f0000)

Code Cache  [0xb387f000, 0xb3b47000, 0xb687f000)
 total_blobs=1385 nmethods=917 adapters=421 free_code_cache=47446848 largest_free_block=5952

Dynamic libraries:
08048000-08052000 r-xp 00000000 08:05 4466326    /usr/lib/jvm/java-6-sun-1.6.0.26/jre/bin/java
08052000-08053000 rwxp 00009000 08:05 4466326    /usr/lib/jvm/java-6-sun-1.6.0.26/jre/bin/java
096ec000-0c385000 rwxp 00000000 00:00 0          [heap]
63e03000-65cd8000 rwxp 00000000 00:00 0 
65e98000-66400000 rwxp 00000000 00:00 0 
66400000-664ff000 rwxp 00000000 00:00 0 
664ff000-66500000 ---p 00000000 00:00 0 
66500000-665fc000 rwxp 00000000 00:00 0 
665fc000-66600000 ---p 00000000 00:00 0 
6665e000-66661000 ---p 00000000 00:00 0 
66661000-666af000 rwxp 00000000 00:00 0 
666af000-666b2000 ---p 00000000 00:00 0 
666b2000-66700000 rwxp 00000000 00:00 0 
66700000-667fa000 rwxp 00000000 00:00 0 
667fa000-66800000 ---p 00000000 00:00 0 
66a00000-66ae7000 rwxp 00000000 00:00 0 
66ae7000-66b00000 ---p 00000000 00:00 0 
66b1b000-66b5e000 rwxs 00000000 00:04 421494836  /SYSV00000000 (deleted)
66b5e000-66b61000 ---p 00000000 00:00 0 
66b61000-66baf000 rwxp 00000000 00:00 0 
66baf000-66bb2000 ---p 00000000 00:00 0 
66bb2000-66c00000 rwxp 00000000 00:00 0 
66c00000-66cfd000 rwxp 00000000 00:00 0 
66cfd000-66d00000 ---p 00000000 00:00 0 
66d0d000-66d10000 ---p 00000000 00:00 0 
66d10000-66d5e000 rwxp 00000000 00:00 0 
66d5e000-66d61000 ---p 00000000 00:00 0 
66d61000-66daf000 rwxp 00000000 00:00 0 
66daf000-66db2000 ---p 00000000 00:00 0 
66db2000-66e00000 rwxp 00000000 00:00 0 
66e00000-66ef3000 rwxp 00000000 00:00 0 
66ef3000-66f00000 ---p 00000000 00:00 0 
66f00000-66ff5000 rwxp 00000000 00:00 0 
66ff5000-67000000 ---p 00000000 00:00 0 
67000000-670fa000 rwxp 00000000 00:00 0 
670fa000-67100000 ---p 00000000 00:00 0 
67100000-671fd000 rwxp 00000000 00:00 0 
671fd000-67200000 ---p 00000000 00:00 0 
67200000-672fc000 rwxp 00000000 00:00 0 
672fc000-67300000 ---p 00000000 00:00 0 
67300000-67400000 rwxp 00000000 00:00 0 
67400000-67500000 rwxp 00000000 00:00 0 
67513000-67533000 rwxs 10fed3000 00:05 7792      /dev/dri/card0
67533000-675f9000 r-xp 00000000 08:05 4466372    /usr/lib/jvm/java-6-sun-1.6.0.26/jre/lib/i386/libmlib_image.so
675f9000-675fa000 rwxp 000c5000 08:05 4466372    /usr/lib/jvm/java-6-sun-1.6.0.26/jre/lib/i386/libmlib_image.so
679e6000-67a00000 rwxs 00000000 00:04 423362626  /SYSV00000000 (deleted)
67a00000-67c00000 rwxp 00000000 00:00 0 
67c00000-67d00000 rwxp 00000000 00:00 0 
67d00000-67dfa000 rwxp 00000000 00:00 0 
67dfa000-67e00000 ---p 00000000 00:00 0 
67e00000-67eff000 rwxp 00000000 00:00 0 
67eff000-67f00000 ---p 00000000 00:00 0 
67f00000-67ffc000 rwxp 00000000 00:00 0 
67ffc000-68000000 ---p 00000000 00:00 0 
68000000-680f9000 rwxp 00000000 00:00 0 
680f9000-68100000 ---p 00000000 00:00 0 
68100000-68200000 rwxp 00000000 00:00 0 
68200000-68300000 rwxp 00000000 00:00 0 
68300000-683ff000 rwxp 00000000 00:00 0 
683ff000-68400000 ---p 00000000 00:00 0 
68400000-68500000 rwxp 00000000 00:00 0 
68500000-685fb000 rwxp 00000000 00:00 0 
685fb000-68600000 ---p 00000000 00:00 0 
68600000-68700000 rwxp 00000000 00:00 0 
68700000-68800000 rwxp 00000000 00:00 0 
68800000-68a00000 rwxp 00000000 00:00 0 
68a00000-68b00000 rwxp 00000000 00:00 0 
68b00000-68bf9000 rwxp 00000000 00:00 0 
68bf9000-68c00000 ---p 00000000 00:00 0 
68c00000-68e00000 rwxp 00000000 00:00 0 
68e00000-68f00000 rwxp 00000000 00:00 0 
68f00000-68ffe000 rwxp 00000000 00:00 0 
68ffe000-69000000 ---p 00000000 00:00 0 
69000000-69200000 rwxp 00000000 00:00 0 
69200000-692fa000 rwxp 00000000 00:00 0 
692fa000-69300000 ---p 00000000 00:00 0 
69300000-69400000 rwxp 00000000 00:00 0 
69400000-695fe000 rwxp 00000000 00:00 0 
695fe000-69600000 ---p 00000000 00:00 0 
69600000-696fb000 rwxp 00000000 00:00 0 
696fb000-69700000 ---p 00000000 00:00 0 
69700000-697fc000 rwxp 00000000 00:00 0 
697fc000-69800000 ---p 00000000 00:00 0 
69800000-698f9000 rwxp 00000000 00:00 0 
698f9000-69900000 ---p 00000000 00:00 0 
69907000-69918000 rwxs 00000000 00:04 424149057  /SYSV00000000 (deleted)
69918000-6994f000 rwxs 00000000 00:04 426115148  /SYSV00000000 (deleted)
6994f000-699af000 rwxs 00000000 00:04 421036070  /SYSV00000000 (deleted)
699af000-699b2000 ---p 00000000 00:00 0 
699b2000-69a00000 rwxp 00000000 00:00 0 
69a00000-69b00000 rwxp 00000000 00:00 0 
69b03000-69b1d000 rwxs 00000000 00:04 423329829  /SYSV00000000 (deleted)
69b1d000-69c07000 r-xp 00000000 08:05 4349248    /usr/lib/dri/libglsl.so
69c07000-69c0b000 r-xp 000ea000 08:05 4349248    /usr/lib/dri/libglsl.so
69c0b000-69c0c000 rwxp 000ee000 08:05 4349248    /usr/lib/dri/libglsl.so
69c0c000-69c0d000 rwxp 00000000 00:00 0 
69c0d000-69de8000 r-xp 00000000 08:05 4349249    /usr/lib/dri/libdricore.so
69de8000-69dee000 r-xp 001db000 08:05 4349249    /usr/lib/dri/libdricore.so
69dee000-69df0000 rwxp 001e1000 08:05 4349249    /usr/lib/dri/libdricore.so
69df0000-69e00000 rwxp 00000000 00:00 0 
69e00000-69ef9000 rwxp 00000000 00:00 0 
69ef9000-69f00000 ---p 00000000 00:00 0 
69f00000-69ff9000 rwxp 00000000 00:00 0 
69ff9000-6a000000 ---p 00000000 00:00 0 
6a000000-6a100000 rwxp 00000000 00:00 0 
6a100000-6a1f9000 rwxp 00000000 00:00 0 
6a1f9000-6a200000 ---p 00000000 00:00 0 
6a200000-6a2f5000 rwxp 00000000 00:00 0 
6a2f5000-6a300000 ---p 00000000 00:00 0 
6a300000-6a3ff000 rwxp 00000000 00:00 0 
6a3ff000-6a400000 ---p 00000000 00:00 0 
6a400000-6a500000 rwxp 00000000 00:00 0 
6a500000-6a5fc000 rwxp 00000000 00:00 0 
6a5fc000-6a600000 ---p 00000000 00:00 0 
6a600000-6a700000 rwxp 00000000 00:00 0 
6a700000-6a7f9000 rwxp 00000000 00:00 0 
6a7f9000-6a800000 ---p 00000000 00:00 0 
6a806000-6a809000 ---p 00000000 00:00 0 
6a809000-6a857000 rwxp 00000000 00:00 0 
6a857000-6a8fb000 r-xp 00000000 08:05 4349235    /usr/lib/dri/i965_dri.so
6a8fb000-6a8fe000 r-xp 000a3000 08:05 4349235    /usr/lib/dri/i965_dri.so
6a8fe000-6a900000 rwxp 000a6000 08:05 4349235    /usr/lib/dri/i965_dri.so
6a900000-6a9f9000 rwxp 00000000 00:00 0 
6a9f9000-6aa00000 ---p 00000000 00:00 0 
6aa00000-6aaff000 rwxp 00000000 00:00 0 
6aaff000-6ab00000 ---p 00000000 00:00 0 
6ab00000-6abfb000 rwxp 00000000 00:00 0 
6abfb000-6ac00000 ---p 00000000 00:00 0 
6ac00000-6acfe000 rwxp 00000000 00:00 0 
6acfe000-6ad00000 ---p 00000000 00:00 0 
6ad00000-6adfa000 rwxp 00000000 00:00 0 
6adfa000-6ae00000 ---p 00000000 00:00 0 
6ae00000-6aefe000 rwxp 00000000 00:00 0 
6aefe000-6af00000 ---p 00000000 00:00 0 
6af00000-6affe000 rwxp 00000000 00:00 0 
6affe000-6b000000 ---p 00000000 00:00 0 
6b000000-6b0f9000 rwxp 00000000 00:00 0 
6b0f9000-6b100000 ---p 00000000 00:00 0 
6b100000-6b200000 rwxp 00000000 00:00 0 
6b200000-6b2f8000 rwxp 00000000 00:00 0 
6b2f8000-6b300000 ---p 00000000 00:00 0 
6b300000-6b3f9000 rwxp 00000000 00:00 0 
6b3f9000-6b400000 ---p 00000000 00:00 0 
6b400000-6b4fd000 rwxp 00000000 00:00 0 
6b4fd000-6b500000 ---p 00000000 00:00 0 
6b500000-6b5f6000 rwxp 00000000 00:00 0 
6b5f6000-6b600000 ---p 00000000 00:00 0 
6b600000-6b6fa000 rwxp 00000000 00:00 0 
6b6fa000-6b700000 ---p 00000000 00:00 0 
6b700000-6b7f9000 rwxp 00000000 00:00 0 
6b7f9000-6b800000 ---p 00000000 00:00 0 
6b800000-6b8f8000 rwxp 00000000 00:00 0 
6b8f8000-6b900000 ---p 00000000 00:00 0 
6b900000-6ba00000 rwxp 00000000 00:00 0 
6ba0d000-6ba10000 ---p 00000000 00:00 0 
6ba10000-6ba5e000 rwxp 00000000 00:00 0 
6ba5e000-6ba61000 ---p 00000000 00:00 0 
6ba61000-6baaf000 rwxp 00000000 00:00 0 
6baaf000-6bab2000 ---p 00000000 00:00 0 
6bab2000-6bb00000 rwxp 00000000 00:00 0 
6bb00000-6bc00000 rwxp 00000000 00:00 0 
6bc09000-6bc29000 rwxs 10feb3000 00:05 7792      /dev/dri/card0
6bc29000-6bc32000 r-xp 00000000 08:05 3539009    /lib/i386-linux-gnu/libdrm_intel.so.1.0.0
6bc32000-6bc33000 r-xp 00008000 08:05 3539009    /lib/i386-linux-gnu/libdrm_intel.so.1.0.0
6bc33000-6bc34000 rwxp 00009000 08:05 3539009    /lib/i386-linux-gnu/libdrm_intel.so.1.0.0
6bc34000-6bc37000 ---p 00000000 00:00 0 
6bc37000-6bc85000 rwxp 00000000 00:00 0 
6bc85000-6bc88000 ---p 00000000 00:00 0 
6bc88000-6bcd6000 rwxp 00000000 00:00 0 
6bcd6000-6bdb1000 r-xp 00000000 08:05 798015     /home/daniel/gephi/gephibzr/gephi/build/cluster/modules/lib/linux-i586/libjogl.so
6bdb1000-6bdb2000 rwxp 000da000 08:05 798015     /home/daniel/gephi/gephibzr/gephi/build/cluster/modules/lib/linux-i586/libjogl.so
6bdb2000-6bdcc000 r-xp 00000000 08:05 3539183    /lib/i386-linux-gnu/libgcc_s.so.1
6bdcc000-6bdcd000 r-xp 00019000 08:05 3539183    /lib/i386-linux-gnu/libgcc_s.so.1
6bdcd000-6bdce000 rwxp 0001a000 08:05 3539183    /lib/i386-linux-gnu/libgcc_s.so.1
6bdce000-6bead000 r-xp 00000000 08:05 4331457    /usr/lib/i386-linux-gnu/libstdc++.so.6.0.14
6bead000-6beb1000 r-xp 000de000 08:05 4331457    /usr/lib/i386-linux-gnu/libstdc++.so.6.0.14
6beb1000-6beb2000 rwxp 000e2000 08:05 4331457    /usr/lib/i386-linux-gnu/libstdc++.so.6.0.14
6beb2000-6beb9000 rwxp 00000000 00:00 0 
6beb9000-6bec1000 r-xp 00000000 08:05 3539143    /lib/i386-linux-gnu/libdrm.so.2.4.0
6bec1000-6bec2000 r-xp 00007000 08:05 3539143    /lib/i386-linux-gnu/libdrm.so.2.4.0
6bec2000-6bec3000 rwxp 00008000 08:05 3539143    /lib/i386-linux-gnu/libdrm.so.2.4.0
6bec3000-6bec7000 r-xp 00000000 08:05 4329490    /usr/lib/i386-linux-gnu/libXxf86vm.so.1.0.0
6bec7000-6bec8000 r-xp 00003000 08:05 4329490    /usr/lib/i386-linux-gnu/libXxf86vm.so.1.0.0
6bec8000-6bec9000 rwxp 00004000 08:05 4329490    /usr/lib/i386-linux-gnu/libXxf86vm.so.1.0.0
6bec9000-6bf12000 r-xp 00000000 08:05 4328243    /usr/lib/mesa/libGL.so.1.2
6bf12000-6bf13000 ---p 00049000 08:05 4328243    /usr/lib/mesa/libGL.so.1.2
6bf13000-6bf18000 r-xp 00049000 08:05 4328243    /usr/lib/mesa/libGL.so.1.2
6bf18000-6bf1e000 rwxp 0004e000 08:05 4328243    /usr/lib/mesa/libGL.so.1.2
6bf1e000-6bf1f000 rwxp 00000000 00:00 0 
6bf1f000-6bf20000 ---p 00000000 00:00 0 
6bf20000-6c720000 rwxp 00000000 00:00 0 
6c720000-6c721000 ---p 00000000 00:00 0 
6c721000-6cf21000 rwxp 00000000 00:00 0 
6cf21000-6cf36000 r-xp 00000000 08:05 4325840    /usr/lib/libdbusmenu-glib.so.3.0.14
6cf36000-6cf37000 r-xp 00014000 08:05 4325840    /usr/lib/libdbusmenu-glib.so.3.0.14
6cf37000-6cf38000 rwxp 00015000 08:05 4325840    /usr/lib/libdbusmenu-glib.so.3.0.14
6cf38000-6cf46000 r-xp 00000000 08:05 4326996    /usr/lib/libdbusmenu-gtk.so.3.0.14
6cf46000-6cf47000 r-xp 0000d000 08:05 4326996    /usr/lib/libdbusmenu-gtk.so.3.0.14
6cf47000-6cf48000 rwxp 0000e000 08:05 4326996    /usr/lib/libdbusmenu-gtk.so.3.0.14
6cf4b000-6cf4f000 rwxs 00000000 00:04 424214602  /SYSV00000000 (deleted)
6cf4f000-6cf55000 r-xp 00000000 08:05 4466364    /usr/lib/jvm/java-6-sun-1.6.0.26/jre/lib/i386/libmanagement.so
6cf55000-6cf56000 rwxp 00005000 08:05 4466364    /usr/lib/jvm/java-6-sun-1.6.0.26/jre/lib/i386/libmanagement.so
6cf56000-6cf5e000 r-xs 00115000 08:05 4466410    /usr/lib/jvm/java-6-sun-1.6.0.26/jre/lib/resources.jar
6cf5e000-6cfad000 r-xp 00000000 08:05 5244500    /usr/share/fonts/truetype/ttf-dejavu/DejaVuSansMono.ttf
6cfad000-6d005000 r-xp 00000000 08:05 5243956    /usr/share/fonts/truetype/ubuntu-font-family/Ubuntu-R.ttf
6d005000-6d007000 r-xp 00000000 08:05 4725402    /usr/lib/i386-linux-gnu/pango/1.6.0/modules/pango-basic-fc.so
6d007000-6d008000 r-xp 00001000 08:05 4725402    /usr/lib/i386-linux-gnu/pango/1.6.0/modules/pango-basic-fc.so
6d008000-6d009000 rwxp 00002000 08:05 4725402    /usr/lib/i386-linux-gnu/pango/1.6.0/modules/pango-basic-fc.so
6d009000-6d00a000 r-xs 00000000 08:05 1575980    /var/cache/fontconfig/26de28bc8622bbc1fb67fd234c21975f-le32d4.cache-3
6d00a000-6d00b000 r-xs 00000000 08:05 1576028    /var/cache/fontconfig/c05880de57d1f5e948fdfacc138775d9-le32d4.cache-3
6d00b000-6d011000 r-xs 00000000 08:05 1576020    /var/cache/fontconfig/945677eb7aeaf62f1d50efc3fb3ec7d8-le32d4.cache-3
6d011000-6d013000 r-xs 00000000 08:05 1575744    /var/cache/fontconfig/99e8ed0e538f840c565b6ed5dad60d56-le32d4.cache-3
6d013000-6d016000 r-xs 00000000 08:05 1576002    /var/cache/fontconfig/e383d7ea5fbe662a33d9b44caf393297-le32d4.cache-3
6d016000-6d01b000 r-xs 00000000 08:05 1575986    /var/cache/fontconfig/401a5dd6b567794a1d18dd9342dfa604-le32d4.cache-3
6d01b000-6d01d000 r-xs 00000000 08:05 1575983    /var/cache/fontconfig/2cd17615ca594fa2959ae173292e504c-le32d4.cache-3
6d01d000-6d01e000 r-xs 00000000 08:05 1575740    /var/cache/fontconfig/e7071f4a29fa870f4323321c154eba04-le32d4.cache-3
6d01e000-6d020000 r-xs 00000000 08:05 1580660    /var/cache/fontconfig/b5ea634b0fb353b8ea17632d1f9ef766-le32d4.cache-3
6d020000-6d024000 r-xs 00000000 08:05 1580038    /var/cache/fontconfig/926e794c3d5e5dffcaf2fa83ef8d36c2-le32d4.cache-3
6d024000-6d027000 r-xs 00000000 08:05 1575945    /var/cache/fontconfig/6eb3985aa4124903f6ff08ba781cd364-le32d4.cache-3
6d027000-6d028000 r-xs 00000000 08:05 1575924    /var/cache/fontconfig/4c73fe0c47614734b17d736dbde7580a-le32d4.cache-3
6d028000-6d029000 r-xs 00000000 08:05 1575918    /var/cache/fontconfig/0d8c3b2ac0904cb8a57a757ad11a4a08-le32d4.cache-3
6d029000-6d02a000 r-xs 00000000 08:05 1575917    /var/cache/fontconfig/6a53c69dea097a2d716e069445527da8-le32d4.cache-3
6d02a000-6d02e000 r-xs 00000000 08:05 1575788    /var/cache/fontconfig/a755afe4a08bf5b97852ceb7400b47bc-le32d4.cache-3
6d02e000-6d032000 r-xs 00000000 08:05 1575915    /var/cache/fontconfig/515ca1ebc4b18308bea979be5704f9db-le32d4.cache-3
6d032000-6d039000 r-xs 00000000 08:05 1575886    /var/cache/fontconfig/6d41288fd70b0be22e8c3a91e032eec0-le32d4.cache-3
6d039000-6d044000 r-xs 00000000 08:05 1575845    /var/cache/fontconfig/0f34bcd4b6ee430af32735b75db7f02b-le32d4.cache-3
6d044000-6d047000 r-xs 00000000 08:05 1575843    /var/cache/fontconfig/d60319d88cac85ba9e1a07bd06cfbb8c-le32d4.cache-3
6d047000-6d048000 r-xs 00000000 08:05 1583439    /var/cache/fontconfig/4794a0821666d79190d59a36cb4f44b5-le32d4.cache-3
6d048000-6d06a000 r-xs 00000000 08:05 1575808    /var/cache/fontconfig/365b55f210c0a22e9a19e35191240f32-le32d4.cache-3
6d06a000-6d072000 r-xs 00000000 08:05 1575802    /var/cache/fontconfig/d52a8644073d54c13679302ca1180695-le32d4.cache-3
6d072000-6d080000 r-xs 00000000 08:05 1575126    /var/cache/fontconfig/e13b20fdb08344e0e664864cc2ede53d-le32d4.cache-3
6d080000-6d08e000 r-xs 00000000 08:05 1576043    /var/cache/fontconfig/865f88548240fee46819705c6468c165-le32d4.cache-3
6d08e000-6d0a6000 r-xs 00000000 08:05 1579274    /var/cache/fontconfig/165b9254a84ccada37e340049ffc8b30-le32d4.cache-3
6d0a6000-6d0b5000 r-xs 00667000 08:05 4466288    /usr/lib/jvm/java-6-sun-1.6.0.26/jre/lib/charsets.jar
6d0b5000-6d0b9000 rwxs 00000000 00:04 424181833  /SYSV00000000 (deleted)
6d0b9000-6d0be000 rwxs 00000000 00:04 421888064  /SYSV00000000 (deleted)
6d0be000-6d0c6000 rwxs 00000000 00:04 421855295  /SYSV00000000 (deleted)
6d0c6000-6d0e6000 rwxs 00000000 00:04 421691450  /SYSV00000000 (deleted)
6d0e6000-6d0e9000 ---p 00000000 00:00 0 
6d0e9000-6d137000 rwxp 00000000 00:00 0 
6d137000-6d13a000 ---p 00000000 00:00 0 
6d13a000-6d188000 rwxp 00000000 00:00 0 
6d188000-6d18b000 ---p 00000000 00:00 0 
6d18b000-6d1d9000 rwxp 00000000 00:00 0 
6d1d9000-6d1dc000 ---p 00000000 00:00 0 
6d1dc000-6d22a000 rwxp 00000000 00:00 0 
6d22a000-6d22d000 ---p 00000000 00:00 0 
6d22d000-6db00000 rwxp 00000000 00:00 0 
6db00000-6db04000 r-xp 00000000 08:05 4339973    /usr/lib/gtk-2.0/2.10.0/menuproxies/libappmenu.so
6db04000-6db05000 r-xp 00003000 08:05 4339973    /usr/lib/gtk-2.0/2.10.0/menuproxies/libappmenu.so
6db05000-6db06000 rwxp 00004000 08:05 4339973    /usr/lib/gtk-2.0/2.10.0/menuproxies/libappmenu.so
6db08000-6db10000 rwxs 00000000 00:04 421822526  /SYSV00000000 (deleted)
6db10000-6db15000 rwxs 00000000 00:04 421232685  /SYSV00000000 (deleted)
6db15000-6db1d000 rwxs 10fdff000 00:05 7792      /dev/dri/card0
6db1d000-6db25000 rwxs 10fdf7000 00:05 7792      /dev/dri/card0
6db25000-6db2d000 rwxs 10f728000 00:05 7792      /dev/dri/card0
6db2e000-6db33000 rwxs 00000000 00:04 421789757  /SYSV00000000 (deleted)
6db33000-6db3a000 rwxs 00000000 00:04 421756988  /SYSV00000000 (deleted)
6db3a000-6db41000 rwxs 00000000 00:04 421724219  /SYSV00000000 (deleted)
6db41000-6db45000 rwxs 10ffd7000 00:05 7792      /dev/dri/card0
6db45000-6db4a000 rwxs 00000000 00:04 421658681  /SYSV00000000 (deleted)
6db4a000-6db54000 rwxs 00000000 00:04 421625912  /SYSV00000000 (deleted)
6db54000-6db57000 rwxs 00000000 00:04 421593143  /SYSV00000000 (deleted)
6db57000-6db5a000 rwxs 00000000 00:04 421560374  /SYSV00000000 (deleted)
6db5a000-6db60000 rwxs 00000000 00:04 421527605  /SYSV00000000 (deleted)
6db60000-6db7a000 rwxs 00000000 00:04 421429298  /SYSV00000000 (deleted)
6db7a000-6db94000 rwxs 00000000 00:04 421396529  /SYSV00000000 (deleted)
6db94000-6db98000 rwxs 10ff67000 00:05 7792      /dev/dri/card0
6db98000-6dbec000 r-xp 00000000 08:05 4466383    /usr/lib/jvm/java-6-sun-1.6.0.26/jre/lib/i386/libcmm.so
6dbec000-6dbef000 rwxp 00054000 08:05 4466383    /usr/lib/jvm/java-6-sun-1.6.0.26/jre/lib/i386/libcmm.so
6dbef000-6dbf7000 rwxs 00000000 00:04 421363760  /SYSV00000000 (deleted)
6dbf7000-6dbff000 rwxs 00000000 00:04 421330991  /SYSV00000000 (deleted)
6dbff000-6dc04000 rwxs 00000000 00:04 421298222  /SYSV00000000 (deleted)
6dc04000-6dc0a000 rwxs 00000000 00:04 421265451  /SYSV00000000 (deleted)
6dc0a000-6dc12000 rwxs 00000000 00:04 421101608  /SYSV00000000 (deleted)
6dc12000-6dc1a000 rwxs 00000000 00:04 421068839  /SYSV00000000 (deleted)
6dc1d000-6dc21000 rwxs 10fe07000 00:05 7792      /dev/dri/card0
6dc21000-6dc29000 rwxs 10f720000 00:05 7792      /dev/dri/card0
6dc29000-6dc31000 rwxs 10f718000 00:05 7792      /dev/dri/card0
6dc31000-6dc44000 r-xp 00000000 08:05 2756858    /tmp/jna1396626214830239629.tmp
6dc44000-6dc45000 rwxp 00013000 08:05 2756858    /tmp/jna1396626214830239629.tmp
6dc45000-6dc5a000 r-xp 00000000 08:05 4466371    /usr/lib/jvm/java-6-sun-1.6.0.26/jre/lib/i386/libdcpr.so
6dc5a000-6dc6d000 rwxp 00014000 08:05 4466371    /usr/lib/jvm/java-6-sun-1.6.0.26/jre/lib/i386/libdcpr.so
6dc6d000-6dc86000 rwxs 00000000 00:04 421167146  /SYSV00000000 (deleted)
6dc86000-6dcdb000 rwxs 00000000 00:04 421134377  /SYSV00000000 (deleted)
6dcdb000-6dd08000 r-xp 00000000 08:05 4325876    /usr/lib/gtk-2.0/2.10.0/engines/libmurrine.so
6dd08000-6dd09000 r-xp 0002c000 08:05 4325876    /usr/lib/gtk-2.0/2.10.0/engines/libmurrine.so
6dd09000-6dd0a000 rwxp 0002d000 08:05 4325876    /usr/lib/gtk-2.0/2.10.0/engines/libmurrine.so
6dd0a000-6dd0f000 r-xp 00000000 08:05 4328876    /usr/lib/libogg.so.0.7.0
6dd0f000-6dd10000 r-xp 00004000 08:05 4328876    /usr/lib/libogg.so.0.7.0
6dd10000-6dd11000 rwxp 00005000 08:05 4328876    /usr/lib/libogg.so.0.7.0
6dd11000-6dd36000 r-xp 00000000 08:05 4329115    /usr/lib/libvorbis.so.0.4.5
6dd36000-6dd37000 r-xp 00025000 08:05 4329115    /usr/lib/libvorbis.so.0.4.5
6dd37000-6dd38000 rwxp 00026000 08:05 4329115    /usr/lib/libvorbis.so.0.4.5
6dd38000-6dd3f000 r-xp 00000000 08:05 4327081    /usr/lib/libltdl.so.7.2.1
6dd3f000-6dd40000 r-xp 00006000 08:05 4327081    /usr/lib/libltdl.so.7.2.1
6dd40000-6dd41000 rwxp 00007000 08:05 4327081    /usr/lib/libltdl.so.7.2.1
6dd41000-6dd50000 r-xp 00000000 08:05 4326562    /usr/lib/libtdb.so.1.2.9
6dd50000-6dd51000 r-xp 0000e000 08:05 4326562    /usr/lib/libtdb.so.1.2.9
6dd51000-6dd52000 rwxp 0000f000 08:05 4326562    /usr/lib/libtdb.so.1.2.9
6dd52000-6dd59000 r-xp 00000000 08:05 4329060    /usr/lib/libvorbisfile.so.3.3.4
6dd59000-6dd5a000 r-xp 00006000 08:05 4329060    /usr/lib/libvorbisfile.so.3.3.4
6dd5a000-6dd5b000 rwxp 00007000 08:05 4329060    /usr/lib/libvorbisfile.so.3.3.4
6dd5b000-6dd69000 r-xp 00000000 08:05 4326490    /usr/lib/libcanberra.so.0.2.5
6dd69000-6dd6a000 r-xp 0000d000 08:05 4326490    /usr/lib/libcanberra.so.0.2.5
6dd6a000-6dd6b000 rwxp 0000e000 08:05 4326490    /usr/lib/libcanberra.so.0.2.5
6dd6b000-6dd6e000 r-xp 00000000 08:05 4329344    /usr/lib/libcanberra-gtk.so.0.1.8
6dd6e000-6dd6f000 r-xp 00002000 08:05 4329344    /usr/lib/libcanberra-gtk.so.0.1.8
6dd6f000-6dd70000 rwxp 00003000 08:05 4329344    /usr/lib/libcanberra-gtk.so.0.1.8
6dd71000-6dd72000 r-xp 00000000 08:05 798016     /home/daniel/gephi/gephibzr/gephi/build/cluster/modules/lib/linux-i586/libjogl_awt.so
6dd72000-6dd73000 rwxp 00000000 08:05 798016     /home/daniel/gephi/gephibzr/gephi/build/cluster/modules/lib/linux-i586/libjogl_awt.so
6dd73000-6dd74000 r-xp 00000000 08:05 4466387    /usr/lib/jvm/java-6-sun-1.6.0.26/jre/lib/i386/libjawt.so
6dd74000-6dd75000 rwxp 00000000 08:05 4466387    /usr/lib/jvm/java-6-sun-1.6.0.26/jre/lib/i386/libjawt.so
6dd77000-6dd78000 rwxs 10f6a1000 00:05 7792      /dev/dri/card0
6dd78000-6dd79000 rwxs 10f6a0000 00:05 7792      /dev/dri/card0
6dd79000-6dd7a000 rwxs 10f69f000 00:05 7792      /dev/dri/card0
6dd7a000-6dd7b000 rwxs 10f69e000 00:05 7792      /dev/dri/card0
6dd7b000-6dd7c000 rwxs 10f69d000 00:05 7792      /dev/dri/card0
6dd7c000-6dd83000 r-xp 00000000 08:05 4328482    /usr/lib/gtk-2.0/2.10.0/engines/libpixmap.so
6dd83000-6dd84000 ---p 00007000 08:05 4328482    /usr/lib/gtk-2.0/2.10.0/engines/libpixmap.so
6dd84000-6dd85000 r-xp 00007000 08:05 4328482    /usr/lib/gtk-2.0/2.10.0/engines/libpixmap.so
6dd85000-6dd86000 rwxp 00008000 08:05 4328482    /usr/lib/gtk-2.0/2.10.0/engines/libpixmap.so
6dd86000-6ddac000 r-xp 00000000 08:05 3538983    /lib/i386-linux-gnu/libexpat.so.1.5.2
6ddac000-6ddad000 ---p 00026000 08:05 3538983    /lib/i386-linux-gnu/libexpat.so.1.5.2
6ddad000-6ddaf000 r-xp 00026000 08:05 3538983    /lib/i386-linux-gnu/libexpat.so.1.5.2
6ddaf000-6ddb0000 rwxp 00028000 08:05 3538983    /lib/i386-linux-gnu/libexpat.so.1.5.2
6ddb0000-6ddc9000 r-xp 00000000 08:05 3538994    /lib/i386-linux-gnu/libselinux.so.1
6ddc9000-6ddca000 r-xp 00018000 08:05 3538994    /lib/i386-linux-gnu/libselinux.so.1
6ddca000-6ddcb000 rwxp 00019000 08:05 3538994    /lib/i386-linux-gnu/libselinux.so.1
6ddcb000-6dddc000 r-xp 00000000 08:05 3542500    /lib/i386-linux-gnu/libresolv-2.13.so
6dddc000-6dddd000 r-xp 00010000 08:05 3542500    /lib/i386-linux-gnu/libresolv-2.13.so
6dddd000-6ddde000 rwxp 00011000 08:05 3542500    /lib/i386-linux-gnu/libresolv-2.13.so
6ddde000-6dde0000 rwxp 00000000 00:00 0 
6dde0000-6de1d000 r-xp 00000000 08:05 3539185    /lib/i386-linux-gnu/libpcre.so.3.12.1
6de1d000-6de1e000 r-xp 0003c000 08:05 3539185    /lib/i386-linux-gnu/libpcre.so.3.12.1
6de1e000-6de1f000 rwxp 0003d000 08:05 3539185    /lib/i386-linux-gnu/libpcre.so.3.12.1
6de1f000-6de32000 r-xp 00000000 08:05 3538986    /lib/i386-linux-gnu/libz.so.1.2.3.4
6de32000-6de33000 r-xp 00012000 08:05 3538986    /lib/i386-linux-gnu/libz.so.1.2.3.4
6de33000-6de34000 rwxp 00013000 08:05 3538986    /lib/i386-linux-gnu/libz.so.1.2.3.4
6de34000-6de57000 r-xp 00000000 08:05 3538990    /lib/i386-linux-gnu/libpng12.so.0.44.0
6de57000-6de58000 r-xp 00022000 08:05 3538990    /lib/i386-linux-gnu/libpng12.so.0.44.0
6de58000-6de59000 rwxp 00023000 08:05 3538990    /lib/i386-linux-gnu/libpng12.so.0.44.0
6de59000-6dec0000 r-xp 00000000 08:05 4326388    /usr/lib/libpixman-1.so.0.20.2
6dec0000-6dec1000 ---p 00067000 08:05 4326388    /usr/lib/libpixman-1.so.0.20.2
6dec1000-6dec4000 r-xp 00067000 08:05 4326388    /usr/lib/libpixman-1.so.0.20.2
6dec4000-6dec5000 rwxp 0006a000 08:05 4326388    /usr/lib/libpixman-1.so.0.20.2
6dec5000-6df9a000 r-xp 00000000 08:05 3539080    /lib/i386-linux-gnu/libglib-2.0.so.0.2800.6
6df9a000-6df9b000 r-xp 000d4000 08:05 3539080    /lib/i386-linux-gnu/libglib-2.0.so.0.2800.6
6df9b000-6df9c000 rwxp 000d5000 08:05 3539080    /lib/i386-linux-gnu/libglib-2.0.so.0.2800.6
6df9c000-6dfe1000 r-xp 00000000 08:05 4328915    /usr/lib/i386-linux-gnu/libgobject-2.0.so.0.2800.6
6dfe1000-6dfe2000 r-xp 00044000 08:05 4328915    /usr/lib/i386-linux-gnu/libgobject-2.0.so.0.2800.6
6dfe2000-6dfe3000 rwxp 00045000 08:05 4328915    /usr/lib/i386-linux-gnu/libgobject-2.0.so.0.2800.6
6dfe3000-6e010000 r-xp 00000000 08:05 4325572    /usr/lib/i386-linux-gnu/libfontconfig.so.1.4.4
6e010000-6e011000 r-xp 0002c000 08:05 4325572    /usr/lib/i386-linux-gnu/libfontconfig.so.1.4.4
6e011000-6e012000 rwxp 0002d000 08:05 4325572    /usr/lib/i386-linux-gnu/libfontconfig.so.1.4.4
6e012000-6e093000 r-xp 00000000 08:05 4325615    /usr/lib/i386-linux-gnu/libfreetype.so.6.6.2
6e093000-6e097000 r-xp 00080000 08:05 4325615    /usr/lib/i386-linux-gnu/libfreetype.so.6.6.2
6e097000-6e098000 rwxp 00084000 08:05 4325615    /usr/lib/i386-linux-gnu/libfreetype.so.6.6.2
6e098000-6e0d6000 r-xp 00000000 08:05 4325711    /usr/lib/i386-linux-gnu/libpango-1.0.so.0.2800.4
6e0d6000-6e0d7000 r-xp 0003e000 08:05 4325711    /usr/lib/i386-linux-gnu/libpango-1.0.so.0.2800.4
6e0d7000-6e0d8000 rwxp 0003f000 08:05 4325711    /usr/lib/i386-linux-gnu/libpango-1.0.so.0.2800.4
6e0d8000-6e1d6000 r-xp 00000000 08:05 4332912    /usr/lib/i386-linux-gnu/libgio-2.0.so.0.2800.6
6e1d6000-6e1d7000 ---p 000fe000 08:05 4332912    /usr/lib/i386-linux-gnu/libgio-2.0.so.0.2800.6
6e1d7000-6e1d9000 r-xp 000fe000 08:05 4332912    /usr/lib/i386-linux-gnu/libgio-2.0.so.0.2800.6
6e1d9000-6e1da000 rwxp 00100000 08:05 4332912    /usr/lib/i386-linux-gnu/libgio-2.0.so.0.2800.6
6e1da000-6e1db000 rwxp 00000000 00:00 0 
6e1db000-6e289000 r-xp 00000000 08:05 4326380    /usr/lib/libcairo.so.2.11000.2
6e289000-6e28a000 ---p 000ae000 08:05 4326380    /usr/lib/libcairo.so.2.11000.2
6e28a000-6e28b000 r-xp 000ae000 08:05 4326380    /usr/lib/libcairo.so.2.11000.2
6e28b000-6e28c000 rwxp 000af000 08:05 4326380    /usr/lib/libcairo.so.2.11000.2
6e28c000-6e28e000 rwxp 00000000 00:00 0 
6e28e000-6e323000 r-xp 00000000 08:05 4349290    /usr/lib/libgdk-x11-2.0.so.0.2400.4
6e323000-6e324000 ---p 00095000 08:05 4349290    /usr/lib/libgdk-x11-2.0.so.0.2400.4
6e324000-6e326000 r-xp 00095000 08:05 4349290    /usr/lib/libgdk-x11-2.0.so.0.2400.4
6e326000-6e327000 rwxp 00097000 08:05 4349290    /usr/lib/libgdk-x11-2.0.so.0.2400.4
6e327000-6e6f8000 r-xp 00000000 08:05 4331892    /usr/lib/libgtk-x11-2.0.so.0.2400.4
6e6f8000-6e6fc000 r-xp 003d0000 08:05 4331892    /usr/lib/libgtk-x11-2.0.so.0.2400.4
6e6fc000-6e6fe000 rwxp 003d4000 08:05 4331892    /usr/lib/libgtk-x11-2.0.so.0.2400.4
6e6fe000-6e700000 rwxp 00000000 00:00 0 
6e700000-6e7ff000 rwxp 00000000 00:00 0 
6e7ff000-6e800000 ---p 00000000 00:00 0 
6e800000-6e8fa000 rwxp 00000000 00:00 0 
6e8fa000-6e900000 ---p 00000000 00:00 0 
6e900000-6e9fa000 rwxp 00000000 00:00 0 
6e9fa000-6ea00000 ---p 00000000 00:00 0 
6ea00000-6eaf8000 rwxp 00000000 00:00 0 
6eaf8000-6eb00000 ---p 00000000 00:00 0 
6eb00000-6ebea000 rwxp 00000000 00:00 0 
6ebea000-6ec00000 ---p 00000000 00:00 0 
6ec00000-6ecff000 rwxp 00000000 00:00 0 
6ecff000-6ed00000 ---p 00000000 00:00 0 
6ed00000-6ef00000 rwxp 00000000 00:00 0 
6ef00000-6f100000 rwxp 00000000 00:00 0 
6f100000-6f300000 rwxp 00000000 00:00 0 
6f300000-6f3e1000 rwxp 00000000 00:00 0 
6f3e1000-6f400000 ---p 00000000 00:00 0 
6f400000-6f401000 rwxp 00000000 00:00 0 
6f401000-6f407000 r-xp 00000000 08:05 4325996    /usr/lib/i386-linux-gnu/libxcb-render.so.0.0.0
6f407000-6f408000 r-xp 00005000 08:05 4325996    /usr/lib/i386-linux-gnu/libxcb-render.so.0.0.0
6f408000-6f409000 rwxp 00006000 08:05 4325996    /usr/lib/i386-linux-gnu/libxcb-render.so.0.0.0
6f409000-6f40b000 r-xp 00000000 08:05 4326159    /usr/lib/i386-linux-gnu/libxcb-shm.so.0.0.0
6f40b000-6f40c000 r-xp 00001000 08:05 4326159    /usr/lib/i386-linux-gnu/libxcb-shm.so.0.0.0
6f40c000-6f40d000 rwxp 00002000 08:05 4326159    /usr/lib/i386-linux-gnu/libxcb-shm.so.0.0.0
6f40d000-6f413000 r-xp 00000000 08:05 4333381    /usr/lib/i386-linux-gnu/libXrandr.so.2.2.0
6f413000-6f414000 r-xp 00005000 08:05 4333381    /usr/lib/i386-linux-gnu/libXrandr.so.2.2.0
6f414000-6f415000 rwxp 00006000 08:05 4333381    /usr/lib/i386-linux-gnu/libXrandr.so.2.2.0
6f415000-6f417000 r-xp 00000000 08:05 4333368    /usr/lib/i386-linux-gnu/libXinerama.so.1.0.0
6f417000-6f418000 r-xp 00001000 08:05 4333368    /usr/lib/i386-linux-gnu/libXinerama.so.1.0.0
6f418000-6f419000 rwxp 00002000 08:05 4333368    /usr/lib/i386-linux-gnu/libXinerama.so.1.0.0
6f419000-6f41c000 r-xp 00000000 08:05 4332911    /usr/lib/i386-linux-gnu/libgthread-2.0.so.0.2800.6
6f41c000-6f41d000 r-xp 00003000 08:05 4332911    /usr/lib/i386-linux-gnu/libgthread-2.0.so.0.2800.6
6f41d000-6f41e000 rwxp 00004000 08:05 4332911    /usr/lib/i386-linux-gnu/libgthread-2.0.so.0.2800.6
6f41e000-6f420000 r-xp 00000000 08:05 4332910    /usr/lib/i386-linux-gnu/libgmodule-2.0.so.0.2800.6
6f420000-6f421000 r-xp 00002000 08:05 4332910    /usr/lib/i386-linux-gnu/libgmodule-2.0.so.0.2800.6
6f421000-6f422000 rwxp 00003000 08:05 4332910    /usr/lib/i386-linux-gnu/libgmodule-2.0.so.0.2800.6
6f422000-6f447000 r-xp 00000000 08:05 4325713    /usr/lib/i386-linux-gnu/libpangoft2-1.0.so.0.2800.4
6f447000-6f448000 ---p 00025000 08:05 4325713    /usr/lib/i386-linux-gnu/libpangoft2-1.0.so.0.2800.4
6f448000-6f449000 r-xp 00025000 08:05 4325713    /usr/lib/i386-linux-gnu/libpangoft2-1.0.so.0.2800.4
6f449000-6f44a000 rwxp 00026000 08:05 4325713    /usr/lib/i386-linux-gnu/libpangoft2-1.0.so.0.2800.4
6f44a000-6f465000 r-xp 00000000 08:05 4326627    /usr/lib/libgdk_pixbuf-2.0.so.0.2300.3
6f465000-6f466000 r-xp 0001a000 08:05 4326627    /usr/lib/libgdk_pixbuf-2.0.so.0.2300.3
6f466000-6f467000 rwxp 0001b000 08:05 4326627    /usr/lib/libgdk_pixbuf-2.0.so.0.2300.3
6f467000-6f480000 r-xp 00000000 08:05 4326135    /usr/lib/i386-linux-gnu/libatk-1.0.so.0.9.1
6f480000-6f481000 ---p 00019000 08:05 4326135    /usr/lib/i386-linux-gnu/libatk-1.0.so.0.9.1
6f481000-6f482000 r-xp 00019000 08:05 4326135    /usr/lib/i386-linux-gnu/libatk-1.0.so.0.9.1
6f482000-6f483000 rwxp 0001a000 08:05 4326135    /usr/lib/i386-linux-gnu/libatk-1.0.so.0.9.1
6f483000-6f485000 r-xp 00000000 08:05 4333357    /usr/lib/i386-linux-gnu/libXdamage.so.1.1.0
6f485000-6f486000 r-xp 00001000 08:05 4333357    /usr/lib/i386-linux-gnu/libXdamage.so.1.1.0
6f486000-6f487000 rwxp 00002000 08:05 4333357    /usr/lib/i386-linux-gnu/libXdamage.so.1.1.0
6f487000-6f489000 r-xp 00000000 08:05 4333341    /usr/lib/i386-linux-gnu/libXcomposite.so.1.0.0
6f489000-6f48a000 r-xp 00001000 08:05 4333341    /usr/lib/i386-linux-gnu/libXcomposite.so.1.0.0
6f48a000-6f48b000 rwxp 00002000 08:05 4333341    /usr/lib/i386-linux-gnu/libXcomposite.so.1.0.0
6f48b000-6f495000 r-xp 00000000 08:05 4325712    /usr/lib/i386-linux-gnu/libpangocairo-1.0.so.0.2800.4
6f495000-6f496000 r-xp 00009000 08:05 4325712    /usr/lib/i386-linux-gnu/libpangocairo-1.0.so.0.2800.4
6f496000-6f497000 rwxp 0000a000 08:05 4325712    /usr/lib/i386-linux-gnu/libpangocairo-1.0.so.0.2800.4
6f497000-6f498000 r-xp 00000000 08:05 4331894    /usr/lib/gtk-2.0/2.10.0/immodules/im-cedilla.so
6f498000-6f499000 r-xp 00000000 08:05 4331894    /usr/lib/gtk-2.0/2.10.0/immodules/im-cedilla.so
6f499000-6f49a000 rwxp 00001000 08:05 4331894    /usr/lib/gtk-2.0/2.10.0/immodules/im-cedilla.so
6f49a000-6f49d000 r-xs 00000000 08:05 1576598    /var/cache/fontconfig/7ef2298fde41cc6eeb7af42e48b7d293-le32d4.cache-3
6f49d000-6f4a1000 r-xp 00000000 08:05 4327695    /usr/lib/gtk-2.0/modules/libcanberra-gtk-module.so
6f4a1000-6f4a2000 r-xp 00003000 08:05 4327695    /usr/lib/gtk-2.0/modules/libcanberra-gtk-module.so
6f4a2000-6f4a3000 rwxp 00004000 08:05 4327695    /usr/lib/gtk-2.0/modules/libcanberra-gtk-module.so
6f4a3000-6f4ab000 r-xp 00000000 08:05 4325660    /usr/lib/liboverlay-scrollbar-0.1.so.0.0.12
6f4ab000-6f4ac000 r-xp 00007000 08:05 4325660    /usr/lib/liboverlay-scrollbar-0.1.so.0.0.12
6f4ac000-6f4ad000 rwxp 00008000 08:05 4325660    /usr/lib/liboverlay-scrollbar-0.1.so.0.0.12
6f4ad000-6f4b0000 r-xs 0002c000 08:05 799771     /home/daniel/gephi/gephibzr/gephi/build/cluster/modules/org-gephi-branding-desktop.jar
6f4b0000-6f4b1000 r-xs 0000c000 08:05 798315     /home/daniel/gephi/gephibzr/gephi/build/cluster/modules/org-gephi-clustering-plugin.jar
6f4b1000-6f4b3000 r-xs 00018000 08:05 798688     /home/daniel/gephi/gephibzr/gephi/build/cluster/modules/org-gephi-data-attributes.jar
6f4b3000-6f4be000 r-xs 000b1000 08:05 799737     /home/daniel/gephi/gephibzr/gephi/build/cluster/modules/org-gephi-datalab-plugin.jar
6f4be000-6f4c0000 r-xs 00013000 08:05 799705     /home/daniel/gephi/gephibzr/gephi/build/cluster/modules/org-gephi-desktop-clustering.jar
6f4c0000-6f4c1000 r-xs 00003000 08:05 798311     /home/daniel/gephi/gephibzr/gephi/build/cluster/modules/org-gephi-clustering-api.jar
6f4c1000-6f4c3000 r-xs 0000a000 08:05 799651     /home/daniel/gephi/gephibzr/gephi/build/cluster/modules/org-gephi-desktop-context.jar
6f4c3000-6f4c5000 r-xs 00003000 08:05 799727     /home/daniel/gephi/gephibzr/gephi/build/cluster/modules/ext/spark-1.2.jar
6f4c5000-6f4c9000 r-xs 00053000 08:05 799723     /home/daniel/gephi/gephibzr/gephi/build/cluster/modules/org-gephi-desktop-datalab.jar
6f4c9000-6f4cc000 r-xs 00029000 08:05 799573     /home/daniel/gephi/gephibzr/gephi/build/cluster/modules/org-gephi-desktop-filters.jar
6f4cc000-6f4cd000 r-xs 00005000 08:05 799260     /home/daniel/gephi/gephibzr/gephi/build/cluster/modules/org-gephi-desktop-generate.jar
6f4cd000-6f4cf000 r-xs 00012000 08:05 799777     /home/daniel/gephi/gephibzr/gephi/build/cluster/modules/org-gephi-desktop-hierarchy.jar
6f4cf000-6f4d2000 r-xs 0001a000 08:05 799597     /home/daniel/gephi/gephibzr/gephi/build/cluster/modules/org-gephi-desktop-importer.jar
6f4d2000-6f4d4000 r-xs 00012000 08:05 799753     /home/daniel/gephi/gephibzr/gephi/build/cluster/modules/org-gephi-desktop-layout.jar
6f4d4000-6f4d6000 r-xs 00010000 08:05 799613     /home/daniel/gephi/gephibzr/gephi/build/cluster/modules/org-gephi-desktop-partition.jar
6f4d6000-6f4d9000 r-xs 0001a000 08:05 799785     /home/daniel/gephi/gephibzr/gephi/build/cluster/modules/org-gephi-desktop-preview.jar
6f4d9000-6f4db000 r-xs 00017000 08:05 799589     /home/daniel/gephi/gephibzr/gephi/build/cluster/modules/org-gephi-desktop-io-export.jar
6f4db000-6f4dc000 r-xs 00002000 08:05 798263     /home/daniel/gephi/gephibzr/gephi/build/cluster/modules/org-gephi-desktop-progress.jar
6f4dc000-6f4df000 r-xs 00020000 08:05 799607     /home/daniel/gephi/gephibzr/gephi/build/cluster/modules/org-gephi-desktop-ranking.jar
6f4df000-6f4e1000 r-xs 00002000 08:05 799266     /home/daniel/gephi/gephibzr/gephi/build/cluster/modules/org-gephi-desktop-recentfiles.jar
6f4e1000-6f4e2000 r-xs 00008000 08:05 799263     /home/daniel/gephi/gephibzr/gephi/build/cluster/modules/org-gephi-desktop-spigot.jar
6f4e2000-6f4e3000 r-xs 00010000 08:05 799673     /home/daniel/gephi/gephibzr/gephi/build/cluster/modules/org-gephi-desktop-statistics.jar
6f4e3000-6f4e6000 r-xs 0002c000 08:05 799801     /home/daniel/gephi/gephibzr/gephi/build/cluster/modules/org-gephi-desktop-timeline.jar
6f4e6000-6f4e8000 r-xs 00011000 08:05 799711     /home/daniel/gephi/gephibzr/gephi/build/cluster/modules/org-gephi-desktop-tools.jar
6f4e8000-6f4ea000 r-xs 00119000 08:05 799717     /home/daniel/gephi/gephibzr/gephi/build/cluster/modules/org-gephi-desktop-welcome.jar
6f4ea000-6f4eb000 r-xs 0000e000 08:05 799639     /home/daniel/gephi/gephibzr/gephi/build/cluster/modules/org-gephi-dynamic.jar
6f4eb000-6f4ed000 r-xs 00014000 08:05 799193     /home/daniel/gephi/gephibzr/gephi/build/cluster/modules/org-gephi-filters.jar
6f4ed000-6f4f1000 r-xs 0005f000 08:05 799008     /home/daniel/gephi/gephibzr/gephi/build/cluster/modules/org-gephi-graph-dhns.jar
6f4f1000-6f4f6000 r-xs 0004a000 08:05 798457     /home/daniel/gephi/gephibzr/gephi/build/cluster/modules/org-gephi-layout-plugin.jar
6f4f6000-6f4f8000 r-xs 00008000 08:05 798318     /home/daniel/gephi/gephibzr/gephi/build/cluster/modules/org-gephi-layout-api.jar
6f4f8000-6f4fa000 r-xs 00007000 08:05 798241     /home/daniel/gephi/gephibzr/gephi/build/cluster/modules/org-gephi-newslider.jar
6f4fa000-6f4fd000 r-xs 00040000 08:05 799197     /home/daniel/gephi/gephibzr/gephi/build/cluster/modules/org-gephi-preview.jar
6f4fd000-6f500000 r-xs 00036000 08:05 798208     /home/daniel/gephi/gephibzr/gephi/build/cluster/modules/ext/core.jar
6f500000-6f501000 r-xs 00001000 08:05 798206     /home/daniel/gephi/gephibzr/gephi/build/cluster/modules/org-gephi-lib-processing.jar
6f501000-6f505000 r-xs 00037000 08:05 799747     /home/daniel/gephi/gephibzr/gephi/build/cluster/modules/org-gephi-tools-plugin.jar
6f505000-6f507000 r-xs 00010000 08:05 799252     /home/daniel/gephi/gephibzr/gephi/build/cluster/modules/org-gephi-desktop-perspective.jar
6f507000-6f508000 r-xs 00005000 08:05 798346     /home/daniel/gephi/gephibzr/gephi/build/cluster/modules/org-gephi-algorithms.jar
6f508000-6f50b000 r-xs 00017000 08:05 799229     /home/daniel/gephi/gephibzr/gephi/build/cluster/modules/ext/TimingFramework-1.0.jar
6f50b000-6f50d000 r-xs 0001e000 08:05 799227     /home/daniel/gephi/gephibzr/gephi/build/cluster/modules/org-gephi-ui-components-SplineEditor.jar
6f50d000-6f50f000 r-xs 00012000 08:05 798343     /home/daniel/gephi/gephibzr/gephi/build/cluster/modules/org-gephi-ui-exporter-plugin.jar
6f50f000-6f511000 r-xs 0001f000 08:05 798338     /home/daniel/gephi/gephibzr/gephi/build/cluster/modules/org-gephi-io-exporter-plugin.jar
6f511000-6f514000 r-xs 0001d000 08:05 798212     /home/daniel/gephi/gephibzr/gephi/build/cluster/modules/ext/stax-utils.jar
6f514000-6f515000 r-xs 00001000 08:05 798210     /home/daniel/gephi/gephibzr/gephi/build/cluster/modules/org-gephi-lib-staxutils.jar
6f515000-6f516000 r-xs 0000c000 08:05 799221     /home/daniel/gephi/gephibzr/gephi/build/cluster/modules/org-gephi-ui-exporter-preview.jar
6f516000-6f518000 r-xs 0000d000 08:05 798300     /home/daniel/gephi/gephibzr/gephi/build/cluster/modules/org-gephi-io-exporter-preview.jar
6f518000-6f51a000 r-xs 00008000 08:05 798245     /home/daniel/gephi/gephibzr/gephi/build/cluster/modules/org-gephi-preview-api.jar
6f51a000-6f51c000 r-xs 00005000 08:05 798271     /home/daniel/gephi/gephibzr/gephi/build/cluster/modules/org-gephi-io-exporter-api.jar
6f51c000-6f520000 r-xs 00038000 08:05 792358     /home/daniel/gephi/gephibzr/gephi/build/cluster/modules/ext/batik-gvt.jar
6f520000-6f522000 r-xs 00010000 08:05 792359     /home/daniel/gephi/gephibzr/gephi/build/cluster/modules/ext/batik-parser.jar
6f522000-6f525000 r-xs 0001d000 08:05 792428     /home/daniel/gephi/gephibzr/gephi/build/cluster/modules/ext/batik-util.jar
6f525000-6f530000 r-xs 000ad000 08:05 792697     /home/daniel/gephi/gephibzr/gephi/build/cluster/modules/ext/pdf-transcoder.jar
6f530000-6f533000 r-xs 00015000 08:05 792343     /home/daniel/gephi/gephibzr/gephi/build/cluster/modules/ext/batik-anim.jar
6f533000-6f540000 r-xs 00087000 08:05 792389     /home/daniel/gephi/gephibzr/gephi/build/cluster/modules/ext/batik-svg-dom.jar
6f540000-6f545000 r-xs 00010000 08:05 792701     /home/daniel/gephi/gephibzr/gephi/build/cluster/modules/ext/xml-apis-ext.jar
6f545000-6f54f000 r-xs 00080000 08:05 792347     /home/daniel/gephi/gephibzr/gephi/build/cluster/modules/ext/batik-bridge.jar
6f54f000-6f551000 r-xs 0001c000 08:05 792423     /home/daniel/gephi/gephibzr/gephi/build/cluster/modules/ext/batik-transcoder.jar
6f551000-6f552000 r-xs 00002000 08:05 792356     /home/daniel/gephi/gephibzr/gephi/build/cluster/modules/ext/batik-ext.jar
6f552000-6f556000 r-xs 00027000 08:05 792349     /home/daniel/gephi/gephibzr/gephi/build/cluster/modules/ext/batik-dom.jar
6f556000-6f55e000 r-xs 00045000 08:05 792348     /home/daniel/gephi/gephibzr/gephi/build/cluster/modules/ext/batik-css.jar
6f55e000-6f55f000 r-xs 00007000 08:05 792665     /home/daniel/gephi/gephibzr/gephi/build/cluster/modules/ext/batik-xml.jar
6f55f000-6f562000 r-xs 0000d000 08:05 792380     /home/daniel/gephi/gephibzr/gephi/build/cluster/modules/ext/batik-script.jar
6f562000-6f569000 r-xs 0005c000 08:05 792346     /home/daniel/gephi/gephibzr/gephi/build/cluster/modules/ext/batik-awt-util.jar
6f569000-6f56b000 r-xs 00001000 08:05 792303     /home/daniel/gephi/gephibzr/gephi/build/cluster/modules/org-gephi-lib-batik.jar
6f56b000-6f578000 r-xs 00162000 08:05 797515     /home/daniel/gephi/gephibzr/gephi/build/cluster/modules/ext/iText-5.0.1.jar
6f578000-6f579000 r-xs 00001000 08:05 795976     /home/daniel/gephi/gephibzr/gephi/build/cluster/modules/org-gephi-lib-itext.jar
6f579000-6f57c000 r-xs 00024000 08:05 799679     /home/daniel/gephi/gephibzr/gephi/build/cluster/modules/org-gephi-ui-filters-plugin.jar
6f57c000-6f580000 r-xs 00042000 08:05 799631     /home/daniel/gephi/gephibzr/gephi/build/cluster/modules/org-gephi-filters-plugin.jar
6f580000-6f581000 r-xs 00003000 08:05 799068     /home/daniel/gephi/gephibzr/gephi/build/cluster/modules/org-gephi-timeline.jar
6f581000-6f583000 r-xs 00007000 08:05 799032     /home/daniel/gephi/gephibzr/gephi/build/cluster/modules/org-gephi-filters-api.jar
6f583000-6f584000 r-xs 00003000 08:05 798399     /home/daniel/gephi/gephibzr/gephi/build/cluster/modules/org-gephi-ui-generator-plugin.jar
6f584000-6f585000 r-xs 00004000 08:05 798378     /home/daniel/gephi/gephibzr/gephi/build/cluster/modules/org-gephi-io-generator-plugin.jar
6f585000-6f586000 r-xs 00002000 08:05 798374     /home/daniel/gephi/gephibzr/gephi/build/cluster/modules/org-gephi-io-generator-api.jar
6f586000-6f587000 r-xs 0000e000 08:05 799213     /home/daniel/gephi/gephibzr/gephi/build/cluster/modules/org-gephi-ui-importer-plugin.jar
6f587000-6f58a000 r-xs 00049000 08:05 798539     /home/daniel/gephi/gephibzr/gephi/build/cluster/modules/org-gephi-io-importer-plugin.jar
6f58a000-6f58d000 r-xs 0000e000 08:05 799761     /home/daniel/gephi/gephibzr/gephi/build/cluster/modules/org-gephi-ui-partition-plugin.jar
6f58d000-6f58f000 r-xs 00003000 08:05 799005     /home/daniel/gephi/gephibzr/gephi/build/cluster/modules/org-gephi-partition-plugin.jar
6f58f000-6f591000 r-xs 00011000 08:05 799001     /home/daniel/gephi/gephibzr/gephi/build/cluster/modules/org-gephi-partition-api.jar
6f591000-6f592000 r-xs 00009000 08:05 799217     /home/daniel/gephi/gephibzr/gephi/build/cluster/modules/org-gephi-ui-processor-plugin.jar
6f592000-6f594000 r-xs 0000c000 08:05 799184     /home/daniel/gephi/gephibzr/gephi/build/cluster/modules/org-gephi-io-processor-plugin.jar
6f594000-6f59b000 r-xs 00094000 08:05 793327     /home/daniel/gephi/gephibzr/gephi/build/cluster/modules/ext/beansbinding-1.2.1.jar
6f59b000-6f59c000 r-xs 00001000 08:05 793298     /home/daniel/gephi/gephibzr/gephi/build/cluster/modules/org-gephi-lib-beansbinding.jar
6f59c000-6f59e000 r-xs 00003000 08:05 798304     /home/daniel/gephi/gephibzr/gephi/build/cluster/modules/org-gephi-ui-project.jar
6f59e000-6f5a0000 r-xs 00005000 08:05 798444     /home/daniel/gephi/gephibzr/gephi/build/cluster/modules/org-gephi-ui-propertyeditor.jar
6f5a0000-6f5a2000 r-xs 0000d000 08:05 799685     /home/daniel/gephi/gephibzr/gephi/build/cluster/modules/org-gephi-ui-ranking-plugin.jar
6f5a2000-6f5a4000 r-xs 0001c000 08:05 798349     /home/daniel/gephi/gephibzr/gephi/build/cluster/modules/org-gephi-ranking-api.jar
6f5a4000-6f5a6000 r-xs 0001a000 08:05 799583     /home/daniel/gephi/gephibzr/gephi/build/cluster/modules/org-gephi-ui-spigot-plugin.jar
6f5a6000-6f5a8000 r-xs 00010000 08:05 798415     /home/daniel/gephi/gephibzr/gephi/build/cluster/modules/org-gephi-io-spigot-plugin.jar
6f5a8000-6f5a9000 r-xs 00004000 08:05 797539     /home/daniel/gephi/gephibzr/gephi/build/cluster/modules/ext/dsn.jar
6f5a9000-6f5ae000 r-xs 00039000 08:05 797543     /home/daniel/gephi/gephibzr/gephi/build/cluster/modules/ext/mailapi.jar
6f5ae000-6f5af000 r-xs 00008000 08:05 797544     /home/daniel/gephi/gephibzr/gephi/build/cluster/modules/ext/pop3.jar
6f5af000-6f5b0000 r-xs 0000a000 08:05 797546     /home/daniel/gephi/gephibzr/gephi/build/cluster/modules/ext/smtp.jar
6f5b0000-6f5b3000 r-xs 00028000 08:05 797540     /home/daniel/gephi/gephibzr/gephi/build/cluster/modules/ext/imap.jar
6f5b3000-6f5ba000 r-xs 0006a000 08:05 797541     /home/daniel/gephi/gephibzr/gephi/build/cluster/modules/ext/mail.jar
6f5ba000-6f5bc000 r-xs 00000000 08:05 797531     /home/daniel/gephi/gephibzr/gephi/build/cluster/modules/org-gephi-lib-javamail.jar
6f5bc000-6f5bf000 r-xs 0001c000 08:05 797602     /home/daniel/gephi/gephibzr/gephi/build/cluster/modules/ext/jcalendar-1.3.3.jar
6f5bf000-6f5c7000 r-xs 00052000 08:05 797612     /home/daniel/gephi/gephibzr/gephi/build/cluster/modules/ext/looks-2.0.1.jar
6f5c7000-6f5c9000 r-xs 00000000 08:05 797578     /home/daniel/gephi/gephibzr/gephi/build/cluster/modules/org-gephi-lib-jcalendar.jar
6f5c9000-6f5cb000 r-xs 00021000 08:05 799645     /home/daniel/gephi/gephibzr/gephi/build/cluster/modules/org-gephi-ui-statistics-plugin.jar
6f5cb000-6f5cd000 r-xs 00021000 08:05 799621     /home/daniel/gephi/gephibzr/gephi/build/cluster/modules/org-gephi-statistics-plugin.jar
6f5cd000-6f5ce000 r-xs 0000b000 08:05 798334     /home/daniel/gephi/gephibzr/gephi/build/cluster/modules/org-gephi-statistics-api.jar
6f5ce000-6f5d0000 r-xs 00009000 08:05 799731     /home/daniel/gephi/gephibzr/gephi/build/cluster/modules/org-gephi-ui-workspace.jar
6f5d0000-6f5db000 r-xs 000e0000 08:05 799697     /home/daniel/gephi/gephibzr/gephi/build/cluster/modules/org-gephi-visualization.jar
6f5db000-6f5dd000 r-xs 0000a000 08:05 799256     /home/daniel/gephi/gephibzr/gephi/build/cluster/modules/org-gephi-desktop-project.jar
6f5dd000-6f5de000 r-xs 00002000 08:05 791681     /home/daniel/gephi/gephibzr/gephi/build/cluster/modules/org-gephi-desktop-mrufiles-api.jar
6f5de000-6f5e1000 r-xs 00023000 08:05 798370     /home/daniel/gephi/gephibzr/gephi/build/cluster/modules/org-gephi-io-importer-api.jar
6f5e1000-6f5e8000 r-xs 000a7000 08:05 792078     /home/daniel/gephi/gephibzr/gephi/build/cluster/modules/ext/mysql-connector-java-5.1.7-bin.jar
6f5e8000-6f5ed000 r-xs 0006d000 08:05 792299     /home/daniel/gephi/gephibzr/gephi/build/cluster/modules/ext/sqljdbc4.jar
6f5ed000-6f5f3000 r-xs 00077000 08:05 792298     /home/daniel/gephi/gephibzr/gephi/build/cluster/modules/ext/postgresql-8.4-701.jdbc4.jar
6f5f3000-6f5f4000 r-xs 00003000 08:05 792023     /home/daniel/gephi/gephibzr/gephi/build/cluster/modules/org-gephi-io-database-drivers.jar
6f5f4000-6f5f8000 r-xs 00024000 08:05 794923     /home/daniel/gephi/gephibzr/gephi/build/cluster/modules/ext/commons-compress-1.1.jar
6f5f8000-6f5f9000 r-xs 00000000 08:05 794834     /home/daniel/gephi/gephibzr/gephi/build/cluster/modules/org-gephi-lib-commonscompress.jar
6f5f9000-6f5fb000 r-xs 0000a000 08:05 799663     /home/daniel/gephi/gephibzr/gephi/build/cluster/modules/ext/FontChooser.jar
6f5fb000-6f5fd000 r-xs 00011000 08:05 799665     /home/daniel/gephi/gephibzr/gephi/build/cluster/modules/ext/MigLayout-3.7.1.jar
6f5fd000-6f600000 r-xs 0002c000 08:05 799667     /home/daniel/gephi/gephibzr/gephi/build/cluster/modules/ext/colorchooser.jar
6f600000-6f6ff000 rwxp 00000000 00:00 0 
6f6ff000-6f700000 ---p 00000000 00:00 0 
6f700000-6f701000 r-xp 00000000 08:05 798014     /home/daniel/gephi/gephibzr/gephi/build/cluster/modules/lib/linux-i586/libgluegen-rt.so
6f701000-6f702000 rwxp 00000000 08:05 798014     /home/daniel/gephi/gephibzr/gephi/build/cluster/modules/lib/linux-i586/libgluegen-rt.so
6f702000-6f707000 r-xs 00055000 08:05 799659     /home/daniel/gephi/gephibzr/gephi/build/cluster/modules/org-gephi-ui-components.jar
6f707000-6f709000 r-xs 0000d000 08:05 793637     /home/daniel/gephi/gephibzr/gephi/build/cluster/modules/ext/commons-codec-1.4.jar
6f709000-6f70a000 r-xs 00001000 08:05 793356     /home/daniel/gephi/gephibzr/gephi/build/cluster/modules/org-gephi-lib-commons-codec.jar
6f70a000-6f718000 r-xs 00090000 08:05 795472     /home/daniel/gephi/gephibzr/gephi/build/cluster/modules/ext/flamingo.jar
6f718000-6f719000 r-xs 00001000 08:05 795452     /home/daniel/gephi/gephibzr/gephi/build/cluster/modules/org-gephi-lib-flamingo.jar
6f719000-6f725000 r-xs 00081000 08:05 798254     /home/daniel/gephi/gephibzr/gephi/build/cluster/modules/ext/google-collect-1.0.jar
6f725000-6f734000 r-xs 000ba000 08:05 798255     /home/daniel/gephi/gephibzr/gephi/build/cluster/modules/ext/trove-2.1.0.jar
6f734000-6f736000 r-xs 00009000 08:05 798252     /home/daniel/gephi/gephibzr/gephi/build/cluster/modules/org-gephi-utils-collection.jar
6f736000-6f741000 r-xs 00108000 08:05 797673     /home/daniel/gephi/gephibzr/gephi/build/cluster/modules/ext/jogl.jar
6f741000-6f742000 r-xs 00004000 08:05 797663     /home/daniel/gephi/gephibzr/gephi/build/cluster/modules/ext/gluegen-rt.jar
6f742000-6f744000 r-xs 00004000 08:05 797657     /home/daniel/gephi/gephibzr/gephi/build/cluster/modules/org-gephi-lib-jogl.jar
6f744000-6f746000 r-xs 0000f000 08:05 795959     /home/daniel/gephi/gephibzr/gephi/build/cluster/modules/org-gephi-lib-gleem.jar
6f746000-6f748000 r-xs 0000d000 08:05 799245     /home/daniel/gephi/gephibzr/gephi/build/cluster/modules/org-gephi-ui-utils.jar
6f748000-6f74c000 r-xs 0003e000 08:05 798218     /home/daniel/gephi/gephibzr/gephi/build/cluster/modules/ext/ValidationAPI.jar
6f74c000-6f74d000 r-xs 00003000 08:05 798215     /home/daniel/gephi/gephibzr/gephi/build/cluster/modules/org-gephi-lib-validation.jar
6f74d000-6f74f000 r-xs 00002000 08:05 798321     /home/daniel/gephi/gephibzr/gephi/build/cluster/modules/org-gephi-tools-api.jar
6f74f000-6f750000 r-xs 00003000 08:05 799189     /home/daniel/gephi/gephibzr/gephi/build/cluster/modules/org-gephi-visualization-api.jar
6f750000-6f753000 r-xs 00024000 08:05 798615     /home/daniel/gephi/gephibzr/gephi/build/cluster/modules/org-gephi-datalab-api.jar
6f753000-6f754000 r-xs 00008000 08:05 798328     /home/daniel/gephi/gephibzr/gephi/build/cluster/modules/org-gephi-dynamic-api.jar
6f754000-6f757000 r-xs 00030000 08:05 798324     /home/daniel/gephi/gephibzr/gephi/build/cluster/modules/org-gephi-data-attributes-api.jar
6f757000-6f758000 r-xs 00007000 08:05 798249     /home/daniel/gephi/gephibzr/gephi/build/cluster/modules/org-gephi-utils.jar
6f758000-6f75a000 r-xs 00002000 08:05 797529     /home/daniel/gephi/gephibzr/gephi/build/cluster/modules/ext/javacsv.jar
6f75a000-6f775000 r-xs 00139000 08:05 799208     /home/daniel/gephi/gephibzr/gephi/build/cluster/modules/ext/swingx-1.6.1.jar
6f775000-6f800000 rwxs 00000000 00:04 420872203  /SYSV00000000 (deleted)
6f800000-6f8ff000 rwxp 00000000 00:00 0 
6f8ff000-6f900000 ---p 00000000 00:00 0 
6f900000-6f902000 r-xs 00007000 08:05 798307     /home/daniel/gephi/gephibzr/gephi/build/cluster/modules/org-gephi-graph-api.jar
6f902000-6f904000 r-xs 00014000 08:05 798267     /home/daniel/gephi/gephibzr/gephi/build/cluster/modules/org-gephi-project-api.jar
6f904000-6f90a000 r-xs 00031000 08:05 799209     /home/daniel/gephi/gephibzr/gephi/build/cluster/modules/ext/swingx-beaninfo-1.6.1.jar
6f90a000-6f90b000 r-xs 00001000 08:05 799200     /home/daniel/gephi/gephibzr/gephi/build/cluster/modules/org-jdesktop-swingx.jar
6f90b000-6f91c000 r-xs 0014c000 08:05 799238     /home/daniel/gephi/gephibzr/gephi/build/cluster/modules/ext/jfreechart-1.0.13.jar
6f91c000-6f91e000 r-xs 00013000 08:05 799239     /home/daniel/gephi/gephibzr/gephi/build/cluster/modules/ext/orson-0.5.0.jar
6f91e000-6f924000 r-xs 00046000 08:05 799237     /home/daniel/gephi/gephibzr/gephi/build/cluster/modules/ext/jcommon-1.0.16.jar
6f924000-6f925000 r-xs 00000000 08:05 799231     /home/daniel/gephi/gephibzr/gephi/build/cluster/modules/org-jfree.jar
6f925000-6f934000 r-xs 00074000 08:05 799795     /home/daniel/gephi/gephibzr/gephi/build/cluster/modules/ext/joda-time-1.6.jar
6f934000-6f935000 r-xs 00000000 08:05 799791     /home/daniel/gephi/gephibzr/gephi/build/cluster/modules/org-joda-time.jar
6f935000-6f937000 r-xs 00008000 08:05 919547     /home/daniel/netbeans-7.0/platform/modules/org-netbeans-core-io-ui.jar
6f937000-6f940000 r-xs 000ba000 08:05 1051086    /home/daniel/netbeans-7.0/platform/modules/ext/platform-3.2.7.jar
6f940000-6f941000 r-xs 00001000 08:05 919425     /home/daniel/netbeans-7.0/platform/modules/org-netbeans-core-nativeaccess.jar
6f941000-6f946000 r-xs 00062000 08:05 919574     /home/daniel/netbeans-7.0/platform/modules/org-netbeans-core-ui.jar
6f946000-6f947000 r-xs 00000000 08:05 790420     /home/daniel/gephi/gephibzr/gephi/build/cluster/modules/locale/org-netbeans-core-windows_gephi.jar
6f947000-6f953000 r-xs 001b9000 08:05 919518     /home/daniel/netbeans-7.0/platform/modules/org-netbeans-core-windows.jar
6f953000-6f959000 r-xs 00034000 08:05 1053531    /home/daniel/netbeans-7.0/platform/modules/ext/junit-4.8.2.jar
6f959000-6f95a000 r-xs 00000000 08:05 919650     /home/daniel/netbeans-7.0/platform/modules/org-netbeans-libs-junit4.jar
6f95a000-6f962000 r-xs 000e2000 08:05 919355     /home/daniel/netbeans-7.0/platform/modules/org-netbeans-modules-autoupdate-ui.jar
6f962000-6f964000 r-xs 00039000 08:05 1052256    /home/daniel/netbeans-7.0/platform/modules/ext/updater.jar
6f964000-6f969000 r-xs 000ac000 08:05 919267     /home/daniel/netbeans-7.0/platform/modules/org-netbeans-modules-autoupdate-services.jar
6f969000-6f96b000 r-xs 0000b000 08:05 919226     /home/daniel/netbeans-7.0/platform/modules/org-netbeans-modules-editor-mimelookup-impl.jar
6f96b000-6f96e000 r-xs 00033000 08:05 919427     /home/daniel/netbeans-7.0/platform/modules/org-netbeans-modules-favorites.jar
6f96e000-6f970000 r-xs 0000f000 08:05 919368     /home/daniel/netbeans-7.0/platform/modules/org-netbeans-modules-keyring-impl.jar
6f970000-6f975000 r-xs 00071000 08:05 919446     /home/daniel/netbeans-7.0/platform/modules/org-netbeans-modules-masterfs.jar
6f975000-6f979000 r-xs 000e3000 08:05 1051091    /home/daniel/netbeans-7.0/platform/modules/ext/jna-3.2.7.jar
6f979000-6f97b000 r-xs 00000000 08:05 919568     /home/daniel/netbeans-7.0/platform/modules/org-netbeans-libs-jna.jar
6f97b000-6f97f000 r-xs 0004b000 08:05 919340     /home/daniel/netbeans-7.0/platform/modules/org-netbeans-modules-options-keymap.jar
6f97f000-6f983000 r-xs 00062000 08:05 919389     /home/daniel/netbeans-7.0/platform/modules/org-netbeans-modules-options-api.jar
6f983000-6f989000 r-xs 0008f000 08:05 919604     /home/daniel/netbeans-7.0/platform/modules/org-netbeans-core.jar
6f989000-6f9af000 rwxs 00000000 00:04 420839434  /SYSV00000000 (deleted)
6f9af000-6f9b2000 ---p 00000000 00:00 0 
6f9b2000-6fa00000 rwxp 00000000 00:00 0 
6fa00000-6fb00000 rwxp 00000000 00:00 0 
6fb00000-6fb01000 r-xs 00001000 08:05 797520     /home/daniel/gephi/gephibzr/gephi/build/cluster/modules/org-gephi-lib-javacsv.jar
6fb01000-6fb02000 r-xs 00006000 08:05 798258     /home/daniel/gephi/gephibzr/gephi/build/cluster/modules/org-gephi-utils-longtask.jar
6fb02000-6fb04000 r-xs 00001000 08:05 919474     /home/daniel/netbeans-7.0/platform/modules/org-netbeans-modules-keyring.jar
6fb04000-6fb08000 r-xs 0003e000 08:05 919507     /home/daniel/netbeans-7.0/platform/modules/org-netbeans-modules-print.jar
6fb08000-6fb0b000 r-xs 00020000 08:05 919391     /home/daniel/netbeans-7.0/platform/modules/org-netbeans-modules-progress-ui.jar
6fb0b000-6fb0d000 r-xs 00011000 08:05 919447     /home/daniel/netbeans-7.0/platform/modules/org-netbeans-modules-sendopts.jar
6fb0d000-6fb0f000 r-xs 0003e000 08:05 919450     /home/daniel/netbeans-7.0/platform/modules/org-netbeans-modules-settings.jar
6fb0f000-6fb12000 r-xs 00022000 08:05 919475     /home/daniel/netbeans-7.0/platform/modules/org-netbeans-spi-quicksearch.jar
6fb12000-6fb13000 r-xs 00002000 08:05 919353     /home/daniel/netbeans-7.0/platform/modules/org-netbeans-api-annotations-common.jar
6fb13000-6fb16000 r-xs 0002a000 08:05 799807     /home/daniel/gephi/gephibzr/gephi/build/cluster/modules/org-netbeans-swing-dirchooser.jar
6fb16000-6fb19000 r-xs 00036000 08:05 919549     /home/daniel/netbeans-7.0/platform/modules/org-netbeans-swing-plaf.jar
6fb19000-6fb1b000 r-xs 0000a000 08:05 919617     /home/daniel/netbeans-7.0/platform/modules/org-openide-io.jar
6fb1b000-6fb24000 r-xs 0013a000 08:05 919588     /home/daniel/netbeans-7.0/platform/modules/org-openide-loaders.jar
6fb24000-6fb25000 r-xs 00000000 08:05 1575980    /var/cache/fontconfig/26de28bc8622bbc1fb67fd234c21975f-le32d4.cache-3
6fb25000-6fb26000 r-xs 00000000 08:05 1576028    /var/cache/fontconfig/c05880de57d1f5e948fdfacc138775d9-le32d4.cache-3
6fb26000-6fb2c000 r-xs 00000000 08:05 1576020    /var/cache/fontconfig/945677eb7aeaf62f1d50efc3fb3ec7d8-le32d4.cache-3
6fb2c000-6fb2e000 r-xs 00000000 08:05 1575744    /var/cache/fontconfig/99e8ed0e538f840c565b6ed5dad60d56-le32d4.cache-3
6fb2e000-6fb31000 r-xs 00000000 08:05 1576002    /var/cache/fontconfig/e383d7ea5fbe662a33d9b44caf393297-le32d4.cache-3
6fb31000-6fb36000 r-xs 00000000 08:05 1575986    /var/cache/fontconfig/401a5dd6b567794a1d18dd9342dfa604-le32d4.cache-3
6fb36000-6fb38000 r-xs 00000000 08:05 1575983    /var/cache/fontconfig/2cd17615ca594fa2959ae173292e504c-le32d4.cache-3
6fb38000-6fb39000 r-xs 00000000 08:05 1575740    /var/cache/fontconfig/e7071f4a29fa870f4323321c154eba04-le32d4.cache-3
6fb39000-6fb3b000 r-xs 00000000 08:05 1580660    /var/cache/fontconfig/b5ea634b0fb353b8ea17632d1f9ef766-le32d4.cache-3
6fb3b000-6fb3f000 r-xs 00000000 08:05 1580038    /var/cache/fontconfig/926e794c3d5e5dffcaf2fa83ef8d36c2-le32d4.cache-3
6fb3f000-6fb43000 r-xs 00000000 08:05 1575788    /var/cache/fontconfig/a755afe4a08bf5b97852ceb7400b47bc-le32d4.cache-3
6fb43000-6fb47000 r-xs 00000000 08:05 1575915    /var/cache/fontconfig/515ca1ebc4b18308bea979be5704f9db-le32d4.cache-3
6fb47000-6fb4e000 r-xs 00000000 08:05 1575886    /var/cache/fontconfig/6d41288fd70b0be22e8c3a91e032eec0-le32d4.cache-3
6fb4e000-6fb59000 r-xs 00000000 08:05 1575845    /var/cache/fontconfig/0f34bcd4b6ee430af32735b75db7f02b-le32d4.cache-3
6fb59000-6fb7b000 r-xs 00000000 08:05 1575808    /var/cache/fontconfig/365b55f210c0a22e9a19e35191240f32-le32d4.cache-3
6fb7b000-6fb83000 r-xs 00000000 08:05 1575802    /var/cache/fontconfig/d52a8644073d54c13679302ca1180695-le32d4.cache-3
6fb83000-6fb91000 r-xs 00000000 08:05 1575126    /var/cache/fontconfig/e13b20fdb08344e0e664864cc2ede53d-le32d4.cache-3
6fb91000-6fba9000 r-xs 00000000 08:05 1579274    /var/cache/fontconfig/165b9254a84ccada37e340049ffc8b30-le32d4.cache-3
6fba9000-6fbab000 r-xs 0000a000 08:05 919476     /home/daniel/netbeans-7.0/platform/modules/org-netbeans-modules-queries.jar
6fbab000-6fbae000 r-xs 00032000 08:05 919589     /home/daniel/netbeans-7.0/platform/modules/org-openide-actions.jar
6fbae000-6fbbb000 r-xs 0019e000 08:05 919573     /home/daniel/netbeans-7.0/platform/modules/org-openide-explorer.jar
6fbbb000-6fbbe000 r-xs 0003a000 08:05 919506     /home/daniel/netbeans-7.0/platform/modules/org-netbeans-swing-outline.jar
6fbbe000-6fbcb000 r-xs 000de000 08:05 919449     /home/daniel/netbeans-7.0/platform/modules/org-netbeans-swing-tabcontrol.jar
6fbcb000-6fbce000 ---p 00000000 00:00 0 
6fbce000-6fc1c000 rwxp 00000000 00:00 0 
6fc1c000-6fc1f000 ---p 00000000 00:00 0 
6fc1f000-6fc6d000 rwxp 00000000 00:00 0 
6fc6d000-6fc71000 r-xp 00000000 08:05 4329147    /usr/lib/i386-linux-gnu/libXfixes.so.3.1.0
6fc71000-6fc72000 r-xp 00003000 08:05 4329147    /usr/lib/i386-linux-gnu/libXfixes.so.3.1.0
6fc72000-6fc73000 rwxp 00004000 08:05 4329147    /usr/lib/i386-linux-gnu/libXfixes.so.3.1.0
6fc73000-6fc7b000 r-xp 00000000 08:05 4326287    /usr/lib/i386-linux-gnu/libXrender.so.1.3.0
6fc7b000-6fc7c000 r-xp 00007000 08:05 4326287    /usr/lib/i386-linux-gnu/libXrender.so.1.3.0
6fc7c000-6fc7d000 rwxp 00008000 08:05 4326287    /usr/lib/i386-linux-gnu/libXrender.so.1.3.0
6fc7d000-6fc85000 r-xp 00000000 08:05 4333346    /usr/lib/i386-linux-gnu/libXcursor.so.1.0.2
6fc85000-6fc86000 r-xp 00007000 08:05 4333346    /usr/lib/i386-linux-gnu/libXcursor.so.1.0.2
6fc86000-6fc87000 rwxp 00008000 08:05 4333346    /usr/lib/i386-linux-gnu/libXcursor.so.1.0.2
6fc87000-6fc8b000 r-xs 0005f000 08:05 919609     /home/daniel/netbeans-7.0/platform/modules/org-openide-text.jar
6fc8b000-6fc8d000 r-xs 0000b000 08:05 919314     /home/daniel/netbeans-7.0/platform/modules/org-netbeans-modules-editor-mimelookup.jar
6fc8d000-6fc8f000 r-xs 00025000 08:05 919587     /home/daniel/netbeans-7.0/platform/modules/org-openide-windows.jar
6fc8f000-6fc94000 r-xs 00081000 08:05 919605     /home/daniel/netbeans-7.0/platform/modules/org-openide-nodes.jar
6fc94000-6fc96000 r-xs 0002e000 08:05 919590     /home/daniel/netbeans-7.0/platform/modules/org-openide-dialogs.jar
6fc96000-6fc98000 r-xs 00010000 08:05 919523     /home/daniel/netbeans-7.0/platform/modules/org-netbeans-api-progress.jar
6fc98000-6fc9d000 r-xs 00086000 08:05 919613     /home/daniel/netbeans-7.0/platform/modules/org-openide-awt.jar
6fc9d000-6fca0000 ---p 00000000 00:00 0 
6fca0000-6fcee000 rwxp 00000000 00:00 0 
6fcee000-6fd67000 r-xp 00000000 08:05 4466381    /usr/lib/jvm/java-6-sun-1.6.0.26/jre/lib/i386/libfontmanager.so
6fd67000-6fd71000 rwxp 00078000 08:05 4466381    /usr/lib/jvm/java-6-sun-1.6.0.26/jre/lib/i386/libfontmanager.so
6fd71000-6fd76000 rwxp 00000000 00:00 0 
6fd76000-6fd8d000 r-xp 00000000 08:05 4337830    /usr/lib/i386-linux-gnu/libxcb.so.1.1.0
6fd8d000-6fd8e000 r-xp 00016000 08:05 4337830    /usr/lib/i386-linux-gnu/libxcb.so.1.1.0
6fd8e000-6fd8f000 rwxp 00017000 08:05 4337830    /usr/lib/i386-linux-gnu/libxcb.so.1.1.0
6fd8f000-6fd9c000 r-xp 00000000 08:05 4337957    /usr/lib/i386-linux-gnu/libXi.so.6.1.0
6fd9c000-6fd9d000 r-xp 0000c000 08:05 4337957    /usr/lib/i386-linux-gnu/libXi.so.6.1.0
6fd9d000-6fd9e000 rwxp 0000d000 08:05 4337957    /usr/lib/i386-linux-gnu/libXi.so.6.1.0
6fd9e000-6feb4000 r-xp 00000000 08:05 4337845    /usr/lib/i386-linux-gnu/libX11.so.6.3.0
6feb4000-6feb5000 ---p 00116000 08:05 4337845    /usr/lib/i386-linux-gnu/libX11.so.6.3.0
6feb5000-6feb6000 r-xp 00116000 08:05 4337845    /usr/lib/i386-linux-gnu/libX11.so.6.3.0
6feb6000-6feb8000 rwxp 00117000 08:05 4337845    /usr/lib/i386-linux-gnu/libX11.so.6.3.0
6feb8000-6feb9000 rwxp 00000000 00:00 0 
6feb9000-6fefc000 r-xp 00000000 08:05 4466376    /usr/lib/jvm/java-6-sun-1.6.0.26/jre/lib/i386/xawt/libmawt.so
6fefc000-6fefe000 rwxp 00043000 08:05 4466376    /usr/lib/jvm/java-6-sun-1.6.0.26/jre/lib/i386/xawt/libmawt.so
6fefe000-6feff000 rwxp 00000000 00:00 0 
6feff000-6ff84000 r-xp 00000000 08:05 4466373    /usr/lib/jvm/java-6-sun-1.6.0.26/jre/lib/i386/libawt.so
6ff84000-6ff8b000 rwxp 00085000 08:05 4466373    /usr/lib/jvm/java-6-sun-1.6.0.26/jre/lib/i386/libawt.so
6ff8b000-6ffaf000 rwxp 00000000 00:00 0 
6ffaf000-6ffb2000 ---p 00000000 00:00 0 
6ffb2000-70000000 rwxp 00000000 00:00 0 
70000000-700fc000 rwxp 00000000 00:00 0 
700fc000-70100000 ---p 00000000 00:00 0 
70100000-70103000 r-xs 00000000 08:05 1575945    /var/cache/fontconfig/6eb3985aa4124903f6ff08ba781cd364-le32d4.cache-3
70103000-70107000 r-xp 00000000 08:05 4335172    /usr/lib/i386-linux-gnu/libXdmcp.so.6.0.0
70107000-70108000 r-xp 00003000 08:05 4335172    /usr/lib/i386-linux-gnu/libXdmcp.so.6.0.0
70108000-70109000 rwxp 00004000 08:05 4335172    /usr/lib/i386-linux-gnu/libXdmcp.so.6.0.0
70109000-7010b000 r-xp 00000000 08:05 4334188    /usr/lib/i386-linux-gnu/libXau.so.6.0.0
7010b000-7010c000 r-xp 00001000 08:05 4334188    /usr/lib/i386-linux-gnu/libXau.so.6.0.0
7010c000-7010d000 rwxp 00002000 08:05 4334188    /usr/lib/i386-linux-gnu/libXau.so.6.0.0
7010d000-70111000 r-xp 00000000 08:05 4337963    /usr/lib/libXtst.so.6.1.0
70111000-70112000 r-xp 00003000 08:05 4337963    /usr/lib/libXtst.so.6.1.0
70112000-70113000 rwxp 00004000 08:05 4337963    /usr/lib/libXtst.so.6.1.0
70113000-70120000 r-xp 00000000 08:05 4332391    /usr/lib/i386-linux-gnu/libXext.so.6.4.0
70120000-70121000 r-xp 0000c000 08:05 4332391    /usr/lib/i386-linux-gnu/libXext.so.6.4.0
70121000-70122000 rwxp 0000d000 08:05 4332391    /usr/lib/i386-linux-gnu/libXext.so.6.4.0
70122000-70123000 r-xs 00000000 08:05 1575924    /var/cache/fontconfig/4c73fe0c47614734b17d736dbde7580a-le32d4.cache-3
70123000-70124000 r-xs 00000000 08:05 1575918    /var/cache/fontconfig/0d8c3b2ac0904cb8a57a757ad11a4a08-le32d4.cache-3
70124000-70127000 r-xs 00000000 08:05 1575843    /var/cache/fontconfig/d60319d88cac85ba9e1a07bd06cfbb8c-le32d4.cache-3
70127000-7012a000 r-xs 00000000 08:05 1576598    /var/cache/fontconfig/7ef2298fde41cc6eeb7af42e48b7d293-le32d4.cache-3
7012a000-70138000 r-xs 00000000 08:05 1576043    /var/cache/fontconfig/865f88548240fee46819705c6468c165-le32d4.cache-3
70138000-7013b000 ---p 00000000 00:00 0 
7013b000-70189000 rwxp 00000000 00:00 0 
70189000-7018c000 ---p 00000000 00:00 0 
7018c000-701da000 rwxp 00000000 00:00 0 
701da000-701e1000 r-xp 00000000 08:05 4466363    /usr/lib/jvm/java-6-sun-1.6.0.26/jre/lib/i386/libnio.so
701e1000-701e2000 rwxp 00006000 08:05 4466363    /usr/lib/jvm/java-6-sun-1.6.0.26/jre/lib/i386/libnio.so
701e2000-701f6000 r-xp 00000000 08:05 4466362    /usr/lib/jvm/java-6-sun-1.6.0.26/jre/lib/i386/libnet.so
701f6000-701f7000 rwxp 00013000 08:05 4466362    /usr/lib/jvm/java-6-sun-1.6.0.26/jre/lib/i386/libnet.so
701f7000-70256000 r-xs 00baa000 08:05 4467347    /usr/lib/jvm/java-6-sun-1.6.0.26/lib/tools.jar
70256000-7025c000 r-xs 0001e000 08:05 4466761    /usr/lib/jvm/java-6-sun-1.6.0.26/lib/dt.jar
7025c000-7025f000 ---p 00000000 00:00 0 
7025f000-702ad000 rwxp 00000000 00:00 0 
702ad000-702b0000 ---p 00000000 00:00 0 
702b0000-702fe000 rwxp 00000000 00:00 0 
702fe000-702ff000 ---p 00000000 00:00 0 
702ff000-7037f000 rwxp 00000000 00:00 0 
7037f000-70382000 ---p 00000000 00:00 0 
70382000-70400000 rwxp 00000000 00:00 0 
70400000-704fe000 rwxp 00000000 00:00 0 
704fe000-70500000 ---p 00000000 00:00 0 
70500000-70501000 r-xs 00000000 08:05 1575917    /var/cache/fontconfig/6a53c69dea097a2d716e069445527da8-le32d4.cache-3
70501000-70502000 r-xs 00000000 08:05 1583439    /var/cache/fontconfig/4794a0821666d79190d59a36cb4f44b5-le32d4.cache-3
70502000-70503000 r-xs 00001000 08:05 923239     /home/daniel/netbeans-7.0/platform/lib/locale/org-openide-util_zh_CN.jar
70503000-70504000 r-xs 00001000 08:05 923238     /home/daniel/netbeans-7.0/platform/lib/locale/org-openide-util_ru.jar
70504000-70505000 r-xs 00001000 08:05 923237     /home/daniel/netbeans-7.0/platform/lib/locale/org-openide-util_pt_BR.jar
70505000-70506000 r-xs 00001000 08:05 923236     /home/daniel/netbeans-7.0/platform/lib/locale/org-openide-util_ja.jar
70506000-70507000 r-xs 00000000 08:05 923247     /home/daniel/netbeans-7.0/platform/lib/locale/org-openide-util-lookup_zh_CN.jar
70507000-70508000 r-xs 00000000 08:05 923246     /home/daniel/netbeans-7.0/platform/lib/locale/org-openide-util-lookup_ru.jar
70508000-70509000 r-xs 00000000 08:05 923245     /home/daniel/netbeans-7.0/platform/lib/locale/org-openide-util-lookup_pt_BR.jar
70509000-7050a000 r-xs 00000000 08:05 923244     /home/daniel/netbeans-7.0/platform/lib/locale/org-openide-util-lookup_ja.jar
7050a000-7050b000 r-xs 00000000 08:05 923243     /home/daniel/netbeans-7.0/platform/lib/locale/org-openide-modules_zh_CN.jar
7050b000-7050c000 r-xs 00000000 08:05 923242     /home/daniel/netbeans-7.0/platform/lib/locale/org-openide-modules_ru.jar
7050c000-7050d000 r-xs 00000000 08:05 923241     /home/daniel/netbeans-7.0/platform/lib/locale/org-openide-modules_pt_BR.jar
7050d000-7050e000 r-xs 00000000 08:05 923240     /home/daniel/netbeans-7.0/platform/lib/locale/org-openide-modules_ja.jar
7050e000-7050f000 r-xs 00000000 08:05 923251     /home/daniel/netbeans-7.0/platform/lib/locale/boot_zh_CN.jar
7050f000-70510000 r-xs 00000000 08:05 923250     /home/daniel/netbeans-7.0/platform/lib/locale/boot_ru.jar
70510000-70511000 r-xs 00000000 08:05 923249     /home/daniel/netbeans-7.0/platform/lib/locale/boot_pt_BR.jar
70511000-70512000 r-xs 00000000 08:05 923248     /home/daniel/netbeans-7.0/platform/lib/locale/boot_ja.jar
70512000-70519000 r-xs 000a7000 08:05 919624     /home/daniel/netbeans-7.0/platform/lib/org-openide-util.jar
70519000-7051c000 ---p 00000000 00:00 0 
7051c000-7056a000 rwxp 00000000 00:00 0 
7056a000-7056d000 ---p 00000000 00:00 0 
7056d000-705eb000 rwxp 00000000 00:00 0 
705eb000-705ee000 ---p 00000000 00:00 0 
705ee000-7063c000 rwxp 00000000 00:00 0 
7063c000-7083c000 r-xp 00000000 08:05 4326790    /usr/lib/locale/locale-archive
7083c000-7083f000 ---p 00000000 00:00 0 
7083f000-7088d000 rwxp 00000000 00:00 0 
7088d000-70890000 ---p 00000000 00:00 0 
70890000-708de000 rwxp 00000000 00:00 0 
708de000-708df000 ---p 00000000 00:00 0 
708df000-70993000 rwxp 00000000 00:00 0 
70993000-70b2b000 r-xs 03029000 08:05 4466583    /usr/lib/jvm/java-6-sun-1.6.0.26/jre/lib/rt.jar
70b2b000-70b2c000 ---p 00000000 00:00 0 
70b2c000-70bac000 rwxp 00000000 00:00 0 
70bac000-70bad000 ---p 00000000 00:00 0 
70bad000-70c40000 rwxp 00000000 00:00 0 
70c40000-70c4d000 rwxp 00000000 00:00 0 
70c4d000-70ca3000 rwxp 00000000 00:00 0 
70ca3000-70d9b000 rwxp 00000000 00:00 0 
70d9b000-70dae000 rwxp 00000000 00:00 0 
70dae000-70dbb000 rwxp 00000000 00:00 0 
70dbb000-70e11000 rwxp 00000000 00:00 0 
70e11000-70f08000 rwxp 00000000 00:00 0 
70f08000-70f38000 rwxp 00000000 00:00 0 
70f38000-70f3a000 ---p 00000000 00:00 0 
70f3a000-70faf000 rwxp 00000000 00:00 0 
70faf000-734f0000 rwxp 00000000 00:00 0 
734f0000-74fb0000 rwxp 00000000 00:00 0 
74fb0000-7fa60000 rwxp 00000000 00:00 0 
7fa60000-9ea60000 rwxp 00000000 00:00 0 
9ea60000-a49a0000 rwxp 00000000 00:00 0 
a49a0000-a4cc0000 ---p 00000000 00:00 0 
a4cc0000-b37b0000 rwxp 00000000 00:00 0 
b37b0000-b37b2000 r-xs 00008000 08:05 790332     /home/daniel/gephi/gephibzr/gephi/build/cluster/core/locale/core_gephi.jar
b37b2000-b37b3000 r-xs 00001000 08:05 919620     /home/daniel/netbeans-7.0/platform/core/locale/core_zh_CN.jar
b37b3000-b37b4000 r-xs 00001000 08:05 919626     /home/daniel/netbeans-7.0/platform/core/locale/core_ja.jar
b37b4000-b37b5000 r-xs 00001000 08:05 919384     /home/daniel/netbeans-7.0/platform/core/locale/org-openide-filesystems_pt_BR.jar
b37b5000-b37b6000 r-xs 00001000 08:05 919619     /home/daniel/netbeans-7.0/platform/core/locale/core_pt_BR.jar
b37b6000-b37b7000 r-xs 00001000 08:05 919625     /home/daniel/netbeans-7.0/platform/core/locale/core_ru.jar
b37b7000-b37b8000 r-xs 00001000 08:05 919385     /home/daniel/netbeans-7.0/platform/core/locale/org-openide-filesystems_zh_CN.jar
b37b8000-b37b9000 r-xs 00001000 08:05 919437     /home/daniel/netbeans-7.0/platform/core/locale/org-openide-filesystems_ru.jar
b37b9000-b37ba000 r-xs 00001000 08:05 919436     /home/daniel/netbeans-7.0/platform/core/locale/org-openide-filesystems_ja.jar
b37ba000-b37bf000 r-xs 000b9000 08:05 919629     /home/daniel/netbeans-7.0/platform/core/core.jar
b37bf000-b37cb000 rwxp 00000000 00:00 0 
b37cb000-b387f000 rwxp 00000000 00:00 0 
b387f000-b3b47000 rwxp 00000000 00:00 0 
b3b47000-b687f000 rwxp 00000000 00:00 0 
b687f000-b688e000 r-xp 00000000 08:05 4466358    /usr/lib/jvm/java-6-sun-1.6.0.26/jre/lib/i386/libzip.so
b688e000-b6890000 rwxp 0000e000 08:05 4466358    /usr/lib/jvm/java-6-sun-1.6.0.26/jre/lib/i386/libzip.so
b6890000-b689a000 r-xp 00000000 08:05 3547576    /lib/i386-linux-gnu/libnss_files-2.13.so
b689a000-b689b000 r-xp 00009000 08:05 3547576    /lib/i386-linux-gnu/libnss_files-2.13.so
b689b000-b689c000 rwxp 0000a000 08:05 3547576    /lib/i386-linux-gnu/libnss_files-2.13.so
b689c000-b68a5000 r-xp 00000000 08:05 3547561    /lib/i386-linux-gnu/libnss_nis-2.13.so
b68a5000-b68a6000 r-xp 00008000 08:05 3547561    /lib/i386-linux-gnu/libnss_nis-2.13.so
b68a6000-b68a7000 rwxp 00009000 08:05 3547561    /lib/i386-linux-gnu/libnss_nis-2.13.so
b68a7000-b68ba000 r-xp 00000000 08:05 3547557    /lib/i386-linux-gnu/libnsl-2.13.so
b68ba000-b68bb000 r-xp 00012000 08:05 3547557    /lib/i386-linux-gnu/libnsl-2.13.so
b68bb000-b68bc000 rwxp 00013000 08:05 3547557    /lib/i386-linux-gnu/libnsl-2.13.so
b68bc000-b68be000 rwxp 00000000 00:00 0 
b68be000-b68c5000 r-xs 000d0000 08:05 919577     /home/daniel/netbeans-7.0/platform/core/org-openide-filesystems.jar
b68c5000-b68c8000 r-xs 00047000 08:05 919593     /home/daniel/netbeans-7.0/platform/lib/org-openide-util-lookup.jar
b68c8000-b68c9000 r-xs 00009000 08:05 919615     /home/daniel/netbeans-7.0/platform/lib/org-openide-modules.jar
b68c9000-b68cb000 r-xs 0005b000 08:05 919630     /home/daniel/netbeans-7.0/platform/lib/boot.jar
b68cb000-b68cc000 r-xp 002a1000 08:05 4326790    /usr/lib/locale/locale-archive
b68cc000-b68d4000 rwxs 00000000 08:05 2756851    /tmp/hsperfdata_daniel/25122
b68d4000-b68f7000 r-xp 00000000 08:05 4466355    /usr/lib/jvm/java-6-sun-1.6.0.26/jre/lib/i386/libjava.so
b68f7000-b68f9000 rwxp 00023000 08:05 4466355    /usr/lib/jvm/java-6-sun-1.6.0.26/jre/lib/i386/libjava.so
b68f9000-b6900000 r-xp 00000000 08:05 3547553    /lib/i386-linux-gnu/librt-2.13.so
b6900000-b6901000 r-xp 00006000 08:05 3547553    /lib/i386-linux-gnu/librt-2.13.so
b6901000-b6902000 rwxp 00007000 08:05 3547553    /lib/i386-linux-gnu/librt-2.13.so
b6902000-b6905000 ---p 00000000 00:00 0 
b6905000-b6953000 rwxp 00000000 00:00 0 
b6953000-b6977000 r-xp 00000000 08:05 3547572    /lib/i386-linux-gnu/libm-2.13.so
b6977000-b6978000 r-xp 00023000 08:05 3547572    /lib/i386-linux-gnu/libm-2.13.so
b6978000-b6979000 rwxp 00024000 08:05 3547572    /lib/i386-linux-gnu/libm-2.13.so
b6979000-b712b000 r-xp 00000000 08:05 4466343    /usr/lib/jvm/java-6-sun-1.6.0.26/jre/lib/i386/server/libjvm.so
b712b000-b717f000 rwxp 007b1000 08:05 4466343    /usr/lib/jvm/java-6-sun-1.6.0.26/jre/lib/i386/server/libjvm.so
b717f000-b759e000 rwxp 00000000 00:00 0 
b759e000-b76f8000 r-xp 00000000 08:05 3542501    /lib/i386-linux-gnu/libc-2.13.so
b76f8000-b76f9000 ---p 0015a000 08:05 3542501    /lib/i386-linux-gnu/libc-2.13.so
b76f9000-b76fb000 r-xp 0015a000 08:05 3542501    /lib/i386-linux-gnu/libc-2.13.so
b76fb000-b76fc000 rwxp 0015c000 08:05 3542501    /lib/i386-linux-gnu/libc-2.13.so
b76fc000-b76ff000 rwxp 00000000 00:00 0 
b76ff000-b7701000 r-xp 00000000 08:05 3547569    /lib/i386-linux-gnu/libdl-2.13.so
b7701000-b7702000 r-xp 00001000 08:05 3547569    /lib/i386-linux-gnu/libdl-2.13.so
b7702000-b7703000 rwxp 00002000 08:05 3547569    /lib/i386-linux-gnu/libdl-2.13.so
b7703000-b770a000 r-xp 00000000 08:05 4466357    /usr/lib/jvm/java-6-sun-1.6.0.26/jre/lib/i386/jli/libjli.so
b770a000-b770c000 rwxp 00006000 08:05 4466357    /usr/lib/jvm/java-6-sun-1.6.0.26/jre/lib/i386/jli/libjli.so
b770c000-b770d000 rwxp 00000000 00:00 0 
b770d000-b7722000 r-xp 00000000 08:05 3547567    /lib/i386-linux-gnu/libpthread-2.13.so
b7722000-b7723000 r-xp 00015000 08:05 3547567    /lib/i386-linux-gnu/libpthread-2.13.so
b7723000-b7724000 rwxp 00016000 08:05 3547567    /lib/i386-linux-gnu/libpthread-2.13.so
b7724000-b7726000 rwxp 00000000 00:00 0 
b7726000-b772c000 r-xp 00000000 08:05 3547562    /lib/i386-linux-gnu/libnss_compat-2.13.so
b772c000-b772d000 r-xp 00005000 08:05 3547562    /lib/i386-linux-gnu/libnss_compat-2.13.so
b772d000-b772e000 rwxp 00006000 08:05 3547562    /lib/i386-linux-gnu/libnss_compat-2.13.so
b772e000-b772f000 rwxp 00000000 00:00 0 
b772f000-b7730000 r-xp 00000000 00:00 0 
b7730000-b773b000 r-xp 00000000 08:05 4466354    /usr/lib/jvm/java-6-sun-1.6.0.26/jre/lib/i386/libverify.so
b773b000-b773c000 rwxp 0000b000 08:05 4466354    /usr/lib/jvm/java-6-sun-1.6.0.26/jre/lib/i386/libverify.so
b773c000-b773e000 rwxp 00000000 00:00 0 
b773e000-b773f000 r-xp 00000000 00:00 0          [vdso]
b773f000-b775b000 r-xp 00000000 08:05 3547574    /lib/i386-linux-gnu/ld-2.13.so
b775b000-b775c000 r-xp 0001b000 08:05 3547574    /lib/i386-linux-gnu/ld-2.13.so
b775c000-b775d000 rwxp 0001c000 08:05 3547574    /lib/i386-linux-gnu/ld-2.13.so
bf855000-bf876000 rwxp 00000000 00:00 0          [stack]

VM Arguments:
jvm_args: -Djdk.home=/usr/lib/jvm/java-6-sun-1.6.0.26 -Dnetbeans.system_http_proxy=DIRECT -Dnetbeans.system_http_non_proxy_hosts= -Dnetbeans.dirs=/home/daniel/gephi/gephibzr/gephi/build/cluster:/home/daniel/netbeans-7.0/platform -Dnetbeans.home=/home/daniel/netbeans-7.0/platform -Dnetbeans.logger.console=true -ea -Xms256m -Xmx1000m -Dsun.java2d.noddraw=true -Dsun.awt.noerasebackground=true -XX:+HeapDumpOnOutOfMemoryError -XX:HeapDumpPath=/home/daniel/gephi/gephibzr/gephi/build/testuserdir/var/log/heapdump.hprof 
java_command: org.netbeans.Main --userdir /home/daniel/gephi/gephibzr/gephi/build/testuserdir --branding gephi
Launcher Type: SUN_STANDARD

Environment Variables:
PATH=/usr/local/sbin:/usr/local/bin:/usr/sbin:/usr/bin:/sbin:/bin:/usr/games
USERNAME=daniel
LD_LIBRARY_PATH=/usr/lib/jvm/java-6-sun-1.6.0.26/jre/lib/i386/server:/usr/lib/jvm/java-6-sun-1.6.0.26/jre/lib/i386:/usr/lib/jvm/java-6-sun-1.6.0.26/jre/../lib/i386:/usr/lib/jvm/java-6-sun-1.6.0.26/jre/lib/i386/client:/usr/lib/jvm/java-6-sun-1.6.0.26/jre/lib/i386:/usr/lib/jvm/java-6-sun-1.6.0.26/jre/../lib/i386
SHELL=/bin/bash
DISPLAY=:0

Signal Handlers:
SIGSEGV: [libjvm.so+0x725510], sa_mask[0]=0x7ffbfeff, sa_flags=0x10000004
SIGBUS: [libjvm.so+0x725510], sa_mask[0]=0x7ffbfeff, sa_flags=0x10000004
SIGFPE: [libjvm.so+0x5dff20], sa_mask[0]=0x7ffbfeff, sa_flags=0x10000004
SIGPIPE: SIG_IGN, sa_mask[0]=0x00001000, sa_flags=0x10000000
SIGXFSZ: [libjvm.so+0x5dff20], sa_mask[0]=0x7ffbfeff, sa_flags=0x10000004
SIGILL: [libjvm.so+0x5dff20], sa_mask[0]=0x7ffbfeff, sa_flags=0x10000004
SIGUSR1: SIG_DFL, sa_mask[0]=0x00000000, sa_flags=0x00000000
SIGUSR2: [libjvm.so+0x5e3160], sa_mask[0]=0x00000004, sa_flags=0x10000004
SIGHUP: [libjvm.so+0x5e2d40], sa_mask[0]=0x7ffbfeff, sa_flags=0x10000004
SIGINT: SIG_IGN, sa_mask[0]=0x00000000, sa_flags=0x00000000
SIGTERM: [libjvm.so+0x5e2d40], sa_mask[0]=0x7ffbfeff, sa_flags=0x10000004
SIGQUIT: [libjvm.so+0x5e2d40], sa_mask[0]=0x7ffbfeff, sa_flags=0x10000004


---------------  S Y S T E M  ---------------

OS:squeeze/sid

uname:Linux 2.6.38-11-generic #48-Ubuntu SMP Fri Jul 29 19:05:14 UTC 2011 i686
libc:glibc 2.13 NPTL 2.13 
rlimit: STACK 8192k, CORE 0k, NPROC infinity, NOFILE 4096, AS infinity
load average:0.30 0.41 0.40

/proc/meminfo:
MemTotal:        1955572 kB
MemFree:           70024 kB
Buffers:           19132 kB
Cached:           458760 kB
SwapCached:        90292 kB
Active:          1178216 kB
Inactive:         606832 kB
Active(anon):     980200 kB
Inactive(anon):   516036 kB
Active(file):     198016 kB
Inactive(file):    90796 kB
Unevictable:          16 kB
Mlocked:              16 kB
HighTotal:       1081776 kB
HighFree:           1584 kB
LowTotal:         873796 kB
LowFree:           68440 kB
SwapTotal:       4476924 kB
SwapFree:        3710112 kB
Dirty:               652 kB
Writeback:           124 kB
AnonPages:       1264780 kB
Mapped:            96260 kB
Shmem:            188984 kB
Slab:              49928 kB
SReclaimable:      24476 kB
SUnreclaim:        25452 kB
KernelStack:        3528 kB
PageTables:        10188 kB
NFS_Unstable:          0 kB
Bounce:                0 kB
WritebackTmp:          0 kB
CommitLimit:     5454708 kB
Committed_AS:    4439608 kB
VmallocTotal:     122880 kB
VmallocUsed:       34736 kB
VmallocChunk:      39160 kB
HardwareCorrupted:     0 kB
HugePages_Total:       0
HugePages_Free:        0
HugePages_Rsvd:        0
HugePages_Surp:        0
Hugepagesize:       4096 kB
DirectMap4k:       16376 kB
DirectMap4M:      892928 kB


CPU:total 2 (2 cores per cpu, 1 threads per core) family 6 model 23 stepping 10, cmov, cx8, fxsr, mmx, sse, sse2, sse3, ssse3, sse4.1

/proc/cpuinfo:
processor	: 0
vendor_id	: GenuineIntel
cpu family	: 6
model		: 23
model name	: Intel(R) Core(TM)2 Duo CPU     L9600  @ 2.13GHz
stepping	: 10
cpu MHz		: 2134.000
cache size	: 6144 KB
physical id	: 0
siblings	: 2
core id		: 0
cpu cores	: 2
apicid		: 0
initial apicid	: 0
fdiv_bug	: no
hlt_bug		: no
f00f_bug	: no
coma_bug	: no
fpu		: yes
fpu_exception	: yes
cpuid level	: 13
wp		: yes
flags		: fpu vme de pse tsc msr pae mce cx8 apic mtrr pge mca cmov pat pse36 clflush dts acpi mmx fxsr sse sse2 ss ht tm pbe nx lm constant_tsc arch_perfmon pebs bts aperfmperf pni dtes64 monitor ds_cpl vmx smx est tm2 ssse3 cx16 xtpr pdcm sse4_1 xsave lahf_lm ida dts tpr_shadow vnmi flexpriority
bogomips	: 4255.02
clflush size	: 64
cache_alignment	: 64
address sizes	: 36 bits physical, 48 bits virtual
power management:

processor	: 1
vendor_id	: GenuineIntel
cpu family	: 6
model		: 23
model name	: Intel(R) Core(TM)2 Duo CPU     L9600  @ 2.13GHz
stepping	: 10
cpu MHz		: 2134.000
cache size	: 6144 KB
physical id	: 0
siblings	: 2
core id		: 1
cpu cores	: 2
apicid		: 1
initial apicid	: 1
fdiv_bug	: no
hlt_bug		: no
f00f_bug	: no
coma_bug	: no
fpu		: yes
fpu_exception	: yes
cpuid level	: 13
wp		: yes
flags		: fpu vme de pse tsc msr pae mce cx8 apic mtrr pge mca cmov pat pse36 clflush dts acpi mmx fxsr sse sse2 ss ht tm pbe nx lm constant_tsc arch_perfmon pebs bts aperfmperf pni dtes64 monitor ds_cpl vmx smx est tm2 ssse3 cx16 xtpr pdcm sse4_1 xsave lahf_lm ida dts tpr_shadow vnmi flexpriority
bogomips	: 4256.04
clflush size	: 64
cache_alignment	: 64
address sizes	: 36 bits physical, 48 bits virtual
power management:



Memory: 4k page, physical 1955572k(70024k free), swap 4476924k(3710112k free)

vm_info: Java HotSpot(TM) Server VM (20.1-b02) for linux-x86 JRE (1.6.0_26-b03), built on May  4 2011 01:04:10 by "java_re" with gcc 3.2.1-7a (J2SE release)

time: Thu Aug 25 19:12:09 2011
elapsed time: 177 seconds

