#
# A fatal error has been detected by the Java Runtime Environment:
#
#  SIGSEGV (0xb) at pc=0x0004160a, pid=5997, tid=1816861552
#
# JRE version: 6.0_24-b07
# Java VM: Java HotSpot(TM) Server VM (19.1-b02 mixed mode linux-x86 )
# Problematic frame:
# C  0x0004160a
#
# If you would like to submit a bug report, please visit:
#   http://java.sun.com/webapps/bugreport/crash.jsp
# The crash happened outside the Java Virtual Machine in native code.
# See problematic frame for where to report the bug.
#

---------------  T H R E A D  ---------------

Current thread (0x0995ac00):  JavaThread "AWT-EventQueue-1" [_thread_in_native, id=6023, stack(0x6c461000,0x6c4b2000)]

siginfo:si_signo=SIGSEGV: si_errno=0, si_code=1 (SEGV_MAPERR), si_addr=0x0004160a

Registers:
EAX=0x7015ce60, EBX=0x6c58d588, ECX=0x0420008c, EDX=0x096764d0
ESP=0x6c4b065c, EBP=0x6c4b06a8, ESI=0x725a2b30, EDI=0x0995ac00
EIP=0x0004160a, CR2=0x0004160a, EFLAGS=0x00010216

Register to memory mapping:

EAX=0x7015ce60
0x7015ce60 is pointing to unknown location

EBX=0x6c58d588

[error occurred during error reporting (printing registers, top of stack, instructions near pc), id 0xb]

Stack: [0x6c461000,0x6c4b2000],  sp=0x6c4b065c,  free space=317k
Native frames: (J=compiled Java code, j=interpreted, Vv=VM code, C=native code)
C  0x0004160a
j  com.sun.opengl.impl.x11.GLX.glXMakeCurrent(JJJ)Z+0
j  com.sun.opengl.impl.x11.X11GLContext.makeCurrentImpl()I+78
j  com.sun.opengl.impl.x11.X11OnscreenGLContext.makeCurrentImpl()I+32
j  com.sun.opengl.impl.GLContextImpl.makeCurrent()I+56
j  com.sun.opengl.impl.GLDrawableHelper.invokeGL(Ljavax/media/opengl/GLDrawable;Ljavax/media/opengl/GLContext;Ljava/lang/Runnable;Ljava/lang/Runnable;)V+308
j  javax.media.opengl.GLCanvas$DisplayOnEventDispatchThreadAction.run()V+35
j  java.awt.event.InvocationEvent.dispatch()V+11
j  java.awt.EventQueue.dispatchEventImpl(Ljava/awt/AWTEvent;Ljava/lang/Object;)V+21
j  java.awt.EventQueue.access$000(Ljava/awt/EventQueue;Ljava/awt/AWTEvent;Ljava/lang/Object;)V+3
j  java.awt.EventQueue$1.run()Ljava/lang/Void;+12
j  java.awt.EventQueue$1.run()Ljava/lang/Object;+1
v  ~StubRoutines::call_stub
V  [libjvm.so+0x3cfb21]
V  [libjvm.so+0x5c5478]
V  [libjvm.so+0x3cf94f]
V  [libjvm.so+0x43413e]
C  [libjava.so+0xa96c]  Java_java_security_AccessController_doPrivileged__Ljava_security_PrivilegedAction_2Ljava_security_AccessControlContext_2+0x3c
j  java.security.AccessController.doPrivileged(Ljava/security/PrivilegedAction;Ljava/security/AccessControlContext;)Ljava/lang/Object;+0
j  java.security.AccessControlContext$1.doIntersectionPrivilege(Ljava/security/PrivilegedAction;Ljava/security/AccessControlContext;Ljava/security/AccessControlContext;)Ljava/lang/Object;+28
j  java.awt.EventQueue.dispatchEvent(Ljava/awt/AWTEvent;)V+46
j  org.netbeans.core.TimableEventQueue.dispatchEvent(Ljava/awt/AWTEvent;)V+17
j  java.awt.EventDispatchThread.pumpOneEventForFilters(I)Z+204
j  java.awt.EventDispatchThread.pumpEventsForFilter(ILjava/awt/Conditional;Ljava/awt/EventFilter;)V+30
j  java.awt.EventDispatchThread.pumpEventsForHierarchy(ILjava/awt/Conditional;Ljava/awt/Component;)V+11
j  java.awt.EventDispatchThread.pumpEvents(ILjava/awt/Conditional;)V+4
j  java.awt.EventDispatchThread.pumpEvents(Ljava/awt/Conditional;)V+3
j  java.awt.EventDispatchThread.run()V+9
v  ~StubRoutines::call_stub
V  [libjvm.so+0x3cfb21]
V  [libjvm.so+0x5c5478]
V  [libjvm.so+0x3cf395]
V  [libjvm.so+0x3cf458]
V  [libjvm.so+0x451be7]
V  [libjvm.so+0x6c604f]
V  [libjvm.so+0x5c6a6e]
C  [libpthread.so.0+0x5e99]

Java frames: (J=compiled Java code, j=interpreted, Vv=VM code)
j  com.sun.opengl.impl.x11.GLX.glXMakeCurrent(JJJ)Z+0
j  com.sun.opengl.impl.x11.X11GLContext.makeCurrentImpl()I+78
j  com.sun.opengl.impl.x11.X11OnscreenGLContext.makeCurrentImpl()I+32
j  com.sun.opengl.impl.GLContextImpl.makeCurrent()I+56
j  com.sun.opengl.impl.GLDrawableHelper.invokeGL(Ljavax/media/opengl/GLDrawable;Ljavax/media/opengl/GLContext;Ljava/lang/Runnable;Ljava/lang/Runnable;)V+308
j  javax.media.opengl.GLCanvas$DisplayOnEventDispatchThreadAction.run()V+35
j  java.awt.event.InvocationEvent.dispatch()V+11
j  java.awt.EventQueue.dispatchEventImpl(Ljava/awt/AWTEvent;Ljava/lang/Object;)V+21
j  java.awt.EventQueue.access$000(Ljava/awt/EventQueue;Ljava/awt/AWTEvent;Ljava/lang/Object;)V+3
j  java.awt.EventQueue$1.run()Ljava/lang/Void;+12
j  java.awt.EventQueue$1.run()Ljava/lang/Object;+1
v  ~StubRoutines::call_stub
j  java.security.AccessController.doPrivileged(Ljava/security/PrivilegedAction;Ljava/security/AccessControlContext;)Ljava/lang/Object;+0
j  java.security.AccessControlContext$1.doIntersectionPrivilege(Ljava/security/PrivilegedAction;Ljava/security/AccessControlContext;Ljava/security/AccessControlContext;)Ljava/lang/Object;+28
j  java.awt.EventQueue.dispatchEvent(Ljava/awt/AWTEvent;)V+46
j  org.netbeans.core.TimableEventQueue.dispatchEvent(Ljava/awt/AWTEvent;)V+17
j  java.awt.EventDispatchThread.pumpOneEventForFilters(I)Z+204
j  java.awt.EventDispatchThread.pumpEventsForFilter(ILjava/awt/Conditional;Ljava/awt/EventFilter;)V+30
j  java.awt.EventDispatchThread.pumpEventsForHierarchy(ILjava/awt/Conditional;Ljava/awt/Component;)V+11
j  java.awt.EventDispatchThread.pumpEvents(ILjava/awt/Conditional;)V+4
j  java.awt.EventDispatchThread.pumpEvents(Ljava/awt/Conditional;)V+3
j  java.awt.EventDispatchThread.run()V+9
v  ~StubRoutines::call_stub

---------------  P R O C E S S  ---------------

Java Threads: ( => current thread )
  0x6c148800 JavaThread "Context Panel consumer thread" daemon [_thread_blocked, id=6047, stack(0x68caf000,0x68d00000)]
  0x6b952400 JavaThread "attribute-event-bus" daemon [_thread_blocked, id=6045, stack(0x6d976000,0x6d9c7000)]
  0x6acfe400 JavaThread "graph-event-bus" daemon [_thread_blocked, id=6044, stack(0x6ffae000,0x6ffff000)]
  0x6bb62000 JavaThread "DHNS View Destructor" daemon [_thread_blocked, id=6043, stack(0x6c02c000,0x6c07d000)]
  0x09945400 JavaThread "VisualizationThreadPool 2" daemon [_thread_blocked, id=6038, stack(0x69e62000,0x69eb3000)]
  0x0a2b2c00 JavaThread "VisualizationThreadPool 1" daemon [_thread_blocked, id=6037, stack(0x69eb3000,0x69f04000)]
  0x09470c00 JavaThread "VisualizationThreadPool 1" daemon [_thread_blocked, id=6036, stack(0x69f04000,0x69f55000)]
  0x6c221800 JavaThread "SimpleFPSAnimator" daemon [_thread_blocked, id=6034, stack(0x6d9c7000,0x6da18000)]
  0x0a312c00 JavaThread "Timer-1" daemon [_thread_blocked, id=6028, stack(0x6be06000,0x6be57000)]
  0x6a9d6000 JavaThread "Dynamic Model EventDispatchThread" daemon [_thread_blocked, id=6027, stack(0x6c0af000,0x6c100000)]
  0x70afb400 JavaThread "DestroyJavaVM" [_thread_blocked, id=5998, stack(0xb68e2000,0xb6933000)]
=>0x0995ac00 JavaThread "AWT-EventQueue-1" [_thread_in_native, id=6023, stack(0x6c461000,0x6c4b2000)]
  0x0953f800 JavaThread "TimerQueue" daemon [_thread_blocked, id=6022, stack(0x6fa58000,0x6faa9000)]
  0x09913000 JavaThread "Thread-2" daemon [_thread_blocked, id=6021, stack(0x6c5d4000,0x6c625000)]
  0x0953e800 JavaThread "AWT-Shutdown" [_thread_blocked, id=6017, stack(0x6faa9000,0x6fafa000)]
  0x094e0800 JavaThread "AWT-XAWT" daemon [_thread_blocked, id=6016, stack(0x6fbab000,0x6fbfc000)]
  0x093c0000 JavaThread "Inactive RequestProcessor thread [Was:Logging Flush/org.netbeans.core.startup.TopLogging$NonClose]" daemon [_thread_blocked, id=6015, stack(0x6fc2c000,0x6fc7d000)]
  0x70170400 JavaThread "Java2D Disposer" daemon [_thread_blocked, id=6014, stack(0x6fc7d000,0x6fcce000)]
  0x70af6400 JavaThread "Inactive RequestProcessor thread [Was:FloatingWindowTransparencyManager/org.netbeans.core.windows.FloatingWindowTransparencyManager$2]" daemon [_thread_blocked, id=6012, stack(0x6ffff000,0x70050000)]
  0x70af3800 JavaThread "CLI Requests Server" daemon [_thread_in_native, id=6011, stack(0x70050000,0x700a1000)]
  0x092ce000 JavaThread "Active Reference Queue Daemon" daemon [_thread_blocked, id=6010, stack(0x70244000,0x70295000)]
  0x0926cc00 JavaThread "Timer-0" daemon [_thread_blocked, id=6009, stack(0x70295000,0x702e6000)]
  0x70a0a400 JavaThread "Low Memory Detector" daemon [_thread_blocked, id=6007, stack(0x7036d000,0x703be000)]
  0x09221000 JavaThread "CompilerThread1" daemon [_thread_blocked, id=6006, stack(0x703be000,0x7043f000)]
  0x0921f000 JavaThread "CompilerThread0" daemon [_thread_blocked, id=6005, stack(0x7043f000,0x704c0000)]
  0x0921d800 JavaThread "Signal Dispatcher" daemon [_thread_blocked, id=6004, stack(0x704c0000,0x70511000)]
  0x0920ec00 JavaThread "Finalizer" daemon [_thread_blocked, id=6003, stack(0x70711000,0x70762000)]
  0x0920a400 JavaThread "Reference Handler" daemon [_thread_blocked, id=6002, stack(0x70762000,0x707b3000)]

Other Threads:
  0x09206800 VMThread [stack: 0x707b3000,0x70834000] [id=6001]
  0x70a0c000 WatcherThread [stack: 0x702ec000,0x7036d000] [id=6008]

VM state:not at safepoint (normal execution)

VM Mutex/Monitor currently owned by a thread: None

Heap
 PSYoungGen      total 76480K, used 36909K [0x9ea40000, 0xa3f90000, 0xb3790000)
  eden space 65600K, 39% used [0x9ea40000,0xa03aeb28,0xa2a50000)
  from space 10880K, 99% used [0xa2a50000,0xa34ec940,0xa34f0000)
  to   space 10880K, 0% used [0xa34f0000,0xa34f0000,0xa3f90000)
 PSOldGen        total 174784K, used 10070K [0x74f90000, 0x7fa40000, 0x9ea40000)
  object space 174784K, 5% used [0x74f90000,0x75965948,0x7fa40000)
 PSPermGen       total 36096K, used 35994K [0x70f90000, 0x732d0000, 0x74f90000)
  object space 36096K, 99% used [0x70f90000,0x732b6868,0x732d0000)

Dynamic libraries:
08048000-08052000 r-xp 00000000 08:05 4469969    /usr/lib/jvm/java-6-sun-1.6.0.24/jre/bin/java
08052000-08053000 rwxp 00009000 08:05 4469969    /usr/lib/jvm/java-6-sun-1.6.0.24/jre/bin/java
09183000-0a42a000 rwxp 00000000 00:00 0          [heap]
68caf000-68cb2000 ---p 00000000 00:00 0 
68cb2000-68d00000 rwxp 00000000 00:00 0 
68d00000-68dff000 rwxp 00000000 00:00 0 
68dff000-68e00000 ---p 00000000 00:00 0 
68e00000-68ea3000 rwxp 00000000 00:00 0 
68ea3000-68f00000 ---p 00000000 00:00 0 
68f00000-68ff9000 rwxp 00000000 00:00 0 
68ff9000-69000000 ---p 00000000 00:00 0 
69000000-690f9000 rwxp 00000000 00:00 0 
690f9000-69100000 ---p 00000000 00:00 0 
69100000-691f9000 rwxp 00000000 00:00 0 
691f9000-69200000 ---p 00000000 00:00 0 
69200000-692f9000 rwxp 00000000 00:00 0 
692f9000-69300000 ---p 00000000 00:00 0 
69300000-693f9000 rwxp 00000000 00:00 0 
693f9000-69400000 ---p 00000000 00:00 0 
69400000-694fa000 rwxp 00000000 00:00 0 
694fa000-69500000 ---p 00000000 00:00 0 
69500000-695f9000 rwxp 00000000 00:00 0 
695f9000-69600000 ---p 00000000 00:00 0 
69600000-696f9000 rwxp 00000000 00:00 0 
696f9000-69700000 ---p 00000000 00:00 0 
69700000-697f9000 rwxp 00000000 00:00 0 
697f9000-69800000 ---p 00000000 00:00 0 
69800000-698f9000 rwxp 00000000 00:00 0 
698f9000-69900000 ---p 00000000 00:00 0 
69900000-699fc000 rwxp 00000000 00:00 0 
699fc000-69a00000 ---p 00000000 00:00 0 
69a00000-69af9000 rwxp 00000000 00:00 0 
69af9000-69b00000 ---p 00000000 00:00 0 
69b00000-69bfd000 rwxp 00000000 00:00 0 
69bfd000-69c00000 ---p 00000000 00:00 0 
69c00000-69cfe000 rwxp 00000000 00:00 0 
69cfe000-69d00000 ---p 00000000 00:00 0 
69d00000-69dfc000 rwxp 00000000 00:00 0 
69dfc000-69e00000 ---p 00000000 00:00 0 
69e11000-69e14000 ---p 00000000 00:00 0 
69e14000-69e62000 rwxp 00000000 00:00 0 
69e62000-69e65000 ---p 00000000 00:00 0 
69e65000-69eb3000 rwxp 00000000 00:00 0 
69eb3000-69eb6000 ---p 00000000 00:00 0 
69eb6000-69f04000 rwxp 00000000 00:00 0 
69f04000-69f07000 ---p 00000000 00:00 0 
69f07000-6a356000 rwxp 00000000 00:00 0 
6a356000-6a600000 rwxs 00000000 00:04 21889038   /SYSV00000000 (deleted)
6a600000-6a700000 rwxp 00000000 00:00 0 
6a739000-6a7ff000 r-xp 00000000 08:05 4470045    /usr/lib/jvm/java-6-sun-1.6.0.24/jre/lib/i386/libmlib_image.so
6a7ff000-6a800000 rwxp 000c5000 08:05 4470045    /usr/lib/jvm/java-6-sun-1.6.0.24/jre/lib/i386/libmlib_image.so
6a800000-6a8fd000 rwxp 00000000 00:00 0 
6a8fd000-6a900000 ---p 00000000 00:00 0 
6a900000-6a9f0000 rwxp 00000000 00:00 0 
6a9f0000-6aa00000 ---p 00000000 00:00 0 
6aa00000-6aaf0000 rwxp 00000000 00:00 0 
6aaf0000-6ab00000 ---p 00000000 00:00 0 
6ab00000-6abfd000 rwxp 00000000 00:00 0 
6abfd000-6ac00000 ---p 00000000 00:00 0 
6ac00000-6acff000 rwxp 00000000 00:00 0 
6acff000-6ad00000 ---p 00000000 00:00 0 
6ad4f000-6ad52000 ---p 00000000 00:00 0 
6ad52000-6ada0000 rwxp 00000000 00:00 0 
6ada0000-6ae00000 rwxs 00000000 00:04 21921807   /SYSV00000000 (deleted)
6ae00000-6aef8000 rwxp 00000000 00:00 0 
6aef8000-6af00000 ---p 00000000 00:00 0 
6af00000-6b000000 rwxp 00000000 00:00 0 
6b000000-6b0e9000 rwxp 00000000 00:00 0 
6b0e9000-6b100000 ---p 00000000 00:00 0 
6b10d000-6b2e8000 r-xp 00000000 08:05 4349249    /usr/lib/dri/libdricore.so
6b2e8000-6b2ee000 r-xp 001db000 08:05 4349249    /usr/lib/dri/libdricore.so
6b2ee000-6b2f0000 rwxp 001e1000 08:05 4349249    /usr/lib/dri/libdricore.so
6b2f0000-6b300000 rwxp 00000000 00:00 0 
6b300000-6b3fa000 rwxp 00000000 00:00 0 
6b3fa000-6b400000 ---p 00000000 00:00 0 
6b400000-6b4e1000 rwxp 00000000 00:00 0 
6b4e1000-6b500000 ---p 00000000 00:00 0 
6b500000-6b5f6000 rwxp 00000000 00:00 0 
6b5f6000-6b600000 ---p 00000000 00:00 0 
6b610000-6b6fa000 r-xp 00000000 08:05 4349248    /usr/lib/dri/libglsl.so
6b6fa000-6b6fe000 r-xp 000ea000 08:05 4349248    /usr/lib/dri/libglsl.so
6b6fe000-6b6ff000 rwxp 000ee000 08:05 4349248    /usr/lib/dri/libglsl.so
6b6ff000-6b700000 rwxp 00000000 00:00 0 
6b700000-6b7f9000 rwxp 00000000 00:00 0 
6b7f9000-6b800000 ---p 00000000 00:00 0 
6b800000-6b8f9000 rwxp 00000000 00:00 0 
6b8f9000-6b900000 ---p 00000000 00:00 0 
6b900000-6ba00000 rwxp 00000000 00:00 0 
6ba00000-6bb00000 rwxp 00000000 00:00 0 
6bb00000-6bbff000 rwxp 00000000 00:00 0 
6bbff000-6bc00000 ---p 00000000 00:00 0 
6bc00000-6bcf1000 rwxp 00000000 00:00 0 
6bcf1000-6bd00000 ---p 00000000 00:00 0 
6bd00000-6bdf4000 rwxp 00000000 00:00 0 
6bdf4000-6be00000 ---p 00000000 00:00 0 
6be06000-6be09000 ---p 00000000 00:00 0 
6be09000-6be57000 rwxp 00000000 00:00 0 
6be57000-6befb000 r-xp 00000000 08:05 4349235    /usr/lib/dri/i965_dri.so
6befb000-6befe000 r-xp 000a3000 08:05 4349235    /usr/lib/dri/i965_dri.so
6befe000-6bf00000 rwxp 000a6000 08:05 4349235    /usr/lib/dri/i965_dri.so
6bf00000-6bffc000 rwxp 00000000 00:00 0 
6bffc000-6c000000 ---p 00000000 00:00 0 
6c02c000-6c02f000 ---p 00000000 00:00 0 
6c02f000-6c07d000 rwxp 00000000 00:00 0 
6c0af000-6c0b2000 ---p 00000000 00:00 0 
6c0b2000-6c100000 rwxp 00000000 00:00 0 
6c100000-6c200000 rwxp 00000000 00:00 0 
6c200000-6c2fc000 rwxp 00000000 00:00 0 
6c2fc000-6c300000 ---p 00000000 00:00 0 
6c300000-6c3ff000 rwxp 00000000 00:00 0 
6c3ff000-6c400000 ---p 00000000 00:00 0 
6c410000-6c413000 ---p 00000000 00:00 0 
6c413000-6c461000 rwxp 00000000 00:00 0 
6c461000-6c464000 ---p 00000000 00:00 0 
6c464000-6c4b2000 rwxp 00000000 00:00 0 
6c4b2000-6c58d000 r-xp 00000000 08:05 920610     /home/daniel/gephi/gephibzr/gephi/build/cluster/modules/lib/linux-i586/libjogl.so
6c58d000-6c58e000 rwxp 000da000 08:05 920610     /home/daniel/gephi/gephibzr/gephi/build/cluster/modules/lib/linux-i586/libjogl.so
6c59c000-6c5a1000 rwxs 00000000 00:04 22478893   /SYSV00000000 (deleted)
6c5a1000-6c5a8000 rwxs 00000000 00:04 22446124   /SYSV00000000 (deleted)
6c5a8000-6c5bf000 rwxs 00000000 00:04 22413355   /SYSV00000000 (deleted)
6c5bf000-6c5c6000 rwxs 00000000 00:04 21987348   /SYSV00000000 (deleted)
6c5c6000-6c5cd000 rwxs 00000000 00:04 21954576   /SYSV00000000 (deleted)
6c5cd000-6c5d3000 r-xp 00000000 08:05 4470056    /usr/lib/jvm/java-6-sun-1.6.0.24/jre/lib/i386/libmanagement.so
6c5d3000-6c5d4000 rwxp 00005000 08:05 4470056    /usr/lib/jvm/java-6-sun-1.6.0.24/jre/lib/i386/libmanagement.so
6c5d4000-6c5d7000 ---p 00000000 00:00 0 
6c5d7000-6c625000 rwxp 00000000 00:00 0 
6c625000-6c63f000 r-xp 00000000 08:05 3539183    /lib/i386-linux-gnu/libgcc_s.so.1
6c63f000-6c640000 r-xp 00019000 08:05 3539183    /lib/i386-linux-gnu/libgcc_s.so.1
6c640000-6c641000 rwxp 0001a000 08:05 3539183    /lib/i386-linux-gnu/libgcc_s.so.1
6c641000-6c720000 r-xp 00000000 08:05 4331457    /usr/lib/i386-linux-gnu/libstdc++.so.6.0.14
6c720000-6c724000 r-xp 000de000 08:05 4331457    /usr/lib/i386-linux-gnu/libstdc++.so.6.0.14
6c724000-6c725000 rwxp 000e2000 08:05 4331457    /usr/lib/i386-linux-gnu/libstdc++.so.6.0.14
6c725000-6c72c000 rwxp 00000000 00:00 0 
6c72c000-6c775000 r-xp 00000000 08:05 4328243    /usr/lib/mesa/libGL.so.1.2
6c775000-6c776000 ---p 00049000 08:05 4328243    /usr/lib/mesa/libGL.so.1.2
6c776000-6c77b000 r-xp 00049000 08:05 4328243    /usr/lib/mesa/libGL.so.1.2
6c77b000-6c781000 rwxp 0004e000 08:05 4328243    /usr/lib/mesa/libGL.so.1.2
6c781000-6c782000 rwxp 00000000 00:00 0 
6c785000-6c78e000 r-xp 00000000 08:05 3539009    /lib/i386-linux-gnu/libdrm_intel.so.1.0.0
6c78e000-6c78f000 r-xp 00008000 08:05 3539009    /lib/i386-linux-gnu/libdrm_intel.so.1.0.0
6c78f000-6c790000 rwxp 00009000 08:05 3539009    /lib/i386-linux-gnu/libdrm_intel.so.1.0.0
6c790000-6c798000 r-xs 00115000 08:05 4470149    /usr/lib/jvm/java-6-sun-1.6.0.24/jre/lib/resources.jar
6c798000-6c799000 ---p 00000000 00:00 0 
6c799000-6cf99000 rwxp 00000000 00:00 0 
6cf99000-6cf9a000 ---p 00000000 00:00 0 
6cf9a000-6d79a000 rwxp 00000000 00:00 0 
6d79a000-6d7af000 r-xp 00000000 08:05 4325840    /usr/lib/libdbusmenu-glib.so.3.0.14
6d7af000-6d7b0000 r-xp 00014000 08:05 4325840    /usr/lib/libdbusmenu-glib.so.3.0.14
6d7b0000-6d7b1000 rwxp 00015000 08:05 4325840    /usr/lib/libdbusmenu-glib.so.3.0.14
6d7b1000-6d7bf000 r-xp 00000000 08:05 4326996    /usr/lib/libdbusmenu-gtk.so.3.0.14
6d7bf000-6d7c0000 r-xp 0000d000 08:05 4326996    /usr/lib/libdbusmenu-gtk.so.3.0.14
6d7c0000-6d7c1000 rwxp 0000e000 08:05 4326996    /usr/lib/libdbusmenu-gtk.so.3.0.14
6d7c1000-6d7c2000 r-xp 00000000 08:05 920611     /home/daniel/gephi/gephibzr/gephi/build/cluster/modules/lib/linux-i586/libjogl_awt.so
6d7c2000-6d7c3000 rwxp 00000000 08:05 920611     /home/daniel/gephi/gephibzr/gephi/build/cluster/modules/lib/linux-i586/libjogl_awt.so
6d7c3000-6d7c4000 r-xp 00000000 08:05 4470022    /usr/lib/jvm/java-6-sun-1.6.0.24/jre/lib/i386/libjawt.so
6d7c4000-6d7c5000 rwxp 00000000 08:05 4470022    /usr/lib/jvm/java-6-sun-1.6.0.24/jre/lib/i386/libjawt.so
6d7c5000-6d7cd000 r-xp 00000000 08:05 3539143    /lib/i386-linux-gnu/libdrm.so.2.4.0
6d7cd000-6d7ce000 r-xp 00007000 08:05 3539143    /lib/i386-linux-gnu/libdrm.so.2.4.0
6d7ce000-6d7cf000 rwxp 00008000 08:05 3539143    /lib/i386-linux-gnu/libdrm.so.2.4.0
6d7cf000-6d7d3000 r-xp 00000000 08:05 4329490    /usr/lib/i386-linux-gnu/libXxf86vm.so.1.0.0
6d7d3000-6d7d4000 r-xp 00003000 08:05 4329490    /usr/lib/i386-linux-gnu/libXxf86vm.so.1.0.0
6d7d4000-6d7d5000 rwxp 00004000 08:05 4329490    /usr/lib/i386-linux-gnu/libXxf86vm.so.1.0.0
6d7d5000-6d7d6000 r-xp 00000000 08:05 920609     /home/daniel/gephi/gephibzr/gephi/build/cluster/modules/lib/linux-i586/libgluegen-rt.so
6d7d6000-6d7d7000 rwxp 00000000 08:05 920609     /home/daniel/gephi/gephibzr/gephi/build/cluster/modules/lib/linux-i586/libgluegen-rt.so
6d7d7000-6d7db000 r-xp 00000000 08:05 4339973    /usr/lib/gtk-2.0/2.10.0/menuproxies/libappmenu.so
6d7db000-6d7dc000 r-xp 00003000 08:05 4339973    /usr/lib/gtk-2.0/2.10.0/menuproxies/libappmenu.so
6d7dc000-6d7dd000 rwxp 00004000 08:05 4339973    /usr/lib/gtk-2.0/2.10.0/menuproxies/libappmenu.so
6d7dd000-6d7de000 r-xp 00000000 08:05 4331894    /usr/lib/gtk-2.0/2.10.0/immodules/im-cedilla.so
6d7de000-6d7df000 r-xp 00000000 08:05 4331894    /usr/lib/gtk-2.0/2.10.0/immodules/im-cedilla.so
6d7df000-6d7e0000 rwxp 00001000 08:05 4331894    /usr/lib/gtk-2.0/2.10.0/immodules/im-cedilla.so
6d7e0000-6d82f000 r-xp 00000000 08:05 5244500    /usr/share/fonts/truetype/ttf-dejavu/DejaVuSansMono.ttf
6d82f000-6d887000 r-xp 00000000 08:05 5243956    /usr/share/fonts/truetype/ubuntu-font-family/Ubuntu-R.ttf
6d887000-6d889000 r-xp 00000000 08:05 4725402    /usr/lib/i386-linux-gnu/pango/1.6.0/modules/pango-basic-fc.so
6d889000-6d88a000 r-xp 00001000 08:05 4725402    /usr/lib/i386-linux-gnu/pango/1.6.0/modules/pango-basic-fc.so
6d88a000-6d88b000 rwxp 00002000 08:05 4725402    /usr/lib/i386-linux-gnu/pango/1.6.0/modules/pango-basic-fc.so
6d88b000-6d88c000 r-xs 00000000 08:05 1575980    /var/cache/fontconfig/26de28bc8622bbc1fb67fd234c21975f-le32d4.cache-3
6d88c000-6d88d000 r-xs 00000000 08:05 1576028    /var/cache/fontconfig/c05880de57d1f5e948fdfacc138775d9-le32d4.cache-3
6d88d000-6d893000 r-xs 00000000 08:05 1576020    /var/cache/fontconfig/945677eb7aeaf62f1d50efc3fb3ec7d8-le32d4.cache-3
6d893000-6d895000 r-xs 00000000 08:05 1575744    /var/cache/fontconfig/99e8ed0e538f840c565b6ed5dad60d56-le32d4.cache-3
6d895000-6d898000 r-xs 00000000 08:05 1576002    /var/cache/fontconfig/e383d7ea5fbe662a33d9b44caf393297-le32d4.cache-3
6d898000-6d89d000 r-xs 00000000 08:05 1575986    /var/cache/fontconfig/401a5dd6b567794a1d18dd9342dfa604-le32d4.cache-3
6d89d000-6d89f000 r-xs 00000000 08:05 1575983    /var/cache/fontconfig/2cd17615ca594fa2959ae173292e504c-le32d4.cache-3
6d89f000-6d8a0000 r-xs 00000000 08:05 1575740    /var/cache/fontconfig/e7071f4a29fa870f4323321c154eba04-le32d4.cache-3
6d8a0000-6d8a2000 r-xs 00000000 08:05 1576599    /var/cache/fontconfig/b5ea634b0fb353b8ea17632d1f9ef766-le32d4.cache-3
6d8a2000-6d8a6000 r-xs 00000000 08:05 1575958    /var/cache/fontconfig/926e794c3d5e5dffcaf2fa83ef8d36c2-le32d4.cache-3
6d8a6000-6d8a9000 r-xs 00000000 08:05 1575945    /var/cache/fontconfig/6eb3985aa4124903f6ff08ba781cd364-le32d4.cache-3
6d8a9000-6d8ad000 r-xs 00000000 08:05 1575788    /var/cache/fontconfig/a755afe4a08bf5b97852ceb7400b47bc-le32d4.cache-3
6d8ad000-6d8b1000 r-xs 00000000 08:05 1575915    /var/cache/fontconfig/515ca1ebc4b18308bea979be5704f9db-le32d4.cache-3
6d8b1000-6d8b8000 r-xs 00000000 08:05 1575886    /var/cache/fontconfig/6d41288fd70b0be22e8c3a91e032eec0-le32d4.cache-3
6d8b8000-6d8c3000 r-xs 00000000 08:05 1575845    /var/cache/fontconfig/0f34bcd4b6ee430af32735b75db7f02b-le32d4.cache-3
6d8c3000-6d8e5000 r-xs 00000000 08:05 1575808    /var/cache/fontconfig/365b55f210c0a22e9a19e35191240f32-le32d4.cache-3
6d8e5000-6d8ed000 r-xs 00000000 08:05 1575802    /var/cache/fontconfig/d52a8644073d54c13679302ca1180695-le32d4.cache-3
6d8ed000-6d8fb000 r-xs 00000000 08:05 1575126    /var/cache/fontconfig/e13b20fdb08344e0e664864cc2ede53d-le32d4.cache-3
6d8fb000-6d909000 r-xs 00000000 08:05 1576043    /var/cache/fontconfig/865f88548240fee46819705c6468c165-le32d4.cache-3
6d909000-6d921000 r-xs 00000000 08:05 1579274    /var/cache/fontconfig/165b9254a84ccada37e340049ffc8b30-le32d4.cache-3
6d921000-6d92f000 r-xs 00679000 08:05 4469899    /usr/lib/jvm/java-6-sun-1.6.0.24/jre/lib/charsets.jar
6d939000-6d950000 rwxs 00000000 00:04 22380586   /SYSV00000000 (deleted)
6d950000-6d954000 rwxs 00000000 00:04 22347817   /SYSV00000000 (deleted)
6d954000-6d958000 rwxs 00000000 00:04 22315048   /SYSV00000000 (deleted)
6d958000-6d95b000 rwxs 00000000 00:04 22282279   /SYSV00000000 (deleted)
6d95b000-6d95e000 rwxs 00000000 00:04 22249510   /SYSV00000000 (deleted)
6d95e000-6d965000 rwxs 00000000 00:04 22216741   /SYSV00000000 (deleted)
6d965000-6d96c000 rwxs 00000000 00:04 22183972   /SYSV00000000 (deleted)
6d96c000-6d971000 rwxs 00000000 00:04 22151203   /SYSV00000000 (deleted)
6d971000-6d976000 rwxs 00000000 00:04 22118434   /SYSV00000000 (deleted)
6d976000-6d979000 ---p 00000000 00:00 0 
6d979000-6d9c7000 rwxp 00000000 00:00 0 
6d9c7000-6d9ca000 ---p 00000000 00:00 0 
6d9ca000-6da18000 rwxp 00000000 00:00 0 
6da18000-6da20000 rwxs 17be5000 00:05 7706       /dev/dri/card0
6da20000-6da28000 rwxs 17bdd000 00:05 7706       /dev/dri/card0
6da28000-6da30000 rwxs 17bd5000 00:05 7706       /dev/dri/card0
6da30000-6e2b5000 rwxp 00000000 00:00 0 
6e2b5000-6e2ce000 rwxs 00000000 00:04 22085658   /SYSV00000000 (deleted)
6e2ce000-6e323000 rwxs 00000000 00:04 22052889   /SYSV00000000 (deleted)
6e353000-6e36a000 rwxs 00000000 00:04 22839351   /SYSV00000000 (deleted)
6e36a000-6e381000 rwxs 00000000 00:04 22806582   /SYSV00000000 (deleted)
6e381000-6e384000 rwxs 00000000 00:04 22773813   /SYSV00000000 (deleted)
6e384000-6e389000 rwxs 00000000 00:04 22741044   /SYSV00000000 (deleted)
6e389000-6e390000 rwxs 00000000 00:04 22708275   /SYSV00000000 (deleted)
6e390000-6e397000 rwxs 00000000 00:04 22675506   /SYSV00000000 (deleted)
6e397000-6e39a000 rwxs 00000000 00:04 22642737   /SYSV00000000 (deleted)
6e39a000-6e39d000 rwxs 00000000 00:04 22609968   /SYSV00000000 (deleted)
6e39d000-6e3a1000 rwxs 00000000 00:04 22577199   /SYSV00000000 (deleted)
6e3a1000-6e3a5000 rwxs 00000000 00:04 22544408   /SYSV00000000 (deleted)
6e3a5000-6e3a9000 rwxs 17ac2000 00:05 7706       /dev/dri/card0
6e3a9000-6e3fd000 r-xp 00000000 08:05 4470041    /usr/lib/jvm/java-6-sun-1.6.0.24/jre/lib/i386/libcmm.so
6e3fd000-6e400000 rwxp 00054000 08:05 4470041    /usr/lib/jvm/java-6-sun-1.6.0.24/jre/lib/i386/libcmm.so
6e400000-6e4c8000 rwxp 00000000 00:00 0 
6e4c8000-6e500000 ---p 00000000 00:00 0 
6e502000-6e50a000 rwxs 17bcd000 00:05 7706       /dev/dri/card0
6e50a000-6e512000 rwxs 17bc5000 00:05 7706       /dev/dri/card0
6e512000-6e525000 r-xp 00000000 08:05 2752677    /tmp/jna8908118466561127330.tmp
6e525000-6e526000 rwxp 00013000 08:05 2752677    /tmp/jna8908118466561127330.tmp
6e526000-6e53b000 r-xp 00000000 08:05 4470039    /usr/lib/jvm/java-6-sun-1.6.0.24/jre/lib/i386/libdcpr.so
6e53b000-6e54e000 rwxp 00014000 08:05 4470039    /usr/lib/jvm/java-6-sun-1.6.0.24/jre/lib/i386/libdcpr.so
6e54e000-6e562000 r-xp 00000000 08:05 4326695    /usr/lib/gtk-2.0/modules/libglobalmenu-plugin.so
6e562000-6e563000 r-xp 00013000 08:05 4326695    /usr/lib/gtk-2.0/modules/libglobalmenu-plugin.so
6e563000-6e564000 rwxp 00014000 08:05 4326695    /usr/lib/gtk-2.0/modules/libglobalmenu-plugin.so
6e564000-6e591000 r-xp 00000000 08:05 4325876    /usr/lib/gtk-2.0/2.10.0/engines/libmurrine.so
6e591000-6e592000 r-xp 0002c000 08:05 4325876    /usr/lib/gtk-2.0/2.10.0/engines/libmurrine.so
6e592000-6e593000 rwxp 0002d000 08:05 4325876    /usr/lib/gtk-2.0/2.10.0/engines/libmurrine.so
6e593000-6e598000 r-xp 00000000 08:05 4328876    /usr/lib/libogg.so.0.7.0
6e598000-6e599000 r-xp 00004000 08:05 4328876    /usr/lib/libogg.so.0.7.0
6e599000-6e59a000 rwxp 00005000 08:05 4328876    /usr/lib/libogg.so.0.7.0
6e59a000-6e5bf000 r-xp 00000000 08:05 4329115    /usr/lib/libvorbis.so.0.4.5
6e5bf000-6e5c0000 r-xp 00025000 08:05 4329115    /usr/lib/libvorbis.so.0.4.5
6e5c0000-6e5c1000 rwxp 00026000 08:05 4329115    /usr/lib/libvorbis.so.0.4.5
6e5c1000-6e5c8000 r-xp 00000000 08:05 4327081    /usr/lib/libltdl.so.7.2.1
6e5c8000-6e5c9000 r-xp 00006000 08:05 4327081    /usr/lib/libltdl.so.7.2.1
6e5c9000-6e5ca000 rwxp 00007000 08:05 4327081    /usr/lib/libltdl.so.7.2.1
6e5ca000-6e5d9000 r-xp 00000000 08:05 4326562    /usr/lib/libtdb.so.1.2.9
6e5d9000-6e5da000 r-xp 0000e000 08:05 4326562    /usr/lib/libtdb.so.1.2.9
6e5da000-6e5db000 rwxp 0000f000 08:05 4326562    /usr/lib/libtdb.so.1.2.9
6e5db000-6e5e2000 r-xp 00000000 08:05 4329060    /usr/lib/libvorbisfile.so.3.3.4
6e5e2000-6e5e3000 r-xp 00006000 08:05 4329060    /usr/lib/libvorbisfile.so.3.3.4
6e5e3000-6e5e4000 rwxp 00007000 08:05 4329060    /usr/lib/libvorbisfile.so.3.3.4
6e5e4000-6e5f2000 r-xp 00000000 08:05 4326490    /usr/lib/libcanberra.so.0.2.5
6e5f2000-6e5f3000 r-xp 0000d000 08:05 4326490    /usr/lib/libcanberra.so.0.2.5
6e5f3000-6e5f4000 rwxp 0000e000 08:05 4326490    /usr/lib/libcanberra.so.0.2.5
6e5f5000-6e5f8000 r-xs 00000000 08:05 1575843    /var/cache/fontconfig/d60319d88cac85ba9e1a07bd06cfbb8c-le32d4.cache-3
6e5f8000-6e5fc000 rwxs 17bed000 00:05 7706       /dev/dri/card0
6e5fc000-6e600000 rwxs 17bc1000 00:05 7706       /dev/dri/card0
6e600000-6e607000 r-xp 00000000 08:05 4328482    /usr/lib/gtk-2.0/2.10.0/engines/libpixmap.so
6e607000-6e608000 ---p 00007000 08:05 4328482    /usr/lib/gtk-2.0/2.10.0/engines/libpixmap.so
6e608000-6e609000 r-xp 00007000 08:05 4328482    /usr/lib/gtk-2.0/2.10.0/engines/libpixmap.so
6e609000-6e60a000 rwxp 00008000 08:05 4328482    /usr/lib/gtk-2.0/2.10.0/engines/libpixmap.so
6e60a000-6e630000 r-xp 00000000 08:05 3538983    /lib/i386-linux-gnu/libexpat.so.1.5.2
6e630000-6e631000 ---p 00026000 08:05 3538983    /lib/i386-linux-gnu/libexpat.so.1.5.2
6e631000-6e633000 r-xp 00026000 08:05 3538983    /lib/i386-linux-gnu/libexpat.so.1.5.2
6e633000-6e634000 rwxp 00028000 08:05 3538983    /lib/i386-linux-gnu/libexpat.so.1.5.2
6e634000-6e64d000 r-xp 00000000 08:05 3538994    /lib/i386-linux-gnu/libselinux.so.1
6e64d000-6e64e000 r-xp 00018000 08:05 3538994    /lib/i386-linux-gnu/libselinux.so.1
6e64e000-6e64f000 rwxp 00019000 08:05 3538994    /lib/i386-linux-gnu/libselinux.so.1
6e64f000-6e660000 r-xp 00000000 08:05 3542500    /lib/i386-linux-gnu/libresolv-2.13.so
6e660000-6e661000 r-xp 00010000 08:05 3542500    /lib/i386-linux-gnu/libresolv-2.13.so
6e661000-6e662000 rwxp 00011000 08:05 3542500    /lib/i386-linux-gnu/libresolv-2.13.so
6e662000-6e664000 rwxp 00000000 00:00 0 
6e664000-6e6a1000 r-xp 00000000 08:05 3539185    /lib/i386-linux-gnu/libpcre.so.3.12.1
6e6a1000-6e6a2000 r-xp 0003c000 08:05 3539185    /lib/i386-linux-gnu/libpcre.so.3.12.1
6e6a2000-6e6a3000 rwxp 0003d000 08:05 3539185    /lib/i386-linux-gnu/libpcre.so.3.12.1
6e6a3000-6e6b6000 r-xp 00000000 08:05 3538986    /lib/i386-linux-gnu/libz.so.1.2.3.4
6e6b6000-6e6b7000 r-xp 00012000 08:05 3538986    /lib/i386-linux-gnu/libz.so.1.2.3.4
6e6b7000-6e6b8000 rwxp 00013000 08:05 3538986    /lib/i386-linux-gnu/libz.so.1.2.3.4
6e6b8000-6e6be000 r-xp 00000000 08:05 4325996    /usr/lib/i386-linux-gnu/libxcb-render.so.0.0.0
6e6be000-6e6bf000 r-xp 00005000 08:05 4325996    /usr/lib/i386-linux-gnu/libxcb-render.so.0.0.0
6e6bf000-6e6c0000 rwxp 00006000 08:05 4325996    /usr/lib/i386-linux-gnu/libxcb-render.so.0.0.0
6e6c0000-6e6e3000 r-xp 00000000 08:05 3539147    /lib/i386-linux-gnu/libpng12.so.0.44.0
6e6e3000-6e6e4000 r-xp 00022000 08:05 3539147    /lib/i386-linux-gnu/libpng12.so.0.44.0
6e6e4000-6e6e5000 rwxp 00023000 08:05 3539147    /lib/i386-linux-gnu/libpng12.so.0.44.0
6e6e5000-6e74c000 r-xp 00000000 08:05 4326388    /usr/lib/libpixman-1.so.0.20.2
6e74c000-6e74d000 ---p 00067000 08:05 4326388    /usr/lib/libpixman-1.so.0.20.2
6e74d000-6e750000 r-xp 00067000 08:05 4326388    /usr/lib/libpixman-1.so.0.20.2
6e750000-6e751000 rwxp 0006a000 08:05 4326388    /usr/lib/libpixman-1.so.0.20.2
6e751000-6e826000 r-xp 00000000 08:05 3539080    /lib/i386-linux-gnu/libglib-2.0.so.0.2800.6
6e826000-6e827000 r-xp 000d4000 08:05 3539080    /lib/i386-linux-gnu/libglib-2.0.so.0.2800.6
6e827000-6e828000 rwxp 000d5000 08:05 3539080    /lib/i386-linux-gnu/libglib-2.0.so.0.2800.6
6e828000-6e86d000 r-xp 00000000 08:05 4328915    /usr/lib/i386-linux-gnu/libgobject-2.0.so.0.2800.6
6e86d000-6e86e000 r-xp 00044000 08:05 4328915    /usr/lib/i386-linux-gnu/libgobject-2.0.so.0.2800.6
6e86e000-6e86f000 rwxp 00045000 08:05 4328915    /usr/lib/i386-linux-gnu/libgobject-2.0.so.0.2800.6
6e86f000-6e89c000 r-xp 00000000 08:05 4325572    /usr/lib/i386-linux-gnu/libfontconfig.so.1.4.4
6e89c000-6e89d000 r-xp 0002c000 08:05 4325572    /usr/lib/i386-linux-gnu/libfontconfig.so.1.4.4
6e89d000-6e89e000 rwxp 0002d000 08:05 4325572    /usr/lib/i386-linux-gnu/libfontconfig.so.1.4.4
6e89e000-6e91f000 r-xp 00000000 08:05 4325689    /usr/lib/i386-linux-gnu/libfreetype.so.6.6.2
6e91f000-6e923000 r-xp 00080000 08:05 4325689    /usr/lib/i386-linux-gnu/libfreetype.so.6.6.2
6e923000-6e924000 rwxp 00084000 08:05 4325689    /usr/lib/i386-linux-gnu/libfreetype.so.6.6.2
6e924000-6ea22000 r-xp 00000000 08:05 4332912    /usr/lib/i386-linux-gnu/libgio-2.0.so.0.2800.6
6ea22000-6ea23000 ---p 000fe000 08:05 4332912    /usr/lib/i386-linux-gnu/libgio-2.0.so.0.2800.6
6ea23000-6ea25000 r-xp 000fe000 08:05 4332912    /usr/lib/i386-linux-gnu/libgio-2.0.so.0.2800.6
6ea25000-6ea26000 rwxp 00100000 08:05 4332912    /usr/lib/i386-linux-gnu/libgio-2.0.so.0.2800.6
6ea26000-6ea27000 rwxp 00000000 00:00 0 
6ea27000-6edf8000 r-xp 00000000 08:05 4331892    /usr/lib/libgtk-x11-2.0.so.0.2400.4
6edf8000-6edfc000 r-xp 003d0000 08:05 4331892    /usr/lib/libgtk-x11-2.0.so.0.2400.4
6edfc000-6edfe000 rwxp 003d4000 08:05 4331892    /usr/lib/libgtk-x11-2.0.so.0.2400.4
6edfe000-6ee00000 rwxp 00000000 00:00 0 
6ee01000-6ee04000 r-xs 00000000 08:05 1576598    /var/cache/fontconfig/7ef2298fde41cc6eeb7af42e48b7d293-le32d4.cache-3
6ee04000-6ee06000 r-xp 00000000 08:05 4326159    /usr/lib/i386-linux-gnu/libxcb-shm.so.0.0.0
6ee06000-6ee07000 r-xp 00001000 08:05 4326159    /usr/lib/i386-linux-gnu/libxcb-shm.so.0.0.0
6ee07000-6ee08000 rwxp 00002000 08:05 4326159    /usr/lib/i386-linux-gnu/libxcb-shm.so.0.0.0
6ee08000-6ee0e000 r-xp 00000000 08:05 4333381    /usr/lib/i386-linux-gnu/libXrandr.so.2.2.0
6ee0e000-6ee0f000 r-xp 00005000 08:05 4333381    /usr/lib/i386-linux-gnu/libXrandr.so.2.2.0
6ee0f000-6ee10000 rwxp 00006000 08:05 4333381    /usr/lib/i386-linux-gnu/libXrandr.so.2.2.0
6ee10000-6ee12000 r-xp 00000000 08:05 4333368    /usr/lib/i386-linux-gnu/libXinerama.so.1.0.0
6ee12000-6ee13000 r-xp 00001000 08:05 4333368    /usr/lib/i386-linux-gnu/libXinerama.so.1.0.0
6ee13000-6ee14000 rwxp 00002000 08:05 4333368    /usr/lib/i386-linux-gnu/libXinerama.so.1.0.0
6ee14000-6ee17000 r-xp 00000000 08:05 4332911    /usr/lib/i386-linux-gnu/libgthread-2.0.so.0.2800.6
6ee17000-6ee18000 r-xp 00003000 08:05 4332911    /usr/lib/i386-linux-gnu/libgthread-2.0.so.0.2800.6
6ee18000-6ee19000 rwxp 00004000 08:05 4332911    /usr/lib/i386-linux-gnu/libgthread-2.0.so.0.2800.6
6ee19000-6ee57000 r-xp 00000000 08:05 4325711    /usr/lib/i386-linux-gnu/libpango-1.0.so.0.2800.4
6ee57000-6ee58000 r-xp 0003e000 08:05 4325711    /usr/lib/i386-linux-gnu/libpango-1.0.so.0.2800.4
6ee58000-6ee59000 rwxp 0003f000 08:05 4325711    /usr/lib/i386-linux-gnu/libpango-1.0.so.0.2800.4
6ee59000-6ee7e000 r-xp 00000000 08:05 4325713    /usr/lib/i386-linux-gnu/libpangoft2-1.0.so.0.2800.4
6ee7e000-6ee7f000 ---p 00025000 08:05 4325713    /usr/lib/i386-linux-gnu/libpangoft2-1.0.so.0.2800.4
6ee7f000-6ee80000 r-xp 00025000 08:05 4325713    /usr/lib/i386-linux-gnu/libpangoft2-1.0.so.0.2800.4
6ee80000-6ee81000 rwxp 00026000 08:05 4325713    /usr/lib/i386-linux-gnu/libpangoft2-1.0.so.0.2800.4
6ee81000-6ee9c000 r-xp 00000000 08:05 4326627    /usr/lib/libgdk_pixbuf-2.0.so.0.2300.3
6ee9c000-6ee9d000 r-xp 0001a000 08:05 4326627    /usr/lib/libgdk_pixbuf-2.0.so.0.2300.3
6ee9d000-6ee9e000 rwxp 0001b000 08:05 4326627    /usr/lib/libgdk_pixbuf-2.0.so.0.2300.3
6ee9e000-6ef4c000 r-xp 00000000 08:05 4326380    /usr/lib/libcairo.so.2.11000.2
6ef4c000-6ef4d000 ---p 000ae000 08:05 4326380    /usr/lib/libcairo.so.2.11000.2
6ef4d000-6ef4e000 r-xp 000ae000 08:05 4326380    /usr/lib/libcairo.so.2.11000.2
6ef4e000-6ef4f000 rwxp 000af000 08:05 4326380    /usr/lib/libcairo.so.2.11000.2
6ef4f000-6ef51000 rwxp 00000000 00:00 0 
6ef51000-6efe6000 r-xp 00000000 08:05 4349290    /usr/lib/libgdk-x11-2.0.so.0.2400.4
6efe6000-6efe7000 ---p 00095000 08:05 4349290    /usr/lib/libgdk-x11-2.0.so.0.2400.4
6efe7000-6efe9000 r-xp 00095000 08:05 4349290    /usr/lib/libgdk-x11-2.0.so.0.2400.4
6efe9000-6efea000 rwxp 00097000 08:05 4349290    /usr/lib/libgdk-x11-2.0.so.0.2400.4
6efea000-6efeb000 rwxp 00000000 00:00 0 
6efeb000-6efee000 r-xp 00000000 08:05 4329344    /usr/lib/libcanberra-gtk.so.0.1.8
6efee000-6efef000 r-xp 00002000 08:05 4329344    /usr/lib/libcanberra-gtk.so.0.1.8
6efef000-6eff0000 rwxp 00003000 08:05 4329344    /usr/lib/libcanberra-gtk.so.0.1.8
6eff0000-6eff4000 r-xp 00000000 08:05 4327695    /usr/lib/gtk-2.0/modules/libcanberra-gtk-module.so
6eff4000-6eff5000 r-xp 00003000 08:05 4327695    /usr/lib/gtk-2.0/modules/libcanberra-gtk-module.so
6eff5000-6eff6000 rwxp 00004000 08:05 4327695    /usr/lib/gtk-2.0/modules/libcanberra-gtk-module.so
6eff6000-6effe000 r-xp 00000000 08:05 4325660    /usr/lib/liboverlay-scrollbar-0.1.so.0.0.12
6effe000-6efff000 r-xp 00007000 08:05 4325660    /usr/lib/liboverlay-scrollbar-0.1.so.0.0.12
6efff000-6f000000 rwxp 00008000 08:05 4325660    /usr/lib/liboverlay-scrollbar-0.1.so.0.0.12
6f000000-6f0fd000 rwxp 00000000 00:00 0 
6f0fd000-6f100000 ---p 00000000 00:00 0 
6f100000-6f1fa000 rwxp 00000000 00:00 0 
6f1fa000-6f200000 ---p 00000000 00:00 0 
6f200000-6f2f4000 rwxp 00000000 00:00 0 
6f2f4000-6f300000 ---p 00000000 00:00 0 
6f300000-6f3ff000 rwxp 00000000 00:00 0 
6f3ff000-6f400000 ---p 00000000 00:00 0 
6f400000-6f401000 r-xs 00000000 08:05 1575924    /var/cache/fontconfig/4c73fe0c47614734b17d736dbde7580a-le32d4.cache-3
6f401000-6f403000 r-xp 00000000 08:05 4332910    /usr/lib/i386-linux-gnu/libgmodule-2.0.so.0.2800.6
6f403000-6f404000 r-xp 00002000 08:05 4332910    /usr/lib/i386-linux-gnu/libgmodule-2.0.so.0.2800.6
6f404000-6f405000 rwxp 00003000 08:05 4332910    /usr/lib/i386-linux-gnu/libgmodule-2.0.so.0.2800.6
6f405000-6f41e000 r-xp 00000000 08:05 4326135    /usr/lib/i386-linux-gnu/libatk-1.0.so.0.9.1
6f41e000-6f41f000 ---p 00019000 08:05 4326135    /usr/lib/i386-linux-gnu/libatk-1.0.so.0.9.1
6f41f000-6f420000 r-xp 00019000 08:05 4326135    /usr/lib/i386-linux-gnu/libatk-1.0.so.0.9.1
6f420000-6f421000 rwxp 0001a000 08:05 4326135    /usr/lib/i386-linux-gnu/libatk-1.0.so.0.9.1
6f421000-6f423000 r-xp 00000000 08:05 4333357    /usr/lib/i386-linux-gnu/libXdamage.so.1.1.0
6f423000-6f424000 r-xp 00001000 08:05 4333357    /usr/lib/i386-linux-gnu/libXdamage.so.1.1.0
6f424000-6f425000 rwxp 00002000 08:05 4333357    /usr/lib/i386-linux-gnu/libXdamage.so.1.1.0
6f425000-6f427000 r-xp 00000000 08:05 4333341    /usr/lib/i386-linux-gnu/libXcomposite.so.1.0.0
6f427000-6f428000 r-xp 00001000 08:05 4333341    /usr/lib/i386-linux-gnu/libXcomposite.so.1.0.0
6f428000-6f429000 rwxp 00002000 08:05 4333341    /usr/lib/i386-linux-gnu/libXcomposite.so.1.0.0
6f429000-6f433000 r-xp 00000000 08:05 4325712    /usr/lib/i386-linux-gnu/libpangocairo-1.0.so.0.2800.4
6f433000-6f434000 r-xp 00009000 08:05 4325712    /usr/lib/i386-linux-gnu/libpangocairo-1.0.so.0.2800.4
6f434000-6f435000 rwxp 0000a000 08:05 4325712    /usr/lib/i386-linux-gnu/libpangocairo-1.0.so.0.2800.4
6f435000-6f438000 r-xs 0002c000 08:05 921736     /home/daniel/gephi/gephibzr/gephi/build/cluster/modules/org-gephi-branding-desktop.jar
6f438000-6f439000 r-xs 0000c000 08:05 921085     /home/daniel/gephi/gephibzr/gephi/build/cluster/modules/org-gephi-clustering-plugin.jar
6f439000-6f43b000 r-xs 00018000 08:05 921201     /home/daniel/gephi/gephibzr/gephi/build/cluster/modules/org-gephi-data-attributes.jar
6f43b000-6f446000 r-xs 000b1000 08:05 921702     /home/daniel/gephi/gephibzr/gephi/build/cluster/modules/org-gephi-datalab-plugin.jar
6f446000-6f448000 r-xs 00013000 08:05 921662     /home/daniel/gephi/gephibzr/gephi/build/cluster/modules/org-gephi-desktop-clustering.jar
6f448000-6f449000 r-xs 00003000 08:05 921045     /home/daniel/gephi/gephibzr/gephi/build/cluster/modules/org-gephi-clustering-api.jar
6f449000-6f44b000 r-xs 0000a000 08:05 921556     /home/daniel/gephi/gephibzr/gephi/build/cluster/modules/org-gephi-desktop-context.jar
6f44b000-6f44d000 r-xs 00003000 08:05 921684     /home/daniel/gephi/gephibzr/gephi/build/cluster/modules/ext/spark-1.2.jar
6f44d000-6f451000 r-xs 00053000 08:05 921680     /home/daniel/gephi/gephibzr/gephi/build/cluster/modules/org-gephi-desktop-datalab.jar
6f451000-6f454000 r-xs 00029000 08:05 921409     /home/daniel/gephi/gephibzr/gephi/build/cluster/modules/org-gephi-desktop-filters.jar
6f454000-6f455000 r-xs 00005000 08:05 921361     /home/daniel/gephi/gephibzr/gephi/build/cluster/modules/org-gephi-desktop-generate.jar
6f455000-6f457000 r-xs 00012000 08:05 921740     /home/daniel/gephi/gephibzr/gephi/build/cluster/modules/org-gephi-desktop-hierarchy.jar
6f457000-6f45a000 r-xs 0001a000 08:05 921470     /home/daniel/gephi/gephibzr/gephi/build/cluster/modules/org-gephi-desktop-importer.jar
6f45a000-6f45c000 r-xs 00012000 08:05 921718     /home/daniel/gephi/gephibzr/gephi/build/cluster/modules/org-gephi-desktop-layout.jar
6f45c000-6f45e000 r-xs 00010000 08:05 921506     /home/daniel/gephi/gephibzr/gephi/build/cluster/modules/org-gephi-desktop-partition.jar
6f45e000-6f461000 r-xs 0001a000 08:05 921745     /home/daniel/gephi/gephibzr/gephi/build/cluster/modules/org-gephi-desktop-preview.jar
6f461000-6f463000 r-xs 00017000 08:05 921451     /home/daniel/gephi/gephibzr/gephi/build/cluster/modules/org-gephi-desktop-io-export.jar
6f463000-6f464000 r-xs 00002000 08:05 920711     /home/daniel/gephi/gephibzr/gephi/build/cluster/modules/org-gephi-desktop-progress.jar
6f464000-6f467000 r-xs 00020000 08:05 921491     /home/daniel/gephi/gephibzr/gephi/build/cluster/modules/org-gephi-desktop-ranking.jar
6f467000-6f469000 r-xs 00002000 08:05 921385     /home/daniel/gephi/gephibzr/gephi/build/cluster/modules/org-gephi-desktop-recentfiles.jar
6f469000-6f46a000 r-xs 00008000 08:05 921373     /home/daniel/gephi/gephibzr/gephi/build/cluster/modules/org-gephi-desktop-spigot.jar
6f46a000-6f46b000 r-xs 00010000 08:05 921587     /home/daniel/gephi/gephibzr/gephi/build/cluster/modules/org-gephi-desktop-statistics.jar
6f46b000-6f46d000 r-xs 00025000 08:05 921754     /home/daniel/gephi/gephibzr/gephi/build/cluster/modules/org-gephi-desktop-timeline.jar
6f46d000-6f46f000 r-xs 00011000 08:05 921668     /home/daniel/gephi/gephibzr/gephi/build/cluster/modules/org-gephi-desktop-tools.jar
6f46f000-6f471000 r-xs 00119000 08:05 921674     /home/daniel/gephi/gephibzr/gephi/build/cluster/modules/org-gephi-desktop-welcome.jar
6f471000-6f473000 r-xs 0000d000 08:05 921537     /home/daniel/gephi/gephibzr/gephi/build/cluster/modules/org-gephi-dynamic.jar
6f473000-6f475000 r-xs 00014000 08:05 921230     /home/daniel/gephi/gephibzr/gephi/build/cluster/modules/org-gephi-filters.jar
6f475000-6f479000 r-xs 0005f000 08:05 921212     /home/daniel/gephi/gephibzr/gephi/build/cluster/modules/org-gephi-graph-dhns.jar
6f479000-6f47e000 r-xs 0004a000 08:05 921192     /home/daniel/gephi/gephibzr/gephi/build/cluster/modules/org-gephi-layout-plugin.jar
6f47e000-6f480000 r-xs 00008000 08:05 921088     /home/daniel/gephi/gephibzr/gephi/build/cluster/modules/org-gephi-layout-api.jar
6f480000-6f482000 r-xs 00007000 08:05 920661     /home/daniel/gephi/gephibzr/gephi/build/cluster/modules/org-gephi-newslider.jar
6f482000-6f485000 r-xs 00040000 08:05 921234     /home/daniel/gephi/gephibzr/gephi/build/cluster/modules/org-gephi-preview.jar
6f485000-6f488000 r-xs 00036000 08:05 920632     /home/daniel/gephi/gephibzr/gephi/build/cluster/modules/ext/core.jar
6f488000-6f489000 r-xs 00001000 08:05 920630     /home/daniel/gephi/gephibzr/gephi/build/cluster/modules/org-gephi-lib-processing.jar
6f489000-6f48d000 r-xs 00037000 08:05 921712     /home/daniel/gephi/gephibzr/gephi/build/cluster/modules/org-gephi-tools-plugin.jar
6f48d000-6f48f000 r-xs 00010000 08:05 921279     /home/daniel/gephi/gephibzr/gephi/build/cluster/modules/org-gephi-desktop-perspective.jar
6f48f000-6f490000 r-xs 00005000 08:05 921157     /home/daniel/gephi/gephibzr/gephi/build/cluster/modules/org-gephi-algorithms.jar
6f490000-6f493000 r-xs 00017000 08:05 921258     /home/daniel/gephi/gephibzr/gephi/build/cluster/modules/ext/TimingFramework-1.0.jar
6f493000-6f495000 r-xs 0001e000 08:05 921256     /home/daniel/gephi/gephibzr/gephi/build/cluster/modules/org-gephi-ui-components-SplineEditor.jar
6f495000-6f497000 r-xs 00012000 08:05 921153     /home/daniel/gephi/gephibzr/gephi/build/cluster/modules/org-gephi-ui-exporter-plugin.jar
6f497000-6f499000 r-xs 0001f000 08:05 921148     /home/daniel/gephi/gephibzr/gephi/build/cluster/modules/org-gephi-io-exporter-plugin.jar
6f499000-6f49c000 r-xs 0001d000 08:05 920636     /home/daniel/gephi/gephibzr/gephi/build/cluster/modules/ext/stax-utils.jar
6f49c000-6f49d000 r-xs 00001000 08:05 920634     /home/daniel/gephi/gephibzr/gephi/build/cluster/modules/org-gephi-lib-staxutils.jar
6f49d000-6f49e000 r-xs 0000c000 08:05 921252     /home/daniel/gephi/gephibzr/gephi/build/cluster/modules/org-gephi-ui-exporter-preview.jar
6f49e000-6f4a0000 r-xs 0000d000 08:05 920726     /home/daniel/gephi/gephibzr/gephi/build/cluster/modules/org-gephi-io-exporter-preview.jar
6f4a0000-6f4a2000 r-xs 00008000 08:05 920665     /home/daniel/gephi/gephibzr/gephi/build/cluster/modules/org-gephi-preview-api.jar
6f4a2000-6f4a4000 r-xs 00005000 08:05 920719     /home/daniel/gephi/gephibzr/gephi/build/cluster/modules/org-gephi-io-exporter-api.jar
6f4a4000-6f4a8000 r-xs 00038000 08:05 919856     /home/daniel/gephi/gephibzr/gephi/build/cluster/modules/ext/batik-gvt.jar
6f4a8000-6f4aa000 r-xs 00010000 08:05 919857     /home/daniel/gephi/gephibzr/gephi/build/cluster/modules/ext/batik-parser.jar
6f4aa000-6f4ad000 r-xs 0001d000 08:05 920378     /home/daniel/gephi/gephibzr/gephi/build/cluster/modules/ext/batik-util.jar
6f4ad000-6f4b8000 r-xs 000ad000 08:05 920513     /home/daniel/gephi/gephibzr/gephi/build/cluster/modules/ext/pdf-transcoder.jar
6f4b8000-6f4bb000 r-xs 00015000 08:05 919850     /home/daniel/gephi/gephibzr/gephi/build/cluster/modules/ext/batik-anim.jar
6f4bb000-6f4c8000 r-xs 00087000 08:05 919859     /home/daniel/gephi/gephibzr/gephi/build/cluster/modules/ext/batik-svg-dom.jar
6f4c8000-6f4cd000 r-xs 00010000 08:05 920514     /home/daniel/gephi/gephibzr/gephi/build/cluster/modules/ext/xml-apis-ext.jar
6f4cd000-6f4d7000 r-xs 00080000 08:05 919852     /home/daniel/gephi/gephibzr/gephi/build/cluster/modules/ext/batik-bridge.jar
6f4d7000-6f4d9000 r-xs 0001c000 08:05 920377     /home/daniel/gephi/gephibzr/gephi/build/cluster/modules/ext/batik-transcoder.jar
6f4d9000-6f4da000 r-xs 00002000 08:05 919855     /home/daniel/gephi/gephibzr/gephi/build/cluster/modules/ext/batik-ext.jar
6f4da000-6f4de000 r-xs 00027000 08:05 919854     /home/daniel/gephi/gephibzr/gephi/build/cluster/modules/ext/batik-dom.jar
6f4de000-6f4e6000 r-xs 00045000 08:05 919853     /home/daniel/gephi/gephibzr/gephi/build/cluster/modules/ext/batik-css.jar
6f4e6000-6f4e7000 r-xs 00007000 08:05 920509     /home/daniel/gephi/gephibzr/gephi/build/cluster/modules/ext/batik-xml.jar
6f4e7000-6f4ea000 r-xs 0000d000 08:05 919858     /home/daniel/gephi/gephibzr/gephi/build/cluster/modules/ext/batik-script.jar
6f4ea000-6f4f1000 r-xs 0005c000 08:05 919851     /home/daniel/gephi/gephibzr/gephi/build/cluster/modules/ext/batik-awt-util.jar
6f4f1000-6f4f3000 r-xs 00001000 08:05 919848     /home/daniel/gephi/gephibzr/gephi/build/cluster/modules/org-gephi-lib-batik.jar
6f4f3000-6f500000 r-xs 00162000 08:05 920575     /home/daniel/gephi/gephibzr/gephi/build/cluster/modules/ext/iText-5.0.1.jar
6f500000-6f5fe000 rwxp 00000000 00:00 0 
6f5fe000-6f600000 ---p 00000000 00:00 0 
6f600000-6f601000 r-xs 00000000 08:05 1575918    /var/cache/fontconfig/0d8c3b2ac0904cb8a57a757ad11a4a08-le32d4.cache-3
6f601000-6f602000 r-xs 00003000 08:05 921219     /home/daniel/gephi/gephibzr/gephi/build/cluster/modules/org-gephi-timeline.jar
6f602000-6f604000 r-xs 00007000 08:05 921215     /home/daniel/gephi/gephibzr/gephi/build/cluster/modules/org-gephi-filters-api.jar
6f604000-6f605000 r-xs 00003000 08:05 921178     /home/daniel/gephi/gephibzr/gephi/build/cluster/modules/org-gephi-ui-generator-plugin.jar
6f605000-6f606000 r-xs 00004000 08:05 921173     /home/daniel/gephi/gephibzr/gephi/build/cluster/modules/org-gephi-io-generator-plugin.jar
6f606000-6f607000 r-xs 00002000 08:05 921169     /home/daniel/gephi/gephibzr/gephi/build/cluster/modules/org-gephi-io-generator-api.jar
6f607000-6f608000 r-xs 0000e000 08:05 921244     /home/daniel/gephi/gephibzr/gephi/build/cluster/modules/org-gephi-ui-importer-plugin.jar
6f608000-6f60b000 r-xs 00049000 08:05 921195     /home/daniel/gephi/gephibzr/gephi/build/cluster/modules/org-gephi-io-importer-plugin.jar
6f60b000-6f60e000 r-xs 0000e000 08:05 921726     /home/daniel/gephi/gephibzr/gephi/build/cluster/modules/org-gephi-ui-partition-plugin.jar
6f60e000-6f610000 r-xs 00003000 08:05 921209     /home/daniel/gephi/gephibzr/gephi/build/cluster/modules/org-gephi-partition-plugin.jar
6f610000-6f612000 r-xs 00011000 08:05 921205     /home/daniel/gephi/gephibzr/gephi/build/cluster/modules/org-gephi-partition-api.jar
6f612000-6f613000 r-xs 00009000 08:05 921248     /home/daniel/gephi/gephibzr/gephi/build/cluster/modules/org-gephi-ui-processor-plugin.jar
6f613000-6f615000 r-xs 0000c000 08:05 921222     /home/daniel/gephi/gephibzr/gephi/build/cluster/modules/org-gephi-io-processor-plugin.jar
6f615000-6f61c000 r-xs 00094000 08:05 920532     /home/daniel/gephi/gephibzr/gephi/build/cluster/modules/ext/beansbinding-1.2.1.jar
6f61c000-6f61d000 r-xs 00001000 08:05 920530     /home/daniel/gephi/gephibzr/gephi/build/cluster/modules/org-gephi-lib-beansbinding.jar
6f61d000-6f61f000 r-xs 00003000 08:05 920730     /home/daniel/gephi/gephibzr/gephi/build/cluster/modules/org-gephi-ui-project.jar
6f61f000-6f621000 r-xs 00005000 08:05 921187     /home/daniel/gephi/gephibzr/gephi/build/cluster/modules/org-gephi-ui-propertyeditor.jar
6f621000-6f623000 r-xs 0000d000 08:05 921601     /home/daniel/gephi/gephibzr/gephi/build/cluster/modules/org-gephi-ui-ranking-plugin.jar
6f623000-6f625000 r-xs 0001c000 08:05 921160     /home/daniel/gephi/gephibzr/gephi/build/cluster/modules/org-gephi-ranking-api.jar
6f625000-6f627000 r-xs 0001a000 08:05 921431     /home/daniel/gephi/gephibzr/gephi/build/cluster/modules/org-gephi-ui-spigot-plugin.jar
6f627000-6f629000 r-xs 00010000 08:05 921182     /home/daniel/gephi/gephibzr/gephi/build/cluster/modules/org-gephi-io-spigot-plugin.jar
6f629000-6f62a000 r-xs 00004000 08:05 920583     /home/daniel/gephi/gephibzr/gephi/build/cluster/modules/ext/dsn.jar
6f62a000-6f62f000 r-xs 00039000 08:05 920586     /home/daniel/gephi/gephibzr/gephi/build/cluster/modules/ext/mailapi.jar
6f62f000-6f630000 r-xs 00008000 08:05 920587     /home/daniel/gephi/gephibzr/gephi/build/cluster/modules/ext/pop3.jar
6f630000-6f631000 r-xs 0000a000 08:05 920588     /home/daniel/gephi/gephibzr/gephi/build/cluster/modules/ext/smtp.jar
6f631000-6f634000 r-xs 00028000 08:05 920584     /home/daniel/gephi/gephibzr/gephi/build/cluster/modules/ext/imap.jar
6f634000-6f63b000 r-xs 0006a000 08:05 920585     /home/daniel/gephi/gephibzr/gephi/build/cluster/modules/ext/mail.jar
6f63b000-6f63d000 r-xs 00000000 08:05 920581     /home/daniel/gephi/gephibzr/gephi/build/cluster/modules/org-gephi-lib-javamail.jar
6f63d000-6f640000 r-xs 0001c000 08:05 920592     /home/daniel/gephi/gephibzr/gephi/build/cluster/modules/ext/jcalendar-1.3.3.jar
6f640000-6f648000 r-xs 00052000 08:05 920593     /home/daniel/gephi/gephibzr/gephi/build/cluster/modules/ext/looks-2.0.1.jar
6f648000-6f64a000 r-xs 00000000 08:05 920590     /home/daniel/gephi/gephibzr/gephi/build/cluster/modules/org-gephi-lib-jcalendar.jar
6f64a000-6f64c000 r-xs 00021000 08:05 921544     /home/daniel/gephi/gephibzr/gephi/build/cluster/modules/org-gephi-ui-statistics-plugin.jar
6f64c000-6f64e000 r-xs 00021000 08:05 921517     /home/daniel/gephi/gephibzr/gephi/build/cluster/modules/org-gephi-statistics-plugin.jar
6f64e000-6f64f000 r-xs 0000b000 08:05 921144     /home/daniel/gephi/gephibzr/gephi/build/cluster/modules/org-gephi-statistics-api.jar
6f64f000-6f651000 r-xs 00009000 08:05 921696     /home/daniel/gephi/gephibzr/gephi/build/cluster/modules/org-gephi-ui-workspace.jar
6f651000-6f65c000 r-xs 000e0000 08:05 921646     /home/daniel/gephi/gephibzr/gephi/build/cluster/modules/org-gephi-visualization.jar
6f65c000-6f65e000 r-xs 0000a000 08:05 921344     /home/daniel/gephi/gephibzr/gephi/build/cluster/modules/org-gephi-desktop-project.jar
6f65e000-6f65f000 r-xs 00002000 08:05 919799     /home/daniel/gephi/gephibzr/gephi/build/cluster/modules/org-gephi-desktop-mrufiles-api.jar
6f65f000-6f662000 r-xs 00023000 08:05 921165     /home/daniel/gephi/gephibzr/gephi/build/cluster/modules/org-gephi-io-importer-api.jar
6f662000-6f669000 r-xs 000a7000 08:05 919830     /home/daniel/gephi/gephibzr/gephi/build/cluster/modules/ext/mysql-connector-java-5.1.7-bin.jar
6f669000-6f66e000 r-xs 0006d000 08:05 919832     /home/daniel/gephi/gephibzr/gephi/build/cluster/modules/ext/sqljdbc4.jar
6f66e000-6f674000 r-xs 00077000 08:05 919831     /home/daniel/gephi/gephibzr/gephi/build/cluster/modules/ext/postgresql-8.4-701.jdbc4.jar
6f674000-6f675000 r-xs 00003000 08:05 919827     /home/daniel/gephi/gephibzr/gephi/build/cluster/modules/org-gephi-io-database-drivers.jar
6f675000-6f679000 r-xs 00024000 08:05 920564     /home/daniel/gephi/gephibzr/gephi/build/cluster/modules/ext/commons-compress-1.1.jar
6f679000-6f67a000 r-xs 00000000 08:05 920562     /home/daniel/gephi/gephibzr/gephi/build/cluster/modules/org-gephi-lib-commonscompress.jar
6f67a000-6f67c000 r-xs 0000a000 08:05 921574     /home/daniel/gephi/gephibzr/gephi/build/cluster/modules/ext/FontChooser.jar
6f67c000-6f67e000 r-xs 00011000 08:05 921577     /home/daniel/gephi/gephibzr/gephi/build/cluster/modules/ext/MigLayout-3.7.1.jar
6f67e000-6f681000 r-xs 0002c000 08:05 921579     /home/daniel/gephi/gephibzr/gephi/build/cluster/modules/ext/colorchooser.jar
6f681000-6f686000 r-xs 00055000 08:05 921569     /home/daniel/gephi/gephibzr/gephi/build/cluster/modules/org-gephi-ui-components.jar
6f686000-6f688000 r-xs 0000d000 08:05 920551     /home/daniel/gephi/gephibzr/gephi/build/cluster/modules/ext/commons-codec-1.4.jar
6f688000-6f689000 r-xs 00001000 08:05 920549     /home/daniel/gephi/gephibzr/gephi/build/cluster/modules/org-gephi-lib-commons-codec.jar
6f689000-6f697000 r-xs 00090000 08:05 920568     /home/daniel/gephi/gephibzr/gephi/build/cluster/modules/ext/flamingo.jar
6f697000-6f698000 r-xs 00001000 08:05 920566     /home/daniel/gephi/gephibzr/gephi/build/cluster/modules/org-gephi-lib-flamingo.jar
6f698000-6f6a4000 r-xs 00081000 08:05 920702     /home/daniel/gephi/gephibzr/gephi/build/cluster/modules/ext/google-collect-1.0.jar
6f6a4000-6f6b3000 r-xs 000ba000 08:05 920703     /home/daniel/gephi/gephibzr/gephi/build/cluster/modules/ext/trove-2.1.0.jar
6f6b3000-6f6b5000 r-xs 00009000 08:05 920700     /home/daniel/gephi/gephibzr/gephi/build/cluster/modules/org-gephi-utils-collection.jar
6f6b5000-6f6c0000 r-xs 00108000 08:05 920600     /home/daniel/gephi/gephibzr/gephi/build/cluster/modules/ext/jogl.jar
6f6c0000-6f6c1000 r-xs 00004000 08:05 920599     /home/daniel/gephi/gephibzr/gephi/build/cluster/modules/ext/gluegen-rt.jar
6f6c1000-6f6c3000 r-xs 00004000 08:05 920597     /home/daniel/gephi/gephibzr/gephi/build/cluster/modules/org-gephi-lib-jogl.jar
6f6c3000-6f6c5000 r-xs 0000f000 08:05 920570     /home/daniel/gephi/gephibzr/gephi/build/cluster/modules/org-gephi-lib-gleem.jar
6f6c5000-6f6c7000 r-xs 0000d000 08:05 921273     /home/daniel/gephi/gephibzr/gephi/build/cluster/modules/org-gephi-ui-utils.jar
6f6c7000-6f6cb000 r-xs 0003e000 08:05 920640     /home/daniel/gephi/gephibzr/gephi/build/cluster/modules/ext/ValidationAPI.jar
6f6cb000-6f6cc000 r-xs 00003000 08:05 920638     /home/daniel/gephi/gephibzr/gephi/build/cluster/modules/org-gephi-lib-validation.jar
6f6cc000-6f6ce000 r-xs 00002000 08:05 921091     /home/daniel/gephi/gephibzr/gephi/build/cluster/modules/org-gephi-tools-api.jar
6f6ce000-6f6cf000 r-xs 00003000 08:05 921226     /home/daniel/gephi/gephibzr/gephi/build/cluster/modules/org-gephi-visualization-api.jar
6f6cf000-6f6d2000 r-xs 00024000 08:05 921198     /home/daniel/gephi/gephibzr/gephi/build/cluster/modules/org-gephi-datalab-api.jar
6f6d2000-6f6d3000 r-xs 00008000 08:05 921138     /home/daniel/gephi/gephibzr/gephi/build/cluster/modules/org-gephi-dynamic-api.jar
6f6d3000-6f6d6000 r-xs 00030000 08:05 921134     /home/daniel/gephi/gephibzr/gephi/build/cluster/modules/org-gephi-data-attributes-api.jar
6f6d6000-6f6d7000 r-xs 00007000 08:05 920669     /home/daniel/gephi/gephibzr/gephi/build/cluster/modules/org-gephi-utils.jar
6f6d7000-6f6d9000 r-xs 00002000 08:05 920579     /home/daniel/gephi/gephibzr/gephi/build/cluster/modules/ext/javacsv.jar
6f6d9000-6f6da000 r-xs 00001000 08:05 920577     /home/daniel/gephi/gephibzr/gephi/build/cluster/modules/org-gephi-lib-javacsv.jar
6f6da000-6f6dc000 r-xs 00007000 08:05 920733     /home/daniel/gephi/gephibzr/gephi/build/cluster/modules/org-gephi-graph-api.jar
6f6dc000-6f6de000 r-xs 00014000 08:05 920715     /home/daniel/gephi/gephibzr/gephi/build/cluster/modules/org-gephi-project-api.jar
6f6de000-6f6df000 r-xs 00006000 08:05 920706     /home/daniel/gephi/gephibzr/gephi/build/cluster/modules/org-gephi-utils-longtask.jar
6f6df000-6f6e5000 r-xs 00031000 08:05 921240     /home/daniel/gephi/gephibzr/gephi/build/cluster/modules/ext/swingx-beaninfo-1.6.1.jar
6f6e5000-6f700000 r-xs 00139000 08:05 921239     /home/daniel/gephi/gephibzr/gephi/build/cluster/modules/ext/swingx-1.6.1.jar
6f700000-6f7fe000 rwxp 00000000 00:00 0 
6f7fe000-6f800000 ---p 00000000 00:00 0 
6f800000-6f801000 r-xs 00000000 08:05 1575917    /var/cache/fontconfig/6a53c69dea097a2d716e069445527da8-le32d4.cache-3
6f801000-6f802000 r-xs 00000000 08:05 1575697    /var/cache/fontconfig/4794a0821666d79190d59a36cb4f44b5-le32d4.cache-3
6f802000-6f803000 r-xs 00001000 08:05 920573     /home/daniel/gephi/gephibzr/gephi/build/cluster/modules/org-gephi-lib-itext.jar
6f803000-6f807000 r-xs 00042000 08:05 921527     /home/daniel/gephi/gephibzr/gephi/build/cluster/modules/org-gephi-filters-plugin.jar
6f807000-6f808000 r-xs 00001000 08:05 921237     /home/daniel/gephi/gephibzr/gephi/build/cluster/modules/org-jdesktop-swingx.jar
6f808000-6f819000 r-xs 0014c000 08:05 921267     /home/daniel/gephi/gephibzr/gephi/build/cluster/modules/ext/jfreechart-1.0.13.jar
6f819000-6f81b000 r-xs 00013000 08:05 921268     /home/daniel/gephi/gephibzr/gephi/build/cluster/modules/ext/orson-0.5.0.jar
6f81b000-6f821000 r-xs 00046000 08:05 921266     /home/daniel/gephi/gephibzr/gephi/build/cluster/modules/ext/jcommon-1.0.16.jar
6f821000-6f822000 r-xs 00000000 08:05 921260     /home/daniel/gephi/gephibzr/gephi/build/cluster/modules/org-jfree.jar
6f822000-6f831000 r-xs 00074000 08:05 921751     /home/daniel/gephi/gephibzr/gephi/build/cluster/modules/ext/joda-time-1.6.jar
6f831000-6f832000 r-xs 00000000 08:05 921749     /home/daniel/gephi/gephibzr/gephi/build/cluster/modules/org-joda-time.jar
6f832000-6f834000 r-xs 00008000 08:05 919547     /home/daniel/netbeans-7.0/platform/modules/org-netbeans-core-io-ui.jar
6f834000-6f83d000 r-xs 000ba000 08:05 1051086    /home/daniel/netbeans-7.0/platform/modules/ext/platform-3.2.7.jar
6f83d000-6f83e000 r-xs 00001000 08:05 919425     /home/daniel/netbeans-7.0/platform/modules/org-netbeans-core-nativeaccess.jar
6f83e000-6f843000 r-xs 00062000 08:05 919574     /home/daniel/netbeans-7.0/platform/modules/org-netbeans-core-ui.jar
6f843000-6f84f000 r-xs 001b9000 08:05 919518     /home/daniel/netbeans-7.0/platform/modules/org-netbeans-core-windows.jar
6f84f000-6f855000 r-xs 00034000 08:05 1053531    /home/daniel/netbeans-7.0/platform/modules/ext/junit-4.8.2.jar
6f855000-6f85d000 r-xs 000e2000 08:05 919355     /home/daniel/netbeans-7.0/platform/modules/org-netbeans-modules-autoupdate-ui.jar
6f85d000-6f85f000 r-xs 00039000 08:05 1051095    /home/daniel/netbeans-7.0/platform/modules/ext/updater.jar
6f85f000-6f864000 r-xs 000ab000 08:05 919267     /home/daniel/netbeans-7.0/platform/modules/org-netbeans-modules-autoupdate-services.jar
6f864000-6f866000 r-xs 0000b000 08:05 919226     /home/daniel/netbeans-7.0/platform/modules/org-netbeans-modules-editor-mimelookup-impl.jar
6f866000-6f869000 r-xs 00032000 08:05 919427     /home/daniel/netbeans-7.0/platform/modules/org-netbeans-modules-favorites.jar
6f869000-6f86b000 r-xs 0000f000 08:05 919368     /home/daniel/netbeans-7.0/platform/modules/org-netbeans-modules-keyring-impl.jar
6f86b000-6f871000 r-xs 00070000 08:05 919446     /home/daniel/netbeans-7.0/platform/modules/org-netbeans-modules-masterfs.jar
6f871000-6f875000 r-xs 000e3000 08:05 1051091    /home/daniel/netbeans-7.0/platform/modules/ext/jna-3.2.7.jar
6f875000-6f900000 rwxs 00000000 00:04 21856269   /SYSV00000000 (deleted)
6f900000-6f9f9000 rwxp 00000000 00:00 0 
6f9f9000-6fa00000 ---p 00000000 00:00 0 
6fa00000-6fa02000 r-xs 00000000 08:05 919568     /home/daniel/netbeans-7.0/platform/modules/org-netbeans-libs-jna.jar
6fa02000-6fa06000 r-xs 0004b000 08:05 919340     /home/daniel/netbeans-7.0/platform/modules/org-netbeans-modules-options-keymap.jar
6fa06000-6fa0b000 r-xs 00061000 08:05 919389     /home/daniel/netbeans-7.0/platform/modules/org-netbeans-modules-options-api.jar
6fa0b000-6fa11000 r-xs 0008f000 08:05 919604     /home/daniel/netbeans-7.0/platform/modules/org-netbeans-core.jar
6fa11000-6fa13000 r-xs 00001000 08:05 919474     /home/daniel/netbeans-7.0/platform/modules/org-netbeans-modules-keyring.jar
6fa13000-6fa17000 r-xs 0003e000 08:05 919507     /home/daniel/netbeans-7.0/platform/modules/org-netbeans-modules-print.jar
6fa17000-6fa19000 r-xs 0001f000 08:05 919391     /home/daniel/netbeans-7.0/platform/modules/org-netbeans-modules-progress-ui.jar
6fa19000-6fa1b000 r-xs 00011000 08:05 919447     /home/daniel/netbeans-7.0/platform/modules/org-netbeans-modules-sendopts.jar
6fa1b000-6fa1d000 r-xs 0003e000 08:05 919450     /home/daniel/netbeans-7.0/platform/modules/org-netbeans-modules-settings.jar
6fa1d000-6fa20000 r-xs 00022000 08:05 919475     /home/daniel/netbeans-7.0/platform/modules/org-netbeans-spi-quicksearch.jar
6fa20000-6fa21000 r-xs 00002000 08:05 919353     /home/daniel/netbeans-7.0/platform/modules/org-netbeans-api-annotations-common.jar
6fa21000-6fa24000 r-xs 0002a000 08:05 921759     /home/daniel/gephi/gephibzr/gephi/build/cluster/modules/org-netbeans-swing-dirchooser.jar
6fa24000-6fa27000 r-xs 00036000 08:05 919549     /home/daniel/netbeans-7.0/platform/modules/org-netbeans-swing-plaf.jar
6fa27000-6fa29000 r-xs 0000a000 08:05 919617     /home/daniel/netbeans-7.0/platform/modules/org-openide-io.jar
6fa29000-6fa32000 r-xs 0013a000 08:05 919588     /home/daniel/netbeans-7.0/platform/modules/org-openide-loaders.jar
6fa32000-6fa58000 rwxs 00000000 00:04 21823496   /SYSV00000000 (deleted)
6fa58000-6fa5b000 ---p 00000000 00:00 0 
6fa5b000-6faa9000 rwxp 00000000 00:00 0 
6faa9000-6faac000 ---p 00000000 00:00 0 
6faac000-6fafa000 rwxp 00000000 00:00 0 
6fafa000-6fafb000 r-xs 00000000 08:05 1575980    /var/cache/fontconfig/26de28bc8622bbc1fb67fd234c21975f-le32d4.cache-3
6fafb000-6fafc000 r-xs 00000000 08:05 1576028    /var/cache/fontconfig/c05880de57d1f5e948fdfacc138775d9-le32d4.cache-3
6fafc000-6fb02000 r-xs 00000000 08:05 1576020    /var/cache/fontconfig/945677eb7aeaf62f1d50efc3fb3ec7d8-le32d4.cache-3
6fb02000-6fb04000 r-xs 00000000 08:05 1575744    /var/cache/fontconfig/99e8ed0e538f840c565b6ed5dad60d56-le32d4.cache-3
6fb04000-6fb07000 r-xs 00000000 08:05 1576002    /var/cache/fontconfig/e383d7ea5fbe662a33d9b44caf393297-le32d4.cache-3
6fb07000-6fb0c000 r-xs 00000000 08:05 1575986    /var/cache/fontconfig/401a5dd6b567794a1d18dd9342dfa604-le32d4.cache-3
6fb0c000-6fb0e000 r-xs 00000000 08:05 1575983    /var/cache/fontconfig/2cd17615ca594fa2959ae173292e504c-le32d4.cache-3
6fb0e000-6fb0f000 r-xs 00000000 08:05 1575740    /var/cache/fontconfig/e7071f4a29fa870f4323321c154eba04-le32d4.cache-3
6fb0f000-6fb11000 r-xs 00000000 08:05 1576599    /var/cache/fontconfig/b5ea634b0fb353b8ea17632d1f9ef766-le32d4.cache-3
6fb11000-6fb15000 r-xs 00000000 08:05 1575958    /var/cache/fontconfig/926e794c3d5e5dffcaf2fa83ef8d36c2-le32d4.cache-3
6fb15000-6fb18000 r-xs 00000000 08:05 1575945    /var/cache/fontconfig/6eb3985aa4124903f6ff08ba781cd364-le32d4.cache-3
6fb18000-6fb19000 r-xs 00000000 08:05 1575924    /var/cache/fontconfig/4c73fe0c47614734b17d736dbde7580a-le32d4.cache-3
6fb19000-6fb1a000 r-xs 00000000 08:05 1575918    /var/cache/fontconfig/0d8c3b2ac0904cb8a57a757ad11a4a08-le32d4.cache-3
6fb1a000-6fb1b000 r-xs 00000000 08:05 1575917    /var/cache/fontconfig/6a53c69dea097a2d716e069445527da8-le32d4.cache-3
6fb1b000-6fb1f000 r-xs 00000000 08:05 1575788    /var/cache/fontconfig/a755afe4a08bf5b97852ceb7400b47bc-le32d4.cache-3
6fb1f000-6fb23000 r-xs 00000000 08:05 1575915    /var/cache/fontconfig/515ca1ebc4b18308bea979be5704f9db-le32d4.cache-3
6fb23000-6fb2a000 r-xs 00000000 08:05 1575886    /var/cache/fontconfig/6d41288fd70b0be22e8c3a91e032eec0-le32d4.cache-3
6fb2a000-6fb35000 r-xs 00000000 08:05 1575845    /var/cache/fontconfig/0f34bcd4b6ee430af32735b75db7f02b-le32d4.cache-3
6fb35000-6fb38000 r-xs 00000000 08:05 1575843    /var/cache/fontconfig/d60319d88cac85ba9e1a07bd06cfbb8c-le32d4.cache-3
6fb38000-6fb39000 r-xs 00000000 08:05 1575697    /var/cache/fontconfig/4794a0821666d79190d59a36cb4f44b5-le32d4.cache-3
6fb39000-6fb5b000 r-xs 00000000 08:05 1575808    /var/cache/fontconfig/365b55f210c0a22e9a19e35191240f32-le32d4.cache-3
6fb5b000-6fb63000 r-xs 00000000 08:05 1575802    /var/cache/fontconfig/d52a8644073d54c13679302ca1180695-le32d4.cache-3
6fb63000-6fb71000 r-xs 00000000 08:05 1575126    /var/cache/fontconfig/e13b20fdb08344e0e664864cc2ede53d-le32d4.cache-3
6fb71000-6fb89000 r-xs 00000000 08:05 1579274    /var/cache/fontconfig/165b9254a84ccada37e340049ffc8b30-le32d4.cache-3
6fb89000-6fb8c000 r-xs 00024000 08:05 921593     /home/daniel/gephi/gephibzr/gephi/build/cluster/modules/org-gephi-ui-filters-plugin.jar
6fb8c000-6fb8e000 r-xs 0000a000 08:05 919476     /home/daniel/netbeans-7.0/platform/modules/org-netbeans-modules-queries.jar
6fb8e000-6fb91000 r-xs 00032000 08:05 919589     /home/daniel/netbeans-7.0/platform/modules/org-openide-actions.jar
6fb91000-6fb9e000 r-xs 0019d000 08:05 919573     /home/daniel/netbeans-7.0/platform/modules/org-openide-explorer.jar
6fb9e000-6fbab000 r-xs 000de000 08:05 919449     /home/daniel/netbeans-7.0/platform/modules/org-netbeans-swing-tabcontrol.jar
6fbab000-6fbae000 ---p 00000000 00:00 0 
6fbae000-6fbfc000 rwxp 00000000 00:00 0 
6fbfc000-6fc00000 r-xp 00000000 08:05 4329147    /usr/lib/i386-linux-gnu/libXfixes.so.3.1.0
6fc00000-6fc01000 r-xp 00003000 08:05 4329147    /usr/lib/i386-linux-gnu/libXfixes.so.3.1.0
6fc01000-6fc02000 rwxp 00004000 08:05 4329147    /usr/lib/i386-linux-gnu/libXfixes.so.3.1.0
6fc02000-6fc0a000 r-xp 00000000 08:05 4326287    /usr/lib/i386-linux-gnu/libXrender.so.1.3.0
6fc0a000-6fc0b000 r-xp 00007000 08:05 4326287    /usr/lib/i386-linux-gnu/libXrender.so.1.3.0
6fc0b000-6fc0c000 rwxp 00008000 08:05 4326287    /usr/lib/i386-linux-gnu/libXrender.so.1.3.0
6fc0c000-6fc14000 r-xp 00000000 08:05 4333346    /usr/lib/i386-linux-gnu/libXcursor.so.1.0.2
6fc14000-6fc15000 r-xp 00007000 08:05 4333346    /usr/lib/i386-linux-gnu/libXcursor.so.1.0.2
6fc15000-6fc16000 rwxp 00008000 08:05 4333346    /usr/lib/i386-linux-gnu/libXcursor.so.1.0.2
6fc16000-6fc17000 r-xs 00000000 08:05 919713     /home/daniel/gephi/gephibzr/gephi/build/cluster/modules/locale/org-netbeans-core-windows_gephi.jar
6fc17000-6fc18000 r-xs 00000000 08:05 919650     /home/daniel/netbeans-7.0/platform/modules/org-netbeans-libs-junit4.jar
6fc18000-6fc1b000 r-xs 00039000 08:05 919506     /home/daniel/netbeans-7.0/platform/modules/org-netbeans-swing-outline.jar
6fc1b000-6fc1f000 r-xs 0005f000 08:05 919609     /home/daniel/netbeans-7.0/platform/modules/org-openide-text.jar
6fc1f000-6fc21000 r-xs 0000b000 08:05 919314     /home/daniel/netbeans-7.0/platform/modules/org-netbeans-modules-editor-mimelookup.jar
6fc21000-6fc23000 r-xs 00025000 08:05 919587     /home/daniel/netbeans-7.0/platform/modules/org-openide-windows.jar
6fc23000-6fc28000 r-xs 00080000 08:05 919605     /home/daniel/netbeans-7.0/platform/modules/org-openide-nodes.jar
6fc28000-6fc2a000 r-xs 0002e000 08:05 919590     /home/daniel/netbeans-7.0/platform/modules/org-openide-dialogs.jar
6fc2a000-6fc2c000 r-xs 00010000 08:05 919523     /home/daniel/netbeans-7.0/platform/modules/org-netbeans-api-progress.jar
6fc2c000-6fc2f000 ---p 00000000 00:00 0 
6fc2f000-6fc7d000 rwxp 00000000 00:00 0 
6fc7d000-6fc80000 ---p 00000000 00:00 0 
6fc80000-6fcce000 rwxp 00000000 00:00 0 
6fcce000-6fd47000 r-xp 00000000 08:05 4470066    /usr/lib/jvm/java-6-sun-1.6.0.24/jre/lib/i386/libfontmanager.so
6fd47000-6fd51000 rwxp 00078000 08:05 4470066    /usr/lib/jvm/java-6-sun-1.6.0.24/jre/lib/i386/libfontmanager.so
6fd51000-6fd56000 rwxp 00000000 00:00 0 
6fd56000-6fd5a000 r-xp 00000000 08:05 4335172    /usr/lib/i386-linux-gnu/libXdmcp.so.6.0.0
6fd5a000-6fd5b000 r-xp 00003000 08:05 4335172    /usr/lib/i386-linux-gnu/libXdmcp.so.6.0.0
6fd5b000-6fd5c000 rwxp 00004000 08:05 4335172    /usr/lib/i386-linux-gnu/libXdmcp.so.6.0.0
6fd5c000-6fd5e000 r-xp 00000000 08:05 4334188    /usr/lib/i386-linux-gnu/libXau.so.6.0.0
6fd5e000-6fd5f000 r-xp 00001000 08:05 4334188    /usr/lib/i386-linux-gnu/libXau.so.6.0.0
6fd5f000-6fd60000 rwxp 00002000 08:05 4334188    /usr/lib/i386-linux-gnu/libXau.so.6.0.0
6fd60000-6fd77000 r-xp 00000000 08:05 4337830    /usr/lib/i386-linux-gnu/libxcb.so.1.1.0
6fd77000-6fd78000 r-xp 00016000 08:05 4337830    /usr/lib/i386-linux-gnu/libxcb.so.1.1.0
6fd78000-6fd79000 rwxp 00017000 08:05 4337830    /usr/lib/i386-linux-gnu/libxcb.so.1.1.0
6fd79000-6fe8f000 r-xp 00000000 08:05 4337845    /usr/lib/i386-linux-gnu/libX11.so.6.3.0
6fe8f000-6fe90000 ---p 00116000 08:05 4337845    /usr/lib/i386-linux-gnu/libX11.so.6.3.0
6fe90000-6fe91000 r-xp 00116000 08:05 4337845    /usr/lib/i386-linux-gnu/libX11.so.6.3.0
6fe91000-6fe93000 rwxp 00117000 08:05 4337845    /usr/lib/i386-linux-gnu/libX11.so.6.3.0
6fe93000-6fe94000 rwxp 00000000 00:00 0 
6fe94000-6fea1000 r-xp 00000000 08:05 4332391    /usr/lib/i386-linux-gnu/libXext.so.6.4.0
6fea1000-6fea2000 r-xp 0000c000 08:05 4332391    /usr/lib/i386-linux-gnu/libXext.so.6.4.0
6fea2000-6fea3000 rwxp 0000d000 08:05 4332391    /usr/lib/i386-linux-gnu/libXext.so.6.4.0
6fea3000-6fea8000 r-xs 00085000 08:05 919613     /home/daniel/netbeans-7.0/platform/modules/org-openide-awt.jar
6fea8000-6feab000 r-xs 00000000 08:05 1576598    /var/cache/fontconfig/7ef2298fde41cc6eeb7af42e48b7d293-le32d4.cache-3
6feab000-6feb9000 r-xs 00000000 08:05 1576043    /var/cache/fontconfig/865f88548240fee46819705c6468c165-le32d4.cache-3
6feb9000-6fefc000 r-xp 00000000 08:05 4470051    /usr/lib/jvm/java-6-sun-1.6.0.24/jre/lib/i386/xawt/libmawt.so
6fefc000-6fefe000 rwxp 00043000 08:05 4470051    /usr/lib/jvm/java-6-sun-1.6.0.24/jre/lib/i386/xawt/libmawt.so
6fefe000-6feff000 rwxp 00000000 00:00 0 
6feff000-6ff83000 r-xp 00000000 08:05 4470018    /usr/lib/jvm/java-6-sun-1.6.0.24/jre/lib/i386/libawt.so
6ff83000-6ff8a000 rwxp 00084000 08:05 4470018    /usr/lib/jvm/java-6-sun-1.6.0.24/jre/lib/i386/libawt.so
6ff8a000-6ffae000 rwxp 00000000 00:00 0 
6ffae000-6ffb1000 ---p 00000000 00:00 0 
6ffb1000-6ffff000 rwxp 00000000 00:00 0 
6ffff000-70002000 ---p 00000000 00:00 0 
70002000-70050000 rwxp 00000000 00:00 0 
70050000-70053000 ---p 00000000 00:00 0 
70053000-700a1000 rwxp 00000000 00:00 0 
700a1000-70100000 r-xs 00baa000 08:05 4601474    /usr/lib/jvm/java-6-sun-1.6.0.24/lib/tools.jar
70100000-701f9000 rwxp 00000000 00:00 0 
701f9000-70200000 ---p 00000000 00:00 0 
70200000-7020d000 r-xp 00000000 08:05 4337957    /usr/lib/i386-linux-gnu/libXi.so.6.1.0
7020d000-7020e000 r-xp 0000c000 08:05 4337957    /usr/lib/i386-linux-gnu/libXi.so.6.1.0
7020e000-7020f000 rwxp 0000d000 08:05 4337957    /usr/lib/i386-linux-gnu/libXi.so.6.1.0
7020f000-70213000 r-xp 00000000 08:05 4337963    /usr/lib/libXtst.so.6.1.0
70213000-70214000 r-xp 00003000 08:05 4337963    /usr/lib/libXtst.so.6.1.0
70214000-70215000 rwxp 00004000 08:05 4337963    /usr/lib/libXtst.so.6.1.0
70215000-7021c000 r-xp 00000000 08:05 4470019    /usr/lib/jvm/java-6-sun-1.6.0.24/jre/lib/i386/libnio.so
7021c000-7021d000 rwxp 00006000 08:05 4470019    /usr/lib/jvm/java-6-sun-1.6.0.24/jre/lib/i386/libnio.so
7021d000-70231000 r-xp 00000000 08:05 4470064    /usr/lib/jvm/java-6-sun-1.6.0.24/jre/lib/i386/libnet.so
70231000-70232000 rwxp 00013000 08:05 4470064    /usr/lib/jvm/java-6-sun-1.6.0.24/jre/lib/i386/libnet.so
70232000-70238000 r-xs 0001e000 08:05 4601472    /usr/lib/jvm/java-6-sun-1.6.0.24/lib/dt.jar
70238000-70239000 r-xs 00001000 08:05 919529     /home/daniel/netbeans-7.0/platform/lib/locale/org-openide-util_zh_CN.jar
70239000-7023a000 r-xs 00001000 08:05 919564     /home/daniel/netbeans-7.0/platform/lib/locale/org-openide-util_ru.jar
7023a000-7023b000 r-xs 00001000 08:05 919530     /home/daniel/netbeans-7.0/platform/lib/locale/org-openide-util_pt_BR.jar
7023b000-7023c000 r-xs 00001000 08:05 919563     /home/daniel/netbeans-7.0/platform/lib/locale/org-openide-util_ja.jar
7023c000-7023d000 r-xs 00000000 08:05 919412     /home/daniel/netbeans-7.0/platform/lib/locale/org-openide-util-lookup_zh_CN.jar
7023d000-7023e000 r-xs 00000000 08:05 919469     /home/daniel/netbeans-7.0/platform/lib/locale/org-openide-util-lookup_ru.jar
7023e000-7023f000 r-xs 00000000 08:05 919411     /home/daniel/netbeans-7.0/platform/lib/locale/org-openide-util-lookup_pt_BR.jar
7023f000-70240000 r-xs 00000000 08:05 919470     /home/daniel/netbeans-7.0/platform/lib/locale/org-openide-util-lookup_ja.jar
70240000-70241000 r-xs 00000000 08:05 919488     /home/daniel/netbeans-7.0/platform/lib/locale/org-openide-modules_zh_CN.jar
70241000-70242000 r-xs 00000000 08:05 919528     /home/daniel/netbeans-7.0/platform/lib/locale/org-openide-modules_ru.jar
70242000-70243000 r-xs 00000000 08:05 919489     /home/daniel/netbeans-7.0/platform/lib/locale/org-openide-modules_pt_BR.jar
70243000-70244000 r-xs 00000000 08:05 919531     /home/daniel/netbeans-7.0/platform/lib/locale/org-openide-modules_ja.jar
70244000-70247000 ---p 00000000 00:00 0 
70247000-70295000 rwxp 00000000 00:00 0 
70295000-70298000 ---p 00000000 00:00 0 
70298000-702e6000 rwxp 00000000 00:00 0 
702e6000-702ec000 r-xs 000a7000 08:05 919624     /home/daniel/netbeans-7.0/platform/lib/org-openide-util.jar
702ec000-702ed000 ---p 00000000 00:00 0 
702ed000-7036d000 rwxp 00000000 00:00 0 
7036d000-70370000 ---p 00000000 00:00 0 
70370000-703be000 rwxp 00000000 00:00 0 
703be000-703c1000 ---p 00000000 00:00 0 
703c1000-7043f000 rwxp 00000000 00:00 0 
7043f000-70442000 ---p 00000000 00:00 0 
70442000-704c0000 rwxp 00000000 00:00 0 
704c0000-704c3000 ---p 00000000 00:00 0 
704c3000-70511000 rwxp 00000000 00:00 0 
70511000-70711000 r-xp 00000000 08:05 4326790    /usr/lib/locale/locale-archive
70711000-70714000 ---p 00000000 00:00 0 
70714000-70762000 rwxp 00000000 00:00 0 
70762000-70765000 ---p 00000000 00:00 0 
70765000-707b3000 rwxp 00000000 00:00 0 
707b3000-707b4000 ---p 00000000 00:00 0 
707b4000-70868000 rwxp 00000000 00:00 0 
70868000-70a00000 r-xs 03027000 08:05 4470089    /usr/lib/jvm/java-6-sun-1.6.0.24/jre/lib/rt.jar
70a00000-70afc000 rwxp 00000000 00:00 0 
70afc000-70b00000 ---p 00000000 00:00 0 
70b00000-70b01000 r-xs 00000000 08:05 919623     /home/daniel/netbeans-7.0/platform/lib/locale/boot_zh_CN.jar
70b01000-70b02000 r-xs 00000000 08:05 919628     /home/daniel/netbeans-7.0/platform/lib/locale/boot_ru.jar
70b02000-70b03000 r-xs 00000000 08:05 919622     /home/daniel/netbeans-7.0/platform/lib/locale/boot_pt_BR.jar
70b03000-70b04000 r-xs 00000000 08:05 919627     /home/daniel/netbeans-7.0/platform/lib/locale/boot_ja.jar
70b04000-70b06000 r-xs 00008000 08:05 919662     /home/daniel/gephi/gephibzr/gephi/build/cluster/core/locale/core_gephi.jar
70b06000-70b07000 r-xs 00001000 08:05 919620     /home/daniel/netbeans-7.0/platform/core/locale/core_zh_CN.jar
70b07000-70b08000 r-xs 00001000 08:05 919626     /home/daniel/netbeans-7.0/platform/core/locale/core_ja.jar
70b08000-70b09000 r-xs 00001000 08:05 919384     /home/daniel/netbeans-7.0/platform/core/locale/org-openide-filesystems_pt_BR.jar
70b09000-70b0a000 r-xs 00001000 08:05 919619     /home/daniel/netbeans-7.0/platform/core/locale/core_pt_BR.jar
70b0a000-70b0b000 r-xs 00001000 08:05 919625     /home/daniel/netbeans-7.0/platform/core/locale/core_ru.jar
70b0b000-70b0c000 ---p 00000000 00:00 0 
70b0c000-70b8c000 rwxp 00000000 00:00 0 
70b8c000-70b8d000 ---p 00000000 00:00 0 
70b8d000-70c1f000 rwxp 00000000 00:00 0 
70c1f000-70c2d000 rwxp 00000000 00:00 0 
70c2d000-70c83000 rwxp 00000000 00:00 0 
70c83000-70d7b000 rwxp 00000000 00:00 0 
70d7b000-70d8d000 rwxp 00000000 00:00 0 
70d8d000-70d9b000 rwxp 00000000 00:00 0 
70d9b000-70df1000 rwxp 00000000 00:00 0 
70df1000-70ee8000 rwxp 00000000 00:00 0 
70ee8000-70f13000 rwxp 00000000 00:00 0 
70f13000-70f8f000 rwxp 00000000 00:00 0 
70f8f000-732d0000 rwxp 00000000 00:00 0 
732d0000-74f90000 rwxp 00000000 00:00 0 
74f90000-7fa40000 rwxp 00000000 00:00 0 
7fa40000-9ea40000 rwxp 00000000 00:00 0 
9ea40000-a3f90000 rwxp 00000000 00:00 0 
a3f90000-b3790000 rwxp 00000000 00:00 0 
b3790000-b3791000 r-xs 00001000 08:05 919437     /home/daniel/netbeans-7.0/platform/core/locale/org-openide-filesystems_ru.jar
b3791000-b3792000 r-xs 00001000 08:05 919436     /home/daniel/netbeans-7.0/platform/core/locale/org-openide-filesystems_ja.jar
b3792000-b3797000 r-xs 000b8000 08:05 919629     /home/daniel/netbeans-7.0/platform/core/core.jar
b3797000-b37a0000 rwxp 00000000 00:00 0 
b37a0000-b3857000 rwxp 00000000 00:00 0 
b3857000-b3a97000 rwxp 00000000 00:00 0 
b3a97000-b6857000 rwxp 00000000 00:00 0 
b6857000-b6866000 r-xp 00000000 08:05 4470020    /usr/lib/jvm/java-6-sun-1.6.0.24/jre/lib/i386/libzip.so
b6866000-b6868000 rwxp 0000e000 08:05 4470020    /usr/lib/jvm/java-6-sun-1.6.0.24/jre/lib/i386/libzip.so
b6868000-b6872000 r-xp 00000000 08:05 3547576    /lib/i386-linux-gnu/libnss_files-2.13.so
b6872000-b6873000 r-xp 00009000 08:05 3547576    /lib/i386-linux-gnu/libnss_files-2.13.so
b6873000-b6874000 rwxp 0000a000 08:05 3547576    /lib/i386-linux-gnu/libnss_files-2.13.so
b6874000-b687d000 r-xp 00000000 08:05 3547561    /lib/i386-linux-gnu/libnss_nis-2.13.so
b687d000-b687e000 r-xp 00008000 08:05 3547561    /lib/i386-linux-gnu/libnss_nis-2.13.so
b687e000-b687f000 rwxp 00009000 08:05 3547561    /lib/i386-linux-gnu/libnss_nis-2.13.so
b687f000-b6885000 r-xp 00000000 08:05 3547562    /lib/i386-linux-gnu/libnss_compat-2.13.so
b6885000-b6886000 r-xp 00005000 08:05 3547562    /lib/i386-linux-gnu/libnss_compat-2.13.so
b6886000-b6887000 rwxp 00006000 08:05 3547562    /lib/i386-linux-gnu/libnss_compat-2.13.so
b6887000-b689a000 r-xp 00000000 08:05 3547557    /lib/i386-linux-gnu/libnsl-2.13.so
b689a000-b689b000 r-xp 00012000 08:05 3547557    /lib/i386-linux-gnu/libnsl-2.13.so
b689b000-b689c000 rwxp 00013000 08:05 3547557    /lib/i386-linux-gnu/libnsl-2.13.so
b689c000-b689e000 rwxp 00000000 00:00 0 
b689e000-b689f000 r-xs 00001000 08:05 919385     /home/daniel/netbeans-7.0/platform/core/locale/org-openide-filesystems_zh_CN.jar
b689f000-b68a5000 r-xs 000d0000 08:05 919577     /home/daniel/netbeans-7.0/platform/core/org-openide-filesystems.jar
b68a5000-b68a8000 r-xs 00047000 08:05 919593     /home/daniel/netbeans-7.0/platform/lib/org-openide-util-lookup.jar
b68a8000-b68a9000 r-xs 00009000 08:05 919615     /home/daniel/netbeans-7.0/platform/lib/org-openide-modules.jar
b68a9000-b68ac000 r-xs 0005a000 08:05 919630     /home/daniel/netbeans-7.0/platform/lib/boot.jar
b68ac000-b68b4000 rwxs 00000000 08:05 2752537    /tmp/hsperfdata_daniel/5997
b68b4000-b68d7000 r-xp 00000000 08:05 4470015    /usr/lib/jvm/java-6-sun-1.6.0.24/jre/lib/i386/libjava.so
b68d7000-b68d9000 rwxp 00023000 08:05 4470015    /usr/lib/jvm/java-6-sun-1.6.0.24/jre/lib/i386/libjava.so
b68d9000-b68e0000 r-xp 00000000 08:05 3547553    /lib/i386-linux-gnu/librt-2.13.so
b68e0000-b68e1000 r-xp 00006000 08:05 3547553    /lib/i386-linux-gnu/librt-2.13.so
b68e1000-b68e2000 rwxp 00007000 08:05 3547553    /lib/i386-linux-gnu/librt-2.13.so
b68e2000-b68e5000 ---p 00000000 00:00 0 
b68e5000-b6933000 rwxp 00000000 00:00 0 
b6933000-b6957000 r-xp 00000000 08:05 3547572    /lib/i386-linux-gnu/libm-2.13.so
b6957000-b6958000 r-xp 00023000 08:05 3547572    /lib/i386-linux-gnu/libm-2.13.so
b6958000-b6959000 rwxp 00024000 08:05 3547572    /lib/i386-linux-gnu/libm-2.13.so
b6959000-b70e6000 r-xp 00000000 08:05 4470035    /usr/lib/jvm/java-6-sun-1.6.0.24/jre/lib/i386/server/libjvm.so
b70e6000-b7139000 rwxp 0078d000 08:05 4470035    /usr/lib/jvm/java-6-sun-1.6.0.24/jre/lib/i386/server/libjvm.so
b7139000-b7558000 rwxp 00000000 00:00 0 
b7558000-b76b2000 r-xp 00000000 08:05 3542501    /lib/i386-linux-gnu/libc-2.13.so
b76b2000-b76b3000 ---p 0015a000 08:05 3542501    /lib/i386-linux-gnu/libc-2.13.so
b76b3000-b76b5000 r-xp 0015a000 08:05 3542501    /lib/i386-linux-gnu/libc-2.13.so
b76b5000-b76b6000 rwxp 0015c000 08:05 3542501    /lib/i386-linux-gnu/libc-2.13.so
b76b6000-b76b9000 rwxp 00000000 00:00 0 
b76b9000-b76bb000 r-xp 00000000 08:05 3547569    /lib/i386-linux-gnu/libdl-2.13.so
b76bb000-b76bc000 r-xp 00001000 08:05 3547569    /lib/i386-linux-gnu/libdl-2.13.so
b76bc000-b76bd000 rwxp 00002000 08:05 3547569    /lib/i386-linux-gnu/libdl-2.13.so
b76bd000-b76c4000 r-xp 00000000 08:05 4470024    /usr/lib/jvm/java-6-sun-1.6.0.24/jre/lib/i386/jli/libjli.so
b76c4000-b76c6000 rwxp 00006000 08:05 4470024    /usr/lib/jvm/java-6-sun-1.6.0.24/jre/lib/i386/jli/libjli.so
b76c6000-b76c7000 rwxp 00000000 00:00 0 
b76c7000-b76dc000 r-xp 00000000 08:05 3547567    /lib/i386-linux-gnu/libpthread-2.13.so
b76dc000-b76dd000 r-xp 00015000 08:05 3547567    /lib/i386-linux-gnu/libpthread-2.13.so
b76dd000-b76de000 rwxp 00016000 08:05 3547567    /lib/i386-linux-gnu/libpthread-2.13.so
b76de000-b76e0000 rwxp 00000000 00:00 0 
b76e0000-b76e1000 r-xp 002a1000 08:05 4326790    /usr/lib/locale/locale-archive
b76e1000-b76e7000 r-xp 00000000 08:05 4470038    /usr/lib/jvm/java-6-sun-1.6.0.24/jre/lib/i386/native_threads/libhpi.so
b76e7000-b76e8000 rwxp 00006000 08:05 4470038    /usr/lib/jvm/java-6-sun-1.6.0.24/jre/lib/i386/native_threads/libhpi.so
b76e8000-b76e9000 rwxp 00000000 00:00 0 
b76e9000-b76ea000 r-xp 00000000 00:00 0 
b76ea000-b76f5000 r-xp 00000000 08:05 4470049    /usr/lib/jvm/java-6-sun-1.6.0.24/jre/lib/i386/libverify.so
b76f5000-b76f6000 rwxp 0000b000 08:05 4470049    /usr/lib/jvm/java-6-sun-1.6.0.24/jre/lib/i386/libverify.so
b76f6000-b76f8000 rwxp 00000000 00:00 0 
b76f8000-b76f9000 r-xp 00000000 00:00 0          [vdso]
b76f9000-b7715000 r-xp 00000000 08:05 3547574    /lib/i386-linux-gnu/ld-2.13.so
b7715000-b7716000 r-xp 0001b000 08:05 3547574    /lib/i386-linux-gnu/ld-2.13.so
b7716000-b7717000 rwxp 0001c000 08:05 3547574    /lib/i386-linux-gnu/ld-2.13.so
bf9b5000-bf9d6000 rwxp 00000000 00:00 0          [stack]

VM Arguments:
jvm_args: -Djdk.home=/usr/lib/jvm/java-6-sun-1.6.0.24 -Dnetbeans.system_http_proxy=DIRECT -Dnetbeans.system_http_non_proxy_hosts= -Dnetbeans.dirs=/home/daniel/gephi/gephibzr/gephi/build/cluster:/home/daniel/netbeans-7.0/platform -Dnetbeans.home=/home/daniel/netbeans-7.0/platform -Dnetbeans.logger.console=true -ea -Xms256m -Xmx1000m -Dsun.java2d.noddraw=true -Dsun.awt.noerasebackground=true -XX:+HeapDumpOnOutOfMemoryError -XX:HeapDumpPath=/home/daniel/gephi/gephibzr/gephi/build/testuserdir/var/log/heapdump.hprof 
java_command: org.netbeans.Main --userdir /home/daniel/gephi/gephibzr/gephi/build/testuserdir --branding gephi
Launcher Type: SUN_STANDARD

Environment Variables:
PATH=/usr/local/sbin:/usr/local/bin:/usr/sbin:/usr/bin:/sbin:/bin:/usr/games
USERNAME=daniel
LD_LIBRARY_PATH=/usr/lib/jvm/java-6-sun-1.6.0.24/jre/lib/i386/server:/usr/lib/jvm/java-6-sun-1.6.0.24/jre/lib/i386:/usr/lib/jvm/java-6-sun-1.6.0.24/jre/../lib/i386:/usr/lib/jvm/java-6-sun-1.6.0.24/jre/lib/i386/client:/usr/lib/jvm/java-6-sun-1.6.0.24/jre/lib/i386:/usr/lib/jvm/java-6-sun-1.6.0.24/jre/../lib/i386
SHELL=/bin/bash
DISPLAY=:0

Signal Handlers:
SIGSEGV: [libjvm.so+0x708f80], sa_mask[0]=0x7ffbfeff, sa_flags=0x10000004
SIGBUS: [libjvm.so+0x708f80], sa_mask[0]=0x7ffbfeff, sa_flags=0x10000004
SIGFPE: [libjvm.so+0x5c4100], sa_mask[0]=0x7ffbfeff, sa_flags=0x10000004
SIGPIPE: SIG_IGN, sa_mask[0]=0x00001000, sa_flags=0x10000000
SIGXFSZ: [libjvm.so+0x5c4100], sa_mask[0]=0x7ffbfeff, sa_flags=0x10000004
SIGILL: [libjvm.so+0x5c4100], sa_mask[0]=0x7ffbfeff, sa_flags=0x10000004
SIGUSR1: SIG_DFL, sa_mask[0]=0x00000000, sa_flags=0x00000000
SIGUSR2: [libjvm.so+0x5c70e0], sa_mask[0]=0x00000004, sa_flags=0x10000004
SIGHUP: [libjvm.so+0x5c6cc0], sa_mask[0]=0x7ffbfeff, sa_flags=0x10000004
SIGINT: SIG_IGN, sa_mask[0]=0x00000000, sa_flags=0x00000000
SIGTERM: [libjvm.so+0x5c6cc0], sa_mask[0]=0x7ffbfeff, sa_flags=0x10000004
SIGQUIT: [libjvm.so+0x5c6cc0], sa_mask[0]=0x7ffbfeff, sa_flags=0x10000004


---------------  S Y S T E M  ---------------

OS:squeeze/sid

uname:Linux 2.6.38-8-generic #42-Ubuntu SMP Mon Apr 11 03:31:50 UTC 2011 i686
libc:glibc 2.13 NPTL 2.13 
rlimit: STACK 8192k, CORE 0k, NPROC infinity, NOFILE 4096, AS infinity
load average:0.57 0.23 0.12

/proc/meminfo:
MemTotal:        1955572 kB
MemFree:          194224 kB
Buffers:          104932 kB
Cached:           721408 kB
SwapCached:            0 kB
Active:          1060932 kB
Inactive:         583164 kB
Active(anon):     729944 kB
Inactive(anon):   200916 kB
Active(file):     330988 kB
Inactive(file):   382248 kB
Unevictable:          96 kB
Mlocked:              96 kB
HighTotal:       1081776 kB
HighFree:          10088 kB
LowTotal:         873796 kB
LowFree:          184136 kB
SwapTotal:       4476924 kB
SwapFree:        4476756 kB
Dirty:               556 kB
Writeback:          4216 kB
AnonPages:        818004 kB
Mapped:           119720 kB
Shmem:            112980 kB
Slab:              74732 kB
SReclaimable:      56352 kB
SUnreclaim:        18380 kB
KernelStack:        3032 kB
PageTables:         7148 kB
NFS_Unstable:          0 kB
Bounce:                0 kB
WritebackTmp:          0 kB
CommitLimit:     5454708 kB
Committed_AS:    2719612 kB
VmallocTotal:     122880 kB
VmallocUsed:       34648 kB
VmallocChunk:      81988 kB
HardwareCorrupted:     0 kB
HugePages_Total:       0
HugePages_Free:        0
HugePages_Rsvd:        0
HugePages_Surp:        0
Hugepagesize:       4096 kB
DirectMap4k:       16376 kB
DirectMap4M:      892928 kB


CPU:total 2 (2 cores per cpu, 1 threads per core) family 6 model 23 stepping 10, cmov, cx8, fxsr, mmx, sse, sse2, sse3, ssse3, sse4.1

Memory: 4k page, physical 1955572k(194224k free), swap 4476924k(4476756k free)

vm_info: Java HotSpot(TM) Server VM (19.1-b02) for linux-x86 JRE (1.6.0_24-b07), built on Feb  2 2011 16:51:52 by "java_re" with gcc 3.2.1-7a (J2SE release)

time: Sun Jun 26 23:30:47 2011
elapsed time: 71 seconds

