#
# A fatal error has been detected by the Java Runtime Environment:
#
#  SIGSEGV (0xb) at pc=0x0004160a, pid=3963, tid=1819663216
#
# JRE version: 6.0_24-b07
# Java VM: Java HotSpot(TM) Server VM (19.1-b02 mixed mode linux-x86 )
# Problematic frame:
# C  0x0004160a
#
# If you would like to submit a bug report, please visit:
#   http://java.sun.com/webapps/bugreport/crash.jsp
# The crash happened outside the Java Virtual Machine in native code.
# See problematic frame for where to report the bug.
#

---------------  T H R E A D  ---------------

Current thread (0x6e8f0800):  JavaThread "AWT-EventQueue-1" [_thread_in_native, id=3988, stack(0x6c70d000,0x6c75e000)]

siginfo:si_signo=SIGSEGV: si_errno=0, si_code=1 (SEGV_MAPERR), si_addr=0x0004160a

Registers:
EAX=0x701f6100, EBX=0x6c88a588, ECX=0x0480008a, EDX=0x6c3ad450
ESP=0x6c75c4cc, EBP=0x6c75c518, ESI=0x722b7eb0, EDI=0x6e8f0800
EIP=0x0004160a, CR2=0x0004160a, EFLAGS=0x00210216

Register to memory mapping:

EAX=0x701f6100
0x701f6100 is pointing to unknown location

EBX=0x6c88a588

[error occurred during error reporting (printing registers, top of stack, instructions near pc), id 0xb]

Stack: [0x6c70d000,0x6c75e000],  sp=0x6c75c4cc,  free space=317k
Native frames: (J=compiled Java code, j=interpreted, Vv=VM code, C=native code)
C  0x0004160a
j  com.sun.opengl.impl.x11.GLX.glXMakeCurrent(JJJ)Z+0
j  com.sun.opengl.impl.x11.X11GLContext.makeCurrentImpl()I+78
j  com.sun.opengl.impl.x11.X11OnscreenGLContext.makeCurrentImpl()I+32
j  com.sun.opengl.impl.GLContextImpl.makeCurrent()I+56
j  com.sun.opengl.impl.GLDrawableHelper.invokeGL(Ljavax/media/opengl/GLDrawable;Ljavax/media/opengl/GLContext;Ljava/lang/Runnable;Ljava/lang/Runnable;)V+308
j  javax.media.opengl.GLCanvas$DisplayOnEventDispatchThreadAction.run()V+35
j  java.awt.event.InvocationEvent.dispatch()V+11
j  java.awt.EventQueue.dispatchEventImpl(Ljava/awt/AWTEvent;Ljava/lang/Object;)V+21
j  java.awt.EventQueue.access$000(Ljava/awt/EventQueue;Ljava/awt/AWTEvent;Ljava/lang/Object;)V+3
j  java.awt.EventQueue$1.run()Ljava/lang/Void;+12
j  java.awt.EventQueue$1.run()Ljava/lang/Object;+1
v  ~StubRoutines::call_stub
V  [libjvm.so+0x3cfb21]
V  [libjvm.so+0x5c5478]
V  [libjvm.so+0x3cf94f]
V  [libjvm.so+0x43413e]
C  [libjava.so+0xa96c]  Java_java_security_AccessController_doPrivileged__Ljava_security_PrivilegedAction_2Ljava_security_AccessControlContext_2+0x3c
j  java.security.AccessController.doPrivileged(Ljava/security/PrivilegedAction;Ljava/security/AccessControlContext;)Ljava/lang/Object;+0
j  java.security.AccessControlContext$1.doIntersectionPrivilege(Ljava/security/PrivilegedAction;Ljava/security/AccessControlContext;Ljava/security/AccessControlContext;)Ljava/lang/Object;+28
j  java.awt.EventQueue.dispatchEvent(Ljava/awt/AWTEvent;)V+46
j  org.netbeans.core.TimableEventQueue.dispatchEvent(Ljava/awt/AWTEvent;)V+17

Java frames: (J=compiled Java code, j=interpreted, Vv=VM code)
j  com.sun.opengl.impl.x11.GLX.glXMakeCurrent(JJJ)Z+0
j  com.sun.opengl.impl.x11.X11GLContext.makeCurrentImpl()I+78
j  com.sun.opengl.impl.x11.X11OnscreenGLContext.makeCurrentImpl()I+32
j  com.sun.opengl.impl.GLContextImpl.makeCurrent()I+56
j  com.sun.opengl.impl.GLDrawableHelper.invokeGL(Ljavax/media/opengl/GLDrawable;Ljavax/media/opengl/GLContext;Ljava/lang/Runnable;Ljava/lang/Runnable;)V+308
j  javax.media.opengl.GLCanvas$DisplayOnEventDispatchThreadAction.run()V+35
j  java.awt.event.InvocationEvent.dispatch()V+11
j  java.awt.EventQueue.dispatchEventImpl(Ljava/awt/AWTEvent;Ljava/lang/Object;)V+21
j  java.awt.EventQueue.access$000(Ljava/awt/EventQueue;Ljava/awt/AWTEvent;Ljava/lang/Object;)V+3
j  java.awt.EventQueue$1.run()Ljava/lang/Void;+12
j  java.awt.EventQueue$1.run()Ljava/lang/Object;+1
v  ~StubRoutines::call_stub
j  java.security.AccessController.doPrivileged(Ljava/security/PrivilegedAction;Ljava/security/AccessControlContext;)Ljava/lang/Object;+0
j  java.security.AccessControlContext$1.doIntersectionPrivilege(Ljava/security/PrivilegedAction;Ljava/security/AccessControlContext;Ljava/security/AccessControlContext;)Ljava/lang/Object;+28
j  java.awt.EventQueue.dispatchEvent(Ljava/awt/AWTEvent;)V+46
j  org.netbeans.core.TimableEventQueue.dispatchEvent(Ljava/awt/AWTEvent;)V+17
J  java.awt.EventDispatchThread.pumpOneEventForFilters(I)Z
j  java.awt.EventDispatchThread.pumpEventsForFilter(ILjava/awt/Conditional;Ljava/awt/EventFilter;)V+30
j  java.awt.EventDispatchThread.pumpEventsForHierarchy(ILjava/awt/Conditional;Ljava/awt/Component;)V+11
j  java.awt.EventDispatchThread.pumpEvents(ILjava/awt/Conditional;)V+4
j  java.awt.EventDispatchThread.pumpEvents(Ljava/awt/Conditional;)V+3
j  java.awt.EventDispatchThread.run()V+9
v  ~StubRoutines::call_stub

---------------  P R O C E S S  ---------------

Java Threads: ( => current thread )
  0x6ad97000 JavaThread "File Watcher" daemon [_thread_in_native, id=4023, stack(0x6e30d000,0x6e35e000)]
  0x09c7fc00 JavaThread "Filter Auto-Refresh" daemon [_thread_blocked, id=4019, stack(0x6c61a000,0x6c66b000)]
  0x6c15d400 JavaThread "Filter Thread" daemon [_thread_blocked, id=4018, stack(0x6ff99000,0x6ffea000)]
  0x6c354c00 JavaThread "attribute-event-bus" daemon [_thread_blocked, id=4013, stack(0x6e35e000,0x6e3af000)]
  0x0a2ac400 JavaThread "graph-event-bus" daemon [_thread_blocked, id=4012, stack(0x6e3af000,0x6e400000)]
  0x0af0d800 JavaThread "DHNS View Destructor" daemon [_thread_blocked, id=4011, stack(0x6e463000,0x6e4b4000)]
  0x6c132000 JavaThread "SimpleFPSAnimator" daemon [_thread_blocked, id=4002, stack(0x6bd0d000,0x6bd5e000)]
  0x70461000 JavaThread "Timer-1" daemon [_thread_blocked, id=3995, stack(0x6bd5e000,0x6bdaf000)]
  0x6c1ad400 JavaThread "Dynamic Model EventDispatchThread" daemon [_thread_blocked, id=3994, stack(0x6bdaf000,0x6be00000)]
  0x701c8800 JavaThread "DestroyJavaVM" [_thread_blocked, id=3964, stack(0xb68f3000,0xb6944000)]
=>0x6e8f0800 JavaThread "AWT-EventQueue-1" [_thread_in_native, id=3988, stack(0x6c70d000,0x6c75e000)]
  0x6e8eec00 JavaThread "TimerQueue" daemon [_thread_blocked, id=3987, stack(0x6f9b9000,0x6fa0a000)]
  0x6e8eb800 JavaThread "Thread-2" daemon [_thread_blocked, id=3986, stack(0x6c75e000,0x6c7af000)]
  0x09f9c000 JavaThread "AWT-Shutdown" [_thread_blocked, id=3982, stack(0x6fab6000,0x6fb07000)]
  0x09e2d400 JavaThread "AWT-XAWT" daemon [_thread_blocked, id=3981, stack(0x6fb07000,0x6fb58000)]
  0x6fc0a400 JavaThread "Java2D Disposer" daemon [_thread_blocked, id=3980, stack(0x6fd15000,0x6fd66000)]
  0x701c4800 JavaThread "CLI Requests Server" daemon [_thread_in_native, id=3977, stack(0x7003b000,0x7008c000)]
  0x70455800 JavaThread "Active Reference Queue Daemon" daemon [_thread_blocked, id=3976, stack(0x70256000,0x702a7000)]
  0x7044f000 JavaThread "Timer-0" daemon [_thread_blocked, id=3975, stack(0x702a7000,0x702f8000)]
  0x70402400 JavaThread "Low Memory Detector" daemon [_thread_blocked, id=3973, stack(0x70509000,0x7055a000)]
  0x70400800 JavaThread "CompilerThread1" daemon [_thread_blocked, id=3972, stack(0x7037f000,0x70400000)]
  0x09d14000 JavaThread "CompilerThread0" daemon [_thread_blocked, id=3971, stack(0x7055a000,0x705db000)]
  0x09d12800 JavaThread "Signal Dispatcher" daemon [_thread_blocked, id=3970, stack(0x705db000,0x7062c000)]
  0x09d03c00 JavaThread "Finalizer" daemon [_thread_blocked, id=3969, stack(0x7082c000,0x7087d000)]
  0x09cff400 JavaThread "Reference Handler" daemon [_thread_blocked, id=3968, stack(0x7087d000,0x708ce000)]

Other Threads:
  0x09cfb800 VMThread [stack: 0x708ce000,0x7094f000] [id=3967]
  0x70404000 WatcherThread [stack: 0x702fe000,0x7037f000] [id=3974]

VM state:not at safepoint (normal execution)

VM Mutex/Monitor currently owned by a thread: None

Heap
 PSYoungGen      total 74880K, used 15959K [0x9ea50000, 0xa52f0000, 0xb37a0000)
  eden space 64000K, 12% used [0x9ea50000,0x9f2602b0,0xa28d0000)
  from space 10880K, 70% used [0xa2a60000,0xa31e5b88,0xa3500000)
  to   space 21568K, 0% used [0xa3de0000,0xa3de0000,0xa52f0000)
 PSOldGen        total 174784K, used 11739K [0x74fa0000, 0x7fa50000, 0x9ea50000)
  object space 174784K, 6% used [0x74fa0000,0x75b16f60,0x7fa50000)
 PSPermGen       total 37248K, used 37120K [0x70fa0000, 0x73400000, 0x74fa0000)
  object space 37248K, 99% used [0x70fa0000,0x733e0258,0x73400000)

Dynamic libraries:
08048000-08052000 r-xp 00000000 08:05 4469969    /usr/lib/jvm/java-6-sun-1.6.0.24/jre/bin/java
08052000-08053000 rwxp 00009000 08:05 4469969    /usr/lib/jvm/java-6-sun-1.6.0.24/jre/bin/java
09c78000-0ba42000 rwxp 00000000 00:00 0          [heap]
67600000-67695000 rwxp 00000000 00:00 0 
67695000-67700000 ---p 00000000 00:00 0 
67800000-678f9000 rwxp 00000000 00:00 0 
678f9000-67900000 ---p 00000000 00:00 0 
679df000-6a400000 rwxp 00000000 00:00 0 
6a400000-6a4ff000 rwxp 00000000 00:00 0 
6a4ff000-6a500000 ---p 00000000 00:00 0 
6a500000-6a5f1000 rwxp 00000000 00:00 0 
6a5f1000-6a600000 ---p 00000000 00:00 0 
6a600000-6a6f5000 rwxp 00000000 00:00 0 
6a6f5000-6a700000 ---p 00000000 00:00 0 
6a800000-6a900000 rwxp 00000000 00:00 0 
6a9cc000-6ac00000 rwxs 00000000 00:04 36536339   /SYSV00000000 (deleted)
6ac00000-6adff000 rwxp 00000000 00:00 0 
6adff000-6ae00000 ---p 00000000 00:00 0 
6ae00000-6aef9000 rwxp 00000000 00:00 0 
6aef9000-6af00000 ---p 00000000 00:00 0 
6af00000-6affc000 rwxp 00000000 00:00 0 
6affc000-6b000000 ---p 00000000 00:00 0 
6b000000-6b0f9000 rwxp 00000000 00:00 0 
6b0f9000-6b100000 ---p 00000000 00:00 0 
6b100000-6b1f9000 rwxp 00000000 00:00 0 
6b1f9000-6b200000 ---p 00000000 00:00 0 
6b200000-6b2fe000 rwxp 00000000 00:00 0 
6b2fe000-6b300000 ---p 00000000 00:00 0 
6b300000-6b3fe000 rwxp 00000000 00:00 0 
6b3fe000-6b400000 ---p 00000000 00:00 0 
6b400000-6b4e3000 rwxp 00000000 00:00 0 
6b4e3000-6b500000 ---p 00000000 00:00 0 
6b539000-6b5ff000 r-xp 00000000 08:05 4470045    /usr/lib/jvm/java-6-sun-1.6.0.24/jre/lib/i386/libmlib_image.so
6b5ff000-6b600000 rwxp 000c5000 08:05 4470045    /usr/lib/jvm/java-6-sun-1.6.0.24/jre/lib/i386/libmlib_image.so
6b600000-6b6fd000 rwxp 00000000 00:00 0 
6b6fd000-6b700000 ---p 00000000 00:00 0 
6b7a0000-6b800000 rwxs 00000000 00:04 36569108   /SYSV00000000 (deleted)
6b800000-6b8c3000 rwxp 00000000 00:00 0 
6b8c3000-6b900000 ---p 00000000 00:00 0 
6b900000-6b9ef000 rwxp 00000000 00:00 0 
6b9ef000-6ba00000 ---p 00000000 00:00 0 
6ba00000-6bafa000 rwxp 00000000 00:00 0 
6bafa000-6bb00000 ---p 00000000 00:00 0 
6bb00000-6bbd1000 rwxp 00000000 00:00 0 
6bbd1000-6bc00000 ---p 00000000 00:00 0 
6bc00000-6bcfa000 rwxp 00000000 00:00 0 
6bcfa000-6bd00000 ---p 00000000 00:00 0 
6bd0d000-6bd10000 ---p 00000000 00:00 0 
6bd10000-6bd5e000 rwxp 00000000 00:00 0 
6bd5e000-6bd61000 ---p 00000000 00:00 0 
6bd61000-6bdaf000 rwxp 00000000 00:00 0 
6bdaf000-6bdb2000 ---p 00000000 00:00 0 
6bdb2000-6be00000 rwxp 00000000 00:00 0 
6be00000-6bf00000 rwxp 00000000 00:00 0 
6bf0d000-6c0e8000 r-xp 00000000 08:05 4349249    /usr/lib/dri/libdricore.so
6c0e8000-6c0ee000 r-xp 001db000 08:05 4349249    /usr/lib/dri/libdricore.so
6c0ee000-6c0f0000 rwxp 001e1000 08:05 4349249    /usr/lib/dri/libdricore.so
6c0f0000-6c100000 rwxp 00000000 00:00 0 
6c100000-6c200000 rwxp 00000000 00:00 0 
6c210000-6c2fa000 r-xp 00000000 08:05 4349248    /usr/lib/dri/libglsl.so
6c2fa000-6c2fe000 r-xp 000ea000 08:05 4349248    /usr/lib/dri/libglsl.so
6c2fe000-6c2ff000 rwxp 000ee000 08:05 4349248    /usr/lib/dri/libglsl.so
6c2ff000-6c300000 rwxp 00000000 00:00 0 
6c300000-6c3ff000 rwxp 00000000 00:00 0 
6c3ff000-6c400000 ---p 00000000 00:00 0 
6c406000-6c4aa000 r-xp 00000000 08:05 4349235    /usr/lib/dri/i965_dri.so
6c4aa000-6c4ad000 r-xp 000a3000 08:05 4349235    /usr/lib/dri/i965_dri.so
6c4ad000-6c4af000 rwxp 000a6000 08:05 4349235    /usr/lib/dri/i965_dri.so
6c4af000-6c4b2000 ---p 00000000 00:00 0 
6c4b2000-6c500000 rwxp 00000000 00:00 0 
6c500000-6c5fe000 rwxp 00000000 00:00 0 
6c5fe000-6c600000 ---p 00000000 00:00 0 
6c609000-6c60f000 rwxs 00000000 00:04 36634646   /SYSV00000000 (deleted)
6c60f000-6c618000 r-xp 00000000 08:05 3539009    /lib/i386-linux-gnu/libdrm_intel.so.1.0.0
6c618000-6c619000 r-xp 00008000 08:05 3539009    /lib/i386-linux-gnu/libdrm_intel.so.1.0.0
6c619000-6c61a000 rwxp 00009000 08:05 3539009    /lib/i386-linux-gnu/libdrm_intel.so.1.0.0
6c61a000-6c61d000 ---p 00000000 00:00 0 
6c61d000-6c66b000 rwxp 00000000 00:00 0 
6c66b000-6c66e000 ---p 00000000 00:00 0 
6c66e000-6c6bc000 rwxp 00000000 00:00 0 
6c6bc000-6c6bf000 ---p 00000000 00:00 0 
6c6bf000-6c70d000 rwxp 00000000 00:00 0 
6c70d000-6c710000 ---p 00000000 00:00 0 
6c710000-6c75e000 rwxp 00000000 00:00 0 
6c75e000-6c761000 ---p 00000000 00:00 0 
6c761000-6c7af000 rwxp 00000000 00:00 0 
6c7af000-6c88a000 r-xp 00000000 08:05 920600     /home/daniel/gephi/gephibzr/gephi/build/cluster/modules/lib/linux-i586/libjogl.so
6c88a000-6c88b000 rwxp 000da000 08:05 920600     /home/daniel/gephi/gephibzr/gephi/build/cluster/modules/lib/linux-i586/libjogl.so
6c88b000-6c8a5000 r-xp 00000000 08:05 3539183    /lib/i386-linux-gnu/libgcc_s.so.1
6c8a5000-6c8a6000 r-xp 00019000 08:05 3539183    /lib/i386-linux-gnu/libgcc_s.so.1
6c8a6000-6c8a7000 rwxp 0001a000 08:05 3539183    /lib/i386-linux-gnu/libgcc_s.so.1
6c8a7000-6c986000 r-xp 00000000 08:05 4331457    /usr/lib/i386-linux-gnu/libstdc++.so.6.0.14
6c986000-6c98a000 r-xp 000de000 08:05 4331457    /usr/lib/i386-linux-gnu/libstdc++.so.6.0.14
6c98a000-6c98b000 rwxp 000e2000 08:05 4331457    /usr/lib/i386-linux-gnu/libstdc++.so.6.0.14
6c98b000-6c992000 rwxp 00000000 00:00 0 
6c992000-6c9db000 r-xp 00000000 08:05 4328243    /usr/lib/mesa/libGL.so.1.2
6c9db000-6c9dc000 ---p 00049000 08:05 4328243    /usr/lib/mesa/libGL.so.1.2
6c9dc000-6c9e1000 r-xp 00049000 08:05 4328243    /usr/lib/mesa/libGL.so.1.2
6c9e1000-6c9e7000 rwxp 0004e000 08:05 4328243    /usr/lib/mesa/libGL.so.1.2
6c9e7000-6c9e8000 rwxp 00000000 00:00 0 
6c9e9000-6c9ef000 rwxs 00000000 00:04 36601877   /SYSV00000000 (deleted)
6c9ef000-6c9f5000 r-xp 00000000 08:05 4470056    /usr/lib/jvm/java-6-sun-1.6.0.24/jre/lib/i386/libmanagement.so
6c9f5000-6c9f6000 rwxp 00005000 08:05 4470056    /usr/lib/jvm/java-6-sun-1.6.0.24/jre/lib/i386/libmanagement.so
6c9f6000-6c9fe000 r-xs 00115000 08:05 4470149    /usr/lib/jvm/java-6-sun-1.6.0.24/jre/lib/resources.jar
6c9fe000-6c9ff000 ---p 00000000 00:00 0 
6c9ff000-6d1ff000 rwxp 00000000 00:00 0 
6d1ff000-6d200000 ---p 00000000 00:00 0 
6d200000-6da00000 rwxp 00000000 00:00 0 
6da00000-6da15000 r-xp 00000000 08:05 4325840    /usr/lib/libdbusmenu-glib.so.3.0.14
6da15000-6da16000 r-xp 00014000 08:05 4325840    /usr/lib/libdbusmenu-glib.so.3.0.14
6da16000-6da17000 rwxp 00015000 08:05 4325840    /usr/lib/libdbusmenu-glib.so.3.0.14
6da17000-6da25000 r-xp 00000000 08:05 4326996    /usr/lib/libdbusmenu-gtk.so.3.0.14
6da25000-6da26000 r-xp 0000d000 08:05 4326996    /usr/lib/libdbusmenu-gtk.so.3.0.14
6da26000-6da27000 rwxp 0000e000 08:05 4326996    /usr/lib/libdbusmenu-gtk.so.3.0.14
6da27000-6da28000 r-xp 00000000 08:05 920601     /home/daniel/gephi/gephibzr/gephi/build/cluster/modules/lib/linux-i586/libjogl_awt.so
6da28000-6da29000 rwxp 00000000 08:05 920601     /home/daniel/gephi/gephibzr/gephi/build/cluster/modules/lib/linux-i586/libjogl_awt.so
6da29000-6da2a000 r-xp 00000000 08:05 4470022    /usr/lib/jvm/java-6-sun-1.6.0.24/jre/lib/i386/libjawt.so
6da2a000-6da2b000 rwxp 00000000 08:05 4470022    /usr/lib/jvm/java-6-sun-1.6.0.24/jre/lib/i386/libjawt.so
6da2b000-6da33000 r-xp 00000000 08:05 3539143    /lib/i386-linux-gnu/libdrm.so.2.4.0
6da33000-6da34000 r-xp 00007000 08:05 3539143    /lib/i386-linux-gnu/libdrm.so.2.4.0
6da34000-6da35000 rwxp 00008000 08:05 3539143    /lib/i386-linux-gnu/libdrm.so.2.4.0
6da35000-6da39000 r-xp 00000000 08:05 4329490    /usr/lib/i386-linux-gnu/libXxf86vm.so.1.0.0
6da39000-6da3a000 r-xp 00003000 08:05 4329490    /usr/lib/i386-linux-gnu/libXxf86vm.so.1.0.0
6da3a000-6da3b000 rwxp 00004000 08:05 4329490    /usr/lib/i386-linux-gnu/libXxf86vm.so.1.0.0
6da3b000-6da3c000 r-xp 00000000 08:05 920599     /home/daniel/gephi/gephibzr/gephi/build/cluster/modules/lib/linux-i586/libgluegen-rt.so
6da3c000-6da3d000 rwxp 00000000 08:05 920599     /home/daniel/gephi/gephibzr/gephi/build/cluster/modules/lib/linux-i586/libgluegen-rt.so
6da3d000-6da41000 r-xp 00000000 08:05 4339973    /usr/lib/gtk-2.0/2.10.0/menuproxies/libappmenu.so
6da41000-6da42000 r-xp 00003000 08:05 4339973    /usr/lib/gtk-2.0/2.10.0/menuproxies/libappmenu.so
6da42000-6da43000 rwxp 00004000 08:05 4339973    /usr/lib/gtk-2.0/2.10.0/menuproxies/libappmenu.so
6da43000-6da44000 r-xp 00000000 08:05 4331894    /usr/lib/gtk-2.0/2.10.0/immodules/im-cedilla.so
6da44000-6da45000 r-xp 00000000 08:05 4331894    /usr/lib/gtk-2.0/2.10.0/immodules/im-cedilla.so
6da45000-6da46000 rwxp 00001000 08:05 4331894    /usr/lib/gtk-2.0/2.10.0/immodules/im-cedilla.so
6da46000-6da95000 r-xp 00000000 08:05 5244500    /usr/share/fonts/truetype/ttf-dejavu/DejaVuSansMono.ttf
6da95000-6daed000 r-xp 00000000 08:05 5243956    /usr/share/fonts/truetype/ubuntu-font-family/Ubuntu-R.ttf
6daed000-6daef000 r-xp 00000000 08:05 4725402    /usr/lib/i386-linux-gnu/pango/1.6.0/modules/pango-basic-fc.so
6daef000-6daf0000 r-xp 00001000 08:05 4725402    /usr/lib/i386-linux-gnu/pango/1.6.0/modules/pango-basic-fc.so
6daf0000-6daf1000 rwxp 00002000 08:05 4725402    /usr/lib/i386-linux-gnu/pango/1.6.0/modules/pango-basic-fc.so
6daf1000-6daf7000 r-xs 00000000 08:05 1576020    /var/cache/fontconfig/945677eb7aeaf62f1d50efc3fb3ec7d8-le32d4.cache-3
6daf7000-6daf9000 r-xs 00000000 08:05 1575744    /var/cache/fontconfig/99e8ed0e538f840c565b6ed5dad60d56-le32d4.cache-3
6daf9000-6dafc000 r-xs 00000000 08:05 1576002    /var/cache/fontconfig/e383d7ea5fbe662a33d9b44caf393297-le32d4.cache-3
6dafc000-6db01000 r-xs 00000000 08:05 1575986    /var/cache/fontconfig/401a5dd6b567794a1d18dd9342dfa604-le32d4.cache-3
6db01000-6db05000 r-xs 00000000 08:05 1575788    /var/cache/fontconfig/a755afe4a08bf5b97852ceb7400b47bc-le32d4.cache-3
6db05000-6db09000 r-xs 00000000 08:05 1575915    /var/cache/fontconfig/515ca1ebc4b18308bea979be5704f9db-le32d4.cache-3
6db09000-6db10000 r-xs 00000000 08:05 1575886    /var/cache/fontconfig/6d41288fd70b0be22e8c3a91e032eec0-le32d4.cache-3
6db10000-6db1b000 r-xs 00000000 08:05 1575845    /var/cache/fontconfig/0f34bcd4b6ee430af32735b75db7f02b-le32d4.cache-3
6db1b000-6db3d000 r-xs 00000000 08:05 1575808    /var/cache/fontconfig/365b55f210c0a22e9a19e35191240f32-le32d4.cache-3
6db3d000-6db45000 r-xs 00000000 08:05 1575802    /var/cache/fontconfig/d52a8644073d54c13679302ca1180695-le32d4.cache-3
6db45000-6db53000 r-xs 00000000 08:05 1575126    /var/cache/fontconfig/e13b20fdb08344e0e664864cc2ede53d-le32d4.cache-3
6db53000-6db61000 r-xs 00000000 08:05 1576043    /var/cache/fontconfig/865f88548240fee46819705c6468c165-le32d4.cache-3
6db61000-6db79000 r-xs 00000000 08:05 1579274    /var/cache/fontconfig/165b9254a84ccada37e340049ffc8b30-le32d4.cache-3
6db79000-6db87000 r-xs 00679000 08:05 4469899    /usr/lib/jvm/java-6-sun-1.6.0.24/jre/lib/charsets.jar
6dc23000-6dc38000 rwxs 00000000 00:04 37781565   /SYSV00000000 (deleted)
6dc38000-6dc4d000 rwxs 00000000 00:04 37748796   /SYSV00000000 (deleted)
6dc4d000-6dc50000 rwxs 00000000 00:04 37716027   /SYSV00000000 (deleted)
6dc50000-6dc56000 rwxs 00000000 00:04 37683258   /SYSV00000000 (deleted)
6dc56000-6dc5c000 rwxs 00000000 00:04 37650489   /SYSV00000000 (deleted)
6dc5c000-6dc5f000 rwxs 00000000 00:04 37617720   /SYSV00000000 (deleted)
6dc5f000-6df00000 rwxp 00000000 00:00 0 
6e000000-6e0fe000 rwxp 00000000 00:00 0 
6e0fe000-6e100000 ---p 00000000 00:00 0 
6e100000-6e1fc000 rwxp 00000000 00:00 0 
6e1fc000-6e200000 ---p 00000000 00:00 0 
6e200000-6e201000 r-xs 00000000 08:05 1575980    /var/cache/fontconfig/26de28bc8622bbc1fb67fd234c21975f-le32d4.cache-3
6e203000-6e204000 rwxs 2287a000 00:05 8064       /dev/dri/card0
6e204000-6e224000 rwxs 229c9000 00:05 8064       /dev/dri/card0
6e224000-6e228000 rwxs 22876000 00:05 8064       /dev/dri/card0
6e228000-6e248000 rwxs 2294c000 00:05 8064       /dev/dri/card0
6e248000-6e24e000 rwxs 00000000 00:04 37584951   /SYSV00000000 (deleted)
6e24e000-6e255000 rwxs 00000000 00:04 37552182   /SYSV00000000 (deleted)
6e255000-6e25c000 rwxs 00000000 00:04 37519413   /SYSV00000000 (deleted)
6e25c000-6e274000 rwxs 00000000 00:04 37486643   /SYSV00000000 (deleted)
6e274000-6e279000 rwxs 00000000 00:04 37453874   /SYSV00000000 (deleted)
6e279000-6e2bc000 rwxs 00000000 00:04 37290029   /SYSV00000000 (deleted)
6e2bc000-6e2bf000 ---p 00000000 00:00 0 
6e2bf000-6e30d000 rwxp 00000000 00:00 0 
6e30d000-6e310000 ---p 00000000 00:00 0 
6e310000-6e35e000 rwxp 00000000 00:00 0 
6e35e000-6e361000 ---p 00000000 00:00 0 
6e361000-6e3af000 rwxp 00000000 00:00 0 
6e3af000-6e3b2000 ---p 00000000 00:00 0 
6e3b2000-6e400000 rwxp 00000000 00:00 0 
6e400000-6e401000 r-xs 00000000 08:05 1576028    /var/cache/fontconfig/c05880de57d1f5e948fdfacc138775d9-le32d4.cache-3
6e401000-6e405000 r-xs 00000000 08:05 1575958    /var/cache/fontconfig/926e794c3d5e5dffcaf2fa83ef8d36c2-le32d4.cache-3
6e406000-6e410000 rwxs 00000000 00:04 37421105   /SYSV00000000 (deleted)
6e410000-6e415000 rwxs 00000000 00:04 37060644   /SYSV00000000 (deleted)
6e415000-6e41b000 rwxs 00000000 00:04 37027875   /SYSV00000000 (deleted)
6e41b000-6e430000 rwxs 00000000 00:04 36995106   /SYSV00000000 (deleted)
6e430000-6e445000 rwxs 00000000 00:04 36962337   /SYSV00000000 (deleted)
6e445000-6e448000 rwxs 00000000 00:04 36929568   /SYSV00000000 (deleted)
6e448000-6e44b000 rwxs 00000000 00:04 36896798   /SYSV00000000 (deleted)
6e44b000-6e452000 rwxs 00000000 00:04 36864029   /SYSV00000000 (deleted)
6e452000-6e459000 rwxs 00000000 00:04 36831260   /SYSV00000000 (deleted)
6e459000-6e45e000 rwxs 00000000 00:04 36798491   /SYSV00000000 (deleted)
6e45e000-6e463000 rwxs 00000000 00:04 36765722   /SYSV00000000 (deleted)
6e463000-6e466000 ---p 00000000 00:00 0 
6e466000-6e4b4000 rwxp 00000000 00:00 0 
6e4b4000-6e4b7000 ---p 00000000 00:00 0 
6e4b7000-6e505000 rwxp 00000000 00:00 0 
6e505000-6e508000 ---p 00000000 00:00 0 
6e508000-6e556000 rwxp 00000000 00:00 0 
6e556000-6e559000 ---p 00000000 00:00 0 
6e559000-6e5a7000 rwxp 00000000 00:00 0 
6e5a7000-6e5af000 rwxs 22944000 00:05 8064       /dev/dri/card0
6e5af000-6e5b2000 ---p 00000000 00:00 0 
6e5b2000-6e600000 rwxp 00000000 00:00 0 
6e600000-6e6fe000 rwxp 00000000 00:00 0 
6e6fe000-6e700000 ---p 00000000 00:00 0 
6e700000-6e702000 r-xs 00000000 08:05 1575983    /var/cache/fontconfig/2cd17615ca594fa2959ae173292e504c-le32d4.cache-3
6e702000-6e703000 r-xs 00000000 08:05 1575740    /var/cache/fontconfig/e7071f4a29fa870f4323321c154eba04-le32d4.cache-3
6e703000-6e706000 r-xs 00000000 08:05 1575945    /var/cache/fontconfig/6eb3985aa4124903f6ff08ba781cd364-le32d4.cache-3
6e707000-6e70f000 rwxs 2293c000 00:05 8064       /dev/dri/card0
6e70f000-6e717000 rwxs 22934000 00:05 8064       /dev/dri/card0
6e717000-6e71f000 rwxs 2292c000 00:05 8064       /dev/dri/card0
6e71f000-6e723000 rwxs 22920000 00:05 8064       /dev/dri/card0
6e724000-6e727000 rwxs 00000000 00:04 37388336   /SYSV00000000 (deleted)
6e727000-6e72a000 rwxs 00000000 00:04 37355567   /SYSV00000000 (deleted)
6e72a000-6e730000 rwxs 00000000 00:04 37322798   /SYSV00000000 (deleted)
6e730000-6e773000 rwxs 00000000 00:04 37257260   /SYSV00000000 (deleted)
6e773000-6e788000 rwxs 00000000 00:04 37224488   /SYSV00000000 (deleted)
6e788000-6e79d000 rwxs 00000000 00:04 37191719   /SYSV00000000 (deleted)
6e79d000-6e7a1000 rwxs 22998000 00:05 8064       /dev/dri/card0
6e7a1000-6e7f5000 r-xp 00000000 08:05 4470041    /usr/lib/jvm/java-6-sun-1.6.0.24/jre/lib/i386/libcmm.so
6e7f5000-6e7f8000 rwxp 00054000 08:05 4470041    /usr/lib/jvm/java-6-sun-1.6.0.24/jre/lib/i386/libcmm.so
6e7f8000-6e7fb000 rwxs 00000000 00:04 37158950   /SYSV00000000 (deleted)
6e7fb000-6e800000 rwxs 00000000 00:04 37126169   /SYSV00000000 (deleted)
6e800000-6e900000 rwxp 00000000 00:00 0 
6e900000-6e902000 r-xs 00000000 08:05 1576599    /var/cache/fontconfig/b5ea634b0fb353b8ea17632d1f9ef766-le32d4.cache-3
6e902000-6e915000 r-xp 00000000 08:05 2756512    /tmp/jna4725027530609400149.tmp
6e915000-6e916000 rwxp 00013000 08:05 2756512    /tmp/jna4725027530609400149.tmp
6e916000-6e92b000 r-xp 00000000 08:05 4470039    /usr/lib/jvm/java-6-sun-1.6.0.24/jre/lib/i386/libdcpr.so
6e92b000-6e93e000 rwxp 00014000 08:05 4470039    /usr/lib/jvm/java-6-sun-1.6.0.24/jre/lib/i386/libdcpr.so
6e93e000-6e957000 rwxs 00000000 00:04 36700184   /SYSV00000000 (deleted)
6e957000-6e95c000 r-xp 00000000 08:05 4328876    /usr/lib/libogg.so.0.7.0
6e95c000-6e95d000 r-xp 00004000 08:05 4328876    /usr/lib/libogg.so.0.7.0
6e95d000-6e95e000 rwxp 00005000 08:05 4328876    /usr/lib/libogg.so.0.7.0
6e95e000-6e983000 r-xp 00000000 08:05 4329115    /usr/lib/libvorbis.so.0.4.5
6e983000-6e984000 r-xp 00025000 08:05 4329115    /usr/lib/libvorbis.so.0.4.5
6e984000-6e985000 rwxp 00026000 08:05 4329115    /usr/lib/libvorbis.so.0.4.5
6e985000-6e98c000 r-xp 00000000 08:05 4327081    /usr/lib/libltdl.so.7.2.1
6e98c000-6e98d000 r-xp 00006000 08:05 4327081    /usr/lib/libltdl.so.7.2.1
6e98d000-6e98e000 rwxp 00007000 08:05 4327081    /usr/lib/libltdl.so.7.2.1
6e98e000-6e99d000 r-xp 00000000 08:05 4326562    /usr/lib/libtdb.so.1.2.9
6e99d000-6e99e000 r-xp 0000e000 08:05 4326562    /usr/lib/libtdb.so.1.2.9
6e99e000-6e99f000 rwxp 0000f000 08:05 4326562    /usr/lib/libtdb.so.1.2.9
6e99f000-6e9a6000 r-xp 00000000 08:05 4329060    /usr/lib/libvorbisfile.so.3.3.4
6e9a6000-6e9a7000 r-xp 00006000 08:05 4329060    /usr/lib/libvorbisfile.so.3.3.4
6e9a7000-6e9a8000 rwxp 00007000 08:05 4329060    /usr/lib/libvorbisfile.so.3.3.4
6e9a8000-6e9b0000 rwxs 22924000 00:05 8064       /dev/dri/card0
6e9b0000-6ea05000 rwxs 00000000 00:04 36667415   /SYSV00000000 (deleted)
6ea05000-6ea19000 r-xp 00000000 08:05 4326695    /usr/lib/gtk-2.0/modules/libglobalmenu-plugin.so
6ea19000-6ea1a000 r-xp 00013000 08:05 4326695    /usr/lib/gtk-2.0/modules/libglobalmenu-plugin.so
6ea1a000-6ea1b000 rwxp 00014000 08:05 4326695    /usr/lib/gtk-2.0/modules/libglobalmenu-plugin.so
6ea1b000-6ea48000 r-xp 00000000 08:05 4325876    /usr/lib/gtk-2.0/2.10.0/engines/libmurrine.so
6ea48000-6ea49000 r-xp 0002c000 08:05 4325876    /usr/lib/gtk-2.0/2.10.0/engines/libmurrine.so
6ea49000-6ea4a000 rwxp 0002d000 08:05 4325876    /usr/lib/gtk-2.0/2.10.0/engines/libmurrine.so
6ea4a000-6ea58000 r-xp 00000000 08:05 4326490    /usr/lib/libcanberra.so.0.2.5
6ea58000-6ea59000 r-xp 0000d000 08:05 4326490    /usr/lib/libcanberra.so.0.2.5
6ea59000-6ea5a000 rwxp 0000e000 08:05 4326490    /usr/lib/libcanberra.so.0.2.5
6ea5a000-6ea5d000 r-xp 00000000 08:05 4329344    /usr/lib/libcanberra-gtk.so.0.1.8
6ea5d000-6ea5e000 r-xp 00002000 08:05 4329344    /usr/lib/libcanberra-gtk.so.0.1.8
6ea5e000-6ea5f000 rwxp 00003000 08:05 4329344    /usr/lib/libcanberra-gtk.so.0.1.8
6ea5f000-6ea60000 r-xs 00000000 08:05 1575924    /var/cache/fontconfig/4c73fe0c47614734b17d736dbde7580a-le32d4.cache-3
6ea60000-6ea63000 r-xs 00000000 08:05 1575843    /var/cache/fontconfig/d60319d88cac85ba9e1a07bd06cfbb8c-le32d4.cache-3
6ea63000-6ea66000 rwxs 00000000 00:04 37093413   /SYSV00000000 (deleted)
6ea66000-6ea67000 rwxs 22875000 00:05 8064       /dev/dri/card0
6ea67000-6ea68000 rwxs 22874000 00:05 8064       /dev/dri/card0
6ea68000-6ea69000 rwxs 22873000 00:05 8064       /dev/dri/card0
6ea69000-6ea6a000 rwxs 22872000 00:05 8064       /dev/dri/card0
6ea6a000-6ea6b000 rwxp 00000000 00:00 0 
6ea6b000-6ea72000 r-xp 00000000 08:05 4328482    /usr/lib/gtk-2.0/2.10.0/engines/libpixmap.so
6ea72000-6ea73000 ---p 00007000 08:05 4328482    /usr/lib/gtk-2.0/2.10.0/engines/libpixmap.so
6ea73000-6ea74000 r-xp 00007000 08:05 4328482    /usr/lib/gtk-2.0/2.10.0/engines/libpixmap.so
6ea74000-6ea75000 rwxp 00008000 08:05 4328482    /usr/lib/gtk-2.0/2.10.0/engines/libpixmap.so
6ea75000-6ea9b000 r-xp 00000000 08:05 3538983    /lib/i386-linux-gnu/libexpat.so.1.5.2
6ea9b000-6ea9c000 ---p 00026000 08:05 3538983    /lib/i386-linux-gnu/libexpat.so.1.5.2
6ea9c000-6ea9e000 r-xp 00026000 08:05 3538983    /lib/i386-linux-gnu/libexpat.so.1.5.2
6ea9e000-6ea9f000 rwxp 00028000 08:05 3538983    /lib/i386-linux-gnu/libexpat.so.1.5.2
6ea9f000-6eab8000 r-xp 00000000 08:05 3538994    /lib/i386-linux-gnu/libselinux.so.1
6eab8000-6eab9000 r-xp 00018000 08:05 3538994    /lib/i386-linux-gnu/libselinux.so.1
6eab9000-6eaba000 rwxp 00019000 08:05 3538994    /lib/i386-linux-gnu/libselinux.so.1
6eaba000-6eacb000 r-xp 00000000 08:05 3542500    /lib/i386-linux-gnu/libresolv-2.13.so
6eacb000-6eacc000 r-xp 00010000 08:05 3542500    /lib/i386-linux-gnu/libresolv-2.13.so
6eacc000-6eacd000 rwxp 00011000 08:05 3542500    /lib/i386-linux-gnu/libresolv-2.13.so
6eacd000-6eacf000 rwxp 00000000 00:00 0 
6eacf000-6eb0c000 r-xp 00000000 08:05 3539185    /lib/i386-linux-gnu/libpcre.so.3.12.1
6eb0c000-6eb0d000 r-xp 0003c000 08:05 3539185    /lib/i386-linux-gnu/libpcre.so.3.12.1
6eb0d000-6eb0e000 rwxp 0003d000 08:05 3539185    /lib/i386-linux-gnu/libpcre.so.3.12.1
6eb0e000-6eb21000 r-xp 00000000 08:05 3538986    /lib/i386-linux-gnu/libz.so.1.2.3.4
6eb21000-6eb22000 r-xp 00012000 08:05 3538986    /lib/i386-linux-gnu/libz.so.1.2.3.4
6eb22000-6eb23000 rwxp 00013000 08:05 3538986    /lib/i386-linux-gnu/libz.so.1.2.3.4
6eb23000-6eb29000 r-xp 00000000 08:05 4325996    /usr/lib/i386-linux-gnu/libxcb-render.so.0.0.0
6eb29000-6eb2a000 r-xp 00005000 08:05 4325996    /usr/lib/i386-linux-gnu/libxcb-render.so.0.0.0
6eb2a000-6eb2b000 rwxp 00006000 08:05 4325996    /usr/lib/i386-linux-gnu/libxcb-render.so.0.0.0
6eb2b000-6eb2d000 r-xp 00000000 08:05 4326159    /usr/lib/i386-linux-gnu/libxcb-shm.so.0.0.0
6eb2d000-6eb2e000 r-xp 00001000 08:05 4326159    /usr/lib/i386-linux-gnu/libxcb-shm.so.0.0.0
6eb2e000-6eb2f000 rwxp 00002000 08:05 4326159    /usr/lib/i386-linux-gnu/libxcb-shm.so.0.0.0
6eb2f000-6eb52000 r-xp 00000000 08:05 3539147    /lib/i386-linux-gnu/libpng12.so.0.44.0
6eb52000-6eb53000 r-xp 00022000 08:05 3539147    /lib/i386-linux-gnu/libpng12.so.0.44.0
6eb53000-6eb54000 rwxp 00023000 08:05 3539147    /lib/i386-linux-gnu/libpng12.so.0.44.0
6eb54000-6ebbb000 r-xp 00000000 08:05 4326388    /usr/lib/libpixman-1.so.0.20.2
6ebbb000-6ebbc000 ---p 00067000 08:05 4326388    /usr/lib/libpixman-1.so.0.20.2
6ebbc000-6ebbf000 r-xp 00067000 08:05 4326388    /usr/lib/libpixman-1.so.0.20.2
6ebbf000-6ebc0000 rwxp 0006a000 08:05 4326388    /usr/lib/libpixman-1.so.0.20.2
6ebc0000-6ebc6000 r-xp 00000000 08:05 4333381    /usr/lib/i386-linux-gnu/libXrandr.so.2.2.0
6ebc6000-6ebc7000 r-xp 00005000 08:05 4333381    /usr/lib/i386-linux-gnu/libXrandr.so.2.2.0
6ebc7000-6ebc8000 rwxp 00006000 08:05 4333381    /usr/lib/i386-linux-gnu/libXrandr.so.2.2.0
6ebc8000-6ebca000 r-xp 00000000 08:05 4333368    /usr/lib/i386-linux-gnu/libXinerama.so.1.0.0
6ebca000-6ebcb000 r-xp 00001000 08:05 4333368    /usr/lib/i386-linux-gnu/libXinerama.so.1.0.0
6ebcb000-6ebcc000 rwxp 00002000 08:05 4333368    /usr/lib/i386-linux-gnu/libXinerama.so.1.0.0
6ebcc000-6eca1000 r-xp 00000000 08:05 3539080    /lib/i386-linux-gnu/libglib-2.0.so.0.2800.6
6eca1000-6eca2000 r-xp 000d4000 08:05 3539080    /lib/i386-linux-gnu/libglib-2.0.so.0.2800.6
6eca2000-6eca3000 rwxp 000d5000 08:05 3539080    /lib/i386-linux-gnu/libglib-2.0.so.0.2800.6
6eca3000-6eca6000 r-xp 00000000 08:05 4332911    /usr/lib/i386-linux-gnu/libgthread-2.0.so.0.2800.6
6eca6000-6eca7000 r-xp 00003000 08:05 4332911    /usr/lib/i386-linux-gnu/libgthread-2.0.so.0.2800.6
6eca7000-6eca8000 rwxp 00004000 08:05 4332911    /usr/lib/i386-linux-gnu/libgthread-2.0.so.0.2800.6
6eca8000-6ecaa000 r-xp 00000000 08:05 4332910    /usr/lib/i386-linux-gnu/libgmodule-2.0.so.0.2800.6
6ecaa000-6ecab000 r-xp 00002000 08:05 4332910    /usr/lib/i386-linux-gnu/libgmodule-2.0.so.0.2800.6
6ecab000-6ecac000 rwxp 00003000 08:05 4332910    /usr/lib/i386-linux-gnu/libgmodule-2.0.so.0.2800.6
6ecac000-6ecf1000 r-xp 00000000 08:05 4328915    /usr/lib/i386-linux-gnu/libgobject-2.0.so.0.2800.6
6ecf1000-6ecf2000 r-xp 00044000 08:05 4328915    /usr/lib/i386-linux-gnu/libgobject-2.0.so.0.2800.6
6ecf2000-6ecf3000 rwxp 00045000 08:05 4328915    /usr/lib/i386-linux-gnu/libgobject-2.0.so.0.2800.6
6ecf3000-6ed20000 r-xp 00000000 08:05 4325572    /usr/lib/i386-linux-gnu/libfontconfig.so.1.4.4
6ed20000-6ed21000 r-xp 0002c000 08:05 4325572    /usr/lib/i386-linux-gnu/libfontconfig.so.1.4.4
6ed21000-6ed22000 rwxp 0002d000 08:05 4325572    /usr/lib/i386-linux-gnu/libfontconfig.so.1.4.4
6ed22000-6eda3000 r-xp 00000000 08:05 4325689    /usr/lib/i386-linux-gnu/libfreetype.so.6.6.2
6eda3000-6eda7000 r-xp 00080000 08:05 4325689    /usr/lib/i386-linux-gnu/libfreetype.so.6.6.2
6eda7000-6eda8000 rwxp 00084000 08:05 4325689    /usr/lib/i386-linux-gnu/libfreetype.so.6.6.2
6eda8000-6ede6000 r-xp 00000000 08:05 4325711    /usr/lib/i386-linux-gnu/libpango-1.0.so.0.2800.4
6ede6000-6ede7000 r-xp 0003e000 08:05 4325711    /usr/lib/i386-linux-gnu/libpango-1.0.so.0.2800.4
6ede7000-6ede8000 rwxp 0003f000 08:05 4325711    /usr/lib/i386-linux-gnu/libpango-1.0.so.0.2800.4
6ede8000-6ee0d000 r-xp 00000000 08:05 4325713    /usr/lib/i386-linux-gnu/libpangoft2-1.0.so.0.2800.4
6ee0d000-6ee0e000 ---p 00025000 08:05 4325713    /usr/lib/i386-linux-gnu/libpangoft2-1.0.so.0.2800.4
6ee0e000-6ee0f000 r-xp 00025000 08:05 4325713    /usr/lib/i386-linux-gnu/libpangoft2-1.0.so.0.2800.4
6ee0f000-6ee10000 rwxp 00026000 08:05 4325713    /usr/lib/i386-linux-gnu/libpangoft2-1.0.so.0.2800.4
6ee10000-6ef0e000 r-xp 00000000 08:05 4332912    /usr/lib/i386-linux-gnu/libgio-2.0.so.0.2800.6
6ef0e000-6ef0f000 ---p 000fe000 08:05 4332912    /usr/lib/i386-linux-gnu/libgio-2.0.so.0.2800.6
6ef0f000-6ef11000 r-xp 000fe000 08:05 4332912    /usr/lib/i386-linux-gnu/libgio-2.0.so.0.2800.6
6ef11000-6ef12000 rwxp 00100000 08:05 4332912    /usr/lib/i386-linux-gnu/libgio-2.0.so.0.2800.6
6ef12000-6ef13000 rwxp 00000000 00:00 0 
6ef13000-6ef2e000 r-xp 00000000 08:05 4326627    /usr/lib/libgdk_pixbuf-2.0.so.0.2300.3
6ef2e000-6ef2f000 r-xp 0001a000 08:05 4326627    /usr/lib/libgdk_pixbuf-2.0.so.0.2300.3
6ef2f000-6ef30000 rwxp 0001b000 08:05 4326627    /usr/lib/libgdk_pixbuf-2.0.so.0.2300.3
6ef30000-6efde000 r-xp 00000000 08:05 4326380    /usr/lib/libcairo.so.2.11000.2
6efde000-6efdf000 ---p 000ae000 08:05 4326380    /usr/lib/libcairo.so.2.11000.2
6efdf000-6efe0000 r-xp 000ae000 08:05 4326380    /usr/lib/libcairo.so.2.11000.2
6efe0000-6efe1000 rwxp 000af000 08:05 4326380    /usr/lib/libcairo.so.2.11000.2
6efe1000-6efe3000 rwxp 00000000 00:00 0 
6efe3000-6effc000 r-xp 00000000 08:05 4326135    /usr/lib/i386-linux-gnu/libatk-1.0.so.0.9.1
6effc000-6effd000 ---p 00019000 08:05 4326135    /usr/lib/i386-linux-gnu/libatk-1.0.so.0.9.1
6effd000-6effe000 r-xp 00019000 08:05 4326135    /usr/lib/i386-linux-gnu/libatk-1.0.so.0.9.1
6effe000-6efff000 rwxp 0001a000 08:05 4326135    /usr/lib/i386-linux-gnu/libatk-1.0.so.0.9.1
6efff000-6f001000 r-xp 00000000 08:05 4333357    /usr/lib/i386-linux-gnu/libXdamage.so.1.1.0
6f001000-6f002000 r-xp 00001000 08:05 4333357    /usr/lib/i386-linux-gnu/libXdamage.so.1.1.0
6f002000-6f003000 rwxp 00002000 08:05 4333357    /usr/lib/i386-linux-gnu/libXdamage.so.1.1.0
6f003000-6f005000 r-xp 00000000 08:05 4333341    /usr/lib/i386-linux-gnu/libXcomposite.so.1.0.0
6f005000-6f006000 r-xp 00001000 08:05 4333341    /usr/lib/i386-linux-gnu/libXcomposite.so.1.0.0
6f006000-6f007000 rwxp 00002000 08:05 4333341    /usr/lib/i386-linux-gnu/libXcomposite.so.1.0.0
6f007000-6f011000 r-xp 00000000 08:05 4325712    /usr/lib/i386-linux-gnu/libpangocairo-1.0.so.0.2800.4
6f011000-6f012000 r-xp 00009000 08:05 4325712    /usr/lib/i386-linux-gnu/libpangocairo-1.0.so.0.2800.4
6f012000-6f013000 rwxp 0000a000 08:05 4325712    /usr/lib/i386-linux-gnu/libpangocairo-1.0.so.0.2800.4
6f013000-6f0a8000 r-xp 00000000 08:05 4349290    /usr/lib/libgdk-x11-2.0.so.0.2400.4
6f0a8000-6f0a9000 ---p 00095000 08:05 4349290    /usr/lib/libgdk-x11-2.0.so.0.2400.4
6f0a9000-6f0ab000 r-xp 00095000 08:05 4349290    /usr/lib/libgdk-x11-2.0.so.0.2400.4
6f0ab000-6f0ac000 rwxp 00097000 08:05 4349290    /usr/lib/libgdk-x11-2.0.so.0.2400.4
6f0ac000-6f47d000 r-xp 00000000 08:05 4331892    /usr/lib/libgtk-x11-2.0.so.0.2400.4
6f47d000-6f481000 r-xp 003d0000 08:05 4331892    /usr/lib/libgtk-x11-2.0.so.0.2400.4
6f481000-6f483000 rwxp 003d4000 08:05 4331892    /usr/lib/libgtk-x11-2.0.so.0.2400.4
6f483000-6f485000 rwxp 00000000 00:00 0 
6f485000-6f486000 r-xs 00000000 08:05 1575918    /var/cache/fontconfig/0d8c3b2ac0904cb8a57a757ad11a4a08-le32d4.cache-3
6f486000-6f487000 r-xs 00000000 08:05 1575917    /var/cache/fontconfig/6a53c69dea097a2d716e069445527da8-le32d4.cache-3
6f487000-6f488000 r-xs 00000000 08:05 1575697    /var/cache/fontconfig/4794a0821666d79190d59a36cb4f44b5-le32d4.cache-3
6f488000-6f48b000 r-xs 00000000 08:05 1576598    /var/cache/fontconfig/7ef2298fde41cc6eeb7af42e48b7d293-le32d4.cache-3
6f48b000-6f48f000 r-xp 00000000 08:05 4327695    /usr/lib/gtk-2.0/modules/libcanberra-gtk-module.so
6f48f000-6f490000 r-xp 00003000 08:05 4327695    /usr/lib/gtk-2.0/modules/libcanberra-gtk-module.so
6f490000-6f491000 rwxp 00004000 08:05 4327695    /usr/lib/gtk-2.0/modules/libcanberra-gtk-module.so
6f491000-6f499000 r-xp 00000000 08:05 4325660    /usr/lib/liboverlay-scrollbar-0.1.so.0.0.12
6f499000-6f49a000 r-xp 00007000 08:05 4325660    /usr/lib/liboverlay-scrollbar-0.1.so.0.0.12
6f49a000-6f49b000 rwxp 00008000 08:05 4325660    /usr/lib/liboverlay-scrollbar-0.1.so.0.0.12
6f49b000-6f49e000 r-xs 0002c000 08:05 922550     /home/daniel/gephi/gephibzr/gephi/build/cluster/modules/org-gephi-branding-desktop.jar
6f49e000-6f49f000 r-xs 0000c000 08:05 921072     /home/daniel/gephi/gephibzr/gephi/build/cluster/modules/org-gephi-clustering-plugin.jar
6f49f000-6f4a1000 r-xs 00018000 08:05 921519     /home/daniel/gephi/gephibzr/gephi/build/cluster/modules/org-gephi-data-attributes.jar
6f4a1000-6f4ac000 r-xs 000b1000 08:05 922532     /home/daniel/gephi/gephibzr/gephi/build/cluster/modules/org-gephi-datalab-plugin.jar
6f4ac000-6f4ae000 r-xs 00013000 08:05 922515     /home/daniel/gephi/gephibzr/gephi/build/cluster/modules/org-gephi-desktop-clustering.jar
6f4ae000-6f4af000 r-xs 00003000 08:05 921032     /home/daniel/gephi/gephibzr/gephi/build/cluster/modules/org-gephi-clustering-api.jar
6f4af000-6f4b1000 r-xs 0000a000 08:05 922485     /home/daniel/gephi/gephibzr/gephi/build/cluster/modules/org-gephi-desktop-context.jar
6f4b1000-6f4b3000 r-xs 00003000 08:05 922526     /home/daniel/gephi/gephibzr/gephi/build/cluster/modules/ext/spark-1.2.jar
6f4b3000-6f4b7000 r-xs 00053000 08:05 922524     /home/daniel/gephi/gephibzr/gephi/build/cluster/modules/org-gephi-desktop-datalab.jar
6f4b7000-6f4ba000 r-xs 00029000 08:05 921759     /home/daniel/gephi/gephibzr/gephi/build/cluster/modules/org-gephi-desktop-filters.jar
6f4ba000-6f4bb000 r-xs 00005000 08:05 921745     /home/daniel/gephi/gephibzr/gephi/build/cluster/modules/org-gephi-desktop-generate.jar
6f4bb000-6f4bd000 r-xs 00012000 08:05 922553     /home/daniel/gephi/gephibzr/gephi/build/cluster/modules/org-gephi-desktop-hierarchy.jar
6f4bd000-6f4c0000 r-xs 0001a000 08:05 921807     /home/daniel/gephi/gephibzr/gephi/build/cluster/modules/org-gephi-desktop-importer.jar
6f4c0000-6f4c2000 r-xs 00012000 08:05 922540     /home/daniel/gephi/gephibzr/gephi/build/cluster/modules/org-gephi-desktop-layout.jar
6f4c2000-6f4c4000 r-xs 00010000 08:05 921817     /home/daniel/gephi/gephibzr/gephi/build/cluster/modules/org-gephi-desktop-partition.jar
6f4c4000-6f4c7000 r-xs 0001a000 08:05 922557     /home/daniel/gephi/gephibzr/gephi/build/cluster/modules/org-gephi-desktop-preview.jar
6f4c7000-6f4c9000 r-xs 00017000 08:05 921791     /home/daniel/gephi/gephibzr/gephi/build/cluster/modules/org-gephi-desktop-io-export.jar
6f4c9000-6f4ca000 r-xs 00002000 08:05 920699     /home/daniel/gephi/gephibzr/gephi/build/cluster/modules/org-gephi-desktop-progress.jar
6f4ca000-6f4cd000 r-xs 00020000 08:05 921814     /home/daniel/gephi/gephibzr/gephi/build/cluster/modules/org-gephi-desktop-ranking.jar
6f4cd000-6f4cf000 r-xs 00002000 08:05 921752     /home/daniel/gephi/gephibzr/gephi/build/cluster/modules/org-gephi-desktop-recentfiles.jar
6f4cf000-6f4d0000 r-xs 00008000 08:05 921749     /home/daniel/gephi/gephibzr/gephi/build/cluster/modules/org-gephi-desktop-spigot.jar
6f4d0000-6f4d1000 r-xs 00010000 08:05 922496     /home/daniel/gephi/gephibzr/gephi/build/cluster/modules/org-gephi-desktop-statistics.jar
6f4d1000-6f4d3000 r-xs 00026000 08:05 922565     /home/daniel/gephi/gephibzr/gephi/build/cluster/modules/org-gephi-desktop-timeline.jar
6f4d3000-6f4d5000 r-xs 00011000 08:05 922518     /home/daniel/gephi/gephibzr/gephi/build/cluster/modules/org-gephi-desktop-tools.jar
6f4d5000-6f4d7000 r-xs 00119000 08:05 922521     /home/daniel/gephi/gephibzr/gephi/build/cluster/modules/org-gephi-desktop-welcome.jar
6f4d7000-6f4d8000 r-xs 0000e000 08:05 922478     /home/daniel/gephi/gephibzr/gephi/build/cluster/modules/org-gephi-dynamic.jar
6f4d8000-6f4da000 r-xs 00014000 08:05 921599     /home/daniel/gephi/gephibzr/gephi/build/cluster/modules/org-gephi-filters.jar
6f4da000-6f4de000 r-xs 0005f000 08:05 921547     /home/daniel/gephi/gephibzr/gephi/build/cluster/modules/org-gephi-graph-dhns.jar
6f4de000-6f4e3000 r-xs 0004a000 08:05 921268     /home/daniel/gephi/gephibzr/gephi/build/cluster/modules/org-gephi-layout-plugin.jar
6f4e3000-6f4e5000 r-xs 00008000 08:05 921075     /home/daniel/gephi/gephibzr/gephi/build/cluster/modules/org-gephi-layout-api.jar
6f4e5000-6f4e7000 r-xs 00007000 08:05 920649     /home/daniel/gephi/gephibzr/gephi/build/cluster/modules/org-gephi-newslider.jar
6f4e7000-6f4ea000 r-xs 00040000 08:05 921611     /home/daniel/gephi/gephibzr/gephi/build/cluster/modules/org-gephi-preview.jar
6f4ea000-6f4ed000 r-xs 00036000 08:05 920622     /home/daniel/gephi/gephibzr/gephi/build/cluster/modules/ext/core.jar
6f4ed000-6f4ee000 r-xs 00001000 08:05 920620     /home/daniel/gephi/gephibzr/gephi/build/cluster/modules/org-gephi-lib-processing.jar
6f4ee000-6f4f2000 r-xs 00037000 08:05 922537     /home/daniel/gephi/gephibzr/gephi/build/cluster/modules/org-gephi-tools-plugin.jar
6f4f2000-6f4f4000 r-xs 00010000 08:05 921734     /home/daniel/gephi/gephibzr/gephi/build/cluster/modules/org-gephi-desktop-perspective.jar
6f4f4000-6f4f5000 r-xs 00005000 08:05 921214     /home/daniel/gephi/gephibzr/gephi/build/cluster/modules/org-gephi-algorithms.jar
6f4f5000-6f4f8000 r-xs 00017000 08:05 921696     /home/daniel/gephi/gephibzr/gephi/build/cluster/modules/ext/TimingFramework-1.0.jar
6f4f8000-6f4fa000 r-xs 0001e000 08:05 921684     /home/daniel/gephi/gephibzr/gephi/build/cluster/modules/org-gephi-ui-components-SplineEditor.jar
6f4fa000-6f4fc000 r-xs 00012000 08:05 921188     /home/daniel/gephi/gephibzr/gephi/build/cluster/modules/org-gephi-ui-exporter-plugin.jar
6f4fc000-6f4fe000 r-xs 0001f000 08:05 921183     /home/daniel/gephi/gephibzr/gephi/build/cluster/modules/org-gephi-io-exporter-plugin.jar
6f4fe000-6f501000 r-xs 0001d000 08:05 920626     /home/daniel/gephi/gephibzr/gephi/build/cluster/modules/ext/stax-utils.jar
6f501000-6f502000 r-xs 00001000 08:05 920624     /home/daniel/gephi/gephibzr/gephi/build/cluster/modules/org-gephi-lib-staxutils.jar
6f502000-6f503000 r-xs 0000c000 08:05 921676     /home/daniel/gephi/gephibzr/gephi/build/cluster/modules/org-gephi-ui-exporter-preview.jar
6f503000-6f505000 r-xs 0000d000 08:05 920714     /home/daniel/gephi/gephibzr/gephi/build/cluster/modules/org-gephi-io-exporter-preview.jar
6f505000-6f507000 r-xs 00008000 08:05 920653     /home/daniel/gephi/gephibzr/gephi/build/cluster/modules/org-gephi-preview-api.jar
6f507000-6f509000 r-xs 00005000 08:05 920707     /home/daniel/gephi/gephibzr/gephi/build/cluster/modules/org-gephi-io-exporter-api.jar
6f509000-6f50d000 r-xs 00038000 08:05 919846     /home/daniel/gephi/gephibzr/gephi/build/cluster/modules/ext/batik-gvt.jar
6f50d000-6f50f000 r-xs 00010000 08:05 919847     /home/daniel/gephi/gephibzr/gephi/build/cluster/modules/ext/batik-parser.jar
6f50f000-6f512000 r-xs 0001d000 08:05 919851     /home/daniel/gephi/gephibzr/gephi/build/cluster/modules/ext/batik-util.jar
6f512000-6f51d000 r-xs 000ad000 08:05 919853     /home/daniel/gephi/gephibzr/gephi/build/cluster/modules/ext/pdf-transcoder.jar
6f51d000-6f520000 r-xs 00015000 08:05 919840     /home/daniel/gephi/gephibzr/gephi/build/cluster/modules/ext/batik-anim.jar
6f520000-6f52d000 r-xs 00087000 08:05 919849     /home/daniel/gephi/gephibzr/gephi/build/cluster/modules/ext/batik-svg-dom.jar
6f52d000-6f532000 r-xs 00010000 08:05 919854     /home/daniel/gephi/gephibzr/gephi/build/cluster/modules/ext/xml-apis-ext.jar
6f532000-6f53c000 r-xs 00080000 08:05 919842     /home/daniel/gephi/gephibzr/gephi/build/cluster/modules/ext/batik-bridge.jar
6f53c000-6f53e000 r-xs 0001c000 08:05 919850     /home/daniel/gephi/gephibzr/gephi/build/cluster/modules/ext/batik-transcoder.jar
6f53e000-6f53f000 r-xs 00002000 08:05 919845     /home/daniel/gephi/gephibzr/gephi/build/cluster/modules/ext/batik-ext.jar
6f53f000-6f543000 r-xs 00027000 08:05 919844     /home/daniel/gephi/gephibzr/gephi/build/cluster/modules/ext/batik-dom.jar
6f543000-6f54b000 r-xs 00045000 08:05 919843     /home/daniel/gephi/gephibzr/gephi/build/cluster/modules/ext/batik-css.jar
6f54b000-6f54c000 r-xs 00007000 08:05 919852     /home/daniel/gephi/gephibzr/gephi/build/cluster/modules/ext/batik-xml.jar
6f54c000-6f54f000 r-xs 0000d000 08:05 919848     /home/daniel/gephi/gephibzr/gephi/build/cluster/modules/ext/batik-script.jar
6f54f000-6f556000 r-xs 0005c000 08:05 919841     /home/daniel/gephi/gephibzr/gephi/build/cluster/modules/ext/batik-awt-util.jar
6f556000-6f558000 r-xs 00001000 08:05 919838     /home/daniel/gephi/gephibzr/gephi/build/cluster/modules/org-gephi-lib-batik.jar
6f558000-6f565000 r-xs 00162000 08:05 920565     /home/daniel/gephi/gephibzr/gephi/build/cluster/modules/ext/iText-5.0.1.jar
6f565000-6f566000 r-xs 00001000 08:05 920563     /home/daniel/gephi/gephibzr/gephi/build/cluster/modules/org-gephi-lib-itext.jar
6f566000-6f569000 r-xs 00024000 08:05 922499     /home/daniel/gephi/gephibzr/gephi/build/cluster/modules/org-gephi-ui-filters-plugin.jar
6f569000-6f56d000 r-xs 00042000 08:05 922474     /home/daniel/gephi/gephibzr/gephi/build/cluster/modules/org-gephi-filters-plugin.jar
6f56d000-6f56e000 r-xs 00003000 08:05 921572     /home/daniel/gephi/gephibzr/gephi/build/cluster/modules/org-gephi-timeline.jar
6f56e000-6f570000 r-xs 00007000 08:05 921560     /home/daniel/gephi/gephibzr/gephi/build/cluster/modules/org-gephi-filters-api.jar
6f570000-6f571000 r-xs 00003000 08:05 921235     /home/daniel/gephi/gephibzr/gephi/build/cluster/modules/org-gephi-ui-generator-plugin.jar
6f571000-6f572000 r-xs 00004000 08:05 921230     /home/daniel/gephi/gephibzr/gephi/build/cluster/modules/org-gephi-io-generator-plugin.jar
6f572000-6f573000 r-xs 00002000 08:05 921226     /home/daniel/gephi/gephibzr/gephi/build/cluster/modules/org-gephi-io-generator-api.jar
6f573000-6f574000 r-xs 0000e000 08:05 921660     /home/daniel/gephi/gephibzr/gephi/build/cluster/modules/org-gephi-ui-importer-plugin.jar
6f574000-6f577000 r-xs 00049000 08:05 921271     /home/daniel/gephi/gephibzr/gephi/build/cluster/modules/org-gephi-io-importer-plugin.jar
6f577000-6f57a000 r-xs 0000e000 08:05 922544     /home/daniel/gephi/gephibzr/gephi/build/cluster/modules/org-gephi-ui-partition-plugin.jar
6f57a000-6f57c000 r-xs 00003000 08:05 921537     /home/daniel/gephi/gephibzr/gephi/build/cluster/modules/org-gephi-partition-plugin.jar
6f57c000-6f57e000 r-xs 00011000 08:05 921527     /home/daniel/gephi/gephibzr/gephi/build/cluster/modules/org-gephi-partition-api.jar
6f57e000-6f57f000 r-xs 00009000 08:05 921668     /home/daniel/gephi/gephibzr/gephi/build/cluster/modules/org-gephi-ui-processor-plugin.jar
6f57f000-6f581000 r-xs 0000c000 08:05 921579     /home/daniel/gephi/gephibzr/gephi/build/cluster/modules/org-gephi-io-processor-plugin.jar
6f581000-6f588000 r-xs 00094000 08:05 920522     /home/daniel/gephi/gephibzr/gephi/build/cluster/modules/ext/beansbinding-1.2.1.jar
6f588000-6f589000 r-xs 00001000 08:05 920520     /home/daniel/gephi/gephibzr/gephi/build/cluster/modules/org-gephi-lib-beansbinding.jar
6f589000-6f58b000 r-xs 00003000 08:05 920718     /home/daniel/gephi/gephibzr/gephi/build/cluster/modules/org-gephi-ui-project.jar
6f58b000-6f58d000 r-xs 00005000 08:05 921263     /home/daniel/gephi/gephibzr/gephi/build/cluster/modules/org-gephi-ui-propertyeditor.jar
6f58d000-6f58f000 r-xs 0000d000 08:05 922502     /home/daniel/gephi/gephibzr/gephi/build/cluster/modules/org-gephi-ui-ranking-plugin.jar
6f58f000-6f591000 r-xs 0001c000 08:05 921217     /home/daniel/gephi/gephibzr/gephi/build/cluster/modules/org-gephi-ranking-api.jar
6f591000-6f593000 r-xs 0001a000 08:05 921780     /home/daniel/gephi/gephibzr/gephi/build/cluster/modules/org-gephi-ui-spigot-plugin.jar
6f593000-6f595000 r-xs 00010000 08:05 921239     /home/daniel/gephi/gephibzr/gephi/build/cluster/modules/org-gephi-io-spigot-plugin.jar
6f595000-6f596000 r-xs 00004000 08:05 920573     /home/daniel/gephi/gephibzr/gephi/build/cluster/modules/ext/dsn.jar
6f596000-6f59b000 r-xs 00039000 08:05 920576     /home/daniel/gephi/gephibzr/gephi/build/cluster/modules/ext/mailapi.jar
6f59b000-6f59c000 r-xs 00008000 08:05 920577     /home/daniel/gephi/gephibzr/gephi/build/cluster/modules/ext/pop3.jar
6f59c000-6f59d000 r-xs 0000a000 08:05 920578     /home/daniel/gephi/gephibzr/gephi/build/cluster/modules/ext/smtp.jar
6f59d000-6f5a0000 r-xs 00028000 08:05 920574     /home/daniel/gephi/gephibzr/gephi/build/cluster/modules/ext/imap.jar
6f5a0000-6f5a7000 r-xs 0006a000 08:05 920575     /home/daniel/gephi/gephibzr/gephi/build/cluster/modules/ext/mail.jar
6f5a7000-6f5a9000 r-xs 00000000 08:05 920571     /home/daniel/gephi/gephibzr/gephi/build/cluster/modules/org-gephi-lib-javamail.jar
6f5a9000-6f5ac000 r-xs 0001c000 08:05 920582     /home/daniel/gephi/gephibzr/gephi/build/cluster/modules/ext/jcalendar-1.3.3.jar
6f5ac000-6f5b4000 r-xs 00052000 08:05 920583     /home/daniel/gephi/gephibzr/gephi/build/cluster/modules/ext/looks-2.0.1.jar
6f5b4000-6f5b6000 r-xs 00000000 08:05 920580     /home/daniel/gephi/gephibzr/gephi/build/cluster/modules/org-gephi-lib-jcalendar.jar
6f5b6000-6f5b8000 r-xs 00021000 08:05 922481     /home/daniel/gephi/gephibzr/gephi/build/cluster/modules/org-gephi-ui-statistics-plugin.jar
6f5b8000-6f5ba000 r-xs 00021000 08:05 922469     /home/daniel/gephi/gephibzr/gephi/build/cluster/modules/org-gephi-statistics-plugin.jar
6f5ba000-6f5bb000 r-xs 0000b000 08:05 921179     /home/daniel/gephi/gephibzr/gephi/build/cluster/modules/org-gephi-statistics-api.jar
6f5bb000-6f5bd000 r-xs 00009000 08:05 922528     /home/daniel/gephi/gephibzr/gephi/build/cluster/modules/org-gephi-ui-workspace.jar
6f5bd000-6f5c8000 r-xs 000e0000 08:05 922508     /home/daniel/gephi/gephibzr/gephi/build/cluster/modules/org-gephi-visualization.jar
6f5c8000-6f5ca000 r-xs 0000a000 08:05 921740     /home/daniel/gephi/gephibzr/gephi/build/cluster/modules/org-gephi-desktop-project.jar
6f5ca000-6f5cb000 r-xs 00002000 08:05 919784     /home/daniel/gephi/gephibzr/gephi/build/cluster/modules/org-gephi-desktop-mrufiles-api.jar
6f5cb000-6f5ce000 r-xs 00023000 08:05 921222     /home/daniel/gephi/gephibzr/gephi/build/cluster/modules/org-gephi-io-importer-api.jar
6f5ce000-6f5d5000 r-xs 000a7000 08:05 919820     /home/daniel/gephi/gephibzr/gephi/build/cluster/modules/ext/mysql-connector-java-5.1.7-bin.jar
6f5d5000-6f5da000 r-xs 0006d000 08:05 919822     /home/daniel/gephi/gephibzr/gephi/build/cluster/modules/ext/sqljdbc4.jar
6f5da000-6f5e0000 r-xs 00077000 08:05 919821     /home/daniel/gephi/gephibzr/gephi/build/cluster/modules/ext/postgresql-8.4-701.jdbc4.jar
6f5e0000-6f5e4000 r-xs 00024000 08:05 920554     /home/daniel/gephi/gephibzr/gephi/build/cluster/modules/ext/commons-compress-1.1.jar
6f5e4000-6f5e6000 r-xs 0000a000 08:05 922491     /home/daniel/gephi/gephibzr/gephi/build/cluster/modules/ext/FontChooser.jar
6f5e6000-6f5e8000 r-xs 00011000 08:05 922492     /home/daniel/gephi/gephibzr/gephi/build/cluster/modules/ext/MigLayout-3.7.1.jar
6f5e8000-6f5eb000 r-xs 0002c000 08:05 922493     /home/daniel/gephi/gephibzr/gephi/build/cluster/modules/ext/colorchooser.jar
6f5eb000-6f5f0000 r-xs 00055000 08:05 922489     /home/daniel/gephi/gephibzr/gephi/build/cluster/modules/org-gephi-ui-components.jar
6f5f0000-6f5f2000 r-xs 0000d000 08:05 920541     /home/daniel/gephi/gephibzr/gephi/build/cluster/modules/ext/commons-codec-1.4.jar
6f5f2000-6f600000 r-xs 00090000 08:05 920558     /home/daniel/gephi/gephibzr/gephi/build/cluster/modules/ext/flamingo.jar
6f600000-6f6f9000 rwxp 00000000 00:00 0 
6f6f9000-6f700000 ---p 00000000 00:00 0 
6f700000-6f701000 r-xs 00003000 08:05 919817     /home/daniel/gephi/gephibzr/gephi/build/cluster/modules/org-gephi-io-database-drivers.jar
6f701000-6f702000 r-xs 00001000 08:05 920556     /home/daniel/gephi/gephibzr/gephi/build/cluster/modules/org-gephi-lib-flamingo.jar
6f702000-6f70e000 r-xs 00081000 08:05 920690     /home/daniel/gephi/gephibzr/gephi/build/cluster/modules/ext/google-collect-1.0.jar
6f70e000-6f71d000 r-xs 000ba000 08:05 920691     /home/daniel/gephi/gephibzr/gephi/build/cluster/modules/ext/trove-2.1.0.jar
6f71d000-6f71f000 r-xs 00009000 08:05 920688     /home/daniel/gephi/gephibzr/gephi/build/cluster/modules/org-gephi-utils-collection.jar
6f71f000-6f72a000 r-xs 00108000 08:05 920590     /home/daniel/gephi/gephibzr/gephi/build/cluster/modules/ext/jogl.jar
6f72a000-6f72b000 r-xs 00004000 08:05 920589     /home/daniel/gephi/gephibzr/gephi/build/cluster/modules/ext/gluegen-rt.jar
6f72b000-6f72d000 r-xs 00004000 08:05 920587     /home/daniel/gephi/gephibzr/gephi/build/cluster/modules/org-gephi-lib-jogl.jar
6f72d000-6f72f000 r-xs 0000f000 08:05 920560     /home/daniel/gephi/gephibzr/gephi/build/cluster/modules/org-gephi-lib-gleem.jar
6f72f000-6f731000 r-xs 0000d000 08:05 921726     /home/daniel/gephi/gephibzr/gephi/build/cluster/modules/org-gephi-ui-utils.jar
6f731000-6f735000 r-xs 0003e000 08:05 920630     /home/daniel/gephi/gephibzr/gephi/build/cluster/modules/ext/ValidationAPI.jar
6f735000-6f736000 r-xs 00003000 08:05 920628     /home/daniel/gephi/gephibzr/gephi/build/cluster/modules/org-gephi-lib-validation.jar
6f736000-6f738000 r-xs 00002000 08:05 921078     /home/daniel/gephi/gephibzr/gephi/build/cluster/modules/org-gephi-tools-api.jar
6f738000-6f739000 r-xs 00003000 08:05 921589     /home/daniel/gephi/gephibzr/gephi/build/cluster/modules/org-gephi-visualization-api.jar
6f739000-6f73c000 r-xs 00024000 08:05 921513     /home/daniel/gephi/gephibzr/gephi/build/cluster/modules/org-gephi-datalab-api.jar
6f73c000-6f73d000 r-xs 00008000 08:05 921173     /home/daniel/gephi/gephibzr/gephi/build/cluster/modules/org-gephi-dynamic-api.jar
6f73d000-6f740000 r-xs 00030000 08:05 921169     /home/daniel/gephi/gephibzr/gephi/build/cluster/modules/org-gephi-data-attributes-api.jar
6f740000-6f741000 r-xs 00007000 08:05 920657     /home/daniel/gephi/gephibzr/gephi/build/cluster/modules/org-gephi-utils.jar
6f741000-6f743000 r-xs 00002000 08:05 920569     /home/daniel/gephi/gephibzr/gephi/build/cluster/modules/ext/javacsv.jar
6f743000-6f744000 r-xs 00001000 08:05 920567     /home/daniel/gephi/gephibzr/gephi/build/cluster/modules/org-gephi-lib-javacsv.jar
6f744000-6f746000 r-xs 00007000 08:05 920721     /home/daniel/gephi/gephibzr/gephi/build/cluster/modules/org-gephi-graph-api.jar
6f746000-6f748000 r-xs 00014000 08:05 920703     /home/daniel/gephi/gephibzr/gephi/build/cluster/modules/org-gephi-project-api.jar
6f748000-6f749000 r-xs 00006000 08:05 920694     /home/daniel/gephi/gephibzr/gephi/build/cluster/modules/org-gephi-utils-longtask.jar
6f749000-6f74f000 r-xs 00031000 08:05 921652     /home/daniel/gephi/gephibzr/gephi/build/cluster/modules/ext/swingx-beaninfo-1.6.1.jar
6f74f000-6f76a000 r-xs 00139000 08:05 921650     /home/daniel/gephi/gephibzr/gephi/build/cluster/modules/ext/swingx-1.6.1.jar
6f76a000-6f76b000 r-xs 00001000 08:05 921646     /home/daniel/gephi/gephibzr/gephi/build/cluster/modules/org-jdesktop-swingx.jar
6f76b000-6f77c000 r-xs 0014c000 08:05 921714     /home/daniel/gephi/gephibzr/gephi/build/cluster/modules/ext/jfreechart-1.0.13.jar
6f77c000-6f77e000 r-xs 00013000 08:05 921716     /home/daniel/gephi/gephibzr/gephi/build/cluster/modules/ext/orson-0.5.0.jar
6f77e000-6f784000 r-xs 00046000 08:05 921712     /home/daniel/gephi/gephibzr/gephi/build/cluster/modules/ext/jcommon-1.0.16.jar
6f784000-6f785000 r-xs 00000000 08:05 921700     /home/daniel/gephi/gephibzr/gephi/build/cluster/modules/org-jfree.jar
6f785000-6f794000 r-xs 00074000 08:05 922562     /home/daniel/gephi/gephibzr/gephi/build/cluster/modules/ext/joda-time-1.6.jar
6f794000-6f795000 r-xs 00000000 08:05 922560     /home/daniel/gephi/gephibzr/gephi/build/cluster/modules/org-joda-time.jar
6f795000-6f797000 r-xs 00008000 08:05 919547     /home/daniel/netbeans-7.0/platform/modules/org-netbeans-core-io-ui.jar
6f797000-6f7a0000 r-xs 000ba000 08:05 1051086    /home/daniel/netbeans-7.0/platform/modules/ext/platform-3.2.7.jar
6f7a0000-6f7a1000 r-xs 00001000 08:05 919425     /home/daniel/netbeans-7.0/platform/modules/org-netbeans-core-nativeaccess.jar
6f7a1000-6f7a6000 r-xs 00062000 08:05 919574     /home/daniel/netbeans-7.0/platform/modules/org-netbeans-core-ui.jar
6f7a6000-6f7a7000 r-xs 00000000 08:05 918433     /home/daniel/gephi/gephibzr/gephi/build/cluster/modules/locale/org-netbeans-core-windows_gephi.jar
6f7a7000-6f7b3000 r-xs 001b9000 08:05 919518     /home/daniel/netbeans-7.0/platform/modules/org-netbeans-core-windows.jar
6f7b3000-6f7b9000 r-xs 00034000 08:05 1053531    /home/daniel/netbeans-7.0/platform/modules/ext/junit-4.8.2.jar
6f7b9000-6f7ba000 r-xs 00000000 08:05 919650     /home/daniel/netbeans-7.0/platform/modules/org-netbeans-libs-junit4.jar
6f7ba000-6f7c2000 r-xs 000e2000 08:05 919355     /home/daniel/netbeans-7.0/platform/modules/org-netbeans-modules-autoupdate-ui.jar
6f7c2000-6f7c4000 r-xs 00039000 08:05 1051095    /home/daniel/netbeans-7.0/platform/modules/ext/updater.jar
6f7c4000-6f7c9000 r-xs 000ab000 08:05 919267     /home/daniel/netbeans-7.0/platform/modules/org-netbeans-modules-autoupdate-services.jar
6f7c9000-6f7cb000 r-xs 0000b000 08:05 919226     /home/daniel/netbeans-7.0/platform/modules/org-netbeans-modules-editor-mimelookup-impl.jar
6f7cb000-6f7ce000 r-xs 00032000 08:05 919427     /home/daniel/netbeans-7.0/platform/modules/org-netbeans-modules-favorites.jar
6f7ce000-6f7d0000 r-xs 0000f000 08:05 919368     /home/daniel/netbeans-7.0/platform/modules/org-netbeans-modules-keyring-impl.jar
6f7d0000-6f7d6000 r-xs 00070000 08:05 919446     /home/daniel/netbeans-7.0/platform/modules/org-netbeans-modules-masterfs.jar
6f7d6000-6f7da000 r-xs 000e3000 08:05 1051091    /home/daniel/netbeans-7.0/platform/modules/ext/jna-3.2.7.jar
6f7da000-6f7dc000 r-xs 00000000 08:05 919568     /home/daniel/netbeans-7.0/platform/modules/org-netbeans-libs-jna.jar
6f7dc000-6f7e0000 r-xs 0004b000 08:05 919340     /home/daniel/netbeans-7.0/platform/modules/org-netbeans-modules-options-keymap.jar
6f7e0000-6f7e5000 r-xs 00061000 08:05 919389     /home/daniel/netbeans-7.0/platform/modules/org-netbeans-modules-options-api.jar
6f7e5000-6f7eb000 r-xs 0008f000 08:05 919604     /home/daniel/netbeans-7.0/platform/modules/org-netbeans-core.jar
6f7eb000-6f7ed000 r-xs 00001000 08:05 919474     /home/daniel/netbeans-7.0/platform/modules/org-netbeans-modules-keyring.jar
6f7ed000-6f7f1000 r-xs 0003e000 08:05 919507     /home/daniel/netbeans-7.0/platform/modules/org-netbeans-modules-print.jar
6f7f1000-6f7f3000 r-xs 0001f000 08:05 919391     /home/daniel/netbeans-7.0/platform/modules/org-netbeans-modules-progress-ui.jar
6f7f3000-6f7f5000 r-xs 00011000 08:05 919447     /home/daniel/netbeans-7.0/platform/modules/org-netbeans-modules-sendopts.jar
6f7f5000-6f7f7000 r-xs 0003e000 08:05 919450     /home/daniel/netbeans-7.0/platform/modules/org-netbeans-modules-settings.jar
6f7f7000-6f800000 r-xs 0013a000 08:05 919588     /home/daniel/netbeans-7.0/platform/modules/org-openide-loaders.jar
6f800000-6f8fd000 rwxp 00000000 00:00 0 
6f8fd000-6f900000 ---p 00000000 00:00 0 
6f900000-6f901000 r-xs 00000000 08:05 920552     /home/daniel/gephi/gephibzr/gephi/build/cluster/modules/org-gephi-lib-commonscompress.jar
6f901000-6f904000 r-xs 00022000 08:05 919475     /home/daniel/netbeans-7.0/platform/modules/org-netbeans-spi-quicksearch.jar
6f904000-6f905000 r-xs 00002000 08:05 919353     /home/daniel/netbeans-7.0/platform/modules/org-netbeans-api-annotations-common.jar
6f905000-6f908000 r-xs 0002a000 08:05 922568     /home/daniel/gephi/gephibzr/gephi/build/cluster/modules/org-netbeans-swing-dirchooser.jar
6f908000-6f993000 rwxs 00000000 00:04 36503567   /SYSV00000000 (deleted)
6f993000-6f9b9000 rwxs 00000000 00:04 36470798   /SYSV00000000 (deleted)
6f9b9000-6f9bc000 ---p 00000000 00:00 0 
6f9bc000-6fa0a000 rwxp 00000000 00:00 0 
6fa0a000-6fa0b000 r-xs 00000000 08:05 1575980    /var/cache/fontconfig/26de28bc8622bbc1fb67fd234c21975f-le32d4.cache-3
6fa0b000-6fa0c000 r-xs 00000000 08:05 1576028    /var/cache/fontconfig/c05880de57d1f5e948fdfacc138775d9-le32d4.cache-3
6fa0c000-6fa12000 r-xs 00000000 08:05 1576020    /var/cache/fontconfig/945677eb7aeaf62f1d50efc3fb3ec7d8-le32d4.cache-3
6fa12000-6fa14000 r-xs 00000000 08:05 1575744    /var/cache/fontconfig/99e8ed0e538f840c565b6ed5dad60d56-le32d4.cache-3
6fa14000-6fa17000 r-xs 00000000 08:05 1576002    /var/cache/fontconfig/e383d7ea5fbe662a33d9b44caf393297-le32d4.cache-3
6fa17000-6fa1c000 r-xs 00000000 08:05 1575986    /var/cache/fontconfig/401a5dd6b567794a1d18dd9342dfa604-le32d4.cache-3
6fa1c000-6fa1e000 r-xs 00000000 08:05 1575983    /var/cache/fontconfig/2cd17615ca594fa2959ae173292e504c-le32d4.cache-3
6fa1e000-6fa1f000 r-xs 00000000 08:05 1575740    /var/cache/fontconfig/e7071f4a29fa870f4323321c154eba04-le32d4.cache-3
6fa1f000-6fa21000 r-xs 00000000 08:05 1576599    /var/cache/fontconfig/b5ea634b0fb353b8ea17632d1f9ef766-le32d4.cache-3
6fa21000-6fa25000 r-xs 00000000 08:05 1575958    /var/cache/fontconfig/926e794c3d5e5dffcaf2fa83ef8d36c2-le32d4.cache-3
6fa25000-6fa28000 r-xs 00000000 08:05 1575945    /var/cache/fontconfig/6eb3985aa4124903f6ff08ba781cd364-le32d4.cache-3
6fa28000-6fa29000 r-xs 00000000 08:05 1575924    /var/cache/fontconfig/4c73fe0c47614734b17d736dbde7580a-le32d4.cache-3
6fa29000-6fa2a000 r-xs 00000000 08:05 1575918    /var/cache/fontconfig/0d8c3b2ac0904cb8a57a757ad11a4a08-le32d4.cache-3
6fa2a000-6fa2b000 r-xs 00000000 08:05 1575917    /var/cache/fontconfig/6a53c69dea097a2d716e069445527da8-le32d4.cache-3
6fa2b000-6fa2f000 r-xs 00000000 08:05 1575788    /var/cache/fontconfig/a755afe4a08bf5b97852ceb7400b47bc-le32d4.cache-3
6fa2f000-6fa33000 r-xs 00000000 08:05 1575915    /var/cache/fontconfig/515ca1ebc4b18308bea979be5704f9db-le32d4.cache-3
6fa33000-6fa3a000 r-xs 00000000 08:05 1575886    /var/cache/fontconfig/6d41288fd70b0be22e8c3a91e032eec0-le32d4.cache-3
6fa3a000-6fa45000 r-xs 00000000 08:05 1575845    /var/cache/fontconfig/0f34bcd4b6ee430af32735b75db7f02b-le32d4.cache-3
6fa45000-6fa48000 r-xs 00000000 08:05 1575843    /var/cache/fontconfig/d60319d88cac85ba9e1a07bd06cfbb8c-le32d4.cache-3
6fa48000-6fa49000 r-xs 00000000 08:05 1575697    /var/cache/fontconfig/4794a0821666d79190d59a36cb4f44b5-le32d4.cache-3
6fa49000-6fa6b000 r-xs 00000000 08:05 1575808    /var/cache/fontconfig/365b55f210c0a22e9a19e35191240f32-le32d4.cache-3
6fa6b000-6fa73000 r-xs 00000000 08:05 1575802    /var/cache/fontconfig/d52a8644073d54c13679302ca1180695-le32d4.cache-3
6fa73000-6fa81000 r-xs 00000000 08:05 1575126    /var/cache/fontconfig/e13b20fdb08344e0e664864cc2ede53d-le32d4.cache-3
6fa81000-6fa99000 r-xs 00000000 08:05 1579274    /var/cache/fontconfig/165b9254a84ccada37e340049ffc8b30-le32d4.cache-3
6fa99000-6fa9c000 r-xs 00032000 08:05 919589     /home/daniel/netbeans-7.0/platform/modules/org-openide-actions.jar
6fa9c000-6faa9000 r-xs 0019d000 08:05 919573     /home/daniel/netbeans-7.0/platform/modules/org-openide-explorer.jar
6faa9000-6fab6000 r-xs 000de000 08:05 919449     /home/daniel/netbeans-7.0/platform/modules/org-netbeans-swing-tabcontrol.jar
6fab6000-6fab9000 ---p 00000000 00:00 0 
6fab9000-6fb07000 rwxp 00000000 00:00 0 
6fb07000-6fb0a000 ---p 00000000 00:00 0 
6fb0a000-6fb58000 rwxp 00000000 00:00 0 
6fb58000-6fb60000 r-xp 00000000 08:05 4333346    /usr/lib/i386-linux-gnu/libXcursor.so.1.0.2
6fb60000-6fb61000 r-xp 00007000 08:05 4333346    /usr/lib/i386-linux-gnu/libXcursor.so.1.0.2
6fb61000-6fb62000 rwxp 00008000 08:05 4333346    /usr/lib/i386-linux-gnu/libXcursor.so.1.0.2
6fb62000-6fb66000 r-xs 0005f000 08:05 919609     /home/daniel/netbeans-7.0/platform/modules/org-openide-text.jar
6fb66000-6fb68000 r-xs 0000b000 08:05 919314     /home/daniel/netbeans-7.0/platform/modules/org-netbeans-modules-editor-mimelookup.jar
6fb68000-6fb6a000 r-xs 00025000 08:05 919587     /home/daniel/netbeans-7.0/platform/modules/org-openide-windows.jar
6fb6a000-6fb6f000 r-xs 00080000 08:05 919605     /home/daniel/netbeans-7.0/platform/modules/org-openide-nodes.jar
6fb6f000-6fb71000 r-xs 0002e000 08:05 919590     /home/daniel/netbeans-7.0/platform/modules/org-openide-dialogs.jar
6fb71000-6fb73000 r-xs 00010000 08:05 919523     /home/daniel/netbeans-7.0/platform/modules/org-netbeans-api-progress.jar
6fb73000-6fb78000 r-xs 00085000 08:05 919613     /home/daniel/netbeans-7.0/platform/modules/org-openide-awt.jar
6fb78000-6fbf1000 r-xp 00000000 08:05 4470066    /usr/lib/jvm/java-6-sun-1.6.0.24/jre/lib/i386/libfontmanager.so
6fbf1000-6fbfb000 rwxp 00078000 08:05 4470066    /usr/lib/jvm/java-6-sun-1.6.0.24/jre/lib/i386/libfontmanager.so
6fbfb000-6fc00000 rwxp 00000000 00:00 0 
6fc00000-6fcfa000 rwxp 00000000 00:00 0 
6fcfa000-6fd00000 ---p 00000000 00:00 0 
6fd00000-6fd03000 r-xs 00036000 08:05 919549     /home/daniel/netbeans-7.0/platform/modules/org-netbeans-swing-plaf.jar
6fd03000-6fd05000 r-xs 0000a000 08:05 919617     /home/daniel/netbeans-7.0/platform/modules/org-openide-io.jar
6fd05000-6fd09000 r-xp 00000000 08:05 4329147    /usr/lib/i386-linux-gnu/libXfixes.so.3.1.0
6fd09000-6fd0a000 r-xp 00003000 08:05 4329147    /usr/lib/i386-linux-gnu/libXfixes.so.3.1.0
6fd0a000-6fd0b000 rwxp 00004000 08:05 4329147    /usr/lib/i386-linux-gnu/libXfixes.so.3.1.0
6fd0b000-6fd13000 r-xp 00000000 08:05 4326287    /usr/lib/i386-linux-gnu/libXrender.so.1.3.0
6fd13000-6fd14000 r-xp 00007000 08:05 4326287    /usr/lib/i386-linux-gnu/libXrender.so.1.3.0
6fd14000-6fd15000 rwxp 00008000 08:05 4326287    /usr/lib/i386-linux-gnu/libXrender.so.1.3.0
6fd15000-6fd18000 ---p 00000000 00:00 0 
6fd18000-6fd66000 rwxp 00000000 00:00 0 
6fd66000-6fd6a000 r-xp 00000000 08:05 4335172    /usr/lib/i386-linux-gnu/libXdmcp.so.6.0.0
6fd6a000-6fd6b000 r-xp 00003000 08:05 4335172    /usr/lib/i386-linux-gnu/libXdmcp.so.6.0.0
6fd6b000-6fd6c000 rwxp 00004000 08:05 4335172    /usr/lib/i386-linux-gnu/libXdmcp.so.6.0.0
6fd6c000-6fd6e000 r-xp 00000000 08:05 4334188    /usr/lib/i386-linux-gnu/libXau.so.6.0.0
6fd6e000-6fd6f000 r-xp 00001000 08:05 4334188    /usr/lib/i386-linux-gnu/libXau.so.6.0.0
6fd6f000-6fd70000 rwxp 00002000 08:05 4334188    /usr/lib/i386-linux-gnu/libXau.so.6.0.0
6fd70000-6fd87000 r-xp 00000000 08:05 4337830    /usr/lib/i386-linux-gnu/libxcb.so.1.1.0
6fd87000-6fd88000 r-xp 00016000 08:05 4337830    /usr/lib/i386-linux-gnu/libxcb.so.1.1.0
6fd88000-6fd89000 rwxp 00017000 08:05 4337830    /usr/lib/i386-linux-gnu/libxcb.so.1.1.0
6fd89000-6fe9f000 r-xp 00000000 08:05 4337845    /usr/lib/i386-linux-gnu/libX11.so.6.3.0
6fe9f000-6fea0000 ---p 00116000 08:05 4337845    /usr/lib/i386-linux-gnu/libX11.so.6.3.0
6fea0000-6fea1000 r-xp 00116000 08:05 4337845    /usr/lib/i386-linux-gnu/libX11.so.6.3.0
6fea1000-6fea3000 rwxp 00117000 08:05 4337845    /usr/lib/i386-linux-gnu/libX11.so.6.3.0
6fea3000-6fea4000 rwxp 00000000 00:00 0 
6fea4000-6fee7000 r-xp 00000000 08:05 4470051    /usr/lib/jvm/java-6-sun-1.6.0.24/jre/lib/i386/xawt/libmawt.so
6fee7000-6fee9000 rwxp 00043000 08:05 4470051    /usr/lib/jvm/java-6-sun-1.6.0.24/jre/lib/i386/xawt/libmawt.so
6fee9000-6feea000 rwxp 00000000 00:00 0 
6feea000-6ff6e000 r-xp 00000000 08:05 4470018    /usr/lib/jvm/java-6-sun-1.6.0.24/jre/lib/i386/libawt.so
6ff6e000-6ff75000 rwxp 00084000 08:05 4470018    /usr/lib/jvm/java-6-sun-1.6.0.24/jre/lib/i386/libawt.so
6ff75000-6ff99000 rwxp 00000000 00:00 0 
6ff99000-6ff9c000 ---p 00000000 00:00 0 
6ff9c000-6ffea000 rwxp 00000000 00:00 0 
6ffea000-6ffed000 ---p 00000000 00:00 0 
6ffed000-7003b000 rwxp 00000000 00:00 0 
7003b000-7003e000 ---p 00000000 00:00 0 
7003e000-7008c000 rwxp 00000000 00:00 0 
7008c000-700a0000 r-xp 00000000 08:05 4470064    /usr/lib/jvm/java-6-sun-1.6.0.24/jre/lib/i386/libnet.so
700a0000-700a1000 rwxp 00013000 08:05 4470064    /usr/lib/jvm/java-6-sun-1.6.0.24/jre/lib/i386/libnet.so
700a1000-70100000 r-xs 00baa000 08:05 4601474    /usr/lib/jvm/java-6-sun-1.6.0.24/lib/tools.jar
70100000-701ff000 rwxp 00000000 00:00 0 
701ff000-70200000 ---p 00000000 00:00 0 
70200000-70201000 r-xs 00001000 08:05 920539     /home/daniel/gephi/gephibzr/gephi/build/cluster/modules/org-gephi-lib-commons-codec.jar
70201000-7020e000 r-xp 00000000 08:05 4337957    /usr/lib/i386-linux-gnu/libXi.so.6.1.0
7020e000-7020f000 r-xp 0000c000 08:05 4337957    /usr/lib/i386-linux-gnu/libXi.so.6.1.0
7020f000-70210000 rwxp 0000d000 08:05 4337957    /usr/lib/i386-linux-gnu/libXi.so.6.1.0
70210000-70214000 r-xp 00000000 08:05 4337963    /usr/lib/libXtst.so.6.1.0
70214000-70215000 r-xp 00003000 08:05 4337963    /usr/lib/libXtst.so.6.1.0
70215000-70216000 rwxp 00004000 08:05 4337963    /usr/lib/libXtst.so.6.1.0
70216000-70223000 r-xp 00000000 08:05 4332391    /usr/lib/i386-linux-gnu/libXext.so.6.4.0
70223000-70224000 r-xp 0000c000 08:05 4332391    /usr/lib/i386-linux-gnu/libXext.so.6.4.0
70224000-70225000 rwxp 0000d000 08:05 4332391    /usr/lib/i386-linux-gnu/libXext.so.6.4.0
70225000-70227000 r-xs 0000a000 08:05 919476     /home/daniel/netbeans-7.0/platform/modules/org-netbeans-modules-queries.jar
70227000-7022a000 r-xs 00039000 08:05 919506     /home/daniel/netbeans-7.0/platform/modules/org-netbeans-swing-outline.jar
7022a000-7022d000 r-xs 00000000 08:05 1576598    /var/cache/fontconfig/7ef2298fde41cc6eeb7af42e48b7d293-le32d4.cache-3
7022d000-7023b000 r-xs 00000000 08:05 1576043    /var/cache/fontconfig/865f88548240fee46819705c6468c165-le32d4.cache-3
7023b000-70242000 r-xp 00000000 08:05 4470019    /usr/lib/jvm/java-6-sun-1.6.0.24/jre/lib/i386/libnio.so
70242000-70243000 rwxp 00006000 08:05 4470019    /usr/lib/jvm/java-6-sun-1.6.0.24/jre/lib/i386/libnio.so
70243000-70249000 r-xs 0001e000 08:05 4601472    /usr/lib/jvm/java-6-sun-1.6.0.24/lib/dt.jar
70249000-7024a000 r-xs 00001000 08:05 919529     /home/daniel/netbeans-7.0/platform/lib/locale/org-openide-util_zh_CN.jar
7024a000-7024b000 r-xs 00001000 08:05 919564     /home/daniel/netbeans-7.0/platform/lib/locale/org-openide-util_ru.jar
7024b000-7024c000 r-xs 00001000 08:05 919530     /home/daniel/netbeans-7.0/platform/lib/locale/org-openide-util_pt_BR.jar
7024c000-7024d000 r-xs 00001000 08:05 919563     /home/daniel/netbeans-7.0/platform/lib/locale/org-openide-util_ja.jar
7024d000-7024e000 r-xs 00000000 08:05 919412     /home/daniel/netbeans-7.0/platform/lib/locale/org-openide-util-lookup_zh_CN.jar
7024e000-7024f000 r-xs 00000000 08:05 919469     /home/daniel/netbeans-7.0/platform/lib/locale/org-openide-util-lookup_ru.jar
7024f000-70250000 r-xs 00000000 08:05 919411     /home/daniel/netbeans-7.0/platform/lib/locale/org-openide-util-lookup_pt_BR.jar
70250000-70251000 r-xs 00000000 08:05 919470     /home/daniel/netbeans-7.0/platform/lib/locale/org-openide-util-lookup_ja.jar
70251000-70252000 r-xs 00000000 08:05 919488     /home/daniel/netbeans-7.0/platform/lib/locale/org-openide-modules_zh_CN.jar
70252000-70253000 r-xs 00000000 08:05 919528     /home/daniel/netbeans-7.0/platform/lib/locale/org-openide-modules_ru.jar
70253000-70254000 r-xs 00000000 08:05 919489     /home/daniel/netbeans-7.0/platform/lib/locale/org-openide-modules_pt_BR.jar
70254000-70255000 r-xs 00000000 08:05 919531     /home/daniel/netbeans-7.0/platform/lib/locale/org-openide-modules_ja.jar
70255000-70256000 r-xs 00000000 08:05 919623     /home/daniel/netbeans-7.0/platform/lib/locale/boot_zh_CN.jar
70256000-70259000 ---p 00000000 00:00 0 
70259000-702a7000 rwxp 00000000 00:00 0 
702a7000-702aa000 ---p 00000000 00:00 0 
702aa000-702f8000 rwxp 00000000 00:00 0 
702f8000-702fe000 r-xs 000a7000 08:05 919624     /home/daniel/netbeans-7.0/platform/lib/org-openide-util.jar
702fe000-702ff000 ---p 00000000 00:00 0 
702ff000-7037f000 rwxp 00000000 00:00 0 
7037f000-70382000 ---p 00000000 00:00 0 
70382000-70400000 rwxp 00000000 00:00 0 
70400000-704fc000 rwxp 00000000 00:00 0 
704fc000-70500000 ---p 00000000 00:00 0 
70500000-70501000 r-xs 00000000 08:05 919628     /home/daniel/netbeans-7.0/platform/lib/locale/boot_ru.jar
70501000-70502000 r-xs 00000000 08:05 919622     /home/daniel/netbeans-7.0/platform/lib/locale/boot_pt_BR.jar
70502000-70503000 r-xs 00000000 08:05 919627     /home/daniel/netbeans-7.0/platform/lib/locale/boot_ja.jar
70503000-70505000 r-xs 00008000 08:05 918421     /home/daniel/gephi/gephibzr/gephi/build/cluster/core/locale/core_gephi.jar
70505000-70506000 r-xs 00001000 08:05 919620     /home/daniel/netbeans-7.0/platform/core/locale/core_zh_CN.jar
70506000-70507000 r-xs 00001000 08:05 919626     /home/daniel/netbeans-7.0/platform/core/locale/core_ja.jar
70507000-70508000 r-xs 00001000 08:05 919384     /home/daniel/netbeans-7.0/platform/core/locale/org-openide-filesystems_pt_BR.jar
70508000-70509000 r-xs 00001000 08:05 919619     /home/daniel/netbeans-7.0/platform/core/locale/core_pt_BR.jar
70509000-7050c000 ---p 00000000 00:00 0 
7050c000-7055a000 rwxp 00000000 00:00 0 
7055a000-7055d000 ---p 00000000 00:00 0 
7055d000-705db000 rwxp 00000000 00:00 0 
705db000-705de000 ---p 00000000 00:00 0 
705de000-7062c000 rwxp 00000000 00:00 0 
7062c000-7082c000 r-xp 00000000 08:05 4326790    /usr/lib/locale/locale-archive
7082c000-7082f000 ---p 00000000 00:00 0 
7082f000-7087d000 rwxp 00000000 00:00 0 
7087d000-70880000 ---p 00000000 00:00 0 
70880000-708ce000 rwxp 00000000 00:00 0 
708ce000-708cf000 ---p 00000000 00:00 0 
708cf000-70983000 rwxp 00000000 00:00 0 
70983000-70b1b000 r-xs 03027000 08:05 4470089    /usr/lib/jvm/java-6-sun-1.6.0.24/jre/lib/rt.jar
70b1b000-70b1c000 ---p 00000000 00:00 0 
70b1c000-70b9c000 rwxp 00000000 00:00 0 
70b9c000-70b9d000 ---p 00000000 00:00 0 
70b9d000-70c30000 rwxp 00000000 00:00 0 
70c30000-70c3d000 rwxp 00000000 00:00 0 
70c3d000-70c93000 rwxp 00000000 00:00 0 
70c93000-70d8b000 rwxp 00000000 00:00 0 
70d8b000-70d9e000 rwxp 00000000 00:00 0 
70d9e000-70dab000 rwxp 00000000 00:00 0 
70dab000-70e01000 rwxp 00000000 00:00 0 
70e01000-70ef8000 rwxp 00000000 00:00 0 
70ef8000-70f2d000 rwxp 00000000 00:00 0 
70f2d000-70f44000 ---p 00000000 00:00 0 
70f44000-70f9f000 rwxp 00000000 00:00 0 
70f9f000-73400000 rwxp 00000000 00:00 0 
73400000-74fa0000 rwxp 00000000 00:00 0 
74fa0000-7fa50000 rwxp 00000000 00:00 0 
7fa50000-9ea50000 rwxp 00000000 00:00 0 
9ea50000-a52f0000 rwxp 00000000 00:00 0 
a52f0000-a7fb0000 ---p 00000000 00:00 0 
a7fb0000-b37a0000 rwxp 00000000 00:00 0 
b37a0000-b37a1000 r-xs 00001000 08:05 919385     /home/daniel/netbeans-7.0/platform/core/locale/org-openide-filesystems_zh_CN.jar
b37a1000-b37a2000 r-xs 00001000 08:05 919437     /home/daniel/netbeans-7.0/platform/core/locale/org-openide-filesystems_ru.jar
b37a2000-b37a3000 r-xs 00001000 08:05 919436     /home/daniel/netbeans-7.0/platform/core/locale/org-openide-filesystems_ja.jar
b37a3000-b37a8000 r-xs 000b8000 08:05 919629     /home/daniel/netbeans-7.0/platform/core/core.jar
b37a8000-b37b1000 rwxp 00000000 00:00 0 
b37b1000-b3868000 rwxp 00000000 00:00 0 
b3868000-b3aa8000 rwxp 00000000 00:00 0 
b3aa8000-b6868000 rwxp 00000000 00:00 0 
b6868000-b6877000 r-xp 00000000 08:05 4470020    /usr/lib/jvm/java-6-sun-1.6.0.24/jre/lib/i386/libzip.so
b6877000-b6879000 rwxp 0000e000 08:05 4470020    /usr/lib/jvm/java-6-sun-1.6.0.24/jre/lib/i386/libzip.so
b6879000-b6883000 r-xp 00000000 08:05 3547576    /lib/i386-linux-gnu/libnss_files-2.13.so
b6883000-b6884000 r-xp 00009000 08:05 3547576    /lib/i386-linux-gnu/libnss_files-2.13.so
b6884000-b6885000 rwxp 0000a000 08:05 3547576    /lib/i386-linux-gnu/libnss_files-2.13.so
b6885000-b688e000 r-xp 00000000 08:05 3547561    /lib/i386-linux-gnu/libnss_nis-2.13.so
b688e000-b688f000 r-xp 00008000 08:05 3547561    /lib/i386-linux-gnu/libnss_nis-2.13.so
b688f000-b6890000 rwxp 00009000 08:05 3547561    /lib/i386-linux-gnu/libnss_nis-2.13.so
b6890000-b6896000 r-xp 00000000 08:05 3547562    /lib/i386-linux-gnu/libnss_compat-2.13.so
b6896000-b6897000 r-xp 00005000 08:05 3547562    /lib/i386-linux-gnu/libnss_compat-2.13.so
b6897000-b6898000 rwxp 00006000 08:05 3547562    /lib/i386-linux-gnu/libnss_compat-2.13.so
b6898000-b68ab000 r-xp 00000000 08:05 3547557    /lib/i386-linux-gnu/libnsl-2.13.so
b68ab000-b68ac000 r-xp 00012000 08:05 3547557    /lib/i386-linux-gnu/libnsl-2.13.so
b68ac000-b68ad000 rwxp 00013000 08:05 3547557    /lib/i386-linux-gnu/libnsl-2.13.so
b68ad000-b68af000 rwxp 00000000 00:00 0 
b68af000-b68b0000 r-xs 00001000 08:05 919625     /home/daniel/netbeans-7.0/platform/core/locale/core_ru.jar
b68b0000-b68b6000 r-xs 000d0000 08:05 919577     /home/daniel/netbeans-7.0/platform/core/org-openide-filesystems.jar
b68b6000-b68b9000 r-xs 00047000 08:05 919593     /home/daniel/netbeans-7.0/platform/lib/org-openide-util-lookup.jar
b68b9000-b68ba000 r-xs 00009000 08:05 919615     /home/daniel/netbeans-7.0/platform/lib/org-openide-modules.jar
b68ba000-b68bd000 r-xs 0005a000 08:05 919630     /home/daniel/netbeans-7.0/platform/lib/boot.jar
b68bd000-b68c5000 rwxs 00000000 08:05 2756511    /tmp/hsperfdata_daniel/3963
b68c5000-b68e8000 r-xp 00000000 08:05 4470015    /usr/lib/jvm/java-6-sun-1.6.0.24/jre/lib/i386/libjava.so
b68e8000-b68ea000 rwxp 00023000 08:05 4470015    /usr/lib/jvm/java-6-sun-1.6.0.24/jre/lib/i386/libjava.so
b68ea000-b68f1000 r-xp 00000000 08:05 3547553    /lib/i386-linux-gnu/librt-2.13.so
b68f1000-b68f2000 r-xp 00006000 08:05 3547553    /lib/i386-linux-gnu/librt-2.13.so
b68f2000-b68f3000 rwxp 00007000 08:05 3547553    /lib/i386-linux-gnu/librt-2.13.so
b68f3000-b68f6000 ---p 00000000 00:00 0 
b68f6000-b6944000 rwxp 00000000 00:00 0 
b6944000-b6968000 r-xp 00000000 08:05 3547572    /lib/i386-linux-gnu/libm-2.13.so
b6968000-b6969000 r-xp 00023000 08:05 3547572    /lib/i386-linux-gnu/libm-2.13.so
b6969000-b696a000 rwxp 00024000 08:05 3547572    /lib/i386-linux-gnu/libm-2.13.so
b696a000-b70f7000 r-xp 00000000 08:05 4470035    /usr/lib/jvm/java-6-sun-1.6.0.24/jre/lib/i386/server/libjvm.so
b70f7000-b714a000 rwxp 0078d000 08:05 4470035    /usr/lib/jvm/java-6-sun-1.6.0.24/jre/lib/i386/server/libjvm.so
b714a000-b7569000 rwxp 00000000 00:00 0 
b7569000-b76c3000 r-xp 00000000 08:05 3542501    /lib/i386-linux-gnu/libc-2.13.so
b76c3000-b76c4000 ---p 0015a000 08:05 3542501    /lib/i386-linux-gnu/libc-2.13.so
b76c4000-b76c6000 r-xp 0015a000 08:05 3542501    /lib/i386-linux-gnu/libc-2.13.so
b76c6000-b76c7000 rwxp 0015c000 08:05 3542501    /lib/i386-linux-gnu/libc-2.13.so
b76c7000-b76ca000 rwxp 00000000 00:00 0 
b76ca000-b76cc000 r-xp 00000000 08:05 3547569    /lib/i386-linux-gnu/libdl-2.13.so
b76cc000-b76cd000 r-xp 00001000 08:05 3547569    /lib/i386-linux-gnu/libdl-2.13.so
b76cd000-b76ce000 rwxp 00002000 08:05 3547569    /lib/i386-linux-gnu/libdl-2.13.so
b76ce000-b76d5000 r-xp 00000000 08:05 4470024    /usr/lib/jvm/java-6-sun-1.6.0.24/jre/lib/i386/jli/libjli.so
b76d5000-b76d7000 rwxp 00006000 08:05 4470024    /usr/lib/jvm/java-6-sun-1.6.0.24/jre/lib/i386/jli/libjli.so
b76d7000-b76d8000 rwxp 00000000 00:00 0 
b76d8000-b76ed000 r-xp 00000000 08:05 3547567    /lib/i386-linux-gnu/libpthread-2.13.so
b76ed000-b76ee000 r-xp 00015000 08:05 3547567    /lib/i386-linux-gnu/libpthread-2.13.so
b76ee000-b76ef000 rwxp 00016000 08:05 3547567    /lib/i386-linux-gnu/libpthread-2.13.so
b76ef000-b76f1000 rwxp 00000000 00:00 0 
b76f1000-b76f2000 r-xp 002a1000 08:05 4326790    /usr/lib/locale/locale-archive
b76f2000-b76f8000 r-xp 00000000 08:05 4470038    /usr/lib/jvm/java-6-sun-1.6.0.24/jre/lib/i386/native_threads/libhpi.so
b76f8000-b76f9000 rwxp 00006000 08:05 4470038    /usr/lib/jvm/java-6-sun-1.6.0.24/jre/lib/i386/native_threads/libhpi.so
b76f9000-b76fa000 rwxp 00000000 00:00 0 
b76fa000-b76fb000 r-xp 00000000 00:00 0 
b76fb000-b7706000 r-xp 00000000 08:05 4470049    /usr/lib/jvm/java-6-sun-1.6.0.24/jre/lib/i386/libverify.so
b7706000-b7707000 rwxp 0000b000 08:05 4470049    /usr/lib/jvm/java-6-sun-1.6.0.24/jre/lib/i386/libverify.so
b7707000-b7709000 rwxp 00000000 00:00 0 
b7709000-b770a000 r-xp 00000000 00:00 0          [vdso]
b770a000-b7726000 r-xp 00000000 08:05 3547574    /lib/i386-linux-gnu/ld-2.13.so
b7726000-b7727000 r-xp 0001b000 08:05 3547574    /lib/i386-linux-gnu/ld-2.13.so
b7727000-b7728000 rwxp 0001c000 08:05 3547574    /lib/i386-linux-gnu/ld-2.13.so
bf889000-bf8aa000 rwxp 00000000 00:00 0          [stack]

VM Arguments:
jvm_args: -Djdk.home=/usr/lib/jvm/java-6-sun-1.6.0.24 -Dnetbeans.system_http_proxy=DIRECT -Dnetbeans.system_http_non_proxy_hosts= -Dnetbeans.dirs=/home/daniel/gephi/gephibzr/gephi/build/cluster:/home/daniel/netbeans-7.0/platform -Dnetbeans.home=/home/daniel/netbeans-7.0/platform -Dnetbeans.logger.console=true -ea -Xms256m -Xmx1000m -Dsun.java2d.noddraw=true -Dsun.awt.noerasebackground=true -XX:+HeapDumpOnOutOfMemoryError -XX:HeapDumpPath=/home/daniel/gephi/gephibzr/gephi/build/testuserdir/var/log/heapdump.hprof 
java_command: org.netbeans.Main --userdir /home/daniel/gephi/gephibzr/gephi/build/testuserdir --branding gephi
Launcher Type: SUN_STANDARD

Environment Variables:
PATH=/usr/local/sbin:/usr/local/bin:/usr/sbin:/usr/bin:/sbin:/bin:/usr/games
USERNAME=daniel
LD_LIBRARY_PATH=/usr/lib/jvm/java-6-sun-1.6.0.24/jre/lib/i386/server:/usr/lib/jvm/java-6-sun-1.6.0.24/jre/lib/i386:/usr/lib/jvm/java-6-sun-1.6.0.24/jre/../lib/i386:/usr/lib/jvm/java-6-sun-1.6.0.24/jre/lib/i386/client:/usr/lib/jvm/java-6-sun-1.6.0.24/jre/lib/i386:/usr/lib/jvm/java-6-sun-1.6.0.24/jre/../lib/i386
SHELL=/bin/bash
DISPLAY=:0

Signal Handlers:
SIGSEGV: [libjvm.so+0x708f80], sa_mask[0]=0x7ffbfeff, sa_flags=0x10000004
SIGBUS: [libjvm.so+0x708f80], sa_mask[0]=0x7ffbfeff, sa_flags=0x10000004
SIGFPE: [libjvm.so+0x5c4100], sa_mask[0]=0x7ffbfeff, sa_flags=0x10000004
SIGPIPE: SIG_IGN, sa_mask[0]=0x00001000, sa_flags=0x10000000
SIGXFSZ: [libjvm.so+0x5c4100], sa_mask[0]=0x7ffbfeff, sa_flags=0x10000004
SIGILL: [libjvm.so+0x5c4100], sa_mask[0]=0x7ffbfeff, sa_flags=0x10000004
SIGUSR1: SIG_DFL, sa_mask[0]=0x00000000, sa_flags=0x00000000
SIGUSR2: [libjvm.so+0x5c70e0], sa_mask[0]=0x00000004, sa_flags=0x10000004
SIGHUP: [libjvm.so+0x5c6cc0], sa_mask[0]=0x7ffbfeff, sa_flags=0x10000004
SIGINT: SIG_IGN, sa_mask[0]=0x00000000, sa_flags=0x00000000
SIGTERM: [libjvm.so+0x5c6cc0], sa_mask[0]=0x7ffbfeff, sa_flags=0x10000004
SIGQUIT: [libjvm.so+0x5c6cc0], sa_mask[0]=0x7ffbfeff, sa_flags=0x10000004


---------------  S Y S T E M  ---------------

OS:squeeze/sid

uname:Linux 2.6.38-8-generic #42-Ubuntu SMP Mon Apr 11 03:31:50 UTC 2011 i686
libc:glibc 2.13 NPTL 2.13 
rlimit: STACK 8192k, CORE 0k, NPROC infinity, NOFILE 4096, AS infinity
load average:0.34 0.23 0.16

/proc/meminfo:
MemTotal:        1955572 kB
MemFree:           52632 kB
Buffers:           79700 kB
Cached:           571828 kB
SwapCached:            0 kB
Active:          1077496 kB
Inactive:         729980 kB
Active(anon):     828732 kB
Inactive(anon):   453600 kB
Active(file):     248764 kB
Inactive(file):   276380 kB
Unevictable:          32 kB
Mlocked:              32 kB
HighTotal:       1081776 kB
HighFree:           1620 kB
LowTotal:         873796 kB
LowFree:           51012 kB
SwapTotal:       4476924 kB
SwapFree:        4476756 kB
Dirty:               528 kB
Writeback:           124 kB
AnonPages:       1156108 kB
Mapped:           141780 kB
Shmem:            126252 kB
Slab:              52540 kB
SReclaimable:      34792 kB
SUnreclaim:        17748 kB
KernelStack:        3088 kB
PageTables:         7436 kB
NFS_Unstable:          0 kB
Bounce:                0 kB
WritebackTmp:          0 kB
CommitLimit:     5454708 kB
Committed_AS:    3204108 kB
VmallocTotal:     122880 kB
VmallocUsed:       34648 kB
VmallocChunk:      82500 kB
HardwareCorrupted:     0 kB
HugePages_Total:       0
HugePages_Free:        0
HugePages_Rsvd:        0
HugePages_Surp:        0
Hugepagesize:       4096 kB
DirectMap4k:       16376 kB
DirectMap4M:      892928 kB


CPU:total 2 (2 cores per cpu, 1 threads per core) family 6 model 23 stepping 10, cmov, cx8, fxsr, mmx, sse, sse2, sse3, ssse3, sse4.1

Memory: 4k page, physical 1955572k(52632k free), swap 4476924k(4476756k free)

vm_info: Java HotSpot(TM) Server VM (19.1-b02) for linux-x86 JRE (1.6.0_24-b07), built on Feb  2 2011 16:51:52 by "java_re" with gcc 3.2.1-7a (J2SE release)

time: Mon Jul  4 01:03:12 2011
elapsed time: 214 seconds

