#
# A fatal error has been detected by the Java Runtime Environment:
#
#  SIGSEGV (0xb) at pc=0x0004160a, pid=11441, tid=1818815344
#
# JRE version: 6.0_24-b07
# Java VM: Java HotSpot(TM) Server VM (19.1-b02 mixed mode linux-x86 )
# Problematic frame:
# C  0x0004160a
#
# If you would like to submit a bug report, please visit:
#   http://java.sun.com/webapps/bugreport/crash.jsp
# The crash happened outside the Java Virtual Machine in native code.
# See problematic frame for where to report the bug.
#

---------------  T H R E A D  ---------------

Current thread (0x0940a800):  JavaThread "AWT-EventQueue-1" [_thread_in_native, id=11466, stack(0x6c63e000,0x6c68f000)]

siginfo:si_signo=SIGSEGV: si_errno=0, si_code=1 (SEGV_MAPERR), si_addr=0x0004160a

Registers:
EAX=0x70168fd8, EBX=0x6c80c588, ECX=0x04200095, EDX=0x097e4c30
ESP=0x6c68d6ac, EBP=0x6c68d6f8, ESI=0x72505030, EDI=0x0940a800
EIP=0x0004160a, CR2=0x0004160a, EFLAGS=0x00210216

Register to memory mapping:

EAX=0x70168fd8
0x70168fd8 is pointing to unknown location

EBX=0x6c80c588

[error occurred during error reporting (printing registers, top of stack, instructions near pc), id 0xb]

Stack: [0x6c63e000,0x6c68f000],  sp=0x6c68d6ac,  free space=317k
Native frames: (J=compiled Java code, j=interpreted, Vv=VM code, C=native code)
C  0x0004160a
j  com.sun.opengl.impl.x11.GLX.glXMakeCurrent(JJJ)Z+0
j  com.sun.opengl.impl.x11.X11GLContext.makeCurrentImpl()I+78
j  com.sun.opengl.impl.x11.X11OnscreenGLContext.makeCurrentImpl()I+32
j  com.sun.opengl.impl.GLContextImpl.makeCurrent()I+56
j  com.sun.opengl.impl.GLDrawableHelper.invokeGL(Ljavax/media/opengl/GLDrawable;Ljavax/media/opengl/GLContext;Ljava/lang/Runnable;Ljava/lang/Runnable;)V+308

Java frames: (J=compiled Java code, j=interpreted, Vv=VM code)
j  com.sun.opengl.impl.x11.GLX.glXMakeCurrent(JJJ)Z+0
j  com.sun.opengl.impl.x11.X11GLContext.makeCurrentImpl()I+78
j  com.sun.opengl.impl.x11.X11OnscreenGLContext.makeCurrentImpl()I+32
j  com.sun.opengl.impl.GLContextImpl.makeCurrent()I+56
j  com.sun.opengl.impl.GLDrawableHelper.invokeGL(Ljavax/media/opengl/GLDrawable;Ljavax/media/opengl/GLContext;Ljava/lang/Runnable;Ljava/lang/Runnable;)V+308
J  java.awt.event.InvocationEvent.dispatch()V
J  java.awt.EventQueue$1.run()Ljava/lang/Object;
v  ~StubRoutines::call_stub
J  java.security.AccessController.doPrivileged(Ljava/security/PrivilegedAction;Ljava/security/AccessControlContext;)Ljava/lang/Object;
J  org.netbeans.core.TimableEventQueue.dispatchEvent(Ljava/awt/AWTEvent;)V
J  java.awt.EventDispatchThread.pumpOneEventForFilters(I)Z
j  java.awt.EventDispatchThread.pumpEventsForFilter(ILjava/awt/Conditional;Ljava/awt/EventFilter;)V+30
j  java.awt.EventDispatchThread.pumpEventsForHierarchy(ILjava/awt/Conditional;Ljava/awt/Component;)V+11
j  java.awt.EventDispatchThread.pumpEvents(ILjava/awt/Conditional;)V+4
j  java.awt.EventDispatchThread.pumpEvents(Ljava/awt/Conditional;)V+3
j  java.awt.EventDispatchThread.run()V+9
v  ~StubRoutines::call_stub

---------------  P R O C E S S  ---------------

Java Threads: ( => current thread )
  0x6b932000 JavaThread "attribute-event-bus" daemon [_thread_blocked, id=11494, stack(0x6e3af000,0x6e400000)]
  0x6b931800 JavaThread "graph-event-bus" daemon [_thread_blocked, id=11493, stack(0x6e2af000,0x6e300000)]
  0x6b9ea000 JavaThread "DHNS View Destructor" daemon [_thread_blocked, id=11492, stack(0x6dd5e000,0x6ddaf000)]
  0x09911000 JavaThread "SimpleFPSAnimator" daemon [_thread_blocked, id=11481, stack(0x6ba21000,0x6ba72000)]
  0x09385400 JavaThread "Timer-1" daemon [_thread_blocked, id=11472, stack(0x6bb23000,0x6bb74000)]
  0x09e83800 JavaThread "Dynamic Model EventDispatchThread" daemon [_thread_blocked, id=11471, stack(0x6c40d000,0x6c45e000)]
  0x7013c400 JavaThread "DestroyJavaVM" [_thread_blocked, id=11442, stack(0xb6a76000,0xb6ac7000)]
=>0x0940a800 JavaThread "AWT-EventQueue-1" [_thread_in_native, id=11466, stack(0x6c63e000,0x6c68f000)]
  0x09404c00 JavaThread "TimerQueue" daemon [_thread_blocked, id=11465, stack(0x6c68f000,0x6c6e0000)]
  0x0953c400 JavaThread "Thread-2" daemon [_thread_blocked, id=11464, stack(0x6c6e0000,0x6c731000)]
  0x6fa45400 JavaThread "AWT-Shutdown" [_thread_blocked, id=11460, stack(0x6fc3b000,0x6fc8c000)]
  0x701e6c00 JavaThread "AWT-XAWT" daemon [_thread_blocked, id=11459, stack(0x6fc8c000,0x6fcdd000)]
  0x7017c400 JavaThread "Java2D Disposer" daemon [_thread_blocked, id=11458, stack(0x6fd0d000,0x6fd5e000)]
  0x7011a000 JavaThread "CLI Requests Server" daemon [_thread_in_native, id=11455, stack(0x700af000,0x70100000)]
  0x7034f000 JavaThread "Active Reference Queue Daemon" daemon [_thread_blocked, id=11454, stack(0x702af000,0x70300000)]
  0x70bdfc00 JavaThread "Timer-0" daemon [_thread_blocked, id=11453, stack(0x70420000,0x70471000)]
  0x70b8b000 JavaThread "Low Memory Detector" daemon [_thread_blocked, id=11451, stack(0x704f2000,0x70543000)]
  0x70b89400 JavaThread "CompilerThread1" daemon [_thread_blocked, id=11450, stack(0x70543000,0x705c4000)]
  0x70b87000 JavaThread "CompilerThread0" daemon [_thread_blocked, id=11449, stack(0x705c4000,0x70645000)]
  0x70b85800 JavaThread "Signal Dispatcher" daemon [_thread_blocked, id=11448, stack(0x70645000,0x70696000)]
  0x70b77400 JavaThread "Finalizer" daemon [_thread_blocked, id=11447, stack(0x70c16000,0x70c67000)]
  0x70b75c00 JavaThread "Reference Handler" daemon [_thread_blocked, id=11446, stack(0x70896000,0x708e7000)]

Other Threads:
  0x70b72000 VMThread [stack: 0x708e7000,0x70968000] [id=11445]
  0x70b8cc00 WatcherThread [stack: 0x70471000,0x704f2000] [id=11452]

VM state:not at safepoint (normal execution)

VM Mutex/Monitor currently owned by a thread: None

Heap
 PSYoungGen      total 77120K, used 47724K [0x9ebd0000, 0xa4990000, 0xb3920000)
  eden space 62464K, 62% used [0x9ebd0000,0xa11ccce0,0xa28d0000)
  from space 14656K, 60% used [0xa3b40000,0xa43de5e0,0xa4990000)
  to   space 16768K, 0% used [0xa28d0000,0xa28d0000,0xa3930000)
 PSOldGen        total 174784K, used 7804K [0x75120000, 0x7fbd0000, 0x9ebd0000)
  object space 174784K, 4% used [0x75120000,0x758bf270,0x7fbd0000)
 PSPermGen       total 37120K, used 37011K [0x71120000, 0x73560000, 0x75120000)
  object space 37120K, 99% used [0x71120000,0x73544c00,0x73560000)

Dynamic libraries:
08048000-08052000 r-xp 00000000 08:05 4469969    /usr/lib/jvm/java-6-sun-1.6.0.24/jre/bin/java
08052000-08053000 rwxp 00009000 08:05 4469969    /usr/lib/jvm/java-6-sun-1.6.0.24/jre/bin/java
08ff0000-0a999000 rwxp 00000000 00:00 0          [heap]
67a2b000-69900000 rwxp 00000000 00:00 0 
69900000-69b00000 rwxs 18fe6000 00:05 7029       /dev/dri/card0
69b00000-69d00000 rwxs 18de6000 00:05 7029       /dev/dri/card0
69d00000-69dfa000 rwxp 00000000 00:00 0 
69dfa000-69e00000 ---p 00000000 00:00 0 
69e00000-69e8c000 rwxp 00000000 00:00 0 
69e8c000-69f00000 ---p 00000000 00:00 0 
69f00000-69ffc000 rwxp 00000000 00:00 0 
69ffc000-6a000000 ---p 00000000 00:00 0 
6a07a000-6ad00000 rwxp 00000000 00:00 0 
6ae00000-6aedf000 rwxp 00000000 00:00 0 
6aedf000-6af00000 ---p 00000000 00:00 0 
6af00000-6afe1000 rwxp 00000000 00:00 0 
6afe1000-6b000000 ---p 00000000 00:00 0 
6b06f000-6b135000 r-xp 00000000 08:05 4470045    /usr/lib/jvm/java-6-sun-1.6.0.24/jre/lib/i386/libmlib_image.so
6b135000-6b136000 rwxp 000c5000 08:05 4470045    /usr/lib/jvm/java-6-sun-1.6.0.24/jre/lib/i386/libmlib_image.so
6b136000-6b500000 rwxs 00000000 00:04 168853518  /SYSV00000000 (deleted)
6b500000-6b5ff000 rwxp 00000000 00:00 0 
6b5ff000-6b600000 ---p 00000000 00:00 0 
6b600000-6b6fb000 rwxp 00000000 00:00 0 
6b6fb000-6b700000 ---p 00000000 00:00 0 
6b700000-6b7fd000 rwxp 00000000 00:00 0 
6b7fd000-6b800000 ---p 00000000 00:00 0 
6b800000-6b8fb000 rwxp 00000000 00:00 0 
6b8fb000-6b900000 ---p 00000000 00:00 0 
6b900000-6b9fa000 rwxp 00000000 00:00 0 
6b9fa000-6ba00000 ---p 00000000 00:00 0 
6ba21000-6ba24000 ---p 00000000 00:00 0 
6ba24000-6ba72000 rwxp 00000000 00:00 0 
6ba72000-6bad2000 rwxs 00000000 00:04 168886287  /SYSV00000000 (deleted)
6bad2000-6bad5000 ---p 00000000 00:00 0 
6bad5000-6bb23000 rwxp 00000000 00:00 0 
6bb23000-6bb26000 ---p 00000000 00:00 0 
6bb26000-6bb74000 rwxp 00000000 00:00 0 
6bb74000-6bc5e000 r-xp 00000000 08:05 4349248    /usr/lib/dri/libglsl.so
6bc5e000-6bc62000 r-xp 000ea000 08:05 4349248    /usr/lib/dri/libglsl.so
6bc62000-6bc63000 rwxp 000ee000 08:05 4349248    /usr/lib/dri/libglsl.so
6bc63000-6bc64000 rwxp 00000000 00:00 0 
6bc64000-6be3f000 r-xp 00000000 08:05 4349249    /usr/lib/dri/libdricore.so
6be3f000-6be45000 r-xp 001db000 08:05 4349249    /usr/lib/dri/libdricore.so
6be45000-6be47000 rwxp 001e1000 08:05 4349249    /usr/lib/dri/libdricore.so
6be47000-6be57000 rwxp 00000000 00:00 0 
6be57000-6befb000 r-xp 00000000 08:05 4349235    /usr/lib/dri/i965_dri.so
6befb000-6befe000 r-xp 000a3000 08:05 4349235    /usr/lib/dri/i965_dri.so
6befe000-6bf00000 rwxp 000a6000 08:05 4349235    /usr/lib/dri/i965_dri.so
6bf00000-6bfe4000 rwxp 00000000 00:00 0 
6bfe4000-6c000000 ---p 00000000 00:00 0 
6c000000-6c0fe000 rwxp 00000000 00:00 0 
6c0fe000-6c100000 ---p 00000000 00:00 0 
6c100000-6c1fd000 rwxp 00000000 00:00 0 
6c1fd000-6c200000 ---p 00000000 00:00 0 
6c200000-6c2f6000 rwxp 00000000 00:00 0 
6c2f6000-6c300000 ---p 00000000 00:00 0 
6c300000-6c3fc000 rwxp 00000000 00:00 0 
6c3fc000-6c400000 ---p 00000000 00:00 0 
6c40d000-6c410000 ---p 00000000 00:00 0 
6c410000-6c45e000 rwxp 00000000 00:00 0 
6c45e000-6c461000 ---p 00000000 00:00 0 
6c461000-6c4af000 rwxp 00000000 00:00 0 
6c4af000-6c4b2000 ---p 00000000 00:00 0 
6c4b2000-6c500000 rwxp 00000000 00:00 0 
6c500000-6c5f9000 rwxp 00000000 00:00 0 
6c5f9000-6c600000 ---p 00000000 00:00 0 
6c61f000-6c625000 r-xp 00000000 08:05 4470056    /usr/lib/jvm/java-6-sun-1.6.0.24/jre/lib/i386/libmanagement.so
6c625000-6c626000 rwxp 00005000 08:05 4470056    /usr/lib/jvm/java-6-sun-1.6.0.24/jre/lib/i386/libmanagement.so
6c626000-6c62e000 rwxs 00000000 00:04 168951828  /SYSV00000000 (deleted)
6c62e000-6c636000 rwxs 00000000 00:04 168919056  /SYSV00000000 (deleted)
6c636000-6c63e000 r-xs 00115000 08:05 4470149    /usr/lib/jvm/java-6-sun-1.6.0.24/jre/lib/resources.jar
6c63e000-6c641000 ---p 00000000 00:00 0 
6c641000-6c68f000 rwxp 00000000 00:00 0 
6c68f000-6c692000 ---p 00000000 00:00 0 
6c692000-6c6e0000 rwxp 00000000 00:00 0 
6c6e0000-6c6e3000 ---p 00000000 00:00 0 
6c6e3000-6c731000 rwxp 00000000 00:00 0 
6c731000-6c80c000 r-xp 00000000 08:05 920610     /home/daniel/gephi/gephibzr/gephi/build/cluster/modules/lib/linux-i586/libjogl.so
6c80c000-6c80d000 rwxp 000da000 08:05 920610     /home/daniel/gephi/gephibzr/gephi/build/cluster/modules/lib/linux-i586/libjogl.so
6c80d000-6c827000 r-xp 00000000 08:05 3539183    /lib/i386-linux-gnu/libgcc_s.so.1
6c827000-6c828000 r-xp 00019000 08:05 3539183    /lib/i386-linux-gnu/libgcc_s.so.1
6c828000-6c829000 rwxp 0001a000 08:05 3539183    /lib/i386-linux-gnu/libgcc_s.so.1
6c829000-6c908000 r-xp 00000000 08:05 4331457    /usr/lib/i386-linux-gnu/libstdc++.so.6.0.14
6c908000-6c90c000 r-xp 000de000 08:05 4331457    /usr/lib/i386-linux-gnu/libstdc++.so.6.0.14
6c90c000-6c90d000 rwxp 000e2000 08:05 4331457    /usr/lib/i386-linux-gnu/libstdc++.so.6.0.14
6c90d000-6c914000 rwxp 00000000 00:00 0 
6c914000-6c91c000 r-xp 00000000 08:05 3539143    /lib/i386-linux-gnu/libdrm.so.2.4.0
6c91c000-6c91d000 r-xp 00007000 08:05 3539143    /lib/i386-linux-gnu/libdrm.so.2.4.0
6c91d000-6c91e000 rwxp 00008000 08:05 3539143    /lib/i386-linux-gnu/libdrm.so.2.4.0
6c91e000-6c922000 r-xp 00000000 08:05 4329490    /usr/lib/i386-linux-gnu/libXxf86vm.so.1.0.0
6c922000-6c923000 r-xp 00003000 08:05 4329490    /usr/lib/i386-linux-gnu/libXxf86vm.so.1.0.0
6c923000-6c924000 rwxp 00004000 08:05 4329490    /usr/lib/i386-linux-gnu/libXxf86vm.so.1.0.0
6c924000-6c96d000 r-xp 00000000 08:05 4328243    /usr/lib/mesa/libGL.so.1.2
6c96d000-6c96e000 ---p 00049000 08:05 4328243    /usr/lib/mesa/libGL.so.1.2
6c96e000-6c973000 r-xp 00049000 08:05 4328243    /usr/lib/mesa/libGL.so.1.2
6c973000-6c979000 rwxp 0004e000 08:05 4328243    /usr/lib/mesa/libGL.so.1.2
6c979000-6c97a000 rwxp 00000000 00:00 0 
6c97a000-6c97b000 ---p 00000000 00:00 0 
6c97b000-6d17b000 rwxp 00000000 00:00 0 
6d17b000-6d17c000 ---p 00000000 00:00 0 
6d17c000-6d97c000 rwxp 00000000 00:00 0 
6d97c000-6d991000 r-xp 00000000 08:05 4325840    /usr/lib/libdbusmenu-glib.so.3.0.14
6d991000-6d992000 r-xp 00014000 08:05 4325840    /usr/lib/libdbusmenu-glib.so.3.0.14
6d992000-6d993000 rwxp 00015000 08:05 4325840    /usr/lib/libdbusmenu-glib.so.3.0.14
6d993000-6d9a1000 r-xp 00000000 08:05 4326996    /usr/lib/libdbusmenu-gtk.so.3.0.14
6d9a1000-6d9a2000 r-xp 0000d000 08:05 4326996    /usr/lib/libdbusmenu-gtk.so.3.0.14
6d9a2000-6d9a3000 rwxp 0000e000 08:05 4326996    /usr/lib/libdbusmenu-gtk.so.3.0.14
6d9aa000-6d9b3000 r-xp 00000000 08:05 3539009    /lib/i386-linux-gnu/libdrm_intel.so.1.0.0
6d9b3000-6d9b4000 r-xp 00008000 08:05 3539009    /lib/i386-linux-gnu/libdrm_intel.so.1.0.0
6d9b4000-6d9b5000 rwxp 00009000 08:05 3539009    /lib/i386-linux-gnu/libdrm_intel.so.1.0.0
6d9b5000-6d9b6000 r-xp 00000000 08:05 920611     /home/daniel/gephi/gephibzr/gephi/build/cluster/modules/lib/linux-i586/libjogl_awt.so
6d9b6000-6d9b7000 rwxp 00000000 08:05 920611     /home/daniel/gephi/gephibzr/gephi/build/cluster/modules/lib/linux-i586/libjogl_awt.so
6d9b7000-6d9b8000 r-xp 00000000 08:05 4470022    /usr/lib/jvm/java-6-sun-1.6.0.24/jre/lib/i386/libjawt.so
6d9b8000-6d9b9000 rwxp 00000000 08:05 4470022    /usr/lib/jvm/java-6-sun-1.6.0.24/jre/lib/i386/libjawt.so
6d9b9000-6d9bd000 r-xp 00000000 08:05 4339973    /usr/lib/gtk-2.0/2.10.0/menuproxies/libappmenu.so
6d9bd000-6d9be000 r-xp 00003000 08:05 4339973    /usr/lib/gtk-2.0/2.10.0/menuproxies/libappmenu.so
6d9be000-6d9bf000 rwxp 00004000 08:05 4339973    /usr/lib/gtk-2.0/2.10.0/menuproxies/libappmenu.so
6d9bf000-6d9c0000 r-xp 00000000 08:05 4331894    /usr/lib/gtk-2.0/2.10.0/immodules/im-cedilla.so
6d9c0000-6d9c1000 r-xp 00000000 08:05 4331894    /usr/lib/gtk-2.0/2.10.0/immodules/im-cedilla.so
6d9c1000-6d9c2000 rwxp 00001000 08:05 4331894    /usr/lib/gtk-2.0/2.10.0/immodules/im-cedilla.so
6d9c2000-6da11000 r-xp 00000000 08:05 5244500    /usr/share/fonts/truetype/ttf-dejavu/DejaVuSansMono.ttf
6da11000-6da69000 r-xp 00000000 08:05 5243956    /usr/share/fonts/truetype/ubuntu-font-family/Ubuntu-R.ttf
6da69000-6da6b000 r-xp 00000000 08:05 4725402    /usr/lib/i386-linux-gnu/pango/1.6.0/modules/pango-basic-fc.so
6da6b000-6da6c000 r-xp 00001000 08:05 4725402    /usr/lib/i386-linux-gnu/pango/1.6.0/modules/pango-basic-fc.so
6da6c000-6da6d000 rwxp 00002000 08:05 4725402    /usr/lib/i386-linux-gnu/pango/1.6.0/modules/pango-basic-fc.so
6da6d000-6da6e000 r-xs 00000000 08:05 1575980    /var/cache/fontconfig/26de28bc8622bbc1fb67fd234c21975f-le32d4.cache-3
6da6e000-6da6f000 r-xs 00000000 08:05 1576028    /var/cache/fontconfig/c05880de57d1f5e948fdfacc138775d9-le32d4.cache-3
6da6f000-6da75000 r-xs 00000000 08:05 1576020    /var/cache/fontconfig/945677eb7aeaf62f1d50efc3fb3ec7d8-le32d4.cache-3
6da75000-6da77000 r-xs 00000000 08:05 1575744    /var/cache/fontconfig/99e8ed0e538f840c565b6ed5dad60d56-le32d4.cache-3
6da77000-6da7a000 r-xs 00000000 08:05 1576002    /var/cache/fontconfig/e383d7ea5fbe662a33d9b44caf393297-le32d4.cache-3
6da7a000-6da7f000 r-xs 00000000 08:05 1575986    /var/cache/fontconfig/401a5dd6b567794a1d18dd9342dfa604-le32d4.cache-3
6da7f000-6da81000 r-xs 00000000 08:05 1575983    /var/cache/fontconfig/2cd17615ca594fa2959ae173292e504c-le32d4.cache-3
6da81000-6da82000 r-xs 00000000 08:05 1575740    /var/cache/fontconfig/e7071f4a29fa870f4323321c154eba04-le32d4.cache-3
6da82000-6da84000 r-xs 00000000 08:05 1576599    /var/cache/fontconfig/b5ea634b0fb353b8ea17632d1f9ef766-le32d4.cache-3
6da84000-6da88000 r-xs 00000000 08:05 1575958    /var/cache/fontconfig/926e794c3d5e5dffcaf2fa83ef8d36c2-le32d4.cache-3
6da88000-6da8b000 r-xs 00000000 08:05 1575945    /var/cache/fontconfig/6eb3985aa4124903f6ff08ba781cd364-le32d4.cache-3
6da8b000-6da8c000 r-xs 00000000 08:05 1575924    /var/cache/fontconfig/4c73fe0c47614734b17d736dbde7580a-le32d4.cache-3
6da8c000-6da8d000 r-xs 00000000 08:05 1575918    /var/cache/fontconfig/0d8c3b2ac0904cb8a57a757ad11a4a08-le32d4.cache-3
6da8d000-6da8e000 r-xs 00000000 08:05 1575917    /var/cache/fontconfig/6a53c69dea097a2d716e069445527da8-le32d4.cache-3
6da8e000-6da92000 r-xs 00000000 08:05 1575788    /var/cache/fontconfig/a755afe4a08bf5b97852ceb7400b47bc-le32d4.cache-3
6da92000-6da96000 r-xs 00000000 08:05 1575915    /var/cache/fontconfig/515ca1ebc4b18308bea979be5704f9db-le32d4.cache-3
6da96000-6da9d000 r-xs 00000000 08:05 1575886    /var/cache/fontconfig/6d41288fd70b0be22e8c3a91e032eec0-le32d4.cache-3
6da9d000-6daa8000 r-xs 00000000 08:05 1575845    /var/cache/fontconfig/0f34bcd4b6ee430af32735b75db7f02b-le32d4.cache-3
6daa8000-6daab000 r-xs 00000000 08:05 1575843    /var/cache/fontconfig/d60319d88cac85ba9e1a07bd06cfbb8c-le32d4.cache-3
6daab000-6dacd000 r-xs 00000000 08:05 1575808    /var/cache/fontconfig/365b55f210c0a22e9a19e35191240f32-le32d4.cache-3
6dacd000-6dad5000 r-xs 00000000 08:05 1575802    /var/cache/fontconfig/d52a8644073d54c13679302ca1180695-le32d4.cache-3
6dad5000-6dae3000 r-xs 00000000 08:05 1575126    /var/cache/fontconfig/e13b20fdb08344e0e664864cc2ede53d-le32d4.cache-3
6dae3000-6daf1000 r-xs 00000000 08:05 1576043    /var/cache/fontconfig/865f88548240fee46819705c6468c165-le32d4.cache-3
6daf1000-6db09000 r-xs 00000000 08:05 1579274    /var/cache/fontconfig/165b9254a84ccada37e340049ffc8b30-le32d4.cache-3
6db09000-6db17000 r-xs 00679000 08:05 4469899    /usr/lib/jvm/java-6-sun-1.6.0.24/jre/lib/charsets.jar
6dc00000-6dcff000 rwxp 00000000 00:00 0 
6dcff000-6dd00000 ---p 00000000 00:00 0 
6dd0d000-6dd10000 ---p 00000000 00:00 0 
6dd10000-6dd5e000 rwxp 00000000 00:00 0 
6dd5e000-6dd61000 ---p 00000000 00:00 0 
6dd61000-6ddaf000 rwxp 00000000 00:00 0 
6ddaf000-6ddb2000 ---p 00000000 00:00 0 
6ddb2000-6de00000 rwxp 00000000 00:00 0 
6de00000-6dee7000 rwxp 00000000 00:00 0 
6dee7000-6df00000 ---p 00000000 00:00 0 
6df00000-6dffe000 rwxp 00000000 00:00 0 
6dffe000-6e000000 ---p 00000000 00:00 0 
6e000000-6e0fc000 rwxp 00000000 00:00 0 
6e0fc000-6e100000 ---p 00000000 00:00 0 
6e115000-6e130000 rwxs 00000000 00:04 169443364  /SYSV00000000 (deleted)
6e130000-6e133000 ---p 00000000 00:00 0 
6e133000-6e181000 rwxp 00000000 00:00 0 
6e181000-6e184000 ---p 00000000 00:00 0 
6e184000-6e1d2000 rwxp 00000000 00:00 0 
6e1d2000-6e1d5000 ---p 00000000 00:00 0 
6e1d5000-6e223000 rwxp 00000000 00:00 0 
6e237000-6e238000 rwxs 186ce000 00:05 7029       /dev/dri/card0
6e238000-6e258000 rwxs 187c5000 00:05 7029       /dev/dri/card0
6e258000-6e2ac000 r-xp 00000000 08:05 4470041    /usr/lib/jvm/java-6-sun-1.6.0.24/jre/lib/i386/libcmm.so
6e2ac000-6e2af000 rwxp 00054000 08:05 4470041    /usr/lib/jvm/java-6-sun-1.6.0.24/jre/lib/i386/libcmm.so
6e2af000-6e2b2000 ---p 00000000 00:00 0 
6e2b2000-6e300000 rwxp 00000000 00:00 0 
6e310000-6e314000 rwxs 00000000 00:04 170033204  /SYSV00000000 (deleted)
6e314000-6e31a000 rwxs 00000000 00:04 169836590  /SYSV00000000 (deleted)
6e31a000-6e31e000 rwxs 00000000 00:04 169803821  /SYSV00000000 (deleted)
6e31e000-6e33e000 rwxs 18831000 00:05 7029       /dev/dri/card0
6e33e000-6e342000 rwxs 00000000 00:04 169771052  /SYSV00000000 (deleted)
6e342000-6e346000 rwxs 189c3000 00:05 7029       /dev/dri/card0
6e346000-6e349000 ---p 00000000 00:00 0 
6e349000-6e397000 rwxp 00000000 00:00 0 
6e397000-6e39a000 rwxs 00000000 00:04 169738283  /SYSV00000000 (deleted)
6e39a000-6e3a1000 rwxs 00000000 00:04 169672745  /SYSV00000000 (deleted)
6e3a1000-6e3a8000 rwxs 00000000 00:04 169639976  /SYSV00000000 (deleted)
6e3a8000-6e3af000 rwxs 00000000 00:04 169607207  /SYSV00000000 (deleted)
6e3af000-6e3b2000 ---p 00000000 00:00 0 
6e3b2000-6e400000 rwxp 00000000 00:00 0 
6e400000-6e4ff000 rwxp 00000000 00:00 0 
6e4ff000-6e500000 ---p 00000000 00:00 0 
6e500000-6e5f5000 rwxp 00000000 00:00 0 
6e5f5000-6e600000 ---p 00000000 00:00 0 
6e602000-6e609000 rwxs 00000000 00:04 169574425  /SYSV00000000 (deleted)
6e609000-6e60f000 rwxs 00000000 00:04 169508902  /SYSV00000000 (deleted)
6e60f000-6e617000 rwxs 00000000 00:04 169476133  /SYSV00000000 (deleted)
6e617000-6e632000 rwxs 00000000 00:04 169410595  /SYSV00000000 (deleted)
6e632000-6e639000 rwxs 00000000 00:04 169377826  /SYSV00000000 (deleted)
6e639000-6e640000 rwxs 00000000 00:04 169345057  /SYSV00000000 (deleted)
6e640000-6e643000 rwxs 00000000 00:04 169312287  /SYSV00000000 (deleted)
6e643000-6e646000 rwxs 00000000 00:04 169279518  /SYSV00000000 (deleted)
6e646000-6e64d000 rwxs 00000000 00:04 169246749  /SYSV00000000 (deleted)
6e64d000-6e67a000 r-xp 00000000 08:05 4325876    /usr/lib/gtk-2.0/2.10.0/engines/libmurrine.so
6e67a000-6e67b000 r-xp 0002c000 08:05 4325876    /usr/lib/gtk-2.0/2.10.0/engines/libmurrine.so
6e67b000-6e67c000 rwxp 0002d000 08:05 4325876    /usr/lib/gtk-2.0/2.10.0/engines/libmurrine.so
6e67c000-6e6a1000 r-xp 00000000 08:05 4329115    /usr/lib/libvorbis.so.0.4.5
6e6a1000-6e6a2000 r-xp 00025000 08:05 4329115    /usr/lib/libvorbis.so.0.4.5
6e6a2000-6e6a3000 rwxp 00026000 08:05 4329115    /usr/lib/libvorbis.so.0.4.5
6e6a3000-6e6aa000 r-xp 00000000 08:05 4327081    /usr/lib/libltdl.so.7.2.1
6e6aa000-6e6ab000 r-xp 00006000 08:05 4327081    /usr/lib/libltdl.so.7.2.1
6e6ab000-6e6ac000 rwxp 00007000 08:05 4327081    /usr/lib/libltdl.so.7.2.1
6e6ac000-6e6bb000 r-xp 00000000 08:05 4326562    /usr/lib/libtdb.so.1.2.9
6e6bb000-6e6bc000 r-xp 0000e000 08:05 4326562    /usr/lib/libtdb.so.1.2.9
6e6bc000-6e6bd000 rwxp 0000f000 08:05 4326562    /usr/lib/libtdb.so.1.2.9
6e6bd000-6e6c4000 r-xp 00000000 08:05 4329060    /usr/lib/libvorbisfile.so.3.3.4
6e6c4000-6e6c5000 r-xp 00006000 08:05 4329060    /usr/lib/libvorbisfile.so.3.3.4
6e6c5000-6e6c6000 rwxp 00007000 08:05 4329060    /usr/lib/libvorbisfile.so.3.3.4
6e6c6000-6e6d4000 r-xp 00000000 08:05 4326490    /usr/lib/libcanberra.so.0.2.5
6e6d4000-6e6d5000 r-xp 0000d000 08:05 4326490    /usr/lib/libcanberra.so.0.2.5
6e6d5000-6e6d6000 rwxp 0000e000 08:05 4326490    /usr/lib/libcanberra.so.0.2.5
6e6d6000-6e6d7000 r-xp 00000000 08:05 920609     /home/daniel/gephi/gephibzr/gephi/build/cluster/modules/lib/linux-i586/libgluegen-rt.so
6e6d7000-6e6d8000 rwxp 00000000 08:05 920609     /home/daniel/gephi/gephibzr/gephi/build/cluster/modules/lib/linux-i586/libgluegen-rt.so
6e6d8000-6e6db000 r-xs 00000000 08:05 1576598    /var/cache/fontconfig/7ef2298fde41cc6eeb7af42e48b7d293-le32d4.cache-3
6e6db000-6e6e2000 rwxs 00000000 00:04 169213980  /SYSV00000000 (deleted)
6e6e2000-6e6e9000 r-xp 00000000 08:05 4328482    /usr/lib/gtk-2.0/2.10.0/engines/libpixmap.so
6e6e9000-6e6ea000 ---p 00007000 08:05 4328482    /usr/lib/gtk-2.0/2.10.0/engines/libpixmap.so
6e6ea000-6e6eb000 r-xp 00007000 08:05 4328482    /usr/lib/gtk-2.0/2.10.0/engines/libpixmap.so
6e6eb000-6e6ec000 rwxp 00008000 08:05 4328482    /usr/lib/gtk-2.0/2.10.0/engines/libpixmap.so
6e6ec000-6e712000 r-xp 00000000 08:05 3538983    /lib/i386-linux-gnu/libexpat.so.1.5.2
6e712000-6e713000 ---p 00026000 08:05 3538983    /lib/i386-linux-gnu/libexpat.so.1.5.2
6e713000-6e715000 r-xp 00026000 08:05 3538983    /lib/i386-linux-gnu/libexpat.so.1.5.2
6e715000-6e716000 rwxp 00028000 08:05 3538983    /lib/i386-linux-gnu/libexpat.so.1.5.2
6e716000-6e72f000 r-xp 00000000 08:05 3538994    /lib/i386-linux-gnu/libselinux.so.1
6e72f000-6e730000 r-xp 00018000 08:05 3538994    /lib/i386-linux-gnu/libselinux.so.1
6e730000-6e731000 rwxp 00019000 08:05 3538994    /lib/i386-linux-gnu/libselinux.so.1
6e731000-6e742000 r-xp 00000000 08:05 3542500    /lib/i386-linux-gnu/libresolv-2.13.so
6e742000-6e743000 r-xp 00010000 08:05 3542500    /lib/i386-linux-gnu/libresolv-2.13.so
6e743000-6e744000 rwxp 00011000 08:05 3542500    /lib/i386-linux-gnu/libresolv-2.13.so
6e744000-6e746000 rwxp 00000000 00:00 0 
6e746000-6e783000 r-xp 00000000 08:05 3539185    /lib/i386-linux-gnu/libpcre.so.3.12.1
6e783000-6e784000 r-xp 0003c000 08:05 3539185    /lib/i386-linux-gnu/libpcre.so.3.12.1
6e784000-6e785000 rwxp 0003d000 08:05 3539185    /lib/i386-linux-gnu/libpcre.so.3.12.1
6e785000-6e798000 r-xp 00000000 08:05 3538986    /lib/i386-linux-gnu/libz.so.1.2.3.4
6e798000-6e799000 r-xp 00012000 08:05 3538986    /lib/i386-linux-gnu/libz.so.1.2.3.4
6e799000-6e79a000 rwxp 00013000 08:05 3538986    /lib/i386-linux-gnu/libz.so.1.2.3.4
6e79a000-6e801000 r-xp 00000000 08:05 4326388    /usr/lib/libpixman-1.so.0.20.2
6e801000-6e802000 ---p 00067000 08:05 4326388    /usr/lib/libpixman-1.so.0.20.2
6e802000-6e805000 r-xp 00067000 08:05 4326388    /usr/lib/libpixman-1.so.0.20.2
6e805000-6e806000 rwxp 0006a000 08:05 4326388    /usr/lib/libpixman-1.so.0.20.2
6e806000-6e8db000 r-xp 00000000 08:05 3539080    /lib/i386-linux-gnu/libglib-2.0.so.0.2800.6
6e8db000-6e8dc000 r-xp 000d4000 08:05 3539080    /lib/i386-linux-gnu/libglib-2.0.so.0.2800.6
6e8dc000-6e8dd000 rwxp 000d5000 08:05 3539080    /lib/i386-linux-gnu/libglib-2.0.so.0.2800.6
6e8dd000-6e922000 r-xp 00000000 08:05 4328915    /usr/lib/i386-linux-gnu/libgobject-2.0.so.0.2800.6
6e922000-6e923000 r-xp 00044000 08:05 4328915    /usr/lib/i386-linux-gnu/libgobject-2.0.so.0.2800.6
6e923000-6e924000 rwxp 00045000 08:05 4328915    /usr/lib/i386-linux-gnu/libgobject-2.0.so.0.2800.6
6e924000-6ea22000 r-xp 00000000 08:05 4332912    /usr/lib/i386-linux-gnu/libgio-2.0.so.0.2800.6
6ea22000-6ea23000 ---p 000fe000 08:05 4332912    /usr/lib/i386-linux-gnu/libgio-2.0.so.0.2800.6
6ea23000-6ea25000 r-xp 000fe000 08:05 4332912    /usr/lib/i386-linux-gnu/libgio-2.0.so.0.2800.6
6ea25000-6ea26000 rwxp 00100000 08:05 4332912    /usr/lib/i386-linux-gnu/libgio-2.0.so.0.2800.6
6ea26000-6ea27000 rwxp 00000000 00:00 0 
6ea27000-6edf8000 r-xp 00000000 08:05 4331892    /usr/lib/libgtk-x11-2.0.so.0.2400.4
6edf8000-6edfc000 r-xp 003d0000 08:05 4331892    /usr/lib/libgtk-x11-2.0.so.0.2400.4
6edfc000-6edfe000 rwxp 003d4000 08:05 4331892    /usr/lib/libgtk-x11-2.0.so.0.2400.4
6edfe000-6ee00000 rwxp 00000000 00:00 0 
6ee00000-6ee01000 rwxs 189cf000 00:05 7029       /dev/dri/card0
6ee01000-6ee02000 rwxs 189ce000 00:05 7029       /dev/dri/card0
6ee02000-6ee05000 rwxs 00000000 00:04 169705514  /SYSV00000000 (deleted)
6ee05000-6ee0b000 rwxs 00000000 00:04 169181211  /SYSV00000000 (deleted)
6ee0b000-6ee11000 rwxs 00000000 00:04 169148442  /SYSV00000000 (deleted)
6ee11000-6ee15000 rwxs 18613000 00:05 7029       /dev/dri/card0
6ee15000-6ee1d000 rwxs 187ad000 00:05 7029       /dev/dri/card0
6ee1d000-6ee25000 rwxs 187a5000 00:05 7029       /dev/dri/card0
6ee25000-6ee2d000 rwxs 1879d000 00:05 7029       /dev/dri/card0
6ee2d000-6ee35000 rwxs 18795000 00:05 7029       /dev/dri/card0
6ee35000-6ee3d000 rwxs 1878d000 00:05 7029       /dev/dri/card0
6ee3d000-6ee41000 rwxs 1860f000 00:05 7029       /dev/dri/card0
6ee41000-6ee54000 r-xp 00000000 08:05 2756334    /tmp/jna5528000697177994810.tmp
6ee54000-6ee55000 rwxp 00013000 08:05 2756334    /tmp/jna5528000697177994810.tmp
6ee55000-6ee6a000 r-xp 00000000 08:05 4470039    /usr/lib/jvm/java-6-sun-1.6.0.24/jre/lib/i386/libdcpr.so
6ee6a000-6ee7d000 rwxp 00014000 08:05 4470039    /usr/lib/jvm/java-6-sun-1.6.0.24/jre/lib/i386/libdcpr.so
6ee7d000-6ee96000 rwxs 00000000 00:04 169082904  /SYSV00000000 (deleted)
6ee96000-6eeeb000 rwxs 00000000 00:04 169050135  /SYSV00000000 (deleted)
6eeeb000-6eeff000 r-xp 00000000 08:05 4326695    /usr/lib/gtk-2.0/modules/libglobalmenu-plugin.so
6eeff000-6ef00000 r-xp 00013000 08:05 4326695    /usr/lib/gtk-2.0/modules/libglobalmenu-plugin.so
6ef00000-6ef01000 rwxp 00014000 08:05 4326695    /usr/lib/gtk-2.0/modules/libglobalmenu-plugin.so
6ef01000-6ef06000 r-xp 00000000 08:05 4328876    /usr/lib/libogg.so.0.7.0
6ef06000-6ef07000 r-xp 00004000 08:05 4328876    /usr/lib/libogg.so.0.7.0
6ef07000-6ef08000 rwxp 00005000 08:05 4328876    /usr/lib/libogg.so.0.7.0
6ef08000-6ef0e000 r-xp 00000000 08:05 4325996    /usr/lib/i386-linux-gnu/libxcb-render.so.0.0.0
6ef0e000-6ef0f000 r-xp 00005000 08:05 4325996    /usr/lib/i386-linux-gnu/libxcb-render.so.0.0.0
6ef0f000-6ef10000 rwxp 00006000 08:05 4325996    /usr/lib/i386-linux-gnu/libxcb-render.so.0.0.0
6ef10000-6ef33000 r-xp 00000000 08:05 3539147    /lib/i386-linux-gnu/libpng12.so.0.44.0
6ef33000-6ef34000 r-xp 00022000 08:05 3539147    /lib/i386-linux-gnu/libpng12.so.0.44.0
6ef34000-6ef35000 rwxp 00023000 08:05 3539147    /lib/i386-linux-gnu/libpng12.so.0.44.0
6ef35000-6ef62000 r-xp 00000000 08:05 4325572    /usr/lib/i386-linux-gnu/libfontconfig.so.1.4.4
6ef62000-6ef63000 r-xp 0002c000 08:05 4325572    /usr/lib/i386-linux-gnu/libfontconfig.so.1.4.4
6ef63000-6ef64000 rwxp 0002d000 08:05 4325572    /usr/lib/i386-linux-gnu/libfontconfig.so.1.4.4
6ef64000-6efe5000 r-xp 00000000 08:05 4325689    /usr/lib/i386-linux-gnu/libfreetype.so.6.6.2
6efe5000-6efe9000 r-xp 00080000 08:05 4325689    /usr/lib/i386-linux-gnu/libfreetype.so.6.6.2
6efe9000-6efea000 rwxp 00084000 08:05 4325689    /usr/lib/i386-linux-gnu/libfreetype.so.6.6.2
6efea000-6efeb000 rwxs 189cd000 00:05 7029       /dev/dri/card0
6efeb000-6efee000 r-xp 00000000 08:05 4329344    /usr/lib/libcanberra-gtk.so.0.1.8
6efee000-6efef000 r-xp 00002000 08:05 4329344    /usr/lib/libcanberra-gtk.so.0.1.8
6efef000-6eff0000 rwxp 00003000 08:05 4329344    /usr/lib/libcanberra-gtk.so.0.1.8
6eff0000-6eff4000 r-xp 00000000 08:05 4327695    /usr/lib/gtk-2.0/modules/libcanberra-gtk-module.so
6eff4000-6eff5000 r-xp 00003000 08:05 4327695    /usr/lib/gtk-2.0/modules/libcanberra-gtk-module.so
6eff5000-6eff6000 rwxp 00004000 08:05 4327695    /usr/lib/gtk-2.0/modules/libcanberra-gtk-module.so
6eff6000-6effe000 r-xp 00000000 08:05 4325660    /usr/lib/liboverlay-scrollbar-0.1.so.0.0.12
6effe000-6efff000 r-xp 00007000 08:05 4325660    /usr/lib/liboverlay-scrollbar-0.1.so.0.0.12
6efff000-6f000000 rwxp 00008000 08:05 4325660    /usr/lib/liboverlay-scrollbar-0.1.so.0.0.12
6f000000-6f0ff000 rwxp 00000000 00:00 0 
6f0ff000-6f100000 ---p 00000000 00:00 0 
6f100000-6f101000 rwxs 186eb000 00:05 7029       /dev/dri/card0
6f101000-6f103000 r-xp 00000000 08:05 4326159    /usr/lib/i386-linux-gnu/libxcb-shm.so.0.0.0
6f103000-6f104000 r-xp 00001000 08:05 4326159    /usr/lib/i386-linux-gnu/libxcb-shm.so.0.0.0
6f104000-6f105000 rwxp 00002000 08:05 4326159    /usr/lib/i386-linux-gnu/libxcb-shm.so.0.0.0
6f105000-6f10b000 r-xp 00000000 08:05 4333381    /usr/lib/i386-linux-gnu/libXrandr.so.2.2.0
6f10b000-6f10c000 r-xp 00005000 08:05 4333381    /usr/lib/i386-linux-gnu/libXrandr.so.2.2.0
6f10c000-6f10d000 rwxp 00006000 08:05 4333381    /usr/lib/i386-linux-gnu/libXrandr.so.2.2.0
6f10d000-6f14b000 r-xp 00000000 08:05 4325711    /usr/lib/i386-linux-gnu/libpango-1.0.so.0.2800.4
6f14b000-6f14c000 r-xp 0003e000 08:05 4325711    /usr/lib/i386-linux-gnu/libpango-1.0.so.0.2800.4
6f14c000-6f14d000 rwxp 0003f000 08:05 4325711    /usr/lib/i386-linux-gnu/libpango-1.0.so.0.2800.4
6f14d000-6f1fb000 r-xp 00000000 08:05 4326380    /usr/lib/libcairo.so.2.11000.2
6f1fb000-6f1fc000 ---p 000ae000 08:05 4326380    /usr/lib/libcairo.so.2.11000.2
6f1fc000-6f1fd000 r-xp 000ae000 08:05 4326380    /usr/lib/libcairo.so.2.11000.2
6f1fd000-6f1fe000 rwxp 000af000 08:05 4326380    /usr/lib/libcairo.so.2.11000.2
6f1fe000-6f200000 rwxp 00000000 00:00 0 
6f200000-6f2f2000 rwxp 00000000 00:00 0 
6f2f2000-6f300000 ---p 00000000 00:00 0 
6f300000-6f301000 rwxp 00000000 00:00 0 
6f301000-6f304000 r-xp 00000000 08:05 4332911    /usr/lib/i386-linux-gnu/libgthread-2.0.so.0.2800.6
6f304000-6f305000 r-xp 00003000 08:05 4332911    /usr/lib/i386-linux-gnu/libgthread-2.0.so.0.2800.6
6f305000-6f306000 rwxp 00004000 08:05 4332911    /usr/lib/i386-linux-gnu/libgthread-2.0.so.0.2800.6
6f306000-6f32b000 r-xp 00000000 08:05 4325713    /usr/lib/i386-linux-gnu/libpangoft2-1.0.so.0.2800.4
6f32b000-6f32c000 ---p 00025000 08:05 4325713    /usr/lib/i386-linux-gnu/libpangoft2-1.0.so.0.2800.4
6f32c000-6f32d000 r-xp 00025000 08:05 4325713    /usr/lib/i386-linux-gnu/libpangoft2-1.0.so.0.2800.4
6f32d000-6f32e000 rwxp 00026000 08:05 4325713    /usr/lib/i386-linux-gnu/libpangoft2-1.0.so.0.2800.4
6f32e000-6f349000 r-xp 00000000 08:05 4326627    /usr/lib/libgdk_pixbuf-2.0.so.0.2300.3
6f349000-6f34a000 r-xp 0001a000 08:05 4326627    /usr/lib/libgdk_pixbuf-2.0.so.0.2300.3
6f34a000-6f34b000 rwxp 0001b000 08:05 4326627    /usr/lib/libgdk_pixbuf-2.0.so.0.2300.3
6f34b000-6f364000 r-xp 00000000 08:05 4326135    /usr/lib/i386-linux-gnu/libatk-1.0.so.0.9.1
6f364000-6f365000 ---p 00019000 08:05 4326135    /usr/lib/i386-linux-gnu/libatk-1.0.so.0.9.1
6f365000-6f366000 r-xp 00019000 08:05 4326135    /usr/lib/i386-linux-gnu/libatk-1.0.so.0.9.1
6f366000-6f367000 rwxp 0001a000 08:05 4326135    /usr/lib/i386-linux-gnu/libatk-1.0.so.0.9.1
6f367000-6f3fc000 r-xp 00000000 08:05 4349290    /usr/lib/libgdk-x11-2.0.so.0.2400.4
6f3fc000-6f3fd000 ---p 00095000 08:05 4349290    /usr/lib/libgdk-x11-2.0.so.0.2400.4
6f3fd000-6f3ff000 r-xp 00095000 08:05 4349290    /usr/lib/libgdk-x11-2.0.so.0.2400.4
6f3ff000-6f400000 rwxp 00097000 08:05 4349290    /usr/lib/libgdk-x11-2.0.so.0.2400.4
6f400000-6f4f9000 rwxp 00000000 00:00 0 
6f4f9000-6f500000 ---p 00000000 00:00 0 
6f500000-6f502000 r-xp 00000000 08:05 4333368    /usr/lib/i386-linux-gnu/libXinerama.so.1.0.0
6f502000-6f503000 r-xp 00001000 08:05 4333368    /usr/lib/i386-linux-gnu/libXinerama.so.1.0.0
6f503000-6f504000 rwxp 00002000 08:05 4333368    /usr/lib/i386-linux-gnu/libXinerama.so.1.0.0
6f504000-6f506000 r-xp 00000000 08:05 4332910    /usr/lib/i386-linux-gnu/libgmodule-2.0.so.0.2800.6
6f506000-6f507000 r-xp 00002000 08:05 4332910    /usr/lib/i386-linux-gnu/libgmodule-2.0.so.0.2800.6
6f507000-6f508000 rwxp 00003000 08:05 4332910    /usr/lib/i386-linux-gnu/libgmodule-2.0.so.0.2800.6
6f508000-6f50a000 r-xp 00000000 08:05 4333357    /usr/lib/i386-linux-gnu/libXdamage.so.1.1.0
6f50a000-6f50b000 r-xp 00001000 08:05 4333357    /usr/lib/i386-linux-gnu/libXdamage.so.1.1.0
6f50b000-6f50c000 rwxp 00002000 08:05 4333357    /usr/lib/i386-linux-gnu/libXdamage.so.1.1.0
6f50c000-6f50e000 r-xp 00000000 08:05 4333341    /usr/lib/i386-linux-gnu/libXcomposite.so.1.0.0
6f50e000-6f50f000 r-xp 00001000 08:05 4333341    /usr/lib/i386-linux-gnu/libXcomposite.so.1.0.0
6f50f000-6f510000 rwxp 00002000 08:05 4333341    /usr/lib/i386-linux-gnu/libXcomposite.so.1.0.0
6f510000-6f51a000 r-xp 00000000 08:05 4325712    /usr/lib/i386-linux-gnu/libpangocairo-1.0.so.0.2800.4
6f51a000-6f51b000 r-xp 00009000 08:05 4325712    /usr/lib/i386-linux-gnu/libpangocairo-1.0.so.0.2800.4
6f51b000-6f51c000 rwxp 0000a000 08:05 4325712    /usr/lib/i386-linux-gnu/libpangocairo-1.0.so.0.2800.4
6f51c000-6f51f000 r-xs 0002c000 08:05 921736     /home/daniel/gephi/gephibzr/gephi/build/cluster/modules/org-gephi-branding-desktop.jar
6f51f000-6f520000 r-xs 0000c000 08:05 921085     /home/daniel/gephi/gephibzr/gephi/build/cluster/modules/org-gephi-clustering-plugin.jar
6f520000-6f522000 r-xs 00018000 08:05 921201     /home/daniel/gephi/gephibzr/gephi/build/cluster/modules/org-gephi-data-attributes.jar
6f522000-6f52d000 r-xs 000b1000 08:05 921702     /home/daniel/gephi/gephibzr/gephi/build/cluster/modules/org-gephi-datalab-plugin.jar
6f52d000-6f52f000 r-xs 00013000 08:05 921662     /home/daniel/gephi/gephibzr/gephi/build/cluster/modules/org-gephi-desktop-clustering.jar
6f52f000-6f530000 r-xs 00003000 08:05 921045     /home/daniel/gephi/gephibzr/gephi/build/cluster/modules/org-gephi-clustering-api.jar
6f530000-6f532000 r-xs 0000a000 08:05 921556     /home/daniel/gephi/gephibzr/gephi/build/cluster/modules/org-gephi-desktop-context.jar
6f532000-6f534000 r-xs 00003000 08:05 921684     /home/daniel/gephi/gephibzr/gephi/build/cluster/modules/ext/spark-1.2.jar
6f534000-6f538000 r-xs 00053000 08:05 921680     /home/daniel/gephi/gephibzr/gephi/build/cluster/modules/org-gephi-desktop-datalab.jar
6f538000-6f53b000 r-xs 00029000 08:05 921409     /home/daniel/gephi/gephibzr/gephi/build/cluster/modules/org-gephi-desktop-filters.jar
6f53b000-6f53c000 r-xs 00005000 08:05 921361     /home/daniel/gephi/gephibzr/gephi/build/cluster/modules/org-gephi-desktop-generate.jar
6f53c000-6f53e000 r-xs 00012000 08:05 921740     /home/daniel/gephi/gephibzr/gephi/build/cluster/modules/org-gephi-desktop-hierarchy.jar
6f53e000-6f541000 r-xs 0001a000 08:05 921470     /home/daniel/gephi/gephibzr/gephi/build/cluster/modules/org-gephi-desktop-importer.jar
6f541000-6f543000 r-xs 00012000 08:05 921718     /home/daniel/gephi/gephibzr/gephi/build/cluster/modules/org-gephi-desktop-layout.jar
6f543000-6f545000 r-xs 00010000 08:05 921506     /home/daniel/gephi/gephibzr/gephi/build/cluster/modules/org-gephi-desktop-partition.jar
6f545000-6f548000 r-xs 0001a000 08:05 921745     /home/daniel/gephi/gephibzr/gephi/build/cluster/modules/org-gephi-desktop-preview.jar
6f548000-6f54a000 r-xs 00017000 08:05 921451     /home/daniel/gephi/gephibzr/gephi/build/cluster/modules/org-gephi-desktop-io-export.jar
6f54a000-6f54b000 r-xs 00002000 08:05 920711     /home/daniel/gephi/gephibzr/gephi/build/cluster/modules/org-gephi-desktop-progress.jar
6f54b000-6f54e000 r-xs 00020000 08:05 921491     /home/daniel/gephi/gephibzr/gephi/build/cluster/modules/org-gephi-desktop-ranking.jar
6f54e000-6f550000 r-xs 00002000 08:05 921385     /home/daniel/gephi/gephibzr/gephi/build/cluster/modules/org-gephi-desktop-recentfiles.jar
6f550000-6f551000 r-xs 00008000 08:05 921373     /home/daniel/gephi/gephibzr/gephi/build/cluster/modules/org-gephi-desktop-spigot.jar
6f551000-6f552000 r-xs 00010000 08:05 921587     /home/daniel/gephi/gephibzr/gephi/build/cluster/modules/org-gephi-desktop-statistics.jar
6f552000-6f554000 r-xs 00025000 08:05 921754     /home/daniel/gephi/gephibzr/gephi/build/cluster/modules/org-gephi-desktop-timeline.jar
6f554000-6f556000 r-xs 00011000 08:05 921668     /home/daniel/gephi/gephibzr/gephi/build/cluster/modules/org-gephi-desktop-tools.jar
6f556000-6f558000 r-xs 00119000 08:05 921674     /home/daniel/gephi/gephibzr/gephi/build/cluster/modules/org-gephi-desktop-welcome.jar
6f558000-6f55a000 r-xs 0000d000 08:05 921537     /home/daniel/gephi/gephibzr/gephi/build/cluster/modules/org-gephi-dynamic.jar
6f55a000-6f55c000 r-xs 00014000 08:05 921230     /home/daniel/gephi/gephibzr/gephi/build/cluster/modules/org-gephi-filters.jar
6f55c000-6f560000 r-xs 0005f000 08:05 921212     /home/daniel/gephi/gephibzr/gephi/build/cluster/modules/org-gephi-graph-dhns.jar
6f560000-6f565000 r-xs 0004a000 08:05 921192     /home/daniel/gephi/gephibzr/gephi/build/cluster/modules/org-gephi-layout-plugin.jar
6f565000-6f567000 r-xs 00008000 08:05 921088     /home/daniel/gephi/gephibzr/gephi/build/cluster/modules/org-gephi-layout-api.jar
6f567000-6f569000 r-xs 00007000 08:05 920661     /home/daniel/gephi/gephibzr/gephi/build/cluster/modules/org-gephi-newslider.jar
6f569000-6f56c000 r-xs 00040000 08:05 921234     /home/daniel/gephi/gephibzr/gephi/build/cluster/modules/org-gephi-preview.jar
6f56c000-6f56f000 r-xs 00036000 08:05 920632     /home/daniel/gephi/gephibzr/gephi/build/cluster/modules/ext/core.jar
6f56f000-6f570000 r-xs 00001000 08:05 920630     /home/daniel/gephi/gephibzr/gephi/build/cluster/modules/org-gephi-lib-processing.jar
6f570000-6f574000 r-xs 00037000 08:05 921712     /home/daniel/gephi/gephibzr/gephi/build/cluster/modules/org-gephi-tools-plugin.jar
6f574000-6f576000 r-xs 00010000 08:05 921279     /home/daniel/gephi/gephibzr/gephi/build/cluster/modules/org-gephi-desktop-perspective.jar
6f576000-6f577000 r-xs 00005000 08:05 921157     /home/daniel/gephi/gephibzr/gephi/build/cluster/modules/org-gephi-algorithms.jar
6f577000-6f57a000 r-xs 00017000 08:05 921258     /home/daniel/gephi/gephibzr/gephi/build/cluster/modules/ext/TimingFramework-1.0.jar
6f57a000-6f57c000 r-xs 0001e000 08:05 921256     /home/daniel/gephi/gephibzr/gephi/build/cluster/modules/org-gephi-ui-components-SplineEditor.jar
6f57c000-6f57e000 r-xs 00012000 08:05 921153     /home/daniel/gephi/gephibzr/gephi/build/cluster/modules/org-gephi-ui-exporter-plugin.jar
6f57e000-6f580000 r-xs 0001f000 08:05 921148     /home/daniel/gephi/gephibzr/gephi/build/cluster/modules/org-gephi-io-exporter-plugin.jar
6f580000-6f583000 r-xs 0001d000 08:05 920636     /home/daniel/gephi/gephibzr/gephi/build/cluster/modules/ext/stax-utils.jar
6f583000-6f584000 r-xs 00001000 08:05 920634     /home/daniel/gephi/gephibzr/gephi/build/cluster/modules/org-gephi-lib-staxutils.jar
6f584000-6f585000 r-xs 0000c000 08:05 921252     /home/daniel/gephi/gephibzr/gephi/build/cluster/modules/org-gephi-ui-exporter-preview.jar
6f585000-6f587000 r-xs 0000d000 08:05 920726     /home/daniel/gephi/gephibzr/gephi/build/cluster/modules/org-gephi-io-exporter-preview.jar
6f587000-6f589000 r-xs 00008000 08:05 920665     /home/daniel/gephi/gephibzr/gephi/build/cluster/modules/org-gephi-preview-api.jar
6f589000-6f58b000 r-xs 00005000 08:05 920719     /home/daniel/gephi/gephibzr/gephi/build/cluster/modules/org-gephi-io-exporter-api.jar
6f58b000-6f58f000 r-xs 00038000 08:05 919856     /home/daniel/gephi/gephibzr/gephi/build/cluster/modules/ext/batik-gvt.jar
6f58f000-6f591000 r-xs 00010000 08:05 919857     /home/daniel/gephi/gephibzr/gephi/build/cluster/modules/ext/batik-parser.jar
6f591000-6f594000 r-xs 0001d000 08:05 920378     /home/daniel/gephi/gephibzr/gephi/build/cluster/modules/ext/batik-util.jar
6f594000-6f59f000 r-xs 000ad000 08:05 920513     /home/daniel/gephi/gephibzr/gephi/build/cluster/modules/ext/pdf-transcoder.jar
6f59f000-6f5a2000 r-xs 00015000 08:05 919850     /home/daniel/gephi/gephibzr/gephi/build/cluster/modules/ext/batik-anim.jar
6f5a2000-6f5af000 r-xs 00087000 08:05 919859     /home/daniel/gephi/gephibzr/gephi/build/cluster/modules/ext/batik-svg-dom.jar
6f5af000-6f5b4000 r-xs 00010000 08:05 920514     /home/daniel/gephi/gephibzr/gephi/build/cluster/modules/ext/xml-apis-ext.jar
6f5b4000-6f5be000 r-xs 00080000 08:05 919852     /home/daniel/gephi/gephibzr/gephi/build/cluster/modules/ext/batik-bridge.jar
6f5be000-6f5c0000 r-xs 0001c000 08:05 920377     /home/daniel/gephi/gephibzr/gephi/build/cluster/modules/ext/batik-transcoder.jar
6f5c0000-6f5c1000 r-xs 00002000 08:05 919855     /home/daniel/gephi/gephibzr/gephi/build/cluster/modules/ext/batik-ext.jar
6f5c1000-6f5c5000 r-xs 00027000 08:05 919854     /home/daniel/gephi/gephibzr/gephi/build/cluster/modules/ext/batik-dom.jar
6f5c5000-6f5cd000 r-xs 00045000 08:05 919853     /home/daniel/gephi/gephibzr/gephi/build/cluster/modules/ext/batik-css.jar
6f5cd000-6f5ce000 r-xs 00007000 08:05 920509     /home/daniel/gephi/gephibzr/gephi/build/cluster/modules/ext/batik-xml.jar
6f5ce000-6f5d1000 r-xs 0000d000 08:05 919858     /home/daniel/gephi/gephibzr/gephi/build/cluster/modules/ext/batik-script.jar
6f5d1000-6f5d8000 r-xs 0005c000 08:05 919851     /home/daniel/gephi/gephibzr/gephi/build/cluster/modules/ext/batik-awt-util.jar
6f5d8000-6f5da000 r-xs 00001000 08:05 919848     /home/daniel/gephi/gephibzr/gephi/build/cluster/modules/org-gephi-lib-batik.jar
6f5da000-6f5e7000 r-xs 00162000 08:05 920575     /home/daniel/gephi/gephibzr/gephi/build/cluster/modules/ext/iText-5.0.1.jar
6f5e7000-6f5e8000 r-xs 00001000 08:05 920573     /home/daniel/gephi/gephibzr/gephi/build/cluster/modules/org-gephi-lib-itext.jar
6f5e8000-6f5eb000 r-xs 00024000 08:05 921593     /home/daniel/gephi/gephibzr/gephi/build/cluster/modules/org-gephi-ui-filters-plugin.jar
6f5eb000-6f5ef000 r-xs 00042000 08:05 921527     /home/daniel/gephi/gephibzr/gephi/build/cluster/modules/org-gephi-filters-plugin.jar
6f5ef000-6f5f0000 r-xs 00003000 08:05 921219     /home/daniel/gephi/gephibzr/gephi/build/cluster/modules/org-gephi-timeline.jar
6f5f0000-6f5f2000 r-xs 00007000 08:05 921215     /home/daniel/gephi/gephibzr/gephi/build/cluster/modules/org-gephi-filters-api.jar
6f5f2000-6f5f3000 r-xs 00003000 08:05 921178     /home/daniel/gephi/gephibzr/gephi/build/cluster/modules/org-gephi-ui-generator-plugin.jar
6f5f3000-6f5f4000 r-xs 00004000 08:05 921173     /home/daniel/gephi/gephibzr/gephi/build/cluster/modules/org-gephi-io-generator-plugin.jar
6f5f4000-6f5f5000 r-xs 00002000 08:05 921169     /home/daniel/gephi/gephibzr/gephi/build/cluster/modules/org-gephi-io-generator-api.jar
6f5f5000-6f5f6000 r-xs 0000e000 08:05 921244     /home/daniel/gephi/gephibzr/gephi/build/cluster/modules/org-gephi-ui-importer-plugin.jar
6f5f6000-6f5f9000 r-xs 00049000 08:05 921195     /home/daniel/gephi/gephibzr/gephi/build/cluster/modules/org-gephi-io-importer-plugin.jar
6f5f9000-6f5fc000 r-xs 0000e000 08:05 921726     /home/daniel/gephi/gephibzr/gephi/build/cluster/modules/org-gephi-ui-partition-plugin.jar
6f5fc000-6f5fe000 r-xs 00003000 08:05 921209     /home/daniel/gephi/gephibzr/gephi/build/cluster/modules/org-gephi-partition-plugin.jar
6f5fe000-6f600000 r-xs 00011000 08:05 921205     /home/daniel/gephi/gephibzr/gephi/build/cluster/modules/org-gephi-partition-api.jar
6f600000-6f6fa000 rwxp 00000000 00:00 0 
6f6fa000-6f700000 ---p 00000000 00:00 0 
6f700000-6f702000 r-xs 00007000 08:05 920733     /home/daniel/gephi/gephibzr/gephi/build/cluster/modules/org-gephi-graph-api.jar
6f702000-6f704000 r-xs 00014000 08:05 920715     /home/daniel/gephi/gephibzr/gephi/build/cluster/modules/org-gephi-project-api.jar
6f704000-6f705000 r-xs 00006000 08:05 920706     /home/daniel/gephi/gephibzr/gephi/build/cluster/modules/org-gephi-utils-longtask.jar
6f705000-6f70b000 r-xs 00031000 08:05 921240     /home/daniel/gephi/gephibzr/gephi/build/cluster/modules/ext/swingx-beaninfo-1.6.1.jar
6f70b000-6f726000 r-xs 00139000 08:05 921239     /home/daniel/gephi/gephibzr/gephi/build/cluster/modules/ext/swingx-1.6.1.jar
6f726000-6f727000 r-xs 00001000 08:05 921237     /home/daniel/gephi/gephibzr/gephi/build/cluster/modules/org-jdesktop-swingx.jar
6f727000-6f738000 r-xs 0014c000 08:05 921267     /home/daniel/gephi/gephibzr/gephi/build/cluster/modules/ext/jfreechart-1.0.13.jar
6f738000-6f73a000 r-xs 00013000 08:05 921268     /home/daniel/gephi/gephibzr/gephi/build/cluster/modules/ext/orson-0.5.0.jar
6f73a000-6f740000 r-xs 00046000 08:05 921266     /home/daniel/gephi/gephibzr/gephi/build/cluster/modules/ext/jcommon-1.0.16.jar
6f740000-6f741000 r-xs 00000000 08:05 921260     /home/daniel/gephi/gephibzr/gephi/build/cluster/modules/org-jfree.jar
6f741000-6f750000 r-xs 00074000 08:05 921751     /home/daniel/gephi/gephibzr/gephi/build/cluster/modules/ext/joda-time-1.6.jar
6f750000-6f751000 r-xs 00000000 08:05 921749     /home/daniel/gephi/gephibzr/gephi/build/cluster/modules/org-joda-time.jar
6f751000-6f753000 r-xs 00008000 08:05 919547     /home/daniel/netbeans-7.0/platform/modules/org-netbeans-core-io-ui.jar
6f753000-6f75c000 r-xs 000ba000 08:05 1051086    /home/daniel/netbeans-7.0/platform/modules/ext/platform-3.2.7.jar
6f75c000-6f75d000 r-xs 00001000 08:05 919425     /home/daniel/netbeans-7.0/platform/modules/org-netbeans-core-nativeaccess.jar
6f75d000-6f762000 r-xs 00062000 08:05 919574     /home/daniel/netbeans-7.0/platform/modules/org-netbeans-core-ui.jar
6f762000-6f763000 r-xs 00000000 08:05 919713     /home/daniel/gephi/gephibzr/gephi/build/cluster/modules/locale/org-netbeans-core-windows_gephi.jar
6f763000-6f76f000 r-xs 001b9000 08:05 919518     /home/daniel/netbeans-7.0/platform/modules/org-netbeans-core-windows.jar
6f76f000-6f775000 r-xs 00034000 08:05 1053531    /home/daniel/netbeans-7.0/platform/modules/ext/junit-4.8.2.jar
6f775000-6f776000 r-xs 00000000 08:05 919650     /home/daniel/netbeans-7.0/platform/modules/org-netbeans-libs-junit4.jar
6f776000-6f77e000 r-xs 000e2000 08:05 919355     /home/daniel/netbeans-7.0/platform/modules/org-netbeans-modules-autoupdate-ui.jar
6f77e000-6f780000 r-xs 00039000 08:05 1051095    /home/daniel/netbeans-7.0/platform/modules/ext/updater.jar
6f780000-6f785000 r-xs 000ab000 08:05 919267     /home/daniel/netbeans-7.0/platform/modules/org-netbeans-modules-autoupdate-services.jar
6f785000-6f787000 r-xs 0000b000 08:05 919226     /home/daniel/netbeans-7.0/platform/modules/org-netbeans-modules-editor-mimelookup-impl.jar
6f787000-6f78a000 r-xs 00032000 08:05 919427     /home/daniel/netbeans-7.0/platform/modules/org-netbeans-modules-favorites.jar
6f78a000-6f78c000 r-xs 0000f000 08:05 919368     /home/daniel/netbeans-7.0/platform/modules/org-netbeans-modules-keyring-impl.jar
6f78c000-6f792000 r-xs 00070000 08:05 919446     /home/daniel/netbeans-7.0/platform/modules/org-netbeans-modules-masterfs.jar
6f792000-6f796000 r-xs 000e3000 08:05 1051091    /home/daniel/netbeans-7.0/platform/modules/ext/jna-3.2.7.jar
6f796000-6f798000 r-xs 00000000 08:05 919568     /home/daniel/netbeans-7.0/platform/modules/org-netbeans-libs-jna.jar
6f798000-6f79c000 r-xs 0004b000 08:05 919340     /home/daniel/netbeans-7.0/platform/modules/org-netbeans-modules-options-keymap.jar
6f79c000-6f7a1000 r-xs 00061000 08:05 919389     /home/daniel/netbeans-7.0/platform/modules/org-netbeans-modules-options-api.jar
6f7a1000-6f7a7000 r-xs 0008f000 08:05 919604     /home/daniel/netbeans-7.0/platform/modules/org-netbeans-core.jar
6f7a7000-6f7a9000 r-xs 00001000 08:05 919474     /home/daniel/netbeans-7.0/platform/modules/org-netbeans-modules-keyring.jar
6f7a9000-6f7ad000 r-xs 0003e000 08:05 919507     /home/daniel/netbeans-7.0/platform/modules/org-netbeans-modules-print.jar
6f7ad000-6f7af000 r-xs 0001f000 08:05 919391     /home/daniel/netbeans-7.0/platform/modules/org-netbeans-modules-progress-ui.jar
6f7af000-6f7b1000 r-xs 00011000 08:05 919447     /home/daniel/netbeans-7.0/platform/modules/org-netbeans-modules-sendopts.jar
6f7b1000-6f7b3000 r-xs 0003e000 08:05 919450     /home/daniel/netbeans-7.0/platform/modules/org-netbeans-modules-settings.jar
6f7b3000-6f7b6000 r-xs 00022000 08:05 919475     /home/daniel/netbeans-7.0/platform/modules/org-netbeans-spi-quicksearch.jar
6f7b6000-6f7b7000 r-xs 00002000 08:05 919353     /home/daniel/netbeans-7.0/platform/modules/org-netbeans-api-annotations-common.jar
6f7b7000-6f7ba000 r-xs 0002a000 08:05 921759     /home/daniel/gephi/gephibzr/gephi/build/cluster/modules/org-netbeans-swing-dirchooser.jar
6f7ba000-6f7bd000 r-xs 00036000 08:05 919549     /home/daniel/netbeans-7.0/platform/modules/org-netbeans-swing-plaf.jar
6f7bd000-6f7bf000 r-xs 0000a000 08:05 919617     /home/daniel/netbeans-7.0/platform/modules/org-openide-io.jar
6f7bf000-6f7c8000 r-xs 0013a000 08:05 919588     /home/daniel/netbeans-7.0/platform/modules/org-openide-loaders.jar
6f7c8000-6f7ca000 r-xs 0000a000 08:05 919476     /home/daniel/netbeans-7.0/platform/modules/org-netbeans-modules-queries.jar
6f7ca000-6f7cd000 r-xs 00032000 08:05 919589     /home/daniel/netbeans-7.0/platform/modules/org-openide-actions.jar
6f7cd000-6f7da000 r-xs 0019d000 08:05 919573     /home/daniel/netbeans-7.0/platform/modules/org-openide-explorer.jar
6f7da000-6f7dd000 r-xs 00039000 08:05 919506     /home/daniel/netbeans-7.0/platform/modules/org-netbeans-swing-outline.jar
6f7dd000-6f7ea000 r-xs 000de000 08:05 919449     /home/daniel/netbeans-7.0/platform/modules/org-netbeans-swing-tabcontrol.jar
6f7ea000-6f7ee000 r-xs 0005f000 08:05 919609     /home/daniel/netbeans-7.0/platform/modules/org-openide-text.jar
6f7ee000-6f7f0000 r-xs 0000b000 08:05 919314     /home/daniel/netbeans-7.0/platform/modules/org-netbeans-modules-editor-mimelookup.jar
6f7f0000-6f7f2000 r-xs 00025000 08:05 919587     /home/daniel/netbeans-7.0/platform/modules/org-openide-windows.jar
6f7f2000-6f7f7000 r-xs 00080000 08:05 919605     /home/daniel/netbeans-7.0/platform/modules/org-openide-nodes.jar
6f7f7000-6f7f9000 r-xs 0002e000 08:05 919590     /home/daniel/netbeans-7.0/platform/modules/org-openide-dialogs.jar
6f7f9000-6f7fb000 r-xs 00010000 08:05 919523     /home/daniel/netbeans-7.0/platform/modules/org-netbeans-api-progress.jar
6f7fb000-6f800000 r-xs 00085000 08:05 919613     /home/daniel/netbeans-7.0/platform/modules/org-openide-awt.jar
6f800000-6f900000 rwxp 00000000 00:00 0 
6f900000-6f901000 r-xs 00009000 08:05 921248     /home/daniel/gephi/gephibzr/gephi/build/cluster/modules/org-gephi-ui-processor-plugin.jar
6f901000-6f903000 r-xs 0000c000 08:05 921222     /home/daniel/gephi/gephibzr/gephi/build/cluster/modules/org-gephi-io-processor-plugin.jar
6f903000-6f90a000 r-xs 00094000 08:05 920532     /home/daniel/gephi/gephibzr/gephi/build/cluster/modules/ext/beansbinding-1.2.1.jar
6f90a000-6f90b000 r-xs 00001000 08:05 920530     /home/daniel/gephi/gephibzr/gephi/build/cluster/modules/org-gephi-lib-beansbinding.jar
6f90b000-6f90d000 r-xs 00003000 08:05 920730     /home/daniel/gephi/gephibzr/gephi/build/cluster/modules/org-gephi-ui-project.jar
6f90d000-6f90f000 r-xs 00005000 08:05 921187     /home/daniel/gephi/gephibzr/gephi/build/cluster/modules/org-gephi-ui-propertyeditor.jar
6f90f000-6f911000 r-xs 0000d000 08:05 921601     /home/daniel/gephi/gephibzr/gephi/build/cluster/modules/org-gephi-ui-ranking-plugin.jar
6f911000-6f913000 r-xs 0001c000 08:05 921160     /home/daniel/gephi/gephibzr/gephi/build/cluster/modules/org-gephi-ranking-api.jar
6f913000-6f915000 r-xs 0001a000 08:05 921431     /home/daniel/gephi/gephibzr/gephi/build/cluster/modules/org-gephi-ui-spigot-plugin.jar
6f915000-6f917000 r-xs 00010000 08:05 921182     /home/daniel/gephi/gephibzr/gephi/build/cluster/modules/org-gephi-io-spigot-plugin.jar
6f917000-6f918000 r-xs 00004000 08:05 920583     /home/daniel/gephi/gephibzr/gephi/build/cluster/modules/ext/dsn.jar
6f918000-6f91d000 r-xs 00039000 08:05 920586     /home/daniel/gephi/gephibzr/gephi/build/cluster/modules/ext/mailapi.jar
6f91d000-6f91e000 r-xs 00008000 08:05 920587     /home/daniel/gephi/gephibzr/gephi/build/cluster/modules/ext/pop3.jar
6f91e000-6f91f000 r-xs 0000a000 08:05 920588     /home/daniel/gephi/gephibzr/gephi/build/cluster/modules/ext/smtp.jar
6f91f000-6f922000 r-xs 00028000 08:05 920584     /home/daniel/gephi/gephibzr/gephi/build/cluster/modules/ext/imap.jar
6f922000-6f929000 r-xs 0006a000 08:05 920585     /home/daniel/gephi/gephibzr/gephi/build/cluster/modules/ext/mail.jar
6f929000-6f92b000 r-xs 00000000 08:05 920581     /home/daniel/gephi/gephibzr/gephi/build/cluster/modules/org-gephi-lib-javamail.jar
6f92b000-6f92e000 r-xs 0001c000 08:05 920592     /home/daniel/gephi/gephibzr/gephi/build/cluster/modules/ext/jcalendar-1.3.3.jar
6f92e000-6f936000 r-xs 00052000 08:05 920593     /home/daniel/gephi/gephibzr/gephi/build/cluster/modules/ext/looks-2.0.1.jar
6f936000-6f938000 r-xs 00000000 08:05 920590     /home/daniel/gephi/gephibzr/gephi/build/cluster/modules/org-gephi-lib-jcalendar.jar
6f938000-6f93a000 r-xs 00009000 08:05 921696     /home/daniel/gephi/gephibzr/gephi/build/cluster/modules/org-gephi-ui-workspace.jar
6f93a000-6f945000 r-xs 000e0000 08:05 921646     /home/daniel/gephi/gephibzr/gephi/build/cluster/modules/org-gephi-visualization.jar
6f945000-6f948000 r-xs 00023000 08:05 921165     /home/daniel/gephi/gephibzr/gephi/build/cluster/modules/org-gephi-io-importer-api.jar
6f948000-6f94f000 r-xs 000a7000 08:05 919830     /home/daniel/gephi/gephibzr/gephi/build/cluster/modules/ext/mysql-connector-java-5.1.7-bin.jar
6f94f000-6f9da000 rwxs 00000000 00:04 168820749  /SYSV00000000 (deleted)
6f9da000-6fa00000 rwxs 00000000 00:04 168787980  /SYSV00000000 (deleted)
6fa00000-6faed000 rwxp 00000000 00:00 0 
6faed000-6fb00000 ---p 00000000 00:00 0 
6fb00000-6fb02000 r-xs 00021000 08:05 921544     /home/daniel/gephi/gephibzr/gephi/build/cluster/modules/org-gephi-ui-statistics-plugin.jar
6fb02000-6fb04000 r-xs 00021000 08:05 921517     /home/daniel/gephi/gephibzr/gephi/build/cluster/modules/org-gephi-statistics-plugin.jar
6fb04000-6fb0a000 r-xs 00077000 08:05 919831     /home/daniel/gephi/gephibzr/gephi/build/cluster/modules/ext/postgresql-8.4-701.jdbc4.jar
6fb0a000-6fb0b000 r-xs 00003000 08:05 919827     /home/daniel/gephi/gephibzr/gephi/build/cluster/modules/org-gephi-io-database-drivers.jar
6fb0b000-6fb0f000 r-xs 00024000 08:05 920564     /home/daniel/gephi/gephibzr/gephi/build/cluster/modules/ext/commons-compress-1.1.jar
6fb0f000-6fb10000 r-xs 00000000 08:05 920562     /home/daniel/gephi/gephibzr/gephi/build/cluster/modules/org-gephi-lib-commonscompress.jar
6fb10000-6fb12000 r-xs 0000a000 08:05 921574     /home/daniel/gephi/gephibzr/gephi/build/cluster/modules/ext/FontChooser.jar
6fb12000-6fb14000 r-xs 00011000 08:05 921577     /home/daniel/gephi/gephibzr/gephi/build/cluster/modules/ext/MigLayout-3.7.1.jar
6fb14000-6fb17000 r-xs 0002c000 08:05 921579     /home/daniel/gephi/gephibzr/gephi/build/cluster/modules/ext/colorchooser.jar
6fb17000-6fb1c000 r-xs 00055000 08:05 921569     /home/daniel/gephi/gephibzr/gephi/build/cluster/modules/org-gephi-ui-components.jar
6fb1c000-6fb1e000 r-xs 0000d000 08:05 920551     /home/daniel/gephi/gephibzr/gephi/build/cluster/modules/ext/commons-codec-1.4.jar
6fb1e000-6fb1f000 r-xs 00001000 08:05 920549     /home/daniel/gephi/gephibzr/gephi/build/cluster/modules/org-gephi-lib-commons-codec.jar
6fb1f000-6fb2d000 r-xs 00090000 08:05 920568     /home/daniel/gephi/gephibzr/gephi/build/cluster/modules/ext/flamingo.jar
6fb2d000-6fb39000 r-xs 00081000 08:05 920702     /home/daniel/gephi/gephibzr/gephi/build/cluster/modules/ext/google-collect-1.0.jar
6fb39000-6fb3c000 ---p 00000000 00:00 0 
6fb3c000-6fb8a000 rwxp 00000000 00:00 0 
6fb8a000-6fb8b000 r-xs 00000000 08:05 1575980    /var/cache/fontconfig/26de28bc8622bbc1fb67fd234c21975f-le32d4.cache-3
6fb8b000-6fb8c000 r-xs 00000000 08:05 1576028    /var/cache/fontconfig/c05880de57d1f5e948fdfacc138775d9-le32d4.cache-3
6fb8c000-6fb92000 r-xs 00000000 08:05 1576020    /var/cache/fontconfig/945677eb7aeaf62f1d50efc3fb3ec7d8-le32d4.cache-3
6fb92000-6fb94000 r-xs 00000000 08:05 1575744    /var/cache/fontconfig/99e8ed0e538f840c565b6ed5dad60d56-le32d4.cache-3
6fb94000-6fb97000 r-xs 00000000 08:05 1576002    /var/cache/fontconfig/e383d7ea5fbe662a33d9b44caf393297-le32d4.cache-3
6fb97000-6fb9c000 r-xs 00000000 08:05 1575986    /var/cache/fontconfig/401a5dd6b567794a1d18dd9342dfa604-le32d4.cache-3
6fb9c000-6fb9e000 r-xs 00000000 08:05 1575983    /var/cache/fontconfig/2cd17615ca594fa2959ae173292e504c-le32d4.cache-3
6fb9e000-6fb9f000 r-xs 00000000 08:05 1575740    /var/cache/fontconfig/e7071f4a29fa870f4323321c154eba04-le32d4.cache-3
6fb9f000-6fba1000 r-xs 00000000 08:05 1576599    /var/cache/fontconfig/b5ea634b0fb353b8ea17632d1f9ef766-le32d4.cache-3
6fba1000-6fba5000 r-xs 00000000 08:05 1575958    /var/cache/fontconfig/926e794c3d5e5dffcaf2fa83ef8d36c2-le32d4.cache-3
6fba5000-6fba8000 r-xs 00000000 08:05 1575945    /var/cache/fontconfig/6eb3985aa4124903f6ff08ba781cd364-le32d4.cache-3
6fba8000-6fba9000 r-xs 00000000 08:05 1575924    /var/cache/fontconfig/4c73fe0c47614734b17d736dbde7580a-le32d4.cache-3
6fba9000-6fbaa000 r-xs 00000000 08:05 1575918    /var/cache/fontconfig/0d8c3b2ac0904cb8a57a757ad11a4a08-le32d4.cache-3
6fbaa000-6fbab000 r-xs 00000000 08:05 1575917    /var/cache/fontconfig/6a53c69dea097a2d716e069445527da8-le32d4.cache-3
6fbab000-6fbaf000 r-xs 00000000 08:05 1575788    /var/cache/fontconfig/a755afe4a08bf5b97852ceb7400b47bc-le32d4.cache-3
6fbaf000-6fbb3000 r-xs 00000000 08:05 1575915    /var/cache/fontconfig/515ca1ebc4b18308bea979be5704f9db-le32d4.cache-3
6fbb3000-6fbba000 r-xs 00000000 08:05 1575886    /var/cache/fontconfig/6d41288fd70b0be22e8c3a91e032eec0-le32d4.cache-3
6fbba000-6fbc5000 r-xs 00000000 08:05 1575845    /var/cache/fontconfig/0f34bcd4b6ee430af32735b75db7f02b-le32d4.cache-3
6fbc5000-6fbc8000 r-xs 00000000 08:05 1575843    /var/cache/fontconfig/d60319d88cac85ba9e1a07bd06cfbb8c-le32d4.cache-3
6fbc8000-6fbc9000 r-xs 00000000 08:05 1575697    /var/cache/fontconfig/4794a0821666d79190d59a36cb4f44b5-le32d4.cache-3
6fbc9000-6fbeb000 r-xs 00000000 08:05 1575808    /var/cache/fontconfig/365b55f210c0a22e9a19e35191240f32-le32d4.cache-3
6fbeb000-6fbf3000 r-xs 00000000 08:05 1575802    /var/cache/fontconfig/d52a8644073d54c13679302ca1180695-le32d4.cache-3
6fbf3000-6fc01000 r-xs 00000000 08:05 1575126    /var/cache/fontconfig/e13b20fdb08344e0e664864cc2ede53d-le32d4.cache-3
6fc01000-6fc19000 r-xs 00000000 08:05 1579274    /var/cache/fontconfig/165b9254a84ccada37e340049ffc8b30-le32d4.cache-3
6fc19000-6fc1a000 r-xs 00000000 08:05 1575697    /var/cache/fontconfig/4794a0821666d79190d59a36cb4f44b5-le32d4.cache-3
6fc1a000-6fc1c000 r-xs 0000a000 08:05 921344     /home/daniel/gephi/gephibzr/gephi/build/cluster/modules/org-gephi-desktop-project.jar
6fc1c000-6fc21000 r-xs 0006d000 08:05 919832     /home/daniel/gephi/gephibzr/gephi/build/cluster/modules/ext/sqljdbc4.jar
6fc21000-6fc30000 r-xs 000ba000 08:05 920703     /home/daniel/gephi/gephibzr/gephi/build/cluster/modules/ext/trove-2.1.0.jar
6fc30000-6fc3b000 r-xs 00108000 08:05 920600     /home/daniel/gephi/gephibzr/gephi/build/cluster/modules/ext/jogl.jar
6fc3b000-6fc3e000 ---p 00000000 00:00 0 
6fc3e000-6fc8c000 rwxp 00000000 00:00 0 
6fc8c000-6fc8f000 ---p 00000000 00:00 0 
6fc8f000-6fcdd000 rwxp 00000000 00:00 0 
6fcdd000-6fce1000 r-xp 00000000 08:05 4329147    /usr/lib/i386-linux-gnu/libXfixes.so.3.1.0
6fce1000-6fce2000 r-xp 00003000 08:05 4329147    /usr/lib/i386-linux-gnu/libXfixes.so.3.1.0
6fce2000-6fce3000 rwxp 00004000 08:05 4329147    /usr/lib/i386-linux-gnu/libXfixes.so.3.1.0
6fce3000-6fceb000 r-xp 00000000 08:05 4326287    /usr/lib/i386-linux-gnu/libXrender.so.1.3.0
6fceb000-6fcec000 r-xp 00007000 08:05 4326287    /usr/lib/i386-linux-gnu/libXrender.so.1.3.0
6fcec000-6fced000 rwxp 00008000 08:05 4326287    /usr/lib/i386-linux-gnu/libXrender.so.1.3.0
6fced000-6fcf5000 r-xp 00000000 08:05 4333346    /usr/lib/i386-linux-gnu/libXcursor.so.1.0.2
6fcf5000-6fcf6000 r-xp 00007000 08:05 4333346    /usr/lib/i386-linux-gnu/libXcursor.so.1.0.2
6fcf6000-6fcf7000 rwxp 00008000 08:05 4333346    /usr/lib/i386-linux-gnu/libXcursor.so.1.0.2
6fcf7000-6fcf8000 r-xs 0000b000 08:05 921144     /home/daniel/gephi/gephibzr/gephi/build/cluster/modules/org-gephi-statistics-api.jar
6fcf8000-6fcf9000 r-xs 00002000 08:05 919799     /home/daniel/gephi/gephibzr/gephi/build/cluster/modules/org-gephi-desktop-mrufiles-api.jar
6fcf9000-6fcfb000 r-xs 00009000 08:05 920700     /home/daniel/gephi/gephibzr/gephi/build/cluster/modules/org-gephi-utils-collection.jar
6fcfb000-6fcfc000 r-xs 00004000 08:05 920599     /home/daniel/gephi/gephibzr/gephi/build/cluster/modules/ext/gluegen-rt.jar
6fcfc000-6fcfe000 r-xs 00004000 08:05 920597     /home/daniel/gephi/gephibzr/gephi/build/cluster/modules/org-gephi-lib-jogl.jar
6fcfe000-6fd00000 r-xs 0000f000 08:05 920570     /home/daniel/gephi/gephibzr/gephi/build/cluster/modules/org-gephi-lib-gleem.jar
6fd00000-6fd02000 r-xs 0000d000 08:05 921273     /home/daniel/gephi/gephibzr/gephi/build/cluster/modules/org-gephi-ui-utils.jar
6fd02000-6fd06000 r-xs 0003e000 08:05 920640     /home/daniel/gephi/gephibzr/gephi/build/cluster/modules/ext/ValidationAPI.jar
6fd06000-6fd07000 r-xs 00003000 08:05 920638     /home/daniel/gephi/gephibzr/gephi/build/cluster/modules/org-gephi-lib-validation.jar
6fd07000-6fd09000 r-xs 00002000 08:05 921091     /home/daniel/gephi/gephibzr/gephi/build/cluster/modules/org-gephi-tools-api.jar
6fd09000-6fd0a000 r-xs 00003000 08:05 921226     /home/daniel/gephi/gephibzr/gephi/build/cluster/modules/org-gephi-visualization-api.jar
6fd0a000-6fd0d000 r-xs 00024000 08:05 921198     /home/daniel/gephi/gephibzr/gephi/build/cluster/modules/org-gephi-datalab-api.jar
6fd0d000-6fd10000 ---p 00000000 00:00 0 
6fd10000-6fd5e000 rwxp 00000000 00:00 0 
6fd5e000-6fdd7000 r-xp 00000000 08:05 4470066    /usr/lib/jvm/java-6-sun-1.6.0.24/jre/lib/i386/libfontmanager.so
6fdd7000-6fde1000 rwxp 00078000 08:05 4470066    /usr/lib/jvm/java-6-sun-1.6.0.24/jre/lib/i386/libfontmanager.so
6fde1000-6fde6000 rwxp 00000000 00:00 0 
6fde6000-6fdea000 r-xp 00000000 08:05 4335172    /usr/lib/i386-linux-gnu/libXdmcp.so.6.0.0
6fdea000-6fdeb000 r-xp 00003000 08:05 4335172    /usr/lib/i386-linux-gnu/libXdmcp.so.6.0.0
6fdeb000-6fdec000 rwxp 00004000 08:05 4335172    /usr/lib/i386-linux-gnu/libXdmcp.so.6.0.0
6fdec000-6fdee000 r-xp 00000000 08:05 4334188    /usr/lib/i386-linux-gnu/libXau.so.6.0.0
6fdee000-6fdef000 r-xp 00001000 08:05 4334188    /usr/lib/i386-linux-gnu/libXau.so.6.0.0
6fdef000-6fdf0000 rwxp 00002000 08:05 4334188    /usr/lib/i386-linux-gnu/libXau.so.6.0.0
6fdf0000-6fe07000 r-xp 00000000 08:05 4337830    /usr/lib/i386-linux-gnu/libxcb.so.1.1.0
6fe07000-6fe08000 r-xp 00016000 08:05 4337830    /usr/lib/i386-linux-gnu/libxcb.so.1.1.0
6fe08000-6fe09000 rwxp 00017000 08:05 4337830    /usr/lib/i386-linux-gnu/libxcb.so.1.1.0
6fe09000-6fe16000 r-xp 00000000 08:05 4337957    /usr/lib/i386-linux-gnu/libXi.so.6.1.0
6fe16000-6fe17000 r-xp 0000c000 08:05 4337957    /usr/lib/i386-linux-gnu/libXi.so.6.1.0
6fe17000-6fe18000 rwxp 0000d000 08:05 4337957    /usr/lib/i386-linux-gnu/libXi.so.6.1.0
6fe18000-6fe1c000 r-xp 00000000 08:05 4337963    /usr/lib/libXtst.so.6.1.0
6fe1c000-6fe1d000 r-xp 00003000 08:05 4337963    /usr/lib/libXtst.so.6.1.0
6fe1d000-6fe1e000 rwxp 00004000 08:05 4337963    /usr/lib/libXtst.so.6.1.0
6fe1e000-6ff34000 r-xp 00000000 08:05 4337845    /usr/lib/i386-linux-gnu/libX11.so.6.3.0
6ff34000-6ff35000 ---p 00116000 08:05 4337845    /usr/lib/i386-linux-gnu/libX11.so.6.3.0
6ff35000-6ff36000 r-xp 00116000 08:05 4337845    /usr/lib/i386-linux-gnu/libX11.so.6.3.0
6ff36000-6ff38000 rwxp 00117000 08:05 4337845    /usr/lib/i386-linux-gnu/libX11.so.6.3.0
6ff38000-6ff39000 rwxp 00000000 00:00 0 
6ff39000-6ff46000 r-xp 00000000 08:05 4332391    /usr/lib/i386-linux-gnu/libXext.so.6.4.0
6ff46000-6ff47000 r-xp 0000c000 08:05 4332391    /usr/lib/i386-linux-gnu/libXext.so.6.4.0
6ff47000-6ff48000 rwxp 0000d000 08:05 4332391    /usr/lib/i386-linux-gnu/libXext.so.6.4.0
6ff48000-6ff49000 r-xs 00001000 08:05 920566     /home/daniel/gephi/gephibzr/gephi/build/cluster/modules/org-gephi-lib-flamingo.jar
6ff49000-6ff4a000 r-xs 00008000 08:05 921138     /home/daniel/gephi/gephibzr/gephi/build/cluster/modules/org-gephi-dynamic-api.jar
6ff4a000-6ff4d000 r-xs 00030000 08:05 921134     /home/daniel/gephi/gephibzr/gephi/build/cluster/modules/org-gephi-data-attributes-api.jar
6ff4d000-6ff50000 r-xs 00000000 08:05 1576598    /var/cache/fontconfig/7ef2298fde41cc6eeb7af42e48b7d293-le32d4.cache-3
6ff50000-6ff5e000 r-xs 00000000 08:05 1576043    /var/cache/fontconfig/865f88548240fee46819705c6468c165-le32d4.cache-3
6ff5e000-6ffe2000 r-xp 00000000 08:05 4470018    /usr/lib/jvm/java-6-sun-1.6.0.24/jre/lib/i386/libawt.so
6ffe2000-6ffe9000 rwxp 00084000 08:05 4470018    /usr/lib/jvm/java-6-sun-1.6.0.24/jre/lib/i386/libawt.so
6ffe9000-7000d000 rwxp 00000000 00:00 0 
7000d000-70010000 ---p 00000000 00:00 0 
70010000-7005e000 rwxp 00000000 00:00 0 
7005e000-70061000 ---p 00000000 00:00 0 
70061000-700af000 rwxp 00000000 00:00 0 
700af000-700b2000 ---p 00000000 00:00 0 
700b2000-70100000 rwxp 00000000 00:00 0 
70100000-701fe000 rwxp 00000000 00:00 0 
701fe000-70200000 ---p 00000000 00:00 0 
70200000-70202000 r-xs 00002000 08:05 920579     /home/daniel/gephi/gephibzr/gephi/build/cluster/modules/ext/javacsv.jar
70202000-70245000 r-xp 00000000 08:05 4470051    /usr/lib/jvm/java-6-sun-1.6.0.24/jre/lib/i386/xawt/libmawt.so
70245000-70247000 rwxp 00043000 08:05 4470051    /usr/lib/jvm/java-6-sun-1.6.0.24/jre/lib/i386/xawt/libmawt.so
70247000-70248000 rwxp 00000000 00:00 0 
70248000-7024f000 r-xp 00000000 08:05 4470019    /usr/lib/jvm/java-6-sun-1.6.0.24/jre/lib/i386/libnio.so
7024f000-70250000 rwxp 00006000 08:05 4470019    /usr/lib/jvm/java-6-sun-1.6.0.24/jre/lib/i386/libnio.so
70250000-702af000 r-xs 00baa000 08:05 4601474    /usr/lib/jvm/java-6-sun-1.6.0.24/lib/tools.jar
702af000-702b2000 ---p 00000000 00:00 0 
702b2000-70300000 rwxp 00000000 00:00 0 
70300000-703fb000 rwxp 00000000 00:00 0 
703fb000-70400000 ---p 00000000 00:00 0 
70400000-70401000 r-xs 00007000 08:05 920669     /home/daniel/gephi/gephibzr/gephi/build/cluster/modules/org-gephi-utils.jar
70401000-70402000 r-xs 00001000 08:05 920577     /home/daniel/gephi/gephibzr/gephi/build/cluster/modules/org-gephi-lib-javacsv.jar
70402000-70416000 r-xp 00000000 08:05 4470064    /usr/lib/jvm/java-6-sun-1.6.0.24/jre/lib/i386/libnet.so
70416000-70417000 rwxp 00013000 08:05 4470064    /usr/lib/jvm/java-6-sun-1.6.0.24/jre/lib/i386/libnet.so
70417000-7041d000 r-xs 0001e000 08:05 4601472    /usr/lib/jvm/java-6-sun-1.6.0.24/lib/dt.jar
7041d000-7041e000 r-xs 00001000 08:05 919529     /home/daniel/netbeans-7.0/platform/lib/locale/org-openide-util_zh_CN.jar
7041e000-7041f000 r-xs 00001000 08:05 919564     /home/daniel/netbeans-7.0/platform/lib/locale/org-openide-util_ru.jar
7041f000-70420000 r-xs 00001000 08:05 919530     /home/daniel/netbeans-7.0/platform/lib/locale/org-openide-util_pt_BR.jar
70420000-70423000 ---p 00000000 00:00 0 
70423000-70471000 rwxp 00000000 00:00 0 
70471000-70472000 ---p 00000000 00:00 0 
70472000-704f2000 rwxp 00000000 00:00 0 
704f2000-704f5000 ---p 00000000 00:00 0 
704f5000-70543000 rwxp 00000000 00:00 0 
70543000-70546000 ---p 00000000 00:00 0 
70546000-705c4000 rwxp 00000000 00:00 0 
705c4000-705c7000 ---p 00000000 00:00 0 
705c7000-70645000 rwxp 00000000 00:00 0 
70645000-70648000 ---p 00000000 00:00 0 
70648000-70696000 rwxp 00000000 00:00 0 
70696000-70896000 r-xp 00000000 08:05 4326790    /usr/lib/locale/locale-archive
70896000-70899000 ---p 00000000 00:00 0 
70899000-708e7000 rwxp 00000000 00:00 0 
708e7000-708e8000 ---p 00000000 00:00 0 
708e8000-70968000 rwxp 00000000 00:00 0 
70968000-70b00000 r-xs 03027000 08:05 4470089    /usr/lib/jvm/java-6-sun-1.6.0.24/jre/lib/rt.jar
70b00000-70bfe000 rwxp 00000000 00:00 0 
70bfe000-70c00000 ---p 00000000 00:00 0 
70c00000-70c01000 r-xs 00001000 08:05 919563     /home/daniel/netbeans-7.0/platform/lib/locale/org-openide-util_ja.jar
70c01000-70c02000 r-xs 00000000 08:05 919412     /home/daniel/netbeans-7.0/platform/lib/locale/org-openide-util-lookup_zh_CN.jar
70c02000-70c03000 r-xs 00000000 08:05 919469     /home/daniel/netbeans-7.0/platform/lib/locale/org-openide-util-lookup_ru.jar
70c03000-70c04000 r-xs 00000000 08:05 919411     /home/daniel/netbeans-7.0/platform/lib/locale/org-openide-util-lookup_pt_BR.jar
70c04000-70c05000 r-xs 00000000 08:05 919470     /home/daniel/netbeans-7.0/platform/lib/locale/org-openide-util-lookup_ja.jar
70c05000-70c06000 r-xs 00000000 08:05 919488     /home/daniel/netbeans-7.0/platform/lib/locale/org-openide-modules_zh_CN.jar
70c06000-70c07000 r-xs 00000000 08:05 919528     /home/daniel/netbeans-7.0/platform/lib/locale/org-openide-modules_ru.jar
70c07000-70c08000 r-xs 00000000 08:05 919489     /home/daniel/netbeans-7.0/platform/lib/locale/org-openide-modules_pt_BR.jar
70c08000-70c09000 r-xs 00000000 08:05 919531     /home/daniel/netbeans-7.0/platform/lib/locale/org-openide-modules_ja.jar
70c09000-70c0a000 r-xs 00000000 08:05 919623     /home/daniel/netbeans-7.0/platform/lib/locale/boot_zh_CN.jar
70c0a000-70c0b000 r-xs 00000000 08:05 919628     /home/daniel/netbeans-7.0/platform/lib/locale/boot_ru.jar
70c0b000-70c0c000 r-xs 00000000 08:05 919622     /home/daniel/netbeans-7.0/platform/lib/locale/boot_pt_BR.jar
70c0c000-70c0d000 r-xs 00000000 08:05 919627     /home/daniel/netbeans-7.0/platform/lib/locale/boot_ja.jar
70c0d000-70c13000 r-xs 000a7000 08:05 919624     /home/daniel/netbeans-7.0/platform/lib/org-openide-util.jar
70c13000-70c15000 r-xs 00008000 08:05 919662     /home/daniel/gephi/gephibzr/gephi/build/cluster/core/locale/core_gephi.jar
70c15000-70c16000 r-xs 00001000 08:05 919620     /home/daniel/netbeans-7.0/platform/core/locale/core_zh_CN.jar
70c16000-70c19000 ---p 00000000 00:00 0 
70c19000-70c9b000 rwxp 00000000 00:00 0 
70c9b000-70c9c000 ---p 00000000 00:00 0 
70c9c000-70d1c000 rwxp 00000000 00:00 0 
70d1c000-70d1d000 ---p 00000000 00:00 0 
70d1d000-70db0000 rwxp 00000000 00:00 0 
70db0000-70dbd000 rwxp 00000000 00:00 0 
70dbd000-70e13000 rwxp 00000000 00:00 0 
70e13000-70f0b000 rwxp 00000000 00:00 0 
70f0b000-70f1e000 rwxp 00000000 00:00 0 
70f1e000-70f2b000 rwxp 00000000 00:00 0 
70f2b000-70f81000 rwxp 00000000 00:00 0 
70f81000-71078000 rwxp 00000000 00:00 0 
71078000-710a8000 rwxp 00000000 00:00 0 
710a8000-710a9000 ---p 00000000 00:00 0 
710a9000-7111f000 rwxp 00000000 00:00 0 
7111f000-73560000 rwxp 00000000 00:00 0 
73560000-75120000 rwxp 00000000 00:00 0 
75120000-7fbd0000 rwxp 00000000 00:00 0 
7fbd0000-9ebd0000 rwxp 00000000 00:00 0 
9ebd0000-a4990000 rwxp 00000000 00:00 0 
a4990000-a4c30000 ---p 00000000 00:00 0 
a4c30000-b3920000 rwxp 00000000 00:00 0 
b3920000-b3921000 r-xs 00001000 08:05 919384     /home/daniel/netbeans-7.0/platform/core/locale/org-openide-filesystems_pt_BR.jar
b3921000-b3922000 r-xs 00001000 08:05 919619     /home/daniel/netbeans-7.0/platform/core/locale/core_pt_BR.jar
b3922000-b3923000 r-xs 00001000 08:05 919625     /home/daniel/netbeans-7.0/platform/core/locale/core_ru.jar
b3923000-b3924000 r-xs 00001000 08:05 919385     /home/daniel/netbeans-7.0/platform/core/locale/org-openide-filesystems_zh_CN.jar
b3924000-b3925000 r-xs 00001000 08:05 919437     /home/daniel/netbeans-7.0/platform/core/locale/org-openide-filesystems_ru.jar
b3925000-b3926000 r-xs 00001000 08:05 919436     /home/daniel/netbeans-7.0/platform/core/locale/org-openide-filesystems_ja.jar
b3926000-b392b000 r-xs 000b8000 08:05 919629     /home/daniel/netbeans-7.0/platform/core/core.jar
b392b000-b3934000 rwxp 00000000 00:00 0 
b3934000-b39eb000 rwxp 00000000 00:00 0 
b39eb000-b3c2b000 rwxp 00000000 00:00 0 
b3c2b000-b69eb000 rwxp 00000000 00:00 0 
b69eb000-b69fa000 r-xp 00000000 08:05 4470020    /usr/lib/jvm/java-6-sun-1.6.0.24/jre/lib/i386/libzip.so
b69fa000-b69fc000 rwxp 0000e000 08:05 4470020    /usr/lib/jvm/java-6-sun-1.6.0.24/jre/lib/i386/libzip.so
b69fc000-b6a06000 r-xp 00000000 08:05 3547576    /lib/i386-linux-gnu/libnss_files-2.13.so
b6a06000-b6a07000 r-xp 00009000 08:05 3547576    /lib/i386-linux-gnu/libnss_files-2.13.so
b6a07000-b6a08000 rwxp 0000a000 08:05 3547576    /lib/i386-linux-gnu/libnss_files-2.13.so
b6a08000-b6a11000 r-xp 00000000 08:05 3547561    /lib/i386-linux-gnu/libnss_nis-2.13.so
b6a11000-b6a12000 r-xp 00008000 08:05 3547561    /lib/i386-linux-gnu/libnss_nis-2.13.so
b6a12000-b6a13000 rwxp 00009000 08:05 3547561    /lib/i386-linux-gnu/libnss_nis-2.13.so
b6a13000-b6a19000 r-xp 00000000 08:05 3547562    /lib/i386-linux-gnu/libnss_compat-2.13.so
b6a19000-b6a1a000 r-xp 00005000 08:05 3547562    /lib/i386-linux-gnu/libnss_compat-2.13.so
b6a1a000-b6a1b000 rwxp 00006000 08:05 3547562    /lib/i386-linux-gnu/libnss_compat-2.13.so
b6a1b000-b6a2e000 r-xp 00000000 08:05 3547557    /lib/i386-linux-gnu/libnsl-2.13.so
b6a2e000-b6a2f000 r-xp 00012000 08:05 3547557    /lib/i386-linux-gnu/libnsl-2.13.so
b6a2f000-b6a30000 rwxp 00013000 08:05 3547557    /lib/i386-linux-gnu/libnsl-2.13.so
b6a30000-b6a32000 rwxp 00000000 00:00 0 
b6a32000-b6a33000 r-xs 00001000 08:05 919626     /home/daniel/netbeans-7.0/platform/core/locale/core_ja.jar
b6a33000-b6a39000 r-xs 000d0000 08:05 919577     /home/daniel/netbeans-7.0/platform/core/org-openide-filesystems.jar
b6a39000-b6a3c000 r-xs 00047000 08:05 919593     /home/daniel/netbeans-7.0/platform/lib/org-openide-util-lookup.jar
b6a3c000-b6a3d000 r-xs 00009000 08:05 919615     /home/daniel/netbeans-7.0/platform/lib/org-openide-modules.jar
b6a3d000-b6a40000 r-xs 0005a000 08:05 919630     /home/daniel/netbeans-7.0/platform/lib/boot.jar
b6a40000-b6a48000 rwxs 00000000 08:05 2756332    /tmp/hsperfdata_daniel/11441
b6a48000-b6a6b000 r-xp 00000000 08:05 4470015    /usr/lib/jvm/java-6-sun-1.6.0.24/jre/lib/i386/libjava.so
b6a6b000-b6a6d000 rwxp 00023000 08:05 4470015    /usr/lib/jvm/java-6-sun-1.6.0.24/jre/lib/i386/libjava.so
b6a6d000-b6a74000 r-xp 00000000 08:05 3547553    /lib/i386-linux-gnu/librt-2.13.so
b6a74000-b6a75000 r-xp 00006000 08:05 3547553    /lib/i386-linux-gnu/librt-2.13.so
b6a75000-b6a76000 rwxp 00007000 08:05 3547553    /lib/i386-linux-gnu/librt-2.13.so
b6a76000-b6a79000 ---p 00000000 00:00 0 
b6a79000-b6ac7000 rwxp 00000000 00:00 0 
b6ac7000-b6aeb000 r-xp 00000000 08:05 3547572    /lib/i386-linux-gnu/libm-2.13.so
b6aeb000-b6aec000 r-xp 00023000 08:05 3547572    /lib/i386-linux-gnu/libm-2.13.so
b6aec000-b6aed000 rwxp 00024000 08:05 3547572    /lib/i386-linux-gnu/libm-2.13.so
b6aed000-b727a000 r-xp 00000000 08:05 4470035    /usr/lib/jvm/java-6-sun-1.6.0.24/jre/lib/i386/server/libjvm.so
b727a000-b72cd000 rwxp 0078d000 08:05 4470035    /usr/lib/jvm/java-6-sun-1.6.0.24/jre/lib/i386/server/libjvm.so
b72cd000-b76ec000 rwxp 00000000 00:00 0 
b76ec000-b7846000 r-xp 00000000 08:05 3542501    /lib/i386-linux-gnu/libc-2.13.so
b7846000-b7847000 ---p 0015a000 08:05 3542501    /lib/i386-linux-gnu/libc-2.13.so
b7847000-b7849000 r-xp 0015a000 08:05 3542501    /lib/i386-linux-gnu/libc-2.13.so
b7849000-b784a000 rwxp 0015c000 08:05 3542501    /lib/i386-linux-gnu/libc-2.13.so
b784a000-b784d000 rwxp 00000000 00:00 0 
b784d000-b784f000 r-xp 00000000 08:05 3547569    /lib/i386-linux-gnu/libdl-2.13.so
b784f000-b7850000 r-xp 00001000 08:05 3547569    /lib/i386-linux-gnu/libdl-2.13.so
b7850000-b7851000 rwxp 00002000 08:05 3547569    /lib/i386-linux-gnu/libdl-2.13.so
b7851000-b7858000 r-xp 00000000 08:05 4470024    /usr/lib/jvm/java-6-sun-1.6.0.24/jre/lib/i386/jli/libjli.so
b7858000-b785a000 rwxp 00006000 08:05 4470024    /usr/lib/jvm/java-6-sun-1.6.0.24/jre/lib/i386/jli/libjli.so
b785a000-b785b000 rwxp 00000000 00:00 0 
b785b000-b7870000 r-xp 00000000 08:05 3547567    /lib/i386-linux-gnu/libpthread-2.13.so
b7870000-b7871000 r-xp 00015000 08:05 3547567    /lib/i386-linux-gnu/libpthread-2.13.so
b7871000-b7872000 rwxp 00016000 08:05 3547567    /lib/i386-linux-gnu/libpthread-2.13.so
b7872000-b7874000 rwxp 00000000 00:00 0 
b7874000-b7875000 r-xp 002a1000 08:05 4326790    /usr/lib/locale/locale-archive
b7875000-b787b000 r-xp 00000000 08:05 4470038    /usr/lib/jvm/java-6-sun-1.6.0.24/jre/lib/i386/native_threads/libhpi.so
b787b000-b787c000 rwxp 00006000 08:05 4470038    /usr/lib/jvm/java-6-sun-1.6.0.24/jre/lib/i386/native_threads/libhpi.so
b787c000-b787d000 rwxp 00000000 00:00 0 
b787d000-b787e000 r-xp 00000000 00:00 0 
b787e000-b7889000 r-xp 00000000 08:05 4470049    /usr/lib/jvm/java-6-sun-1.6.0.24/jre/lib/i386/libverify.so
b7889000-b788a000 rwxp 0000b000 08:05 4470049    /usr/lib/jvm/java-6-sun-1.6.0.24/jre/lib/i386/libverify.so
b788a000-b788c000 rwxp 00000000 00:00 0 
b788c000-b788d000 r-xp 00000000 00:00 0          [vdso]
b788d000-b78a9000 r-xp 00000000 08:05 3547574    /lib/i386-linux-gnu/ld-2.13.so
b78a9000-b78aa000 r-xp 0001b000 08:05 3547574    /lib/i386-linux-gnu/ld-2.13.so
b78aa000-b78ab000 rwxp 0001c000 08:05 3547574    /lib/i386-linux-gnu/ld-2.13.so
bf9fc000-bfa1d000 rwxp 00000000 00:00 0          [stack]

VM Arguments:
jvm_args: -Djdk.home=/usr/lib/jvm/java-6-sun-1.6.0.24 -Dnetbeans.system_http_proxy=DIRECT -Dnetbeans.system_http_non_proxy_hosts= -Dnetbeans.dirs=/home/daniel/gephi/gephibzr/gephi/build/cluster:/home/daniel/netbeans-7.0/platform -Dnetbeans.home=/home/daniel/netbeans-7.0/platform -Dnetbeans.logger.console=true -ea -Xms256m -Xmx1000m -Dsun.java2d.noddraw=true -Dsun.awt.noerasebackground=true -XX:+HeapDumpOnOutOfMemoryError -XX:HeapDumpPath=/home/daniel/gephi/gephibzr/gephi/build/testuserdir/var/log/heapdump.hprof 
java_command: org.netbeans.Main --userdir /home/daniel/gephi/gephibzr/gephi/build/testuserdir --branding gephi
Launcher Type: SUN_STANDARD

Environment Variables:
PATH=/usr/local/sbin:/usr/local/bin:/usr/sbin:/usr/bin:/sbin:/bin:/usr/games
USERNAME=daniel
LD_LIBRARY_PATH=/usr/lib/jvm/java-6-sun-1.6.0.24/jre/lib/i386/server:/usr/lib/jvm/java-6-sun-1.6.0.24/jre/lib/i386:/usr/lib/jvm/java-6-sun-1.6.0.24/jre/../lib/i386:/usr/lib/jvm/java-6-sun-1.6.0.24/jre/lib/i386/client:/usr/lib/jvm/java-6-sun-1.6.0.24/jre/lib/i386:/usr/lib/jvm/java-6-sun-1.6.0.24/jre/../lib/i386
SHELL=/bin/bash
DISPLAY=:0

Signal Handlers:
SIGSEGV: [libjvm.so+0x708f80], sa_mask[0]=0x7ffbfeff, sa_flags=0x10000004
SIGBUS: [libjvm.so+0x708f80], sa_mask[0]=0x7ffbfeff, sa_flags=0x10000004
SIGFPE: [libjvm.so+0x5c4100], sa_mask[0]=0x7ffbfeff, sa_flags=0x10000004
SIGPIPE: SIG_IGN, sa_mask[0]=0x00001000, sa_flags=0x10000000
SIGXFSZ: [libjvm.so+0x5c4100], sa_mask[0]=0x7ffbfeff, sa_flags=0x10000004
SIGILL: [libjvm.so+0x5c4100], sa_mask[0]=0x7ffbfeff, sa_flags=0x10000004
SIGUSR1: SIG_DFL, sa_mask[0]=0x00000000, sa_flags=0x00000000
SIGUSR2: [libjvm.so+0x5c70e0], sa_mask[0]=0x00000004, sa_flags=0x10000004
SIGHUP: [libjvm.so+0x5c6cc0], sa_mask[0]=0x7ffbfeff, sa_flags=0x10000004
SIGINT: SIG_IGN, sa_mask[0]=0x00000000, sa_flags=0x00000000
SIGTERM: [libjvm.so+0x5c6cc0], sa_mask[0]=0x7ffbfeff, sa_flags=0x10000004
SIGQUIT: [libjvm.so+0x5c6cc0], sa_mask[0]=0x7ffbfeff, sa_flags=0x10000004


---------------  S Y S T E M  ---------------

OS:squeeze/sid

uname:Linux 2.6.38-8-generic #42-Ubuntu SMP Mon Apr 11 03:31:50 UTC 2011 i686
libc:glibc 2.13 NPTL 2.13 
rlimit: STACK 8192k, CORE 0k, NPROC infinity, NOFILE 4096, AS infinity
load average:0.37 0.14 0.18

/proc/meminfo:
MemTotal:        1955572 kB
MemFree:          272748 kB
Buffers:          139040 kB
Cached:           642892 kB
SwapCached:            0 kB
Active:          1063620 kB
Inactive:         493832 kB
Active(anon):     764880 kB
Inactive(anon):   121788 kB
Active(file):     298740 kB
Inactive(file):   372044 kB
Unevictable:          16 kB
Mlocked:              16 kB
HighTotal:       1081776 kB
HighFree:           2060 kB
LowTotal:         873796 kB
LowFree:          270688 kB
SwapTotal:       4476924 kB
SwapFree:        4476804 kB
Dirty:               408 kB
Writeback:          4216 kB
AnonPages:        775472 kB
Mapped:           109424 kB
Shmem:            111200 kB
Slab:              82212 kB
SReclaimable:      64976 kB
SUnreclaim:        17236 kB
KernelStack:        2808 kB
PageTables:         6096 kB
NFS_Unstable:          0 kB
Bounce:                0 kB
WritebackTmp:          0 kB
CommitLimit:     5454708 kB
Committed_AS:    2463400 kB
VmallocTotal:     122880 kB
VmallocUsed:       34648 kB
VmallocChunk:      69768 kB
HardwareCorrupted:     0 kB
HugePages_Total:       0
HugePages_Free:        0
HugePages_Rsvd:        0
HugePages_Surp:        0
Hugepagesize:       4096 kB
DirectMap4k:       16376 kB
DirectMap4M:      892928 kB


CPU:total 2 (2 cores per cpu, 1 threads per core) family 6 model 23 stepping 10, cmov, cx8, fxsr, mmx, sse, sse2, sse3, ssse3, sse4.1

Memory: 4k page, physical 1955572k(272748k free), swap 4476924k(4476804k free)

vm_info: Java HotSpot(TM) Server VM (19.1-b02) for linux-x86 JRE (1.6.0_24-b07), built on Feb  2 2011 16:51:52 by "java_re" with gcc 3.2.1-7a (J2SE release)

time: Sat Jun 25 23:29:33 2011
elapsed time: 772 seconds

