#
# A fatal error has been detected by the Java Runtime Environment:
#
#  SIGSEGV (0xb) at pc=0x0004160a, pid=14643, tid=1873804144
#
# JRE version: 6.0_26-b03
# Java VM: Java HotSpot(TM) Server VM (20.1-b02 mixed mode linux-x86 )
# Problematic frame:
# C  0x0004160a
[error occurred during error reporting (printing problematic frame), id 0xb]

# If you would like to submit a bug report, please visit:
#   http://java.sun.com/webapps/bugreport/crash.jsp
# The crash happened outside the Java Virtual Machine in native code.
# See problematic frame for where to report the bug.
#

---------------  T H R E A D  ---------------

Current thread (0x08664400):  JavaThread "AWT-EventQueue-1" [_thread_in_native, id=14675, stack(0x6faaf000,0x6fb00000)]

siginfo:si_signo=SIGSEGV: si_errno=0, si_code=1 (SEGV_MAPERR), si_addr=0x0004160a

Registers:
EAX=0x087844c8, EBX=0x6be5c588, ECX=0x05800090, EDX=0x6a37f4c0
ESP=0x6fafe4ec, EBP=0x6fafe538, ESI=0x72717c30, EDI=0x08664400
EIP=0x0004160a, EFLAGS=0x00210216, CR2=0x0004160a

Top of Stack: (sp=0x6fafe4ec)
0x6fafe4ec:   6bdcb6c4 087844c8 05800090 6a37f4c0
0x6fafe4fc:   b3979fa7 00000006 00000018 6a37f4c0
0x6fafe50c:   00000000 05800090 00000000 087844c8
0x6fafe51c:   00000000 6fafe540 7272dd60 6fafe564
0x6fafe52c:   b3979fe9 00000000 72717c30 6fafe580
0x6fafe53c:   b398164a 08664520 6fafe588 087844c8
0x6fafe54c:   00000000 05800090 00000000 6a37f4c0
0x6fafe55c:   00000000 6fafe560 00000000 6fafe5a4 

Instructions: (pc=0x0004160a)
0x000415ea:   
[error occurred during error reporting (printing registers, top of stack, instructions near pc), id 0xb]

Register to memory mapping:

EAX=0x087844c8 is an unknown value
EBX=
[error occurred during error reporting (printing register info), id 0xb]

Stack: [0x6faaf000,0x6fb00000],  sp=0x6fafe4ec,  free space=317k
Native frames: (J=compiled Java code, j=interpreted, Vv=VM code, C=native code)
C  0x0004160a
[error occurred during error reporting (printing native stack), id 0xb]

Java frames: (J=compiled Java code, j=interpreted, Vv=VM code)
j  com.sun.opengl.impl.x11.GLX.glXMakeCurrent(JJJ)Z+0
j  com.sun.opengl.impl.x11.X11GLContext.makeCurrentImpl()I+78
j  com.sun.opengl.impl.x11.X11OnscreenGLContext.makeCurrentImpl()I+32
j  com.sun.opengl.impl.GLContextImpl.makeCurrent()I+56
j  com.sun.opengl.impl.GLDrawableHelper.invokeGL(Ljavax/media/opengl/GLDrawable;Ljavax/media/opengl/GLContext;Ljava/lang/Runnable;Ljava/lang/Runnable;)V+308
j  javax.media.opengl.GLCanvas$DisplayOnEventDispatchThreadAction.run()V+35
j  java.awt.event.InvocationEvent.dispatch()V+11
j  java.awt.EventQueue.dispatchEventImpl(Ljava/awt/AWTEvent;Ljava/lang/Object;)V+21
j  java.awt.EventQueue.access$000(Ljava/awt/EventQueue;Ljava/awt/AWTEvent;Ljava/lang/Object;)V+3
j  java.awt.EventQueue$1.run()Ljava/lang/Void;+12
j  java.awt.EventQueue$1.run()Ljava/lang/Object;+1
v  ~StubRoutines::call_stub
J  java.security.AccessController.doPrivileged(Ljava/security/PrivilegedAction;Ljava/security/AccessControlContext;)Ljava/lang/Object;
j  java.security.AccessControlContext$1.doIntersectionPrivilege(Ljava/security/PrivilegedAction;Ljava/security/AccessControlContext;Ljava/security/AccessControlContext;)Ljava/lang/Object;+28
j  java.awt.EventQueue.dispatchEvent(Ljava/awt/AWTEvent;)V+46
j  org.netbeans.core.TimableEventQueue.dispatchEvent(Ljava/awt/AWTEvent;)V+17
j  java.awt.EventDispatchThread.pumpOneEventForFilters(I)Z+204
j  java.awt.EventDispatchThread.pumpEventsForFilter(ILjava/awt/Conditional;Ljava/awt/EventFilter;)V+30
j  java.awt.EventDispatchThread.pumpEventsForHierarchy(ILjava/awt/Conditional;Ljava/awt/Component;)V+11
j  java.awt.EventDispatchThread.pumpEvents(ILjava/awt/Conditional;)V+4
j  java.awt.EventDispatchThread.pumpEvents(Ljava/awt/Conditional;)V+3
j  java.awt.EventDispatchThread.run()V+9
v  ~StubRoutines::call_stub

---------------  P R O C E S S  ---------------

Java Threads: ( => current thread )
  0x0ab45000 JavaThread "Filter Auto-Refresh" daemon [_thread_blocked, id=14729, stack(0x66596000,0x665e7000)]
  0x0884c400 JavaThread "Filter Thread" daemon [_thread_blocked, id=14728, stack(0x700af000,0x70100000)]
  0x08e6e800 JavaThread "File Watcher" daemon [_thread_in_native, id=14722, stack(0x689d6000,0x68a27000)]
  0x6fb47800 JavaThread "attribute-event-bus" daemon [_thread_blocked, id=14715, stack(0x68985000,0x689d6000)]
  0x6a3cd000 JavaThread "graph-event-bus" daemon [_thread_blocked, id=14713, stack(0x6d904000,0x6d955000)]
  0x6eaf7400 JavaThread "DHNS View Destructor" daemon [_thread_blocked, id=14712, stack(0x68fe0000,0x69031000)]
  0x6f71c800 JavaThread "SimpleFPSAnimator" daemon [_thread_blocked, id=14706, stack(0x6d01e000,0x6d06f000)]
  0x6e9fdc00 JavaThread "Timer-1" daemon [_thread_blocked, id=14683, stack(0x69523000,0x69574000)]
  0x6f5fdc00 JavaThread "Dynamic Model EventDispatchThread" daemon [_thread_blocked, id=14682, stack(0x6bc3d000,0x6bc8e000)]
  0x08521800 JavaThread "DestroyJavaVM" [_thread_blocked, id=14644, stack(0xb69fa000,0xb6a4b000)]
  0x0866ec00 JavaThread "TimerQueue" daemon [_thread_blocked, id=14676, stack(0x6bcdf000,0x6bd30000)]
=>0x08664400 JavaThread "AWT-EventQueue-1" [_thread_in_native, id=14675, stack(0x6faaf000,0x6fb00000)]
  0x0866c400 JavaThread "Thread-2" daemon [_thread_blocked, id=14674, stack(0x6bd30000,0x6bd81000)]
  0x704ef800 JavaThread "AWT-Shutdown" [_thread_blocked, id=14662, stack(0x6fcc5000,0x6fd16000)]
  0x08903000 JavaThread "AWT-XAWT" daemon [_thread_blocked, id=14661, stack(0x6fd16000,0x6fd67000)]
  0x08796800 JavaThread "Java2D Disposer" daemon [_thread_blocked, id=14660, stack(0x6fd97000,0x6fde8000)]
  0x08744000 JavaThread "Inactive RequestProcessor thread [Was:TimedSoftReference/org.openide.util.TimedSoftReference]" daemon [_thread_blocked, id=14658, stack(0x70232000,0x70283000)]
  0x08742c00 JavaThread "CLI Requests Server" daemon [_thread_in_native, id=14657, stack(0x70283000,0x702d4000)]
  0x7045a400 JavaThread "Active Reference Queue Daemon" daemon [_thread_blocked, id=14656, stack(0x7035e000,0x703af000)]
  0x0867d800 JavaThread "Timer-0" daemon [_thread_blocked, id=14655, stack(0x703af000,0x70400000)]
  0x085bb000 JavaThread "Low Memory Detector" daemon [_thread_blocked, id=14653, stack(0x70598000,0x705e9000)]
  0x085b8000 JavaThread "C2 CompilerThread1" daemon [_thread_blocked, id=14652, stack(0x705e9000,0x7066a000)]
  0x085b6000 JavaThread "C2 CompilerThread0" daemon [_thread_blocked, id=14651, stack(0x7066a000,0x706eb000)]
  0x085b4400 JavaThread "Signal Dispatcher" daemon [_thread_blocked, id=14650, stack(0x706eb000,0x7073c000)]
  0x085a5c00 JavaThread "Finalizer" daemon [_thread_blocked, id=14649, stack(0x7093c000,0x7098d000)]
  0x085a1000 JavaThread "Reference Handler" daemon [_thread_blocked, id=14648, stack(0x7098d000,0x709de000)]

Other Threads:
  0x0859d400 VMThread [stack: 0x709de000,0x70a5f000] [id=14647]
  0x085bd000 WatcherThread [stack: 0x70517000,0x70598000] [id=14654]

VM state:not at safepoint (normal execution)

VM Mutex/Monitor currently owned by a thread: None

Heap
 PSYoungGen      total 76480K, used 58628K [0x9eb60000, 0xa40b0000, 0xb38b0000)
  eden space 65600K, 72% used [0x9eb60000,0xa1a01c38,0xa2b70000)
  from space 10880K, 99% used [0xa3610000,0xa40af7b8,0xa40b0000)
  to   space 10880K, 0% used [0xa2b70000,0xa2b70000,0xa3610000)
 PSOldGen        total 174784K, used 16383K [0x750b0000, 0x7fb60000, 0x9eb60000)
  object space 174784K, 9% used [0x750b0000,0x760afe98,0x7fb60000)
 PSPermGen       total 38016K, used 37991K [0x710b0000, 0x735d0000, 0x750b0000)
  object space 38016K, 99% used [0x710b0000,0x735c9fd0,0x735d0000)

Code Cache  [0xb3977000, 0xb3bb7000, 0xb6977000)
 total_blobs=1223 nmethods=755 adapters=421 free_code_cache=48019328 largest_free_block=11904

Dynamic libraries:
08048000-08052000 r-xp 00000000 08:05 4466326    /usr/lib/jvm/java-6-sun-1.6.0.26/jre/bin/java
08052000-08053000 rwxp 00009000 08:05 4466326    /usr/lib/jvm/java-6-sun-1.6.0.26/jre/bin/java
0851a000-0af59000 rwxp 00000000 00:00 0          [heap]
6353e000-635e0000 rwxs 00000000 00:04 327254094  /SYSV00000000 (deleted)
635e0000-63690000 rwxs 00000000 00:04 327221325  /SYSV00000000 (deleted)
63787000-638aa000 r-xp 00000000 08:05 4325419    /usr/lib/libxml2.so.2.7.8
638aa000-638ae000 r-xp 00123000 08:05 4325419    /usr/lib/libxml2.so.2.7.8
638ae000-638af000 rwxp 00127000 08:05 4325419    /usr/lib/libxml2.so.2.7.8
638af000-638b0000 rwxp 00000000 00:00 0 
638b0000-638e1000 r-xp 00000000 08:05 4328358    /usr/lib/libcroco-0.6.so.3.0.1
638e1000-638e2000 r-xp 00030000 08:05 4328358    /usr/lib/libcroco-0.6.so.3.0.1
638e2000-638e4000 rwxp 00031000 08:05 4328358    /usr/lib/libcroco-0.6.so.3.0.1
638e4000-63913000 r-xp 00000000 08:05 4332302    /usr/lib/librsvg-2.so.2.32.1
63913000-63914000 r-xp 0002e000 08:05 4332302    /usr/lib/librsvg-2.so.2.32.1
63914000-63915000 rwxp 0002f000 08:05 4332302    /usr/lib/librsvg-2.so.2.32.1
63915000-63932000 r-xs 00000000 08:05 4719017    /usr/share/mime/mime.cache
63932000-6393d000 r-xp 00000000 08:05 3538947    /lib/i386-linux-gnu/libudev.so.0.11.1
6393d000-6393e000 r-xp 0000a000 08:05 3538947    /lib/i386-linux-gnu/libudev.so.0.11.1
6393e000-6393f000 rwxp 0000b000 08:05 3538947    /lib/i386-linux-gnu/libudev.so.0.11.1
6393f000-6397a000 r-xp 00000000 08:05 3545918    /lib/i386-linux-gnu/libdbus-1.so.3.5.4
6397a000-6397b000 r-xp 0003a000 08:05 3545918    /lib/i386-linux-gnu/libdbus-1.so.3.5.4
6397b000-6397c000 rwxp 0003b000 08:05 3545918    /lib/i386-linux-gnu/libdbus-1.so.3.5.4
6397c000-6398f000 r-xp 00000000 08:05 4326352    /usr/lib/libgvfscommon.so.0.0.0
6398f000-63990000 r-xp 00012000 08:05 4326352    /usr/lib/libgvfscommon.so.0.0.0
63990000-63991000 rwxp 00013000 08:05 4326352    /usr/lib/libgvfscommon.so.0.0.0
639a7000-639ca000 r-xp 00000000 08:05 4333769    /usr/lib/gio/modules/libgvfsdbus.so
639ca000-639cb000 r-xp 00023000 08:05 4333769    /usr/lib/gio/modules/libgvfsdbus.so
639cb000-639cc000 rwxp 00024000 08:05 4333769    /usr/lib/gio/modules/libgvfsdbus.so
639cc000-641a6000 r-xp 00000000 08:05 4981659    /usr/share/icons/hicolor/icon-theme.cache
641a6000-66450000 r-xp 00000000 08:05 4986347    /usr/share/icons/gnome/icon-theme.cache
66450000-6653a000 r-xp 00000000 08:05 4985666    /usr/share/icons/Humanity/icon-theme.cache
6653a000-66545000 r-xp 00000000 08:05 4985702    /usr/share/icons/Humanity-Dark/icon-theme.cache
66545000-66548000 ---p 00000000 00:00 0 
66548000-66596000 rwxp 00000000 00:00 0 
66596000-66599000 ---p 00000000 00:00 0 
66599000-665e7000 rwxp 00000000 00:00 0 
665e7000-665e8000 rwxs f06dc000 00:05 7792       /dev/dri/card0
665e8000-66608000 rwxs f075f000 00:05 7792       /dev/dri/card0
66608000-684dd000 rwxp 00000000 00:00 0 
6885d000-68860000 ---p 00000000 00:00 0 
68860000-688ae000 rwxp 00000000 00:00 0 
688ae000-688f1000 rwxs 00000000 00:04 326762536  /SYSV00000000 (deleted)
688f1000-68934000 rwxs 00000000 00:04 326729786  /SYSV00000000 (deleted)
68934000-68937000 ---p 00000000 00:00 0 
68937000-68985000 rwxp 00000000 00:00 0 
68985000-68988000 ---p 00000000 00:00 0 
68988000-689d6000 rwxp 00000000 00:00 0 
689d6000-689d9000 ---p 00000000 00:00 0 
689d9000-68a27000 rwxp 00000000 00:00 0 
68a27000-68a2a000 ---p 00000000 00:00 0 
68a2a000-68fe0000 rwxp 00000000 00:00 0 
68fe0000-68fe3000 ---p 00000000 00:00 0 
68fe3000-69031000 rwxp 00000000 00:00 0 
69031000-690f7000 r-xp 00000000 08:05 4466372    /usr/lib/jvm/java-6-sun-1.6.0.26/jre/lib/i386/libmlib_image.so
690f7000-690f8000 rwxp 000c5000 08:05 4466372    /usr/lib/jvm/java-6-sun-1.6.0.26/jre/lib/i386/libmlib_image.so
690f8000-69158000 rwxs 00000000 00:04 326008863  /SYSV00000000 (deleted)
69158000-69523000 rwxs 00000000 00:04 325976091  /SYSV00000000 (deleted)
69523000-69526000 ---p 00000000 00:00 0 
69526000-69574000 rwxp 00000000 00:00 0 
69574000-6965e000 r-xp 00000000 08:05 4349248    /usr/lib/dri/libglsl.so
6965e000-69662000 r-xp 000ea000 08:05 4349248    /usr/lib/dri/libglsl.so
69662000-69663000 rwxp 000ee000 08:05 4349248    /usr/lib/dri/libglsl.so
69663000-69664000 rwxp 00000000 00:00 0 
69664000-6983f000 r-xp 00000000 08:05 4349249    /usr/lib/dri/libdricore.so
6983f000-69845000 r-xp 001db000 08:05 4349249    /usr/lib/dri/libdricore.so
69845000-69847000 rwxp 001e1000 08:05 4349249    /usr/lib/dri/libdricore.so
69847000-69857000 rwxp 00000000 00:00 0 
69857000-698fb000 r-xp 00000000 08:05 4349235    /usr/lib/dri/i965_dri.so
698fb000-698fe000 r-xp 000a3000 08:05 4349235    /usr/lib/dri/i965_dri.so
698fe000-69900000 rwxp 000a6000 08:05 4349235    /usr/lib/dri/i965_dri.so
69900000-699e2000 rwxp 00000000 00:00 0 
699e2000-69a00000 ---p 00000000 00:00 0 
69a00000-69ad4000 rwxp 00000000 00:00 0 
69ad4000-69b00000 ---p 00000000 00:00 0 
69b00000-69bf9000 rwxp 00000000 00:00 0 
69bf9000-69c00000 ---p 00000000 00:00 0 
69c00000-69cf7000 rwxp 00000000 00:00 0 
69cf7000-69d00000 ---p 00000000 00:00 0 
69d00000-69de3000 rwxp 00000000 00:00 0 
69de3000-69e00000 ---p 00000000 00:00 0 
69e00000-69efc000 rwxp 00000000 00:00 0 
69efc000-69f00000 ---p 00000000 00:00 0 
69f00000-69ff7000 rwxp 00000000 00:00 0 
69ff7000-6a000000 ---p 00000000 00:00 0 
6a000000-6a0fb000 rwxp 00000000 00:00 0 
6a0fb000-6a100000 ---p 00000000 00:00 0 
6a100000-6a300000 rwxp 00000000 00:00 0 
6a300000-6a500000 rwxp 00000000 00:00 0 
6a500000-6a700000 rwxp 00000000 00:00 0 
6a700000-6a900000 rwxp 00000000 00:00 0 
6a900000-6ab00000 rwxp 00000000 00:00 0 
6ab00000-6ad00000 rwxp 00000000 00:00 0 
6ad00000-6af00000 rwxp 00000000 00:00 0 
6af00000-6b100000 rwxp 00000000 00:00 0 
6b100000-6b300000 rwxp 00000000 00:00 0 
6b300000-6b500000 rwxp 00000000 00:00 0 
6b500000-6b700000 rwxp 00000000 00:00 0 
6b700000-6b7fb000 rwxp 00000000 00:00 0 
6b7fb000-6b800000 ---p 00000000 00:00 0 
6b800000-6b8fd000 rwxp 00000000 00:00 0 
6b8fd000-6b900000 ---p 00000000 00:00 0 
6b900000-6bb00000 rwxp 00000000 00:00 0 
6bb00000-6bc00000 rwxp 00000000 00:00 0 
6bc04000-6bc09000 rwxs 00000000 00:04 327123020  /SYSV00000000 (deleted)
6bc09000-6bc15000 r-xp 00000000 08:05 4985701    /usr/share/icons/ubuntu-mono-dark/icon-theme.cache
6bc15000-6bc1d000 rwxs 00000000 00:04 327090251  /SYSV00000000 (deleted)
6bc1d000-6bc3d000 rwxs f07f5000 00:05 7792       /dev/dri/card0
6bc3d000-6bc40000 ---p 00000000 00:00 0 
6bc40000-6bc8e000 rwxp 00000000 00:00 0 
6bc8e000-6bc91000 ---p 00000000 00:00 0 
6bc91000-6bcdf000 rwxp 00000000 00:00 0 
6bcdf000-6bce2000 ---p 00000000 00:00 0 
6bce2000-6bd30000 rwxp 00000000 00:00 0 
6bd30000-6bd33000 ---p 00000000 00:00 0 
6bd33000-6bd81000 rwxp 00000000 00:00 0 
6bd81000-6be5c000 r-xp 00000000 08:05 798015     /home/daniel/gephi/gephibzr/gephi/build/cluster/modules/lib/linux-i586/libjogl.so
6be5c000-6be5d000 rwxp 000da000 08:05 798015     /home/daniel/gephi/gephibzr/gephi/build/cluster/modules/lib/linux-i586/libjogl.so
6be5d000-6bf3c000 r-xp 00000000 08:05 4331457    /usr/lib/i386-linux-gnu/libstdc++.so.6.0.14
6bf3c000-6bf40000 r-xp 000de000 08:05 4331457    /usr/lib/i386-linux-gnu/libstdc++.so.6.0.14
6bf40000-6bf41000 rwxp 000e2000 08:05 4331457    /usr/lib/i386-linux-gnu/libstdc++.so.6.0.14
6bf41000-6bf48000 rwxp 00000000 00:00 0 
6bf48000-6bf49000 ---p 00000000 00:00 0 
6bf49000-6c749000 rwxp 00000000 00:00 0 
6c749000-6c74a000 ---p 00000000 00:00 0 
6c74a000-6cf4a000 rwxp 00000000 00:00 0 
6cf4a000-6cf59000 r-xs 00667000 08:05 4466288    /usr/lib/jvm/java-6-sun-1.6.0.26/jre/lib/charsets.jar
6cf5c000-6cf7c000 rwxs 00000000 00:04 326959175  /SYSV00000000 (deleted)
6cf7c000-6cf7f000 ---p 00000000 00:00 0 
6cf7f000-6cfcd000 rwxp 00000000 00:00 0 
6cfcd000-6cfd0000 ---p 00000000 00:00 0 
6cfd0000-6d01e000 rwxp 00000000 00:00 0 
6d01e000-6d021000 ---p 00000000 00:00 0 
6d021000-6d06f000 rwxp 00000000 00:00 0 
6d06f000-6d077000 rwxs f086d000 00:05 7792       /dev/dri/card0
6d077000-6d07f000 rwxs f07ed000 00:05 7792       /dev/dri/card0
6d07f000-6d904000 rwxp 00000000 00:00 0 
6d904000-6d907000 ---p 00000000 00:00 0 
6d907000-6d955000 rwxp 00000000 00:00 0 
6d955000-6d958000 ---p 00000000 00:00 0 
6d958000-6d9a6000 rwxp 00000000 00:00 0 
6d9a6000-6d9fb000 rwxs 00000000 00:04 326238246  /SYSV00000000 (deleted)
6d9fb000-6da10000 r-xp 00000000 08:05 4466371    /usr/lib/jvm/java-6-sun-1.6.0.26/jre/lib/i386/libdcpr.so
6da10000-6da23000 rwxp 00014000 08:05 4466371    /usr/lib/jvm/java-6-sun-1.6.0.26/jre/lib/i386/libdcpr.so
6da25000-6da27000 r-xp 00000000 08:05 3547560    /lib/i386-linux-gnu/libutil-2.13.so
6da27000-6da28000 r-xp 00001000 08:05 3547560    /lib/i386-linux-gnu/libutil-2.13.so
6da28000-6da29000 rwxp 00002000 08:05 3547560    /lib/i386-linux-gnu/libutil-2.13.so
6da29000-6da31000 rwxs 00000000 00:04 327057482  /SYSV00000000 (deleted)
6da36000-6da3b000 rwxs 00000000 00:04 326926406  /SYSV00000000 (deleted)
6da3b000-6da45000 rwxs 00000000 00:04 326893633  /SYSV00000000 (deleted)
6da45000-6da4a000 rwxs 00000000 00:04 326860864  /SYSV00000000 (deleted)
6da4a000-6da63000 rwxs 00000000 00:04 326697017  /SYSV00000000 (deleted)
6da63000-6da7c000 rwxs 00000000 00:04 326664248  /SYSV00000000 (deleted)
6da7c000-6da82000 rwxs 00000000 00:04 326631479  /SYSV00000000 (deleted)
6da82000-6da87000 rwxs 00000000 00:04 326598710  /SYSV00000000 (deleted)
6da87000-6da8a000 rwxs 00000000 00:04 326565941  /SYSV00000000 (deleted)
6da8a000-6da8d000 rwxs 00000000 00:04 326533168  /SYSV00000000 (deleted)
6da8d000-6da94000 rwxs 00000000 00:04 326500398  /SYSV00000000 (deleted)
6da94000-6da9b000 rwxs 00000000 00:04 326467629  /SYSV00000000 (deleted)
6da9b000-6daa2000 rwxs 00000000 00:04 326434860  /SYSV00000000 (deleted)
6daa2000-6daa9000 rwxs 00000000 00:04 326402085  /SYSV00000000 (deleted)
6daa9000-6dafd000 r-xp 00000000 08:05 4466383    /usr/lib/jvm/java-6-sun-1.6.0.26/jre/lib/i386/libcmm.so
6dafd000-6db00000 rwxp 00054000 08:05 4466383    /usr/lib/jvm/java-6-sun-1.6.0.26/jre/lib/i386/libcmm.so
6db00000-6db06000 r-xp 00000000 08:05 4466364    /usr/lib/jvm/java-6-sun-1.6.0.26/jre/lib/i386/libmanagement.so
6db06000-6db07000 rwxp 00005000 08:05 4466364    /usr/lib/jvm/java-6-sun-1.6.0.26/jre/lib/i386/libmanagement.so
6db07000-6db21000 r-xp 00000000 08:05 3539183    /lib/i386-linux-gnu/libgcc_s.so.1
6db21000-6db22000 r-xp 00019000 08:05 3539183    /lib/i386-linux-gnu/libgcc_s.so.1
6db22000-6db23000 rwxp 0001a000 08:05 3539183    /lib/i386-linux-gnu/libgcc_s.so.1
6db23000-6db6c000 r-xp 00000000 08:05 4328243    /usr/lib/mesa/libGL.so.1.2
6db6c000-6db6d000 ---p 00049000 08:05 4328243    /usr/lib/mesa/libGL.so.1.2
6db6d000-6db72000 r-xp 00049000 08:05 4328243    /usr/lib/mesa/libGL.so.1.2
6db72000-6db78000 rwxp 0004e000 08:05 4328243    /usr/lib/mesa/libGL.so.1.2
6db78000-6db79000 rwxp 00000000 00:00 0 
6db79000-6db8e000 r-xp 00000000 08:05 4325840    /usr/lib/libdbusmenu-glib.so.3.0.14
6db8e000-6db8f000 r-xp 00014000 08:05 4325840    /usr/lib/libdbusmenu-glib.so.3.0.14
6db8f000-6db90000 rwxp 00015000 08:05 4325840    /usr/lib/libdbusmenu-glib.so.3.0.14
6db90000-6db9e000 r-xp 00000000 08:05 4326996    /usr/lib/libdbusmenu-gtk.so.3.0.14
6db9e000-6db9f000 r-xp 0000d000 08:05 4326996    /usr/lib/libdbusmenu-gtk.so.3.0.14
6db9f000-6dba0000 rwxp 0000e000 08:05 4326996    /usr/lib/libdbusmenu-gtk.so.3.0.14
6dba0000-6dba1000 r-xp 00000000 08:05 4328829    /usr/lib/gdk-pixbuf-2.0/2.10.0/loaders/libpixbufloader-svg.so
6dba1000-6dba2000 r-xp 00000000 08:05 4328829    /usr/lib/gdk-pixbuf-2.0/2.10.0/loaders/libpixbufloader-svg.so
6dba2000-6dba3000 rwxp 00001000 08:05 4328829    /usr/lib/gdk-pixbuf-2.0/2.10.0/loaders/libpixbufloader-svg.so
6dba3000-6dbac000 r-xp 00000000 08:05 3539009    /lib/i386-linux-gnu/libdrm_intel.so.1.0.0
6dbac000-6dbad000 r-xp 00008000 08:05 3539009    /lib/i386-linux-gnu/libdrm_intel.so.1.0.0
6dbad000-6dbae000 rwxp 00009000 08:05 3539009    /lib/i386-linux-gnu/libdrm_intel.so.1.0.0
6dbae000-6dbb6000 r-xs 00115000 08:05 4466410    /usr/lib/jvm/java-6-sun-1.6.0.26/jre/lib/resources.jar
6dbb6000-6dc05000 r-xp 00000000 08:05 5244500    /usr/share/fonts/truetype/ttf-dejavu/DejaVuSansMono.ttf
6dc06000-6dc0e000 rwxs f07e5000 00:05 7792       /dev/dri/card0
6dc0e000-6dc16000 rwxs f07dd000 00:05 7792       /dev/dri/card0
6dc16000-6dc29000 r-xp 00000000 08:05 2756850    /tmp/jna5540450097867056559.tmp
6dc29000-6dc2a000 rwxp 00013000 08:05 2756850    /tmp/jna5540450097867056559.tmp
6dc2a000-6dc4f000 r-xp 00000000 08:05 4329115    /usr/lib/libvorbis.so.0.4.5
6dc4f000-6dc50000 r-xp 00025000 08:05 4329115    /usr/lib/libvorbis.so.0.4.5
6dc50000-6dc51000 rwxp 00026000 08:05 4329115    /usr/lib/libvorbis.so.0.4.5
6dc51000-6dc58000 r-xp 00000000 08:05 4327081    /usr/lib/libltdl.so.7.2.1
6dc58000-6dc59000 r-xp 00006000 08:05 4327081    /usr/lib/libltdl.so.7.2.1
6dc59000-6dc5a000 rwxp 00007000 08:05 4327081    /usr/lib/libltdl.so.7.2.1
6dc5a000-6dc69000 r-xp 00000000 08:05 4326562    /usr/lib/libtdb.so.1.2.9
6dc69000-6dc6a000 r-xp 0000e000 08:05 4326562    /usr/lib/libtdb.so.1.2.9
6dc6a000-6dc6b000 rwxp 0000f000 08:05 4326562    /usr/lib/libtdb.so.1.2.9
6dc6b000-6dc6e000 r-xp 00000000 08:05 4329344    /usr/lib/libcanberra-gtk.so.0.1.8
6dc6e000-6dc6f000 r-xp 00002000 08:05 4329344    /usr/lib/libcanberra-gtk.so.0.1.8
6dc6f000-6dc70000 rwxp 00003000 08:05 4329344    /usr/lib/libcanberra-gtk.so.0.1.8
6dc70000-6dc74000 rwxs f06d8000 00:05 7792       /dev/dri/card0
6dc74000-6dc7c000 r-xp 00000000 08:05 3539143    /lib/i386-linux-gnu/libdrm.so.2.4.0
6dc7c000-6dc7d000 r-xp 00007000 08:05 3539143    /lib/i386-linux-gnu/libdrm.so.2.4.0
6dc7d000-6dc7e000 rwxp 00008000 08:05 3539143    /lib/i386-linux-gnu/libdrm.so.2.4.0
6dc7e000-6dc86000 rwxs f0865000 00:05 7792       /dev/dri/card0
6dc86000-6dcac000 r-xp 00000000 08:05 3538983    /lib/i386-linux-gnu/libexpat.so.1.5.2
6dcac000-6dcad000 ---p 00026000 08:05 3538983    /lib/i386-linux-gnu/libexpat.so.1.5.2
6dcad000-6dcaf000 r-xp 00026000 08:05 3538983    /lib/i386-linux-gnu/libexpat.so.1.5.2
6dcaf000-6dcb0000 rwxp 00028000 08:05 3538983    /lib/i386-linux-gnu/libexpat.so.1.5.2
6dcb0000-6dcc9000 r-xp 00000000 08:05 3538994    /lib/i386-linux-gnu/libselinux.so.1
6dcc9000-6dcca000 r-xp 00018000 08:05 3538994    /lib/i386-linux-gnu/libselinux.so.1
6dcca000-6dccb000 rwxp 00019000 08:05 3538994    /lib/i386-linux-gnu/libselinux.so.1
6dccb000-6dcdc000 r-xp 00000000 08:05 3542500    /lib/i386-linux-gnu/libresolv-2.13.so
6dcdc000-6dcdd000 r-xp 00010000 08:05 3542500    /lib/i386-linux-gnu/libresolv-2.13.so
6dcdd000-6dcde000 rwxp 00011000 08:05 3542500    /lib/i386-linux-gnu/libresolv-2.13.so
6dcde000-6dce0000 rwxp 00000000 00:00 0 
6dce0000-6dd1d000 r-xp 00000000 08:05 3539185    /lib/i386-linux-gnu/libpcre.so.3.12.1
6dd1d000-6dd1e000 r-xp 0003c000 08:05 3539185    /lib/i386-linux-gnu/libpcre.so.3.12.1
6dd1e000-6dd1f000 rwxp 0003d000 08:05 3539185    /lib/i386-linux-gnu/libpcre.so.3.12.1
6dd1f000-6dd32000 r-xp 00000000 08:05 3538986    /lib/i386-linux-gnu/libz.so.1.2.3.4
6dd32000-6dd33000 r-xp 00012000 08:05 3538986    /lib/i386-linux-gnu/libz.so.1.2.3.4
6dd33000-6dd34000 rwxp 00013000 08:05 3538986    /lib/i386-linux-gnu/libz.so.1.2.3.4
6dd34000-6dd9b000 r-xp 00000000 08:05 4326388    /usr/lib/libpixman-1.so.0.20.2
6dd9b000-6dd9c000 ---p 00067000 08:05 4326388    /usr/lib/libpixman-1.so.0.20.2
6dd9c000-6dd9f000 r-xp 00067000 08:05 4326388    /usr/lib/libpixman-1.so.0.20.2
6dd9f000-6dda0000 rwxp 0006a000 08:05 4326388    /usr/lib/libpixman-1.so.0.20.2
6dda0000-6de75000 r-xp 00000000 08:05 3539080    /lib/i386-linux-gnu/libglib-2.0.so.0.2800.6
6de75000-6de76000 r-xp 000d4000 08:05 3539080    /lib/i386-linux-gnu/libglib-2.0.so.0.2800.6
6de76000-6de77000 rwxp 000d5000 08:05 3539080    /lib/i386-linux-gnu/libglib-2.0.so.0.2800.6
6de77000-6def8000 r-xp 00000000 08:05 4325615    /usr/lib/i386-linux-gnu/libfreetype.so.6.6.2
6def8000-6defc000 r-xp 00080000 08:05 4325615    /usr/lib/i386-linux-gnu/libfreetype.so.6.6.2
6defc000-6defd000 rwxp 00084000 08:05 4325615    /usr/lib/i386-linux-gnu/libfreetype.so.6.6.2
6defd000-6dffb000 r-xp 00000000 08:05 4332912    /usr/lib/i386-linux-gnu/libgio-2.0.so.0.2800.6
6dffb000-6dffc000 ---p 000fe000 08:05 4332912    /usr/lib/i386-linux-gnu/libgio-2.0.so.0.2800.6
6dffc000-6dffe000 r-xp 000fe000 08:05 4332912    /usr/lib/i386-linux-gnu/libgio-2.0.so.0.2800.6
6dffe000-6dfff000 rwxp 00100000 08:05 4332912    /usr/lib/i386-linux-gnu/libgio-2.0.so.0.2800.6
6dfff000-6e000000 rwxp 00000000 00:00 0 
6e002000-6e003000 r-xs 00000000 08:05 534616     /home/daniel/.local/share/mime/mime.cache
6e003000-6e004000 r-xp 00000000 08:05 798016     /home/daniel/gephi/gephibzr/gephi/build/cluster/modules/lib/linux-i586/libjogl_awt.so
6e004000-6e005000 rwxp 00000000 08:05 798016     /home/daniel/gephi/gephibzr/gephi/build/cluster/modules/lib/linux-i586/libjogl_awt.so
6e005000-6e006000 r-xp 00000000 08:05 4466387    /usr/lib/jvm/java-6-sun-1.6.0.26/jre/lib/i386/libjawt.so
6e006000-6e007000 rwxp 00000000 08:05 4466387    /usr/lib/jvm/java-6-sun-1.6.0.26/jre/lib/i386/libjawt.so
6e007000-6e00b000 r-xp 00000000 08:05 4329490    /usr/lib/i386-linux-gnu/libXxf86vm.so.1.0.0
6e00b000-6e00c000 r-xp 00003000 08:05 4329490    /usr/lib/i386-linux-gnu/libXxf86vm.so.1.0.0
6e00c000-6e00d000 rwxp 00004000 08:05 4329490    /usr/lib/i386-linux-gnu/libXxf86vm.so.1.0.0
6e00d000-6e065000 r-xp 00000000 08:05 5243956    /usr/share/fonts/truetype/ubuntu-font-family/Ubuntu-R.ttf
6e065000-6e067000 r-xp 00000000 08:05 4725402    /usr/lib/i386-linux-gnu/pango/1.6.0/modules/pango-basic-fc.so
6e067000-6e068000 r-xp 00001000 08:05 4725402    /usr/lib/i386-linux-gnu/pango/1.6.0/modules/pango-basic-fc.so
6e068000-6e069000 rwxp 00002000 08:05 4725402    /usr/lib/i386-linux-gnu/pango/1.6.0/modules/pango-basic-fc.so
6e069000-6e06a000 r-xs 00000000 08:05 1575980    /var/cache/fontconfig/26de28bc8622bbc1fb67fd234c21975f-le32d4.cache-3
6e06a000-6e06b000 r-xs 00000000 08:05 1576028    /var/cache/fontconfig/c05880de57d1f5e948fdfacc138775d9-le32d4.cache-3
6e06b000-6e071000 r-xs 00000000 08:05 1576020    /var/cache/fontconfig/945677eb7aeaf62f1d50efc3fb3ec7d8-le32d4.cache-3
6e071000-6e073000 r-xs 00000000 08:05 1575744    /var/cache/fontconfig/99e8ed0e538f840c565b6ed5dad60d56-le32d4.cache-3
6e073000-6e076000 r-xs 00000000 08:05 1576002    /var/cache/fontconfig/e383d7ea5fbe662a33d9b44caf393297-le32d4.cache-3
6e076000-6e07b000 r-xs 00000000 08:05 1575986    /var/cache/fontconfig/401a5dd6b567794a1d18dd9342dfa604-le32d4.cache-3
6e07b000-6e07d000 r-xs 00000000 08:05 1575983    /var/cache/fontconfig/2cd17615ca594fa2959ae173292e504c-le32d4.cache-3
6e07d000-6e07e000 r-xs 00000000 08:05 1575740    /var/cache/fontconfig/e7071f4a29fa870f4323321c154eba04-le32d4.cache-3
6e07e000-6e080000 r-xs 00000000 08:05 1580660    /var/cache/fontconfig/b5ea634b0fb353b8ea17632d1f9ef766-le32d4.cache-3
6e080000-6e084000 r-xs 00000000 08:05 1580038    /var/cache/fontconfig/926e794c3d5e5dffcaf2fa83ef8d36c2-le32d4.cache-3
6e084000-6e087000 r-xs 00000000 08:05 1575945    /var/cache/fontconfig/6eb3985aa4124903f6ff08ba781cd364-le32d4.cache-3
6e087000-6e088000 r-xs 00000000 08:05 1575924    /var/cache/fontconfig/4c73fe0c47614734b17d736dbde7580a-le32d4.cache-3
6e088000-6e089000 r-xs 00000000 08:05 1575918    /var/cache/fontconfig/0d8c3b2ac0904cb8a57a757ad11a4a08-le32d4.cache-3
6e089000-6e08a000 r-xs 00000000 08:05 1575917    /var/cache/fontconfig/6a53c69dea097a2d716e069445527da8-le32d4.cache-3
6e08a000-6e08e000 r-xs 00000000 08:05 1575788    /var/cache/fontconfig/a755afe4a08bf5b97852ceb7400b47bc-le32d4.cache-3
6e08e000-6e092000 r-xs 00000000 08:05 1575915    /var/cache/fontconfig/515ca1ebc4b18308bea979be5704f9db-le32d4.cache-3
6e092000-6e099000 r-xs 00000000 08:05 1575886    /var/cache/fontconfig/6d41288fd70b0be22e8c3a91e032eec0-le32d4.cache-3
6e099000-6e0a4000 r-xs 00000000 08:05 1575845    /var/cache/fontconfig/0f34bcd4b6ee430af32735b75db7f02b-le32d4.cache-3
6e0a4000-6e0a7000 r-xs 00000000 08:05 1575843    /var/cache/fontconfig/d60319d88cac85ba9e1a07bd06cfbb8c-le32d4.cache-3
6e0a7000-6e0a8000 r-xs 00000000 08:05 1583439    /var/cache/fontconfig/4794a0821666d79190d59a36cb4f44b5-le32d4.cache-3
6e0a8000-6e0ca000 r-xs 00000000 08:05 1575808    /var/cache/fontconfig/365b55f210c0a22e9a19e35191240f32-le32d4.cache-3
6e0ca000-6e0d2000 r-xs 00000000 08:05 1575802    /var/cache/fontconfig/d52a8644073d54c13679302ca1180695-le32d4.cache-3
6e0d2000-6e0e0000 r-xs 00000000 08:05 1575126    /var/cache/fontconfig/e13b20fdb08344e0e664864cc2ede53d-le32d4.cache-3
6e0e0000-6e0ee000 r-xs 00000000 08:05 1576043    /var/cache/fontconfig/865f88548240fee46819705c6468c165-le32d4.cache-3
6e0ee000-6e106000 r-xs 00000000 08:05 1579274    /var/cache/fontconfig/165b9254a84ccada37e340049ffc8b30-le32d4.cache-3
6e106000-6e14b000 r-xp 00000000 08:05 4328915    /usr/lib/i386-linux-gnu/libgobject-2.0.so.0.2800.6
6e14b000-6e14c000 r-xp 00044000 08:05 4328915    /usr/lib/i386-linux-gnu/libgobject-2.0.so.0.2800.6
6e14c000-6e14d000 rwxp 00045000 08:05 4328915    /usr/lib/i386-linux-gnu/libgobject-2.0.so.0.2800.6
6e14d000-6e1fb000 r-xp 00000000 08:05 4326380    /usr/lib/libcairo.so.2.11000.2
6e1fb000-6e1fc000 ---p 000ae000 08:05 4326380    /usr/lib/libcairo.so.2.11000.2
6e1fc000-6e1fd000 r-xp 000ae000 08:05 4326380    /usr/lib/libcairo.so.2.11000.2
6e1fd000-6e1fe000 rwxp 000af000 08:05 4326380    /usr/lib/libcairo.so.2.11000.2
6e1fe000-6e200000 rwxp 00000000 00:00 0 
6e200000-6e2fe000 rwxp 00000000 00:00 0 
6e2fe000-6e300000 ---p 00000000 00:00 0 
6e300000-6e301000 rwxs f06d7000 00:05 7792       /dev/dri/card0
6e301000-6e306000 r-xp 00000000 08:05 4328876    /usr/lib/libogg.so.0.7.0
6e306000-6e307000 r-xp 00004000 08:05 4328876    /usr/lib/libogg.so.0.7.0
6e307000-6e308000 rwxp 00005000 08:05 4328876    /usr/lib/libogg.so.0.7.0
6e308000-6e30f000 r-xp 00000000 08:05 4329060    /usr/lib/libvorbisfile.so.3.3.4
6e30f000-6e310000 r-xp 00006000 08:05 4329060    /usr/lib/libvorbisfile.so.3.3.4
6e310000-6e311000 rwxp 00007000 08:05 4329060    /usr/lib/libvorbisfile.so.3.3.4
6e311000-6e34f000 r-xp 00000000 08:05 4325711    /usr/lib/i386-linux-gnu/libpango-1.0.so.0.2800.4
6e34f000-6e350000 r-xp 0003e000 08:05 4325711    /usr/lib/i386-linux-gnu/libpango-1.0.so.0.2800.4
6e350000-6e351000 rwxp 0003f000 08:05 4325711    /usr/lib/i386-linux-gnu/libpango-1.0.so.0.2800.4
6e351000-6e36a000 r-xp 00000000 08:05 4326135    /usr/lib/i386-linux-gnu/libatk-1.0.so.0.9.1
6e36a000-6e36b000 ---p 00019000 08:05 4326135    /usr/lib/i386-linux-gnu/libatk-1.0.so.0.9.1
6e36b000-6e36c000 r-xp 00019000 08:05 4326135    /usr/lib/i386-linux-gnu/libatk-1.0.so.0.9.1
6e36c000-6e36d000 rwxp 0001a000 08:05 4326135    /usr/lib/i386-linux-gnu/libatk-1.0.so.0.9.1
6e36d000-6e36e000 rwxs f06d6000 00:05 7792       /dev/dri/card0
6e36e000-6e372000 r-xp 00000000 08:05 4339973    /usr/lib/gtk-2.0/2.10.0/menuproxies/libappmenu.so
6e372000-6e373000 r-xp 00003000 08:05 4339973    /usr/lib/gtk-2.0/2.10.0/menuproxies/libappmenu.so
6e373000-6e374000 rwxp 00004000 08:05 4339973    /usr/lib/gtk-2.0/2.10.0/menuproxies/libappmenu.so
6e374000-6e378000 rwxs f0a4e000 00:05 7792       /dev/dri/card0
6e378000-6e37c000 rwxs f0ade000 00:05 7792       /dev/dri/card0
6e37c000-6e384000 rwxs 00000000 00:04 326369323  /SYSV00000000 (deleted)
6e384000-6e38c000 rwxs 00000000 00:04 326336553  /SYSV00000000 (deleted)
6e38c000-6e38d000 rwxs f06d5000 00:05 7792       /dev/dri/card0
6e38d000-6e38e000 rwxs f06d4000 00:05 7792       /dev/dri/card0
6e38e000-6e398000 rwxs 00000000 00:04 326828095  /SYSV00000000 (deleted)
6e398000-6e39e000 rwxs 00000000 00:04 326795323  /SYSV00000000 (deleted)
6e39e000-6e3b7000 rwxs 00000000 00:04 326271015  /SYSV00000000 (deleted)
6e3b7000-6e3bf000 rwxs 00000000 00:04 326074401  /SYSV00000000 (deleted)
6e3bf000-6e3c7000 rwxs 00000000 00:04 326041632  /SYSV00000000 (deleted)
6e3c7000-6e3ce000 r-xp 00000000 08:05 4328482    /usr/lib/gtk-2.0/2.10.0/engines/libpixmap.so
6e3ce000-6e3cf000 ---p 00007000 08:05 4328482    /usr/lib/gtk-2.0/2.10.0/engines/libpixmap.so
6e3cf000-6e3d0000 r-xp 00007000 08:05 4328482    /usr/lib/gtk-2.0/2.10.0/engines/libpixmap.so
6e3d0000-6e3d1000 rwxp 00008000 08:05 4328482    /usr/lib/gtk-2.0/2.10.0/engines/libpixmap.so
6e3d1000-6e3fe000 r-xp 00000000 08:05 4325876    /usr/lib/gtk-2.0/2.10.0/engines/libmurrine.so
6e3fe000-6e3ff000 r-xp 0002c000 08:05 4325876    /usr/lib/gtk-2.0/2.10.0/engines/libmurrine.so
6e3ff000-6e400000 rwxp 0002d000 08:05 4325876    /usr/lib/gtk-2.0/2.10.0/engines/libmurrine.so
6e400000-6e4e8000 rwxp 00000000 00:00 0 
6e4e8000-6e500000 ---p 00000000 00:00 0 
6e500000-6e5f9000 rwxp 00000000 00:00 0 
6e5f9000-6e600000 ---p 00000000 00:00 0 
6e600000-6e6fe000 rwxp 00000000 00:00 0 
6e6fe000-6e700000 ---p 00000000 00:00 0 
6e700000-6e70e000 r-xp 00000000 08:05 4326490    /usr/lib/libcanberra.so.0.2.5
6e70e000-6e70f000 r-xp 0000d000 08:05 4326490    /usr/lib/libcanberra.so.0.2.5
6e70f000-6e710000 rwxp 0000e000 08:05 4326490    /usr/lib/libcanberra.so.0.2.5
6e710000-6e73d000 r-xp 00000000 08:05 4325572    /usr/lib/i386-linux-gnu/libfontconfig.so.1.4.4
6e73d000-6e73e000 r-xp 0002c000 08:05 4325572    /usr/lib/i386-linux-gnu/libfontconfig.so.1.4.4
6e73e000-6e73f000 rwxp 0002d000 08:05 4325572    /usr/lib/i386-linux-gnu/libfontconfig.so.1.4.4
6e73f000-6e764000 r-xp 00000000 08:05 4325713    /usr/lib/i386-linux-gnu/libpangoft2-1.0.so.0.2800.4
6e764000-6e765000 ---p 00025000 08:05 4325713    /usr/lib/i386-linux-gnu/libpangoft2-1.0.so.0.2800.4
6e765000-6e766000 r-xp 00025000 08:05 4325713    /usr/lib/i386-linux-gnu/libpangoft2-1.0.so.0.2800.4
6e766000-6e767000 rwxp 00026000 08:05 4325713    /usr/lib/i386-linux-gnu/libpangoft2-1.0.so.0.2800.4
6e767000-6e7fc000 r-xp 00000000 08:05 4349290    /usr/lib/libgdk-x11-2.0.so.0.2400.4
6e7fc000-6e7fd000 ---p 00095000 08:05 4349290    /usr/lib/libgdk-x11-2.0.so.0.2400.4
6e7fd000-6e7ff000 r-xp 00095000 08:05 4349290    /usr/lib/libgdk-x11-2.0.so.0.2400.4
6e7ff000-6e800000 rwxp 00097000 08:05 4349290    /usr/lib/libgdk-x11-2.0.so.0.2400.4
6e800000-6e8fa000 rwxp 00000000 00:00 0 
6e8fa000-6e900000 ---p 00000000 00:00 0 
6e900000-6e9fe000 rwxp 00000000 00:00 0 
6e9fe000-6ea00000 ---p 00000000 00:00 0 
6ea00000-6eaf8000 rwxp 00000000 00:00 0 
6eaf8000-6eb00000 ---p 00000000 00:00 0 
6eb00000-6ebfb000 rwxp 00000000 00:00 0 
6ebfb000-6ec00000 ---p 00000000 00:00 0 
6ec00000-6ed00000 rwxp 00000000 00:00 0 
6ed00000-6ed01000 r-xp 00000000 08:05 798014     /home/daniel/gephi/gephibzr/gephi/build/cluster/modules/lib/linux-i586/libgluegen-rt.so
6ed01000-6ed02000 rwxp 00000000 08:05 798014     /home/daniel/gephi/gephibzr/gephi/build/cluster/modules/lib/linux-i586/libgluegen-rt.so
6ed02000-6ed25000 r-xp 00000000 08:05 3538990    /lib/i386-linux-gnu/libpng12.so.0.44.0
6ed25000-6ed26000 r-xp 00022000 08:05 3538990    /lib/i386-linux-gnu/libpng12.so.0.44.0
6ed26000-6ed27000 rwxp 00023000 08:05 3538990    /lib/i386-linux-gnu/libpng12.so.0.44.0
6ed27000-6f0f8000 r-xp 00000000 08:05 4331892    /usr/lib/libgtk-x11-2.0.so.0.2400.4
6f0f8000-6f0fc000 r-xp 003d0000 08:05 4331892    /usr/lib/libgtk-x11-2.0.so.0.2400.4
6f0fc000-6f0fe000 rwxp 003d4000 08:05 4331892    /usr/lib/libgtk-x11-2.0.so.0.2400.4
6f0fe000-6f100000 rwxp 00000000 00:00 0 
6f100000-6f300000 rwxp 00000000 00:00 0 
6f300000-6f3fe000 rwxp 00000000 00:00 0 
6f3fe000-6f400000 ---p 00000000 00:00 0 
6f400000-6f401000 rwxp 00000000 00:00 0 
6f401000-6f407000 r-xp 00000000 08:05 4325996    /usr/lib/i386-linux-gnu/libxcb-render.so.0.0.0
6f407000-6f408000 r-xp 00005000 08:05 4325996    /usr/lib/i386-linux-gnu/libxcb-render.so.0.0.0
6f408000-6f409000 rwxp 00006000 08:05 4325996    /usr/lib/i386-linux-gnu/libxcb-render.so.0.0.0
6f409000-6f40b000 r-xp 00000000 08:05 4326159    /usr/lib/i386-linux-gnu/libxcb-shm.so.0.0.0
6f40b000-6f40c000 r-xp 00001000 08:05 4326159    /usr/lib/i386-linux-gnu/libxcb-shm.so.0.0.0
6f40c000-6f40d000 rwxp 00002000 08:05 4326159    /usr/lib/i386-linux-gnu/libxcb-shm.so.0.0.0
6f40d000-6f413000 r-xp 00000000 08:05 4333381    /usr/lib/i386-linux-gnu/libXrandr.so.2.2.0
6f413000-6f414000 r-xp 00005000 08:05 4333381    /usr/lib/i386-linux-gnu/libXrandr.so.2.2.0
6f414000-6f415000 rwxp 00006000 08:05 4333381    /usr/lib/i386-linux-gnu/libXrandr.so.2.2.0
6f415000-6f417000 r-xp 00000000 08:05 4333368    /usr/lib/i386-linux-gnu/libXinerama.so.1.0.0
6f417000-6f418000 r-xp 00001000 08:05 4333368    /usr/lib/i386-linux-gnu/libXinerama.so.1.0.0
6f418000-6f419000 rwxp 00002000 08:05 4333368    /usr/lib/i386-linux-gnu/libXinerama.so.1.0.0
6f419000-6f41c000 r-xp 00000000 08:05 4332911    /usr/lib/i386-linux-gnu/libgthread-2.0.so.0.2800.6
6f41c000-6f41d000 r-xp 00003000 08:05 4332911    /usr/lib/i386-linux-gnu/libgthread-2.0.so.0.2800.6
6f41d000-6f41e000 rwxp 00004000 08:05 4332911    /usr/lib/i386-linux-gnu/libgthread-2.0.so.0.2800.6
6f41e000-6f420000 r-xp 00000000 08:05 4332910    /usr/lib/i386-linux-gnu/libgmodule-2.0.so.0.2800.6
6f420000-6f421000 r-xp 00002000 08:05 4332910    /usr/lib/i386-linux-gnu/libgmodule-2.0.so.0.2800.6
6f421000-6f422000 rwxp 00003000 08:05 4332910    /usr/lib/i386-linux-gnu/libgmodule-2.0.so.0.2800.6
6f422000-6f43d000 r-xp 00000000 08:05 4326627    /usr/lib/libgdk_pixbuf-2.0.so.0.2300.3
6f43d000-6f43e000 r-xp 0001a000 08:05 4326627    /usr/lib/libgdk_pixbuf-2.0.so.0.2300.3
6f43e000-6f43f000 rwxp 0001b000 08:05 4326627    /usr/lib/libgdk_pixbuf-2.0.so.0.2300.3
6f43f000-6f441000 r-xp 00000000 08:05 4333357    /usr/lib/i386-linux-gnu/libXdamage.so.1.1.0
6f441000-6f442000 r-xp 00001000 08:05 4333357    /usr/lib/i386-linux-gnu/libXdamage.so.1.1.0
6f442000-6f443000 rwxp 00002000 08:05 4333357    /usr/lib/i386-linux-gnu/libXdamage.so.1.1.0
6f443000-6f445000 r-xp 00000000 08:05 4333341    /usr/lib/i386-linux-gnu/libXcomposite.so.1.0.0
6f445000-6f446000 r-xp 00001000 08:05 4333341    /usr/lib/i386-linux-gnu/libXcomposite.so.1.0.0
6f446000-6f447000 rwxp 00002000 08:05 4333341    /usr/lib/i386-linux-gnu/libXcomposite.so.1.0.0
6f447000-6f451000 r-xp 00000000 08:05 4325712    /usr/lib/i386-linux-gnu/libpangocairo-1.0.so.0.2800.4
6f451000-6f452000 r-xp 00009000 08:05 4325712    /usr/lib/i386-linux-gnu/libpangocairo-1.0.so.0.2800.4
6f452000-6f453000 rwxp 0000a000 08:05 4325712    /usr/lib/i386-linux-gnu/libpangocairo-1.0.so.0.2800.4
6f453000-6f454000 r-xp 00000000 08:05 4331894    /usr/lib/gtk-2.0/2.10.0/immodules/im-cedilla.so
6f454000-6f455000 r-xp 00000000 08:05 4331894    /usr/lib/gtk-2.0/2.10.0/immodules/im-cedilla.so
6f455000-6f456000 rwxp 00001000 08:05 4331894    /usr/lib/gtk-2.0/2.10.0/immodules/im-cedilla.so
6f456000-6f459000 r-xs 00000000 08:05 1576598    /var/cache/fontconfig/7ef2298fde41cc6eeb7af42e48b7d293-le32d4.cache-3
6f459000-6f45d000 r-xp 00000000 08:05 4327695    /usr/lib/gtk-2.0/modules/libcanberra-gtk-module.so
6f45d000-6f45e000 r-xp 00003000 08:05 4327695    /usr/lib/gtk-2.0/modules/libcanberra-gtk-module.so
6f45e000-6f45f000 rwxp 00004000 08:05 4327695    /usr/lib/gtk-2.0/modules/libcanberra-gtk-module.so
6f45f000-6f467000 r-xp 00000000 08:05 4325660    /usr/lib/liboverlay-scrollbar-0.1.so.0.0.12
6f467000-6f468000 r-xp 00007000 08:05 4325660    /usr/lib/liboverlay-scrollbar-0.1.so.0.0.12
6f468000-6f469000 rwxp 00008000 08:05 4325660    /usr/lib/liboverlay-scrollbar-0.1.so.0.0.12
6f469000-6f46c000 ---p 00000000 00:00 0 
6f46c000-6f4ba000 rwxp 00000000 00:00 0 
6f4ba000-6f4bd000 r-xs 0002c000 08:05 799771     /home/daniel/gephi/gephibzr/gephi/build/cluster/modules/org-gephi-branding-desktop.jar
6f4bd000-6f4be000 r-xs 0000c000 08:05 798315     /home/daniel/gephi/gephibzr/gephi/build/cluster/modules/org-gephi-clustering-plugin.jar
6f4be000-6f4c0000 r-xs 00018000 08:05 798688     /home/daniel/gephi/gephibzr/gephi/build/cluster/modules/org-gephi-data-attributes.jar
6f4c0000-6f4cb000 r-xs 000b1000 08:05 799737     /home/daniel/gephi/gephibzr/gephi/build/cluster/modules/org-gephi-datalab-plugin.jar
6f4cb000-6f4cd000 r-xs 00013000 08:05 799705     /home/daniel/gephi/gephibzr/gephi/build/cluster/modules/org-gephi-desktop-clustering.jar
6f4cd000-6f4ce000 r-xs 00003000 08:05 798311     /home/daniel/gephi/gephibzr/gephi/build/cluster/modules/org-gephi-clustering-api.jar
6f4ce000-6f4d0000 r-xs 0000a000 08:05 799651     /home/daniel/gephi/gephibzr/gephi/build/cluster/modules/org-gephi-desktop-context.jar
6f4d0000-6f4d2000 r-xs 00003000 08:05 799727     /home/daniel/gephi/gephibzr/gephi/build/cluster/modules/ext/spark-1.2.jar
6f4d2000-6f4d6000 r-xs 00053000 08:05 799723     /home/daniel/gephi/gephibzr/gephi/build/cluster/modules/org-gephi-desktop-datalab.jar
6f4d6000-6f4d9000 r-xs 00029000 08:05 799573     /home/daniel/gephi/gephibzr/gephi/build/cluster/modules/org-gephi-desktop-filters.jar
6f4d9000-6f4da000 r-xs 00005000 08:05 799260     /home/daniel/gephi/gephibzr/gephi/build/cluster/modules/org-gephi-desktop-generate.jar
6f4da000-6f4dc000 r-xs 00012000 08:05 799777     /home/daniel/gephi/gephibzr/gephi/build/cluster/modules/org-gephi-desktop-hierarchy.jar
6f4dc000-6f4df000 r-xs 0001a000 08:05 799597     /home/daniel/gephi/gephibzr/gephi/build/cluster/modules/org-gephi-desktop-importer.jar
6f4df000-6f4e1000 r-xs 00012000 08:05 799753     /home/daniel/gephi/gephibzr/gephi/build/cluster/modules/org-gephi-desktop-layout.jar
6f4e1000-6f4e3000 r-xs 00010000 08:05 799613     /home/daniel/gephi/gephibzr/gephi/build/cluster/modules/org-gephi-desktop-partition.jar
6f4e3000-6f4e6000 r-xs 0001a000 08:05 799785     /home/daniel/gephi/gephibzr/gephi/build/cluster/modules/org-gephi-desktop-preview.jar
6f4e6000-6f4e8000 r-xs 00017000 08:05 799589     /home/daniel/gephi/gephibzr/gephi/build/cluster/modules/org-gephi-desktop-io-export.jar
6f4e8000-6f4e9000 r-xs 00002000 08:05 798263     /home/daniel/gephi/gephibzr/gephi/build/cluster/modules/org-gephi-desktop-progress.jar
6f4e9000-6f4ec000 r-xs 00020000 08:05 799607     /home/daniel/gephi/gephibzr/gephi/build/cluster/modules/org-gephi-desktop-ranking.jar
6f4ec000-6f4ee000 r-xs 00002000 08:05 799266     /home/daniel/gephi/gephibzr/gephi/build/cluster/modules/org-gephi-desktop-recentfiles.jar
6f4ee000-6f4ef000 r-xs 00008000 08:05 799263     /home/daniel/gephi/gephibzr/gephi/build/cluster/modules/org-gephi-desktop-spigot.jar
6f4ef000-6f4f0000 r-xs 00010000 08:05 799673     /home/daniel/gephi/gephibzr/gephi/build/cluster/modules/org-gephi-desktop-statistics.jar
6f4f0000-6f4f3000 r-xs 0002b000 08:05 799801     /home/daniel/gephi/gephibzr/gephi/build/cluster/modules/org-gephi-desktop-timeline.jar
6f4f3000-6f4f5000 r-xs 00011000 08:05 799711     /home/daniel/gephi/gephibzr/gephi/build/cluster/modules/org-gephi-desktop-tools.jar
6f4f5000-6f4f7000 r-xs 00014000 08:05 799193     /home/daniel/gephi/gephibzr/gephi/build/cluster/modules/org-gephi-filters.jar
6f4f7000-6f4fb000 r-xs 0005f000 08:05 799008     /home/daniel/gephi/gephibzr/gephi/build/cluster/modules/org-gephi-graph-dhns.jar
6f4fb000-6f500000 r-xs 0004a000 08:05 798457     /home/daniel/gephi/gephibzr/gephi/build/cluster/modules/org-gephi-layout-plugin.jar
6f500000-6f5fe000 rwxp 00000000 00:00 0 
6f5fe000-6f600000 ---p 00000000 00:00 0 
6f600000-6f602000 r-xs 00119000 08:05 799717     /home/daniel/gephi/gephibzr/gephi/build/cluster/modules/org-gephi-desktop-welcome.jar
6f602000-6f603000 r-xs 0000e000 08:05 799639     /home/daniel/gephi/gephibzr/gephi/build/cluster/modules/org-gephi-dynamic.jar
6f603000-6f605000 r-xs 00008000 08:05 798318     /home/daniel/gephi/gephibzr/gephi/build/cluster/modules/org-gephi-layout-api.jar
6f605000-6f607000 r-xs 00007000 08:05 798241     /home/daniel/gephi/gephibzr/gephi/build/cluster/modules/org-gephi-newslider.jar
6f607000-6f60a000 r-xs 00040000 08:05 799197     /home/daniel/gephi/gephibzr/gephi/build/cluster/modules/org-gephi-preview.jar
6f60a000-6f60d000 r-xs 00036000 08:05 798208     /home/daniel/gephi/gephibzr/gephi/build/cluster/modules/ext/core.jar
6f60d000-6f60e000 r-xs 00001000 08:05 798206     /home/daniel/gephi/gephibzr/gephi/build/cluster/modules/org-gephi-lib-processing.jar
6f60e000-6f612000 r-xs 00037000 08:05 799747     /home/daniel/gephi/gephibzr/gephi/build/cluster/modules/org-gephi-tools-plugin.jar
6f612000-6f614000 r-xs 00010000 08:05 799252     /home/daniel/gephi/gephibzr/gephi/build/cluster/modules/org-gephi-desktop-perspective.jar
6f614000-6f615000 r-xs 00005000 08:05 798346     /home/daniel/gephi/gephibzr/gephi/build/cluster/modules/org-gephi-algorithms.jar
6f615000-6f618000 r-xs 00017000 08:05 799229     /home/daniel/gephi/gephibzr/gephi/build/cluster/modules/ext/TimingFramework-1.0.jar
6f618000-6f61a000 r-xs 0001e000 08:05 799227     /home/daniel/gephi/gephibzr/gephi/build/cluster/modules/org-gephi-ui-components-SplineEditor.jar
6f61a000-6f61c000 r-xs 00012000 08:05 798343     /home/daniel/gephi/gephibzr/gephi/build/cluster/modules/org-gephi-ui-exporter-plugin.jar
6f61c000-6f61e000 r-xs 0001f000 08:05 798338     /home/daniel/gephi/gephibzr/gephi/build/cluster/modules/org-gephi-io-exporter-plugin.jar
6f61e000-6f621000 r-xs 0001d000 08:05 798212     /home/daniel/gephi/gephibzr/gephi/build/cluster/modules/ext/stax-utils.jar
6f621000-6f622000 r-xs 00001000 08:05 798210     /home/daniel/gephi/gephibzr/gephi/build/cluster/modules/org-gephi-lib-staxutils.jar
6f622000-6f623000 r-xs 0000c000 08:05 799221     /home/daniel/gephi/gephibzr/gephi/build/cluster/modules/org-gephi-ui-exporter-preview.jar
6f623000-6f625000 r-xs 0000d000 08:05 798300     /home/daniel/gephi/gephibzr/gephi/build/cluster/modules/org-gephi-io-exporter-preview.jar
6f625000-6f627000 r-xs 00008000 08:05 798245     /home/daniel/gephi/gephibzr/gephi/build/cluster/modules/org-gephi-preview-api.jar
6f627000-6f629000 r-xs 00005000 08:05 798271     /home/daniel/gephi/gephibzr/gephi/build/cluster/modules/org-gephi-io-exporter-api.jar
6f629000-6f62d000 r-xs 00038000 08:05 792358     /home/daniel/gephi/gephibzr/gephi/build/cluster/modules/ext/batik-gvt.jar
6f62d000-6f62f000 r-xs 00010000 08:05 792359     /home/daniel/gephi/gephibzr/gephi/build/cluster/modules/ext/batik-parser.jar
6f62f000-6f632000 r-xs 0001d000 08:05 792428     /home/daniel/gephi/gephibzr/gephi/build/cluster/modules/ext/batik-util.jar
6f632000-6f63d000 r-xs 000ad000 08:05 792697     /home/daniel/gephi/gephibzr/gephi/build/cluster/modules/ext/pdf-transcoder.jar
6f63d000-6f640000 r-xs 00015000 08:05 792343     /home/daniel/gephi/gephibzr/gephi/build/cluster/modules/ext/batik-anim.jar
6f640000-6f64d000 r-xs 00087000 08:05 792389     /home/daniel/gephi/gephibzr/gephi/build/cluster/modules/ext/batik-svg-dom.jar
6f64d000-6f652000 r-xs 00010000 08:05 792701     /home/daniel/gephi/gephibzr/gephi/build/cluster/modules/ext/xml-apis-ext.jar
6f652000-6f65c000 r-xs 00080000 08:05 792347     /home/daniel/gephi/gephibzr/gephi/build/cluster/modules/ext/batik-bridge.jar
6f65c000-6f65e000 r-xs 0001c000 08:05 792423     /home/daniel/gephi/gephibzr/gephi/build/cluster/modules/ext/batik-transcoder.jar
6f65e000-6f65f000 r-xs 00002000 08:05 792356     /home/daniel/gephi/gephibzr/gephi/build/cluster/modules/ext/batik-ext.jar
6f65f000-6f663000 r-xs 00027000 08:05 792349     /home/daniel/gephi/gephibzr/gephi/build/cluster/modules/ext/batik-dom.jar
6f663000-6f66b000 r-xs 00045000 08:05 792348     /home/daniel/gephi/gephibzr/gephi/build/cluster/modules/ext/batik-css.jar
6f66b000-6f66c000 r-xs 00007000 08:05 792665     /home/daniel/gephi/gephibzr/gephi/build/cluster/modules/ext/batik-xml.jar
6f66c000-6f66f000 r-xs 0000d000 08:05 792380     /home/daniel/gephi/gephibzr/gephi/build/cluster/modules/ext/batik-script.jar
6f66f000-6f676000 r-xs 0005c000 08:05 792346     /home/daniel/gephi/gephibzr/gephi/build/cluster/modules/ext/batik-awt-util.jar
6f676000-6f678000 r-xs 00001000 08:05 792303     /home/daniel/gephi/gephibzr/gephi/build/cluster/modules/org-gephi-lib-batik.jar
6f678000-6f685000 r-xs 00162000 08:05 797515     /home/daniel/gephi/gephibzr/gephi/build/cluster/modules/ext/iText-5.0.1.jar
6f685000-6f686000 r-xs 00001000 08:05 795976     /home/daniel/gephi/gephibzr/gephi/build/cluster/modules/org-gephi-lib-itext.jar
6f686000-6f689000 r-xs 00024000 08:05 799679     /home/daniel/gephi/gephibzr/gephi/build/cluster/modules/org-gephi-ui-filters-plugin.jar
6f689000-6f68d000 r-xs 00042000 08:05 799631     /home/daniel/gephi/gephibzr/gephi/build/cluster/modules/org-gephi-filters-plugin.jar
6f68d000-6f68e000 r-xs 00003000 08:05 799068     /home/daniel/gephi/gephibzr/gephi/build/cluster/modules/org-gephi-timeline.jar
6f68e000-6f690000 r-xs 00007000 08:05 799032     /home/daniel/gephi/gephibzr/gephi/build/cluster/modules/org-gephi-filters-api.jar
6f690000-6f691000 r-xs 00003000 08:05 798399     /home/daniel/gephi/gephibzr/gephi/build/cluster/modules/org-gephi-ui-generator-plugin.jar
6f691000-6f692000 r-xs 00004000 08:05 798378     /home/daniel/gephi/gephibzr/gephi/build/cluster/modules/org-gephi-io-generator-plugin.jar
6f692000-6f693000 r-xs 00002000 08:05 798374     /home/daniel/gephi/gephibzr/gephi/build/cluster/modules/org-gephi-io-generator-api.jar
6f693000-6f694000 r-xs 0000e000 08:05 799213     /home/daniel/gephi/gephibzr/gephi/build/cluster/modules/org-gephi-ui-importer-plugin.jar
6f694000-6f697000 r-xs 00049000 08:05 798539     /home/daniel/gephi/gephibzr/gephi/build/cluster/modules/org-gephi-io-importer-plugin.jar
6f697000-6f69a000 r-xs 0000e000 08:05 799761     /home/daniel/gephi/gephibzr/gephi/build/cluster/modules/org-gephi-ui-partition-plugin.jar
6f69a000-6f69c000 r-xs 00003000 08:05 799005     /home/daniel/gephi/gephibzr/gephi/build/cluster/modules/org-gephi-partition-plugin.jar
6f69c000-6f69e000 r-xs 00011000 08:05 799001     /home/daniel/gephi/gephibzr/gephi/build/cluster/modules/org-gephi-partition-api.jar
6f69e000-6f69f000 r-xs 00009000 08:05 799217     /home/daniel/gephi/gephibzr/gephi/build/cluster/modules/org-gephi-ui-processor-plugin.jar
6f69f000-6f6a1000 r-xs 0000c000 08:05 799184     /home/daniel/gephi/gephibzr/gephi/build/cluster/modules/org-gephi-io-processor-plugin.jar
6f6a1000-6f6a8000 r-xs 00094000 08:05 793327     /home/daniel/gephi/gephibzr/gephi/build/cluster/modules/ext/beansbinding-1.2.1.jar
6f6a8000-6f6a9000 r-xs 00001000 08:05 793298     /home/daniel/gephi/gephibzr/gephi/build/cluster/modules/org-gephi-lib-beansbinding.jar
6f6a9000-6f6ab000 r-xs 00003000 08:05 798304     /home/daniel/gephi/gephibzr/gephi/build/cluster/modules/org-gephi-ui-project.jar
6f6ab000-6f6ad000 r-xs 00005000 08:05 798444     /home/daniel/gephi/gephibzr/gephi/build/cluster/modules/org-gephi-ui-propertyeditor.jar
6f6ad000-6f6af000 r-xs 0000d000 08:05 799685     /home/daniel/gephi/gephibzr/gephi/build/cluster/modules/org-gephi-ui-ranking-plugin.jar
6f6af000-6f6b1000 r-xs 0001c000 08:05 798349     /home/daniel/gephi/gephibzr/gephi/build/cluster/modules/org-gephi-ranking-api.jar
6f6b1000-6f6b3000 r-xs 0001a000 08:05 799583     /home/daniel/gephi/gephibzr/gephi/build/cluster/modules/org-gephi-ui-spigot-plugin.jar
6f6b3000-6f6b5000 r-xs 00010000 08:05 798415     /home/daniel/gephi/gephibzr/gephi/build/cluster/modules/org-gephi-io-spigot-plugin.jar
6f6b5000-6f6b6000 r-xs 00004000 08:05 797539     /home/daniel/gephi/gephibzr/gephi/build/cluster/modules/ext/dsn.jar
6f6b6000-6f6bb000 r-xs 00039000 08:05 797543     /home/daniel/gephi/gephibzr/gephi/build/cluster/modules/ext/mailapi.jar
6f6bb000-6f6bc000 r-xs 00008000 08:05 797544     /home/daniel/gephi/gephibzr/gephi/build/cluster/modules/ext/pop3.jar
6f6bc000-6f6bd000 r-xs 0000a000 08:05 797546     /home/daniel/gephi/gephibzr/gephi/build/cluster/modules/ext/smtp.jar
6f6bd000-6f6c0000 r-xs 00028000 08:05 797540     /home/daniel/gephi/gephibzr/gephi/build/cluster/modules/ext/imap.jar
6f6c0000-6f6c7000 r-xs 0006a000 08:05 797541     /home/daniel/gephi/gephibzr/gephi/build/cluster/modules/ext/mail.jar
6f6c7000-6f6c9000 r-xs 00000000 08:05 797531     /home/daniel/gephi/gephibzr/gephi/build/cluster/modules/org-gephi-lib-javamail.jar
6f6c9000-6f6cc000 r-xs 0001c000 08:05 797602     /home/daniel/gephi/gephibzr/gephi/build/cluster/modules/ext/jcalendar-1.3.3.jar
6f6cc000-6f6d4000 r-xs 00052000 08:05 797612     /home/daniel/gephi/gephibzr/gephi/build/cluster/modules/ext/looks-2.0.1.jar
6f6d4000-6f6d6000 r-xs 00000000 08:05 797578     /home/daniel/gephi/gephibzr/gephi/build/cluster/modules/org-gephi-lib-jcalendar.jar
6f6d6000-6f6d8000 r-xs 00021000 08:05 799645     /home/daniel/gephi/gephibzr/gephi/build/cluster/modules/org-gephi-ui-statistics-plugin.jar
6f6d8000-6f6da000 r-xs 00021000 08:05 799621     /home/daniel/gephi/gephibzr/gephi/build/cluster/modules/org-gephi-statistics-plugin.jar
6f6da000-6f6db000 r-xs 0000b000 08:05 798334     /home/daniel/gephi/gephibzr/gephi/build/cluster/modules/org-gephi-statistics-api.jar
6f6db000-6f6dd000 r-xs 00009000 08:05 799731     /home/daniel/gephi/gephibzr/gephi/build/cluster/modules/org-gephi-ui-workspace.jar
6f6dd000-6f6e8000 r-xs 000e0000 08:05 799697     /home/daniel/gephi/gephibzr/gephi/build/cluster/modules/org-gephi-visualization.jar
6f6e8000-6f6ea000 r-xs 0000a000 08:05 799256     /home/daniel/gephi/gephibzr/gephi/build/cluster/modules/org-gephi-desktop-project.jar
6f6ea000-6f6eb000 r-xs 00002000 08:05 791681     /home/daniel/gephi/gephibzr/gephi/build/cluster/modules/org-gephi-desktop-mrufiles-api.jar
6f6eb000-6f6ee000 r-xs 00023000 08:05 798370     /home/daniel/gephi/gephibzr/gephi/build/cluster/modules/org-gephi-io-importer-api.jar
6f6ee000-6f6f5000 r-xs 000a7000 08:05 792078     /home/daniel/gephi/gephibzr/gephi/build/cluster/modules/ext/mysql-connector-java-5.1.7-bin.jar
6f6f5000-6f6fa000 r-xs 0006d000 08:05 792299     /home/daniel/gephi/gephibzr/gephi/build/cluster/modules/ext/sqljdbc4.jar
6f6fa000-6f700000 r-xs 00077000 08:05 792298     /home/daniel/gephi/gephibzr/gephi/build/cluster/modules/ext/postgresql-8.4-701.jdbc4.jar
6f700000-6f7e0000 rwxp 00000000 00:00 0 
6f7e0000-6f800000 ---p 00000000 00:00 0 
6f800000-6f801000 r-xs 00003000 08:05 792023     /home/daniel/gephi/gephibzr/gephi/build/cluster/modules/org-gephi-io-database-drivers.jar
6f801000-6f805000 r-xs 00024000 08:05 794923     /home/daniel/gephi/gephibzr/gephi/build/cluster/modules/ext/commons-compress-1.1.jar
6f805000-6f806000 r-xs 00000000 08:05 794834     /home/daniel/gephi/gephibzr/gephi/build/cluster/modules/org-gephi-lib-commonscompress.jar
6f806000-6f808000 r-xs 0000a000 08:05 799663     /home/daniel/gephi/gephibzr/gephi/build/cluster/modules/ext/FontChooser.jar
6f808000-6f80a000 r-xs 00011000 08:05 799665     /home/daniel/gephi/gephibzr/gephi/build/cluster/modules/ext/MigLayout-3.7.1.jar
6f80a000-6f80d000 r-xs 0002c000 08:05 799667     /home/daniel/gephi/gephibzr/gephi/build/cluster/modules/ext/colorchooser.jar
6f80d000-6f812000 r-xs 00055000 08:05 799659     /home/daniel/gephi/gephibzr/gephi/build/cluster/modules/org-gephi-ui-components.jar
6f812000-6f814000 r-xs 0000d000 08:05 793637     /home/daniel/gephi/gephibzr/gephi/build/cluster/modules/ext/commons-codec-1.4.jar
6f814000-6f815000 r-xs 00001000 08:05 793356     /home/daniel/gephi/gephibzr/gephi/build/cluster/modules/org-gephi-lib-commons-codec.jar
6f815000-6f823000 r-xs 00090000 08:05 795472     /home/daniel/gephi/gephibzr/gephi/build/cluster/modules/ext/flamingo.jar
6f823000-6f824000 r-xs 00001000 08:05 795452     /home/daniel/gephi/gephibzr/gephi/build/cluster/modules/org-gephi-lib-flamingo.jar
6f824000-6f830000 r-xs 00081000 08:05 798254     /home/daniel/gephi/gephibzr/gephi/build/cluster/modules/ext/google-collect-1.0.jar
6f830000-6f83f000 r-xs 000ba000 08:05 798255     /home/daniel/gephi/gephibzr/gephi/build/cluster/modules/ext/trove-2.1.0.jar
6f83f000-6f841000 r-xs 00009000 08:05 798252     /home/daniel/gephi/gephibzr/gephi/build/cluster/modules/org-gephi-utils-collection.jar
6f841000-6f84c000 r-xs 00108000 08:05 797673     /home/daniel/gephi/gephibzr/gephi/build/cluster/modules/ext/jogl.jar
6f84c000-6f84d000 r-xs 00004000 08:05 797663     /home/daniel/gephi/gephibzr/gephi/build/cluster/modules/ext/gluegen-rt.jar
6f84d000-6f84f000 r-xs 00004000 08:05 797657     /home/daniel/gephi/gephibzr/gephi/build/cluster/modules/org-gephi-lib-jogl.jar
6f84f000-6f851000 r-xs 0000f000 08:05 795959     /home/daniel/gephi/gephibzr/gephi/build/cluster/modules/org-gephi-lib-gleem.jar
6f851000-6f853000 r-xs 0000d000 08:05 799245     /home/daniel/gephi/gephibzr/gephi/build/cluster/modules/org-gephi-ui-utils.jar
6f853000-6f857000 r-xs 0003e000 08:05 798218     /home/daniel/gephi/gephibzr/gephi/build/cluster/modules/ext/ValidationAPI.jar
6f857000-6f858000 r-xs 00003000 08:05 798215     /home/daniel/gephi/gephibzr/gephi/build/cluster/modules/org-gephi-lib-validation.jar
6f858000-6f85a000 r-xs 00002000 08:05 798321     /home/daniel/gephi/gephibzr/gephi/build/cluster/modules/org-gephi-tools-api.jar
6f85a000-6f85b000 r-xs 00003000 08:05 799189     /home/daniel/gephi/gephibzr/gephi/build/cluster/modules/org-gephi-visualization-api.jar
6f85b000-6f85e000 r-xs 00024000 08:05 798615     /home/daniel/gephi/gephibzr/gephi/build/cluster/modules/org-gephi-datalab-api.jar
6f85e000-6f85f000 r-xs 00008000 08:05 798328     /home/daniel/gephi/gephibzr/gephi/build/cluster/modules/org-gephi-dynamic-api.jar
6f85f000-6f862000 r-xs 00030000 08:05 798324     /home/daniel/gephi/gephibzr/gephi/build/cluster/modules/org-gephi-data-attributes-api.jar
6f862000-6f863000 r-xs 00007000 08:05 798249     /home/daniel/gephi/gephibzr/gephi/build/cluster/modules/org-gephi-utils.jar
6f863000-6f865000 r-xs 00002000 08:05 797529     /home/daniel/gephi/gephibzr/gephi/build/cluster/modules/ext/javacsv.jar
6f865000-6f866000 r-xs 00001000 08:05 797520     /home/daniel/gephi/gephibzr/gephi/build/cluster/modules/org-gephi-lib-javacsv.jar
6f866000-6f868000 r-xs 00007000 08:05 798307     /home/daniel/gephi/gephibzr/gephi/build/cluster/modules/org-gephi-graph-api.jar
6f868000-6f86a000 r-xs 00014000 08:05 798267     /home/daniel/gephi/gephibzr/gephi/build/cluster/modules/org-gephi-project-api.jar
6f86a000-6f86b000 r-xs 00006000 08:05 798258     /home/daniel/gephi/gephibzr/gephi/build/cluster/modules/org-gephi-utils-longtask.jar
6f86b000-6f871000 r-xs 00031000 08:05 799209     /home/daniel/gephi/gephibzr/gephi/build/cluster/modules/ext/swingx-beaninfo-1.6.1.jar
6f871000-6f88c000 r-xs 00139000 08:05 799208     /home/daniel/gephi/gephibzr/gephi/build/cluster/modules/ext/swingx-1.6.1.jar
6f88c000-6f88d000 r-xs 00001000 08:05 799200     /home/daniel/gephi/gephibzr/gephi/build/cluster/modules/org-jdesktop-swingx.jar
6f88d000-6f89e000 r-xs 0014c000 08:05 799238     /home/daniel/gephi/gephibzr/gephi/build/cluster/modules/ext/jfreechart-1.0.13.jar
6f89e000-6f8a0000 r-xs 00013000 08:05 799239     /home/daniel/gephi/gephibzr/gephi/build/cluster/modules/ext/orson-0.5.0.jar
6f8a0000-6f8a6000 r-xs 00046000 08:05 799237     /home/daniel/gephi/gephibzr/gephi/build/cluster/modules/ext/jcommon-1.0.16.jar
6f8a6000-6f8a7000 r-xs 00000000 08:05 799231     /home/daniel/gephi/gephibzr/gephi/build/cluster/modules/org-jfree.jar
6f8a7000-6f8b6000 r-xs 00074000 08:05 799795     /home/daniel/gephi/gephibzr/gephi/build/cluster/modules/ext/joda-time-1.6.jar
6f8b6000-6f8b7000 r-xs 00000000 08:05 799791     /home/daniel/gephi/gephibzr/gephi/build/cluster/modules/org-joda-time.jar
6f8b7000-6f8b9000 r-xs 00008000 08:05 919547     /home/daniel/netbeans-7.0/platform/modules/org-netbeans-core-io-ui.jar
6f8b9000-6f8c2000 r-xs 000ba000 08:05 1051086    /home/daniel/netbeans-7.0/platform/modules/ext/platform-3.2.7.jar
6f8c2000-6f8c3000 r-xs 00001000 08:05 919425     /home/daniel/netbeans-7.0/platform/modules/org-netbeans-core-nativeaccess.jar
6f8c3000-6f8c8000 r-xs 00062000 08:05 919574     /home/daniel/netbeans-7.0/platform/modules/org-netbeans-core-ui.jar
6f8c8000-6f8c9000 r-xs 00000000 08:05 790420     /home/daniel/gephi/gephibzr/gephi/build/cluster/modules/locale/org-netbeans-core-windows_gephi.jar
6f8c9000-6f8d5000 r-xs 001b9000 08:05 919518     /home/daniel/netbeans-7.0/platform/modules/org-netbeans-core-windows.jar
6f8d5000-6f8db000 r-xs 00034000 08:05 1053531    /home/daniel/netbeans-7.0/platform/modules/ext/junit-4.8.2.jar
6f8db000-6f8e3000 r-xs 000e2000 08:05 919355     /home/daniel/netbeans-7.0/platform/modules/org-netbeans-modules-autoupdate-ui.jar
6f8e3000-6f8e5000 r-xs 00039000 08:05 1052256    /home/daniel/netbeans-7.0/platform/modules/ext/updater.jar
6f8e5000-6f8ea000 r-xs 000ac000 08:05 919267     /home/daniel/netbeans-7.0/platform/modules/org-netbeans-modules-autoupdate-services.jar
6f8ea000-6f8ec000 r-xs 0000b000 08:05 919226     /home/daniel/netbeans-7.0/platform/modules/org-netbeans-modules-editor-mimelookup-impl.jar
6f8ec000-6f8ef000 r-xs 00033000 08:05 919427     /home/daniel/netbeans-7.0/platform/modules/org-netbeans-modules-favorites.jar
6f8ef000-6f8f1000 r-xs 0000f000 08:05 919368     /home/daniel/netbeans-7.0/platform/modules/org-netbeans-modules-keyring-impl.jar
6f8f1000-6f8f6000 r-xs 00071000 08:05 919446     /home/daniel/netbeans-7.0/platform/modules/org-netbeans-modules-masterfs.jar
6f8f6000-6f8fa000 r-xs 000e3000 08:05 1051091    /home/daniel/netbeans-7.0/platform/modules/ext/jna-3.2.7.jar
6f8fa000-6f8fc000 r-xs 00000000 08:05 919568     /home/daniel/netbeans-7.0/platform/modules/org-netbeans-libs-jna.jar
6f8fc000-6f900000 r-xs 0004b000 08:05 919340     /home/daniel/netbeans-7.0/platform/modules/org-netbeans-modules-options-keymap.jar
6f900000-6f9fa000 rwxp 00000000 00:00 0 
6f9fa000-6fa00000 ---p 00000000 00:00 0 
6fa00000-6fa04000 r-xs 00062000 08:05 919389     /home/daniel/netbeans-7.0/platform/modules/org-netbeans-modules-options-api.jar
6fa04000-6fa0a000 r-xs 0008f000 08:05 919604     /home/daniel/netbeans-7.0/platform/modules/org-netbeans-core.jar
6fa0a000-6fa0c000 r-xs 00001000 08:05 919474     /home/daniel/netbeans-7.0/platform/modules/org-netbeans-modules-keyring.jar
6fa0c000-6fa10000 r-xs 0003e000 08:05 919507     /home/daniel/netbeans-7.0/platform/modules/org-netbeans-modules-print.jar
6fa10000-6fa13000 r-xs 00020000 08:05 919391     /home/daniel/netbeans-7.0/platform/modules/org-netbeans-modules-progress-ui.jar
6fa13000-6fa16000 r-xs 0002a000 08:05 799807     /home/daniel/gephi/gephibzr/gephi/build/cluster/modules/org-netbeans-swing-dirchooser.jar
6fa16000-6fa19000 r-xs 00036000 08:05 919549     /home/daniel/netbeans-7.0/platform/modules/org-netbeans-swing-plaf.jar
6fa19000-6fa1b000 r-xs 0000a000 08:05 919617     /home/daniel/netbeans-7.0/platform/modules/org-openide-io.jar
6fa1b000-6fa24000 r-xs 0013a000 08:05 919588     /home/daniel/netbeans-7.0/platform/modules/org-openide-loaders.jar
6fa24000-6faaf000 rwxs 00000000 00:04 325845003  /SYSV00000000 (deleted)
6faaf000-6fab2000 ---p 00000000 00:00 0 
6fab2000-6fb00000 rwxp 00000000 00:00 0 
6fb00000-6fbfc000 rwxp 00000000 00:00 0 
6fbfc000-6fc00000 ---p 00000000 00:00 0 
6fc00000-6fc02000 r-xs 00011000 08:05 919447     /home/daniel/netbeans-7.0/platform/modules/org-netbeans-modules-sendopts.jar
6fc02000-6fc04000 r-xs 0003e000 08:05 919450     /home/daniel/netbeans-7.0/platform/modules/org-netbeans-modules-settings.jar
6fc04000-6fc07000 r-xs 00022000 08:05 919475     /home/daniel/netbeans-7.0/platform/modules/org-netbeans-spi-quicksearch.jar
6fc07000-6fc14000 r-xs 0019e000 08:05 919573     /home/daniel/netbeans-7.0/platform/modules/org-openide-explorer.jar
6fc14000-6fc15000 r-xs 00000000 08:05 1575980    /var/cache/fontconfig/26de28bc8622bbc1fb67fd234c21975f-le32d4.cache-3
6fc15000-6fc16000 r-xs 00000000 08:05 1576028    /var/cache/fontconfig/c05880de57d1f5e948fdfacc138775d9-le32d4.cache-3
6fc16000-6fc1c000 r-xs 00000000 08:05 1576020    /var/cache/fontconfig/945677eb7aeaf62f1d50efc3fb3ec7d8-le32d4.cache-3
6fc1c000-6fc1e000 r-xs 00000000 08:05 1575744    /var/cache/fontconfig/99e8ed0e538f840c565b6ed5dad60d56-le32d4.cache-3
6fc1e000-6fc21000 r-xs 00000000 08:05 1576002    /var/cache/fontconfig/e383d7ea5fbe662a33d9b44caf393297-le32d4.cache-3
6fc21000-6fc26000 r-xs 00000000 08:05 1575986    /var/cache/fontconfig/401a5dd6b567794a1d18dd9342dfa604-le32d4.cache-3
6fc26000-6fc28000 r-xs 00000000 08:05 1575983    /var/cache/fontconfig/2cd17615ca594fa2959ae173292e504c-le32d4.cache-3
6fc28000-6fc29000 r-xs 00000000 08:05 1575740    /var/cache/fontconfig/e7071f4a29fa870f4323321c154eba04-le32d4.cache-3
6fc29000-6fc2b000 r-xs 00000000 08:05 1580660    /var/cache/fontconfig/b5ea634b0fb353b8ea17632d1f9ef766-le32d4.cache-3
6fc2b000-6fc2f000 r-xs 00000000 08:05 1580038    /var/cache/fontconfig/926e794c3d5e5dffcaf2fa83ef8d36c2-le32d4.cache-3
6fc2f000-6fc32000 r-xs 00000000 08:05 1575945    /var/cache/fontconfig/6eb3985aa4124903f6ff08ba781cd364-le32d4.cache-3
6fc32000-6fc33000 r-xs 00000000 08:05 1575924    /var/cache/fontconfig/4c73fe0c47614734b17d736dbde7580a-le32d4.cache-3
6fc33000-6fc34000 r-xs 00000000 08:05 1575918    /var/cache/fontconfig/0d8c3b2ac0904cb8a57a757ad11a4a08-le32d4.cache-3
6fc34000-6fc35000 r-xs 00000000 08:05 1575917    /var/cache/fontconfig/6a53c69dea097a2d716e069445527da8-le32d4.cache-3
6fc35000-6fc39000 r-xs 00000000 08:05 1575788    /var/cache/fontconfig/a755afe4a08bf5b97852ceb7400b47bc-le32d4.cache-3
6fc39000-6fc3d000 r-xs 00000000 08:05 1575915    /var/cache/fontconfig/515ca1ebc4b18308bea979be5704f9db-le32d4.cache-3
6fc3d000-6fc44000 r-xs 00000000 08:05 1575886    /var/cache/fontconfig/6d41288fd70b0be22e8c3a91e032eec0-le32d4.cache-3
6fc44000-6fc4f000 r-xs 00000000 08:05 1575845    /var/cache/fontconfig/0f34bcd4b6ee430af32735b75db7f02b-le32d4.cache-3
6fc4f000-6fc52000 r-xs 00000000 08:05 1575843    /var/cache/fontconfig/d60319d88cac85ba9e1a07bd06cfbb8c-le32d4.cache-3
6fc52000-6fc53000 r-xs 00000000 08:05 1583439    /var/cache/fontconfig/4794a0821666d79190d59a36cb4f44b5-le32d4.cache-3
6fc53000-6fc75000 r-xs 00000000 08:05 1575808    /var/cache/fontconfig/365b55f210c0a22e9a19e35191240f32-le32d4.cache-3
6fc75000-6fc7d000 r-xs 00000000 08:05 1575802    /var/cache/fontconfig/d52a8644073d54c13679302ca1180695-le32d4.cache-3
6fc7d000-6fc8b000 r-xs 00000000 08:05 1575126    /var/cache/fontconfig/e13b20fdb08344e0e664864cc2ede53d-le32d4.cache-3
6fc8b000-6fca3000 r-xs 00000000 08:05 1579274    /var/cache/fontconfig/165b9254a84ccada37e340049ffc8b30-le32d4.cache-3
6fca3000-6fca5000 r-xs 0000a000 08:05 919476     /home/daniel/netbeans-7.0/platform/modules/org-netbeans-modules-queries.jar
6fca5000-6fca8000 r-xs 00032000 08:05 919589     /home/daniel/netbeans-7.0/platform/modules/org-openide-actions.jar
6fca8000-6fcab000 r-xs 0003a000 08:05 919506     /home/daniel/netbeans-7.0/platform/modules/org-netbeans-swing-outline.jar
6fcab000-6fcb8000 r-xs 000de000 08:05 919449     /home/daniel/netbeans-7.0/platform/modules/org-netbeans-swing-tabcontrol.jar
6fcb8000-6fcbc000 r-xs 0005f000 08:05 919609     /home/daniel/netbeans-7.0/platform/modules/org-openide-text.jar
6fcbc000-6fcbe000 r-xs 0000b000 08:05 919314     /home/daniel/netbeans-7.0/platform/modules/org-netbeans-modules-editor-mimelookup.jar
6fcbe000-6fcc0000 r-xs 00025000 08:05 919587     /home/daniel/netbeans-7.0/platform/modules/org-openide-windows.jar
6fcc0000-6fcc5000 r-xs 00081000 08:05 919605     /home/daniel/netbeans-7.0/platform/modules/org-openide-nodes.jar
6fcc5000-6fcc8000 ---p 00000000 00:00 0 
6fcc8000-6fd16000 rwxp 00000000 00:00 0 
6fd16000-6fd19000 ---p 00000000 00:00 0 
6fd19000-6fd67000 rwxp 00000000 00:00 0 
6fd67000-6fd6b000 r-xp 00000000 08:05 4329147    /usr/lib/i386-linux-gnu/libXfixes.so.3.1.0
6fd6b000-6fd6c000 r-xp 00003000 08:05 4329147    /usr/lib/i386-linux-gnu/libXfixes.so.3.1.0
6fd6c000-6fd6d000 rwxp 00004000 08:05 4329147    /usr/lib/i386-linux-gnu/libXfixes.so.3.1.0
6fd6d000-6fd75000 r-xp 00000000 08:05 4326287    /usr/lib/i386-linux-gnu/libXrender.so.1.3.0
6fd75000-6fd76000 r-xp 00007000 08:05 4326287    /usr/lib/i386-linux-gnu/libXrender.so.1.3.0
6fd76000-6fd77000 rwxp 00008000 08:05 4326287    /usr/lib/i386-linux-gnu/libXrender.so.1.3.0
6fd77000-6fd7f000 r-xp 00000000 08:05 4333346    /usr/lib/i386-linux-gnu/libXcursor.so.1.0.2
6fd7f000-6fd80000 r-xp 00007000 08:05 4333346    /usr/lib/i386-linux-gnu/libXcursor.so.1.0.2
6fd80000-6fd81000 rwxp 00008000 08:05 4333346    /usr/lib/i386-linux-gnu/libXcursor.so.1.0.2
6fd81000-6fd82000 r-xs 00000000 08:05 919650     /home/daniel/netbeans-7.0/platform/modules/org-netbeans-libs-junit4.jar
6fd82000-6fd84000 r-xs 0002e000 08:05 919590     /home/daniel/netbeans-7.0/platform/modules/org-openide-dialogs.jar
6fd84000-6fd97000 rwxs 00000000 00:04 325812234  /SYSV00000000 (deleted)
6fd97000-6fd9a000 ---p 00000000 00:00 0 
6fd9a000-6fde8000 rwxp 00000000 00:00 0 
6fde8000-6fe61000 r-xp 00000000 08:05 4466381    /usr/lib/jvm/java-6-sun-1.6.0.26/jre/lib/i386/libfontmanager.so
6fe61000-6fe6b000 rwxp 00078000 08:05 4466381    /usr/lib/jvm/java-6-sun-1.6.0.26/jre/lib/i386/libfontmanager.so
6fe6b000-6fe70000 rwxp 00000000 00:00 0 
6fe70000-6fe74000 r-xp 00000000 08:05 4335172    /usr/lib/i386-linux-gnu/libXdmcp.so.6.0.0
6fe74000-6fe75000 r-xp 00003000 08:05 4335172    /usr/lib/i386-linux-gnu/libXdmcp.so.6.0.0
6fe75000-6fe76000 rwxp 00004000 08:05 4335172    /usr/lib/i386-linux-gnu/libXdmcp.so.6.0.0
6fe76000-6fe8d000 r-xp 00000000 08:05 4337830    /usr/lib/i386-linux-gnu/libxcb.so.1.1.0
6fe8d000-6fe8e000 r-xp 00016000 08:05 4337830    /usr/lib/i386-linux-gnu/libxcb.so.1.1.0
6fe8e000-6fe8f000 rwxp 00017000 08:05 4337830    /usr/lib/i386-linux-gnu/libxcb.so.1.1.0
6fe8f000-6fe9c000 r-xp 00000000 08:05 4337957    /usr/lib/i386-linux-gnu/libXi.so.6.1.0
6fe9c000-6fe9d000 r-xp 0000c000 08:05 4337957    /usr/lib/i386-linux-gnu/libXi.so.6.1.0
6fe9d000-6fe9e000 rwxp 0000d000 08:05 4337957    /usr/lib/i386-linux-gnu/libXi.so.6.1.0
6fe9e000-6ffb4000 r-xp 00000000 08:05 4337845    /usr/lib/i386-linux-gnu/libX11.so.6.3.0
6ffb4000-6ffb5000 ---p 00116000 08:05 4337845    /usr/lib/i386-linux-gnu/libX11.so.6.3.0
6ffb5000-6ffb6000 r-xp 00116000 08:05 4337845    /usr/lib/i386-linux-gnu/libX11.so.6.3.0
6ffb6000-6ffb8000 rwxp 00117000 08:05 4337845    /usr/lib/i386-linux-gnu/libX11.so.6.3.0
6ffb8000-6ffb9000 rwxp 00000000 00:00 0 
6ffb9000-6fffc000 r-xp 00000000 08:05 4466376    /usr/lib/jvm/java-6-sun-1.6.0.26/jre/lib/i386/xawt/libmawt.so
6fffc000-6fffe000 rwxp 00043000 08:05 4466376    /usr/lib/jvm/java-6-sun-1.6.0.26/jre/lib/i386/xawt/libmawt.so
6fffe000-6ffff000 rwxp 00000000 00:00 0 
6ffff000-70084000 r-xp 00000000 08:05 4466373    /usr/lib/jvm/java-6-sun-1.6.0.26/jre/lib/i386/libawt.so
70084000-7008b000 rwxp 00085000 08:05 4466373    /usr/lib/jvm/java-6-sun-1.6.0.26/jre/lib/i386/libawt.so
7008b000-700af000 rwxp 00000000 00:00 0 
700af000-700b2000 ---p 00000000 00:00 0 
700b2000-70100000 rwxp 00000000 00:00 0 
70100000-701ff000 rwxp 00000000 00:00 0 
701ff000-70200000 ---p 00000000 00:00 0 
70200000-70201000 r-xs 00002000 08:05 919353     /home/daniel/netbeans-7.0/platform/modules/org-netbeans-api-annotations-common.jar
70201000-70203000 r-xs 00010000 08:05 919523     /home/daniel/netbeans-7.0/platform/modules/org-netbeans-api-progress.jar
70203000-70205000 r-xp 00000000 08:05 4334188    /usr/lib/i386-linux-gnu/libXau.so.6.0.0
70205000-70206000 r-xp 00001000 08:05 4334188    /usr/lib/i386-linux-gnu/libXau.so.6.0.0
70206000-70207000 rwxp 00002000 08:05 4334188    /usr/lib/i386-linux-gnu/libXau.so.6.0.0
70207000-7020b000 r-xp 00000000 08:05 4337963    /usr/lib/libXtst.so.6.1.0
7020b000-7020c000 r-xp 00003000 08:05 4337963    /usr/lib/libXtst.so.6.1.0
7020c000-7020d000 rwxp 00004000 08:05 4337963    /usr/lib/libXtst.so.6.1.0
7020d000-7021a000 r-xp 00000000 08:05 4332391    /usr/lib/i386-linux-gnu/libXext.so.6.4.0
7021a000-7021b000 r-xp 0000c000 08:05 4332391    /usr/lib/i386-linux-gnu/libXext.so.6.4.0
7021b000-7021c000 rwxp 0000d000 08:05 4332391    /usr/lib/i386-linux-gnu/libXext.so.6.4.0
7021c000-70221000 r-xs 00086000 08:05 919613     /home/daniel/netbeans-7.0/platform/modules/org-openide-awt.jar
70221000-70224000 r-xs 00000000 08:05 1576598    /var/cache/fontconfig/7ef2298fde41cc6eeb7af42e48b7d293-le32d4.cache-3
70224000-70232000 r-xs 00000000 08:05 1576043    /var/cache/fontconfig/865f88548240fee46819705c6468c165-le32d4.cache-3
70232000-70235000 ---p 00000000 00:00 0 
70235000-70283000 rwxp 00000000 00:00 0 
70283000-70286000 ---p 00000000 00:00 0 
70286000-702d4000 rwxp 00000000 00:00 0 
702d4000-702db000 r-xp 00000000 08:05 4466363    /usr/lib/jvm/java-6-sun-1.6.0.26/jre/lib/i386/libnio.so
702db000-702dc000 rwxp 00006000 08:05 4466363    /usr/lib/jvm/java-6-sun-1.6.0.26/jre/lib/i386/libnio.so
702dc000-702f0000 r-xp 00000000 08:05 4466362    /usr/lib/jvm/java-6-sun-1.6.0.26/jre/lib/i386/libnet.so
702f0000-702f1000 rwxp 00013000 08:05 4466362    /usr/lib/jvm/java-6-sun-1.6.0.26/jre/lib/i386/libnet.so
702f1000-70350000 r-xs 00baa000 08:05 4467347    /usr/lib/jvm/java-6-sun-1.6.0.26/lib/tools.jar
70350000-70356000 r-xs 0001e000 08:05 4466761    /usr/lib/jvm/java-6-sun-1.6.0.26/lib/dt.jar
70356000-70357000 r-xs 00001000 08:05 923239     /home/daniel/netbeans-7.0/platform/lib/locale/org-openide-util_zh_CN.jar
70357000-70358000 r-xs 00001000 08:05 923238     /home/daniel/netbeans-7.0/platform/lib/locale/org-openide-util_ru.jar
70358000-70359000 r-xs 00001000 08:05 923237     /home/daniel/netbeans-7.0/platform/lib/locale/org-openide-util_pt_BR.jar
70359000-7035a000 r-xs 00001000 08:05 923236     /home/daniel/netbeans-7.0/platform/lib/locale/org-openide-util_ja.jar
7035a000-7035b000 r-xs 00000000 08:05 923247     /home/daniel/netbeans-7.0/platform/lib/locale/org-openide-util-lookup_zh_CN.jar
7035b000-7035c000 r-xs 00000000 08:05 923246     /home/daniel/netbeans-7.0/platform/lib/locale/org-openide-util-lookup_ru.jar
7035c000-7035d000 r-xs 00000000 08:05 923245     /home/daniel/netbeans-7.0/platform/lib/locale/org-openide-util-lookup_pt_BR.jar
7035d000-7035e000 r-xs 00000000 08:05 923244     /home/daniel/netbeans-7.0/platform/lib/locale/org-openide-util-lookup_ja.jar
7035e000-70361000 ---p 00000000 00:00 0 
70361000-703af000 rwxp 00000000 00:00 0 
703af000-703b2000 ---p 00000000 00:00 0 
703b2000-70400000 rwxp 00000000 00:00 0 
70400000-704fa000 rwxp 00000000 00:00 0 
704fa000-70500000 ---p 00000000 00:00 0 
70500000-70501000 r-xs 00000000 08:05 923243     /home/daniel/netbeans-7.0/platform/lib/locale/org-openide-modules_zh_CN.jar
70501000-70502000 r-xs 00000000 08:05 923242     /home/daniel/netbeans-7.0/platform/lib/locale/org-openide-modules_ru.jar
70502000-70503000 r-xs 00000000 08:05 923241     /home/daniel/netbeans-7.0/platform/lib/locale/org-openide-modules_pt_BR.jar
70503000-70504000 r-xs 00000000 08:05 923240     /home/daniel/netbeans-7.0/platform/lib/locale/org-openide-modules_ja.jar
70504000-70505000 r-xs 00000000 08:05 923251     /home/daniel/netbeans-7.0/platform/lib/locale/boot_zh_CN.jar
70505000-70506000 r-xs 00000000 08:05 923250     /home/daniel/netbeans-7.0/platform/lib/locale/boot_ru.jar
70506000-70507000 r-xs 00000000 08:05 923249     /home/daniel/netbeans-7.0/platform/lib/locale/boot_pt_BR.jar
70507000-70508000 r-xs 00000000 08:05 923248     /home/daniel/netbeans-7.0/platform/lib/locale/boot_ja.jar
70508000-7050f000 r-xs 000a7000 08:05 919624     /home/daniel/netbeans-7.0/platform/lib/org-openide-util.jar
7050f000-70511000 r-xs 00008000 08:05 790332     /home/daniel/gephi/gephibzr/gephi/build/cluster/core/locale/core_gephi.jar
70511000-70512000 r-xs 00001000 08:05 919620     /home/daniel/netbeans-7.0/platform/core/locale/core_zh_CN.jar
70512000-70513000 r-xs 00001000 08:05 919626     /home/daniel/netbeans-7.0/platform/core/locale/core_ja.jar
70513000-70514000 r-xs 00001000 08:05 919384     /home/daniel/netbeans-7.0/platform/core/locale/org-openide-filesystems_pt_BR.jar
70514000-70515000 r-xs 00001000 08:05 919619     /home/daniel/netbeans-7.0/platform/core/locale/core_pt_BR.jar
70515000-70516000 r-xs 00001000 08:05 919625     /home/daniel/netbeans-7.0/platform/core/locale/core_ru.jar
70516000-70517000 r-xs 00001000 08:05 919385     /home/daniel/netbeans-7.0/platform/core/locale/org-openide-filesystems_zh_CN.jar
70517000-70518000 ---p 00000000 00:00 0 
70518000-70598000 rwxp 00000000 00:00 0 
70598000-7059b000 ---p 00000000 00:00 0 
7059b000-705e9000 rwxp 00000000 00:00 0 
705e9000-705ec000 ---p 00000000 00:00 0 
705ec000-7066a000 rwxp 00000000 00:00 0 
7066a000-7066d000 ---p 00000000 00:00 0 
7066d000-706eb000 rwxp 00000000 00:00 0 
706eb000-706ee000 ---p 00000000 00:00 0 
706ee000-7073c000 rwxp 00000000 00:00 0 
7073c000-7093c000 r-xp 00000000 08:05 4326790    /usr/lib/locale/locale-archive
7093c000-7093f000 ---p 00000000 00:00 0 
7093f000-7098d000 rwxp 00000000 00:00 0 
7098d000-70990000 ---p 00000000 00:00 0 
70990000-709de000 rwxp 00000000 00:00 0 
709de000-709df000 ---p 00000000 00:00 0 
709df000-70a93000 rwxp 00000000 00:00 0 
70a93000-70c2b000 r-xs 03029000 08:05 4466583    /usr/lib/jvm/java-6-sun-1.6.0.26/jre/lib/rt.jar
70c2b000-70c2c000 ---p 00000000 00:00 0 
70c2c000-70cac000 rwxp 00000000 00:00 0 
70cac000-70cad000 ---p 00000000 00:00 0 
70cad000-70d40000 rwxp 00000000 00:00 0 
70d40000-70d4d000 rwxp 00000000 00:00 0 
70d4d000-70da3000 rwxp 00000000 00:00 0 
70da3000-70e9b000 rwxp 00000000 00:00 0 
70e9b000-70eae000 rwxp 00000000 00:00 0 
70eae000-70ebb000 rwxp 00000000 00:00 0 
70ebb000-70f11000 rwxp 00000000 00:00 0 
70f11000-71008000 rwxp 00000000 00:00 0 
71008000-71033000 rwxp 00000000 00:00 0 
71033000-710af000 rwxp 00000000 00:00 0 
710af000-735d0000 rwxp 00000000 00:00 0 
735d0000-750b0000 rwxp 00000000 00:00 0 
750b0000-7fb60000 rwxp 00000000 00:00 0 
7fb60000-9eb60000 rwxp 00000000 00:00 0 
9eb60000-a40b0000 rwxp 00000000 00:00 0 
a40b0000-b38b0000 rwxp 00000000 00:00 0 
b38b0000-b38b1000 r-xs 00001000 08:05 919437     /home/daniel/netbeans-7.0/platform/core/locale/org-openide-filesystems_ru.jar
b38b1000-b38b2000 r-xs 00001000 08:05 919436     /home/daniel/netbeans-7.0/platform/core/locale/org-openide-filesystems_ja.jar
b38b2000-b38b7000 r-xs 000b9000 08:05 919629     /home/daniel/netbeans-7.0/platform/core/core.jar
b38b7000-b38c0000 rwxp 00000000 00:00 0 
b38c0000-b3977000 rwxp 00000000 00:00 0 
b3977000-b3bb7000 rwxp 00000000 00:00 0 
b3bb7000-b6977000 rwxp 00000000 00:00 0 
b6977000-b6986000 r-xp 00000000 08:05 4466358    /usr/lib/jvm/java-6-sun-1.6.0.26/jre/lib/i386/libzip.so
b6986000-b6988000 rwxp 0000e000 08:05 4466358    /usr/lib/jvm/java-6-sun-1.6.0.26/jre/lib/i386/libzip.so
b6988000-b6992000 r-xp 00000000 08:05 3547576    /lib/i386-linux-gnu/libnss_files-2.13.so
b6992000-b6993000 r-xp 00009000 08:05 3547576    /lib/i386-linux-gnu/libnss_files-2.13.so
b6993000-b6994000 rwxp 0000a000 08:05 3547576    /lib/i386-linux-gnu/libnss_files-2.13.so
b6994000-b699d000 r-xp 00000000 08:05 3547561    /lib/i386-linux-gnu/libnss_nis-2.13.so
b699d000-b699e000 r-xp 00008000 08:05 3547561    /lib/i386-linux-gnu/libnss_nis-2.13.so
b699e000-b699f000 rwxp 00009000 08:05 3547561    /lib/i386-linux-gnu/libnss_nis-2.13.so
b699f000-b69b2000 r-xp 00000000 08:05 3547557    /lib/i386-linux-gnu/libnsl-2.13.so
b69b2000-b69b3000 r-xp 00012000 08:05 3547557    /lib/i386-linux-gnu/libnsl-2.13.so
b69b3000-b69b4000 rwxp 00013000 08:05 3547557    /lib/i386-linux-gnu/libnsl-2.13.so
b69b4000-b69b6000 rwxp 00000000 00:00 0 
b69b6000-b69bd000 r-xs 000d0000 08:05 919577     /home/daniel/netbeans-7.0/platform/core/org-openide-filesystems.jar
b69bd000-b69c0000 r-xs 00047000 08:05 919593     /home/daniel/netbeans-7.0/platform/lib/org-openide-util-lookup.jar
b69c0000-b69c1000 r-xs 00009000 08:05 919615     /home/daniel/netbeans-7.0/platform/lib/org-openide-modules.jar
b69c1000-b69c3000 r-xs 0005b000 08:05 919630     /home/daniel/netbeans-7.0/platform/lib/boot.jar
b69c3000-b69c4000 r-xp 002a1000 08:05 4326790    /usr/lib/locale/locale-archive
b69c4000-b69cc000 rwxs 00000000 08:05 2756318    /tmp/hsperfdata_daniel/14643
b69cc000-b69ef000 r-xp 00000000 08:05 4466355    /usr/lib/jvm/java-6-sun-1.6.0.26/jre/lib/i386/libjava.so
b69ef000-b69f1000 rwxp 00023000 08:05 4466355    /usr/lib/jvm/java-6-sun-1.6.0.26/jre/lib/i386/libjava.so
b69f1000-b69f8000 r-xp 00000000 08:05 3547553    /lib/i386-linux-gnu/librt-2.13.so
b69f8000-b69f9000 r-xp 00006000 08:05 3547553    /lib/i386-linux-gnu/librt-2.13.so
b69f9000-b69fa000 rwxp 00007000 08:05 3547553    /lib/i386-linux-gnu/librt-2.13.so
b69fa000-b69fd000 ---p 00000000 00:00 0 
b69fd000-b6a4b000 rwxp 00000000 00:00 0 
b6a4b000-b6a6f000 r-xp 00000000 08:05 3547572    /lib/i386-linux-gnu/libm-2.13.so
b6a6f000-b6a70000 r-xp 00023000 08:05 3547572    /lib/i386-linux-gnu/libm-2.13.so
b6a70000-b6a71000 rwxp 00024000 08:05 3547572    /lib/i386-linux-gnu/libm-2.13.so
b6a71000-b7223000 r-xp 00000000 08:05 4466343    /usr/lib/jvm/java-6-sun-1.6.0.26/jre/lib/i386/server/libjvm.so
b7223000-b7277000 rwxp 007b1000 08:05 4466343    /usr/lib/jvm/java-6-sun-1.6.0.26/jre/lib/i386/server/libjvm.so
b7277000-b7696000 rwxp 00000000 00:00 0 
b7696000-b77f0000 r-xp 00000000 08:05 3542501    /lib/i386-linux-gnu/libc-2.13.so
b77f0000-b77f1000 ---p 0015a000 08:05 3542501    /lib/i386-linux-gnu/libc-2.13.so
b77f1000-b77f3000 r-xp 0015a000 08:05 3542501    /lib/i386-linux-gnu/libc-2.13.so
b77f3000-b77f4000 rwxp 0015c000 08:05 3542501    /lib/i386-linux-gnu/libc-2.13.so
b77f4000-b77f7000 rwxp 00000000 00:00 0 
b77f7000-b77f9000 r-xp 00000000 08:05 3547569    /lib/i386-linux-gnu/libdl-2.13.so
b77f9000-b77fa000 r-xp 00001000 08:05 3547569    /lib/i386-linux-gnu/libdl-2.13.so
b77fa000-b77fb000 rwxp 00002000 08:05 3547569    /lib/i386-linux-gnu/libdl-2.13.so
b77fb000-b7802000 r-xp 00000000 08:05 4466357    /usr/lib/jvm/java-6-sun-1.6.0.26/jre/lib/i386/jli/libjli.so
b7802000-b7804000 rwxp 00006000 08:05 4466357    /usr/lib/jvm/java-6-sun-1.6.0.26/jre/lib/i386/jli/libjli.so
b7804000-b7805000 rwxp 00000000 00:00 0 
b7805000-b781a000 r-xp 00000000 08:05 3547567    /lib/i386-linux-gnu/libpthread-2.13.so
b781a000-b781b000 r-xp 00015000 08:05 3547567    /lib/i386-linux-gnu/libpthread-2.13.so
b781b000-b781c000 rwxp 00016000 08:05 3547567    /lib/i386-linux-gnu/libpthread-2.13.so
b781c000-b781e000 rwxp 00000000 00:00 0 
b781e000-b7824000 r-xp 00000000 08:05 3547562    /lib/i386-linux-gnu/libnss_compat-2.13.so
b7824000-b7825000 r-xp 00005000 08:05 3547562    /lib/i386-linux-gnu/libnss_compat-2.13.so
b7825000-b7826000 rwxp 00006000 08:05 3547562    /lib/i386-linux-gnu/libnss_compat-2.13.so
b7826000-b7827000 rwxp 00000000 00:00 0 
b7827000-b7828000 r-xp 00000000 00:00 0 
b7828000-b7833000 r-xp 00000000 08:05 4466354    /usr/lib/jvm/java-6-sun-1.6.0.26/jre/lib/i386/libverify.so
b7833000-b7834000 rwxp 0000b000 08:05 4466354    /usr/lib/jvm/java-6-sun-1.6.0.26/jre/lib/i386/libverify.so
b7834000-b7836000 rwxp 00000000 00:00 0 
b7836000-b7837000 r-xp 00000000 00:00 0          [vdso]
b7837000-b7853000 r-xp 00000000 08:05 3547574    /lib/i386-linux-gnu/ld-2.13.so
b7853000-b7854000 r-xp 0001b000 08:05 3547574    /lib/i386-linux-gnu/ld-2.13.so
b7854000-b7855000 rwxp 0001c000 08:05 3547574    /lib/i386-linux-gnu/ld-2.13.so
bfba9000-bfbca000 rwxp 00000000 00:00 0          [stack]

VM Arguments:
jvm_args: -Djdk.home=/usr/lib/jvm/java-6-sun-1.6.0.26 -Dnetbeans.system_http_proxy=DIRECT -Dnetbeans.system_http_non_proxy_hosts= -Dnetbeans.dirs=/home/daniel/gephi/gephibzr/gephi/build/cluster:/home/daniel/netbeans-7.0/platform -Dnetbeans.home=/home/daniel/netbeans-7.0/platform -Dnetbeans.logger.console=true -ea -Xms256m -Xmx1000m -Dsun.java2d.noddraw=true -Dsun.awt.noerasebackground=true -XX:+HeapDumpOnOutOfMemoryError -XX:HeapDumpPath=/home/daniel/gephi/gephibzr/gephi/build/testuserdir/var/log/heapdump.hprof 
java_command: org.netbeans.Main --userdir /home/daniel/gephi/gephibzr/gephi/build/testuserdir --branding gephi
Launcher Type: SUN_STANDARD

Environment Variables:
PATH=/usr/local/sbin:/usr/local/bin:/usr/sbin:/usr/bin:/sbin:/bin:/usr/games
USERNAME=daniel
LD_LIBRARY_PATH=/usr/lib/jvm/java-6-sun-1.6.0.26/jre/lib/i386/server:/usr/lib/jvm/java-6-sun-1.6.0.26/jre/lib/i386:/usr/lib/jvm/java-6-sun-1.6.0.26/jre/../lib/i386:/usr/lib/jvm/java-6-sun-1.6.0.26/jre/lib/i386/client:/usr/lib/jvm/java-6-sun-1.6.0.26/jre/lib/i386:/usr/lib/jvm/java-6-sun-1.6.0.26/jre/../lib/i386
SHELL=/bin/bash
DISPLAY=:0

Signal Handlers:
SIGSEGV: [libjvm.so+0x725510], sa_mask[0]=0x7ffbfeff, sa_flags=0x10000004
SIGBUS: [libjvm.so+0x725510], sa_mask[0]=0x7ffbfeff, sa_flags=0x10000004
SIGFPE: [libjvm.so+0x5dff20], sa_mask[0]=0x7ffbfeff, sa_flags=0x10000004
SIGPIPE: SIG_IGN, sa_mask[0]=0x00001000, sa_flags=0x10000000
SIGXFSZ: [libjvm.so+0x5dff20], sa_mask[0]=0x7ffbfeff, sa_flags=0x10000004
SIGILL: [libjvm.so+0x5dff20], sa_mask[0]=0x7ffbfeff, sa_flags=0x10000004
SIGUSR1: SIG_DFL, sa_mask[0]=0x00000000, sa_flags=0x00000000
SIGUSR2: [libjvm.so+0x5e3160], sa_mask[0]=0x00000004, sa_flags=0x10000004
SIGHUP: [libjvm.so+0x5e2d40], sa_mask[0]=0x7ffbfeff, sa_flags=0x10000004
SIGINT: SIG_IGN, sa_mask[0]=0x00000000, sa_flags=0x00000000
SIGTERM: [libjvm.so+0x5e2d40], sa_mask[0]=0x7ffbfeff, sa_flags=0x10000004
SIGQUIT: [libjvm.so+0x5e2d40], sa_mask[0]=0x7ffbfeff, sa_flags=0x10000004


---------------  S Y S T E M  ---------------

OS:squeeze/sid

uname:Linux 2.6.38-11-generic #48-Ubuntu SMP Fri Jul 29 19:05:14 UTC 2011 i686
libc:glibc 2.13 NPTL 2.13 
rlimit: STACK 8192k, CORE 0k, NPROC infinity, NOFILE 4096, AS infinity
load average:0.95 0.53 0.30

/proc/meminfo:
MemTotal:        1955572 kB
MemFree:           61012 kB
Buffers:           12496 kB
Cached:           365700 kB
SwapCached:        64552 kB
Active:          1136752 kB
Inactive:         651960 kB
Active(anon):    1052984 kB
Inactive(anon):   569528 kB
Active(file):      83768 kB
Inactive(file):    82432 kB
Unevictable:          16 kB
Mlocked:              16 kB
HighTotal:       1081776 kB
HighFree:           1636 kB
LowTotal:         873796 kB
LowFree:           59376 kB
SwapTotal:       4476924 kB
SwapFree:        3954776 kB
Dirty:               340 kB
Writeback:          1200 kB
AnonPages:       1384508 kB
Mapped:            87944 kB
Shmem:            211772 kB
Slab:              55580 kB
SReclaimable:      31284 kB
SUnreclaim:        24296 kB
KernelStack:        3520 kB
PageTables:        10000 kB
NFS_Unstable:          0 kB
Bounce:                0 kB
WritebackTmp:          0 kB
CommitLimit:     5454708 kB
Committed_AS:    4384424 kB
VmallocTotal:     122880 kB
VmallocUsed:       34736 kB
VmallocChunk:      48480 kB
HardwareCorrupted:     0 kB
HugePages_Total:       0
HugePages_Free:        0
HugePages_Rsvd:        0
HugePages_Surp:        0
Hugepagesize:       4096 kB
DirectMap4k:       16376 kB
DirectMap4M:      892928 kB


CPU:total 2 (2 cores per cpu, 1 threads per core) family 6 model 23 stepping 10, cmov, cx8, fxsr, mmx, sse, sse2, sse3, ssse3, sse4.1

/proc/cpuinfo:
processor	: 0
vendor_id	: GenuineIntel
cpu family	: 6
model		: 23
model name	: Intel(R) Core(TM)2 Duo CPU     L9600  @ 2.13GHz
stepping	: 10
cpu MHz		: 2134.000
cache size	: 6144 KB
physical id	: 0
siblings	: 2
core id		: 0
cpu cores	: 2
apicid		: 0
initial apicid	: 0
fdiv_bug	: no
hlt_bug		: no
f00f_bug	: no
coma_bug	: no
fpu		: yes
fpu_exception	: yes
cpuid level	: 13
wp		: yes
flags		: fpu vme de pse tsc msr pae mce cx8 apic mtrr pge mca cmov pat pse36 clflush dts acpi mmx fxsr sse sse2 ss ht tm pbe nx lm constant_tsc arch_perfmon pebs bts aperfmperf pni dtes64 monitor ds_cpl vmx smx est tm2 ssse3 cx16 xtpr pdcm sse4_1 xsave lahf_lm ida dts tpr_shadow vnmi flexpriority
bogomips	: 4255.02
clflush size	: 64
cache_alignment	: 64
address sizes	: 36 bits physical, 48 bits virtual
power management:

processor	: 1
vendor_id	: GenuineIntel
cpu family	: 6
model		: 23
model name	: Intel(R) Core(TM)2 Duo CPU     L9600  @ 2.13GHz
stepping	: 10
cpu MHz		: 2134.000
cache size	: 6144 KB
physical id	: 0
siblings	: 2
core id		: 1
cpu cores	: 2
apicid		: 1
initial apicid	: 1
fdiv_bug	: no
hlt_bug		: no
f00f_bug	: no
coma_bug	: no
fpu		: yes
fpu_exception	: yes
cpuid level	: 13
wp		: yes
flags		: fpu vme de pse tsc msr pae mce cx8 apic mtrr pge mca cmov pat pse36 clflush dts acpi mmx fxsr sse sse2 ss ht tm pbe nx lm constant_tsc arch_perfmon pebs bts aperfmperf pni dtes64 monitor ds_cpl vmx smx est tm2 ssse3 cx16 xtpr pdcm sse4_1 xsave lahf_lm ida dts tpr_shadow vnmi flexpriority
bogomips	: 4256.04
clflush size	: 64
cache_alignment	: 64
address sizes	: 36 bits physical, 48 bits virtual
power management:



Memory: 4k page, physical 1955572k(60896k free), swap 4476924k(3954776k free)

vm_info: Java HotSpot(TM) Server VM (20.1-b02) for linux-x86 JRE (1.6.0_26-b03), built on May  4 2011 01:04:10 by "java_re" with gcc 3.2.1-7a (J2SE release)

time: Thu Aug 25 15:53:11 2011
elapsed time: 114 seconds

