#
# A fatal error has been detected by the Java Runtime Environment:
#
#  SIGSEGV (0xb) at pc=0x6eeea69a, pid=15325, tid=1889102704
#
# JRE version: 6.0_26-b03
# Java VM: Java HotSpot(TM) Server VM (20.1-b02 mixed mode linux-x86 )
# Problematic frame:
# 
[error occurred during error reporting (printing problematic frame), id 0xb]

# If you would like to submit a bug report, please visit:
#   http://java.sun.com/webapps/bugreport/crash.jsp
#

---------------  T H R E A D  ---------------

Current thread (0x08e7ec00):  VMThread [stack: 0x70916000,0x70997000] [id=15329]

siginfo:si_signo=SIGSEGV: si_errno=0, si_code=1 (SEGV_MAPERR), si_addr=0x00001a80

Registers:
EAX=0x00001a80, EBX=0x6eeebb54, ECX=0x00000000, EDX=0x6eeeba98
ESP=0x70995b40, EBP=0x70995b48, ESI=0x00000023, EDI=0x093a9ee8
EIP=0x6eeea69a, EFLAGS=0x00210246, CR2=0x00001a80

Top of Stack: (sp=0x70995b40)
0x70995b40:   6d7f0ff4 6eeebb54 70995b58 6eeea9ab
0x70995b50:   6eeea99d b7835ff4 70995d88 b7827c3d
0x70995b60:   b78364e4 00000000 70995c88 b716f399
0x70995b70:   b7836918 b7836c08 b77e6000 08dfec08
0x70995b80:   08dff008 08e023c8 08e02670 08e02948
0x70995b90:   08e05ca0 08e953e0 08fe4f00 08fe4868
0x70995ba0:   70157dd0 6f933000 6f935e28 6f9360c8
0x70995bb0:   6f936350 6f9365d0 6f936850 6f936ac8 

Instructions: (pc=0x6eeea69a)
0x6eeea67a:   83 20 00 00 00 89 04 24 e8 95 ff ff ff eb 0b 83
0x6eeea68a:   c0 04 89 83 24 00 00 00 ff d2 8b 83 24 00 00 00
0x6eeea69a:   8b 10 85 d2 75 e9 c6 83 28 00 00 00 01 83 c4 04
0x6eeea6aa:   5b 5d c3 55 89 e5 53 83 ec 04 e8 97 ff ff ff 81 

Register to memory mapping:

EAX=0x00001a80 is an unknown value
EBX=
[error occurred during error reporting (printing register info), id 0xb]

Stack: [0x70916000,0x70997000],  sp=0x70995b40,  free space=510k
Native frames: (J=compiled Java code, j=interpreted, Vv=VM code, C=native code)

[error occurred during error reporting (printing native stack), id 0xb]

VM_Operation (0x6dd2cd20): Exit, mode: safepoint, requested by thread 0x6f927800


---------------  P R O C E S S  ---------------

Java Threads: ( => current thread )
  0x6b6d0800 JavaThread "XToolkit-Shutdown-Thread" [_thread_blocked, id=15500, stack(0x6b25e000,0x6b2af000)]
  0x09d8fc00 JavaThread "Animation Thread" [_thread_blocked, id=15482, stack(0x6b2af000,0x6b300000)]
  0x6f59d400 JavaThread "File Watcher" daemon [_thread_in_native, id=15456, stack(0x6c49d000,0x6c4ee000)]
  0x6a116400 JavaThread "Inactive RequestProcessor thread [Was:Logging Flush/org.netbeans.core.startup.TopLogging$NonClose]" daemon [_thread_blocked, id=15455, stack(0x6ffdc000,0x7002d000)]
  0x0a928c00 JavaThread "VisualizationThreadPool 2" daemon [_thread_blocked, id=15451, stack(0x6debf000,0x6df10000)]
  0x09a5bc00 JavaThread "Filter Auto-Refresh" daemon [_thread_blocked, id=15400, stack(0x6db02000,0x6db53000)]
  0x6a2f9000 JavaThread "Filter Thread" daemon [_thread_blocked, id=15399, stack(0x6c256000,0x6c2a7000)]
  0x09227c00 JavaThread "Context Panel consumer thread" daemon [_thread_blocked, id=15385, stack(0x6dc3b000,0x6dc8c000)]
  0x6f74ec00 JavaThread "attribute-event-bus" daemon [_thread_blocked, id=15384, stack(0x6dc8c000,0x6dcdd000)]
  0x08ebb400 JavaThread "graph-event-bus" daemon [_thread_blocked, id=15383, stack(0x6ff8b000,0x6ffdc000)]
  0x09228c00 JavaThread "DHNS View Destructor" daemon [_thread_blocked, id=15382, stack(0x6c3c3000,0x6c414000)]
  0x6f927800 JavaThread "Default RequestProcessor" daemon [_thread_blocked, id=15379, stack(0x6dcdd000,0x6dd2e000)]
  0x09a6d000 JavaThread "SimpleFPSAnimator" daemon [_thread_blocked, id=15375, stack(0x6df9d000,0x6dfee000)]
  0x09dcf400 JavaThread "Dynamic Model EventDispatchThread" daemon [_thread_blocked, id=15367, stack(0x6c44c000,0x6c49d000)]
  0x6f5b1800 JavaThread "DestroyJavaVM" [_thread_blocked, id=15326, stack(0xb69dc000,0xb6a2d000)]
  0x6f5b7400 JavaThread "AWT-EventQueue-1" [_thread_blocked, id=15362, stack(0x6c4ee000,0x6c53f000)]
  0x6f5b7000 JavaThread "TimerQueue" daemon [_thread_blocked, id=15361, stack(0x6fa77000,0x6fac8000)]
  0x6f5b5000 JavaThread "Thread-2" daemon [_thread_blocked, id=15360, stack(0x6c53f000,0x6c590000)]
  0x6f975800 JavaThread "AWT-Shutdown" [_thread_blocked, id=15353, stack(0x6fb72000,0x6fbc3000)]
  0x6f93e000 JavaThread "AWT-XAWT" daemon [_thread_blocked, id=15352, stack(0x6fbc3000,0x6fc14000)]
  0x09106c00 JavaThread "Java2D Disposer" daemon [_thread_blocked, id=15351, stack(0x6fc44000,0x6fc95000)]
  0x7013d800 JavaThread "CLI Requests Server" daemon [_thread_in_native, id=15348, stack(0x7002d000,0x7007e000)]
  0x7080e400 JavaThread "Active Reference Queue Daemon" daemon [_thread_blocked, id=15347, stack(0x7020c000,0x7025d000)]
  0x7080b400 JavaThread "Timer-0" daemon [_thread_blocked, id=15345, stack(0x7025d000,0x702ae000)]
  0x08eb1400 JavaThread "Low Memory Detector" daemon [_thread_blocked, id=15341, stack(0x7032f000,0x70380000)]
  0x08ea5c00 JavaThread "C2 CompilerThread1" daemon [_thread_blocked, id=15340, stack(0x70380000,0x70401000)]
  0x08ea4000 JavaThread "C2 CompilerThread0" daemon [_thread_blocked, id=15339, stack(0x70401000,0x70482000)]
  0x70803c00 JavaThread "JDWP Command Reader" daemon [_thread_in_native, id=15337, stack(0x70482000,0x704d3000)]
  0x08e9d000 JavaThread "JDWP Event Helper Thread" daemon [_thread_blocked, id=15336, stack(0x704d3000,0x70524000)]
  0x08e9a800 JavaThread "JDWP Transport Listener: dt_socket" daemon [_thread_blocked, id=15334, stack(0x70524000,0x70575000)]
  0x08e92400 JavaThread "Signal Dispatcher" daemon [_thread_blocked, id=15332, stack(0x70575000,0x705c6000)]
  0x08e84400 JavaThread "Finalizer" daemon [_thread_blocked, id=15331, stack(0x705c6000,0x70617000)]
  0x08e82800 JavaThread "Reference Handler" daemon [_thread_blocked, id=15330, stack(0x70617000,0x70668000)]

Other Threads:
=>0x08e7ec00 VMThread [stack: 0x70916000,0x70997000] [id=15329]

VM state:at safepoint (shutting down)

VM Mutex/Monitor currently owned by a thread:  ([mutex/lock_event])
[0x08e00e40] Threads_lock - owner thread: 0x08e7ec00

Heap
 PSYoungGen      total 76480K, used 45128K [0x9e900000, 0xa3e50000, 0xb3650000)
  eden space 65600K, 52% used [0x9e900000,0xa0a72570,0xa2910000)
  from space 10880K, 99% used [0xa33b0000,0xa3e4fdf0,0xa3e50000)
  to   space 10880K, 0% used [0xa2910000,0xa2910000,0xa33b0000)
 PSOldGen        total 174784K, used 9314K [0x74e50000, 0x7f900000, 0x9e900000)
  object space 174784K, 5% used [0x74e50000,0x757689e0,0x7f900000)
 PSPermGen       total 40448K, used 40429K [0x70e50000, 0x735d0000, 0x74e50000)
  object space 40448K, 99% used [0x70e50000,0x735cb750,0x735d0000)

Code Cache  [0xb3716000, 0xb39a6000, 0xb6716000)
 total_blobs=1267 nmethods=794 adapters=434 free_code_cache=47717504 largest_free_block=24512

Dynamic libraries:
08048000-08052000 r-xp 00000000 08:05 4466326    /usr/lib/jvm/java-6-sun-1.6.0.26/jre/bin/java
08052000-08053000 rwxp 00009000 08:05 4466326    /usr/lib/jvm/java-6-sun-1.6.0.26/jre/bin/java
08dfa000-0adfc000 rwxp 00000000 00:00 0          [heap]
63dbc000-63f7c000 rwxs f4bd8000 00:05 7792       /dev/dri/card0
63f7c000-64756000 r-xp 00000000 08:05 4981659    /usr/share/icons/hicolor/icon-theme.cache
64756000-66a00000 r-xp 00000000 08:05 4986347    /usr/share/icons/gnome/icon-theme.cache
66a00000-66abe000 rwxp 00000000 00:00 0 
66abe000-66b00000 ---p 00000000 00:00 0 
66b00000-66bf7000 rwxp 00000000 00:00 0 
66bf7000-66c00000 ---p 00000000 00:00 0 
66c00000-66c9c000 rwxp 00000000 00:00 0 
66c9c000-66d00000 ---p 00000000 00:00 0 
68280000-68c80000 rwxp 00000000 00:00 0 
68d17000-68ed7000 rwxs f4a18000 00:05 7792       /dev/dri/card0
68ed7000-68ffa000 r-xp 00000000 08:05 4325419    /usr/lib/libxml2.so.2.7.8
68ffa000-68ffe000 r-xp 00123000 08:05 4325419    /usr/lib/libxml2.so.2.7.8
68ffe000-68fff000 rwxp 00127000 08:05 4325419    /usr/lib/libxml2.so.2.7.8
68fff000-69000000 rwxp 00000000 00:00 0 
69000000-69100000 rwxp 00000000 00:00 0 
69200000-692fc000 rwxp 00000000 00:00 0 
692fc000-69300000 ---p 00000000 00:00 0 
6939b000-693cc000 r-xp 00000000 08:05 4328358    /usr/lib/libcroco-0.6.so.3.0.1
693cc000-693cd000 r-xp 00030000 08:05 4328358    /usr/lib/libcroco-0.6.so.3.0.1
693cd000-693cf000 rwxp 00031000 08:05 4328358    /usr/lib/libcroco-0.6.so.3.0.1
693cf000-693fe000 r-xp 00000000 08:05 4332302    /usr/lib/librsvg-2.so.2.32.1
693fe000-693ff000 r-xp 0002e000 08:05 4332302    /usr/lib/librsvg-2.so.2.32.1
693ff000-69400000 rwxp 0002f000 08:05 4332302    /usr/lib/librsvg-2.so.2.32.1
69400000-694fe000 rwxp 00000000 00:00 0 
694fe000-69500000 ---p 00000000 00:00 0 
69516000-69600000 r-xp 00000000 08:05 4985666    /usr/share/icons/Humanity/icon-theme.cache
69600000-696f9000 rwxp 00000000 00:00 0 
696f9000-69700000 ---p 00000000 00:00 0 
69700000-697d5000 rwxp 00000000 00:00 0 
697d5000-69800000 ---p 00000000 00:00 0 
69800000-698f9000 rwxp 00000000 00:00 0 
698f9000-69900000 ---p 00000000 00:00 0 
69900000-699f9000 rwxp 00000000 00:00 0 
699f9000-69a00000 ---p 00000000 00:00 0 
69a00000-69afc000 rwxp 00000000 00:00 0 
69afc000-69b00000 ---p 00000000 00:00 0 
69b00000-69c00000 rwxp 00000000 00:00 0 
69c00000-69cf9000 rwxp 00000000 00:00 0 
69cf9000-69d00000 ---p 00000000 00:00 0 
69d00000-69df1000 rwxp 00000000 00:00 0 
69df1000-69e00000 ---p 00000000 00:00 0 
69e00000-69efa000 rwxp 00000000 00:00 0 
69efa000-69f00000 ---p 00000000 00:00 0 
69f00000-69ff9000 rwxp 00000000 00:00 0 
69ff9000-6a000000 ---p 00000000 00:00 0 
6a000000-6a1fe000 rwxp 00000000 00:00 0 
6a1fe000-6a200000 ---p 00000000 00:00 0 
6a200000-6a2fa000 rwxp 00000000 00:00 0 
6a2fa000-6a300000 ---p 00000000 00:00 0 
6a300000-6a3c9000 rwxp 00000000 00:00 0 
6a3c9000-6a400000 ---p 00000000 00:00 0 
6a400000-6a4f4000 rwxp 00000000 00:00 0 
6a4f4000-6a500000 ---p 00000000 00:00 0 
6b25e000-6b261000 ---p 00000000 00:00 0 
6b261000-6b2af000 rwxp 00000000 00:00 0 
6b2af000-6b2b2000 ---p 00000000 00:00 0 
6b2b2000-6b300000 rwxp 00000000 00:00 0 
6b300000-6b3fe000 rwxp 00000000 00:00 0 
6b3fe000-6b400000 ---p 00000000 00:00 0 
6b400000-6b4fa000 rwxp 00000000 00:00 0 
6b4fa000-6b500000 ---p 00000000 00:00 0 
6b500000-6b5f9000 rwxp 00000000 00:00 0 
6b5f9000-6b600000 ---p 00000000 00:00 0 
6b600000-6b6ff000 rwxp 00000000 00:00 0 
6b6ff000-6b700000 ---p 00000000 00:00 0 
6b700000-6b7fc000 rwxp 00000000 00:00 0 
6b7fc000-6b800000 ---p 00000000 00:00 0 
6b800000-6b8f1000 rwxp 00000000 00:00 0 
6b8f1000-6b900000 ---p 00000000 00:00 0 
6b900000-6b9f7000 rwxp 00000000 00:00 0 
6b9f7000-6ba00000 ---p 00000000 00:00 0 
6ba00000-6bafc000 rwxp 00000000 00:00 0 
6bafc000-6bb00000 ---p 00000000 00:00 0 
6bb0d000-6bce8000 r-xp 00000000 08:05 4349249    /usr/lib/dri/libdricore.so
6bce8000-6bcee000 r-xp 001db000 08:05 4349249    /usr/lib/dri/libdricore.so
6bcee000-6bcf0000 rwxp 001e1000 08:05 4349249    /usr/lib/dri/libdricore.so
6bcf0000-6bd00000 rwxp 00000000 00:00 0 
6bd00000-6bdfd000 rwxp 00000000 00:00 0 
6bdfd000-6be00000 ---p 00000000 00:00 0 
6be10000-6befa000 r-xp 00000000 08:05 4349248    /usr/lib/dri/libglsl.so
6befa000-6befe000 r-xp 000ea000 08:05 4349248    /usr/lib/dri/libglsl.so
6befe000-6beff000 rwxp 000ee000 08:05 4349248    /usr/lib/dri/libglsl.so
6beff000-6bf00000 rwxp 00000000 00:00 0 
6bf00000-6bffc000 rwxp 00000000 00:00 0 
6bffc000-6c000000 ---p 00000000 00:00 0 
6c000000-6c0f9000 rwxp 00000000 00:00 0 
6c0f9000-6c100000 ---p 00000000 00:00 0 
6c100000-6c1ff000 rwxp 00000000 00:00 0 
6c1ff000-6c200000 ---p 00000000 00:00 0 
6c219000-6c254000 r-xp 00000000 08:05 3545918    /lib/i386-linux-gnu/libdbus-1.so.3.5.4
6c254000-6c255000 r-xp 0003a000 08:05 3545918    /lib/i386-linux-gnu/libdbus-1.so.3.5.4
6c255000-6c256000 rwxp 0003b000 08:05 3545918    /lib/i386-linux-gnu/libdbus-1.so.3.5.4
6c256000-6c259000 ---p 00000000 00:00 0 
6c259000-6c2a7000 rwxp 00000000 00:00 0 
6c2c9000-6c2cc000 ---p 00000000 00:00 0 
6c2cc000-6c31a000 rwxp 00000000 00:00 0 
6c31a000-6c3be000 r-xp 00000000 08:05 4349235    /usr/lib/dri/i965_dri.so
6c3be000-6c3c1000 r-xp 000a3000 08:05 4349235    /usr/lib/dri/i965_dri.so
6c3c1000-6c3c3000 rwxp 000a6000 08:05 4349235    /usr/lib/dri/i965_dri.so
6c3c3000-6c3c6000 ---p 00000000 00:00 0 
6c3c6000-6c414000 rwxp 00000000 00:00 0 
6c444000-6c44c000 r-xs 00115000 08:05 4466410    /usr/lib/jvm/java-6-sun-1.6.0.26/jre/lib/resources.jar
6c44c000-6c44f000 ---p 00000000 00:00 0 
6c44f000-6c49d000 rwxp 00000000 00:00 0 
6c49d000-6c4a0000 ---p 00000000 00:00 0 
6c4a0000-6c4ee000 rwxp 00000000 00:00 0 
6c4ee000-6c4f1000 ---p 00000000 00:00 0 
6c4f1000-6c53f000 rwxp 00000000 00:00 0 
6c53f000-6c542000 ---p 00000000 00:00 0 
6c542000-6c590000 rwxp 00000000 00:00 0 
6c590000-6c66b000 r-xp 00000000 08:05 798015     /home/daniel/gephi/gephibzr/gephi/build/cluster/modules/lib/linux-i586/libjogl.so
6c66b000-6c66c000 rwxp 000da000 08:05 798015     /home/daniel/gephi/gephibzr/gephi/build/cluster/modules/lib/linux-i586/libjogl.so
6c66c000-6c686000 r-xp 00000000 08:05 3539183    /lib/i386-linux-gnu/libgcc_s.so.1
6c686000-6c687000 r-xp 00019000 08:05 3539183    /lib/i386-linux-gnu/libgcc_s.so.1
6c687000-6c688000 rwxp 0001a000 08:05 3539183    /lib/i386-linux-gnu/libgcc_s.so.1
6c688000-6c767000 r-xp 00000000 08:05 4331457    /usr/lib/i386-linux-gnu/libstdc++.so.6.0.14
6c767000-6c76b000 r-xp 000de000 08:05 4331457    /usr/lib/i386-linux-gnu/libstdc++.so.6.0.14
6c76b000-6c76c000 rwxp 000e2000 08:05 4331457    /usr/lib/i386-linux-gnu/libstdc++.so.6.0.14
6c76c000-6c773000 rwxp 00000000 00:00 0 
6c773000-6c77b000 r-xp 00000000 08:05 3539143    /lib/i386-linux-gnu/libdrm.so.2.4.0
6c77b000-6c77c000 r-xp 00007000 08:05 3539143    /lib/i386-linux-gnu/libdrm.so.2.4.0
6c77c000-6c77d000 rwxp 00008000 08:05 3539143    /lib/i386-linux-gnu/libdrm.so.2.4.0
6c77d000-6c781000 r-xp 00000000 08:05 4329490    /usr/lib/i386-linux-gnu/libXxf86vm.so.1.0.0
6c781000-6c782000 r-xp 00003000 08:05 4329490    /usr/lib/i386-linux-gnu/libXxf86vm.so.1.0.0
6c782000-6c783000 rwxp 00004000 08:05 4329490    /usr/lib/i386-linux-gnu/libXxf86vm.so.1.0.0
6c783000-6c7cc000 r-xp 00000000 08:05 4328243    /usr/lib/mesa/libGL.so.1.2
6c7cc000-6c7cd000 ---p 00049000 08:05 4328243    /usr/lib/mesa/libGL.so.1.2
6c7cd000-6c7d2000 r-xp 00049000 08:05 4328243    /usr/lib/mesa/libGL.so.1.2
6c7d2000-6c7d8000 rwxp 0004e000 08:05 4328243    /usr/lib/mesa/libGL.so.1.2
6c7d8000-6c7d9000 rwxp 00000000 00:00 0 
6c7d9000-6c7da000 ---p 00000000 00:00 0 
6c7da000-6cfda000 rwxp 00000000 00:00 0 
6cfda000-6cfdb000 ---p 00000000 00:00 0 
6cfdb000-6d7db000 rwxp 00000000 00:00 0 
6d7db000-6d7f0000 r-xp 00000000 08:05 4325840    /usr/lib/libdbusmenu-glib.so.3.0.14
6d7f0000-6d7f1000 r-xp 00014000 08:05 4325840    /usr/lib/libdbusmenu-glib.so.3.0.14
6d7f1000-6d7f2000 rwxp 00015000 08:05 4325840    /usr/lib/libdbusmenu-glib.so.3.0.14
6d7f2000-6d800000 r-xp 00000000 08:05 4326996    /usr/lib/libdbusmenu-gtk.so.3.0.14
6d800000-6d801000 r-xp 0000d000 08:05 4326996    /usr/lib/libdbusmenu-gtk.so.3.0.14
6d801000-6d802000 rwxp 0000e000 08:05 4326996    /usr/lib/libdbusmenu-gtk.so.3.0.14
6d809000-6d812000 r-xp 00000000 08:05 3539009    /lib/i386-linux-gnu/libdrm_intel.so.1.0.0
6d812000-6d813000 r-xp 00008000 08:05 3539009    /lib/i386-linux-gnu/libdrm_intel.so.1.0.0
6d813000-6d814000 rwxp 00009000 08:05 3539009    /lib/i386-linux-gnu/libdrm_intel.so.1.0.0
6d814000-6d815000 r-xp 00000000 08:05 798016     /home/daniel/gephi/gephibzr/gephi/build/cluster/modules/lib/linux-i586/libjogl_awt.so
6d815000-6d816000 rwxp 00000000 08:05 798016     /home/daniel/gephi/gephibzr/gephi/build/cluster/modules/lib/linux-i586/libjogl_awt.so
6d816000-6d817000 r-xp 00000000 08:05 4466387    /usr/lib/jvm/java-6-sun-1.6.0.26/jre/lib/i386/libjawt.so
6d817000-6d818000 rwxp 00000000 08:05 4466387    /usr/lib/jvm/java-6-sun-1.6.0.26/jre/lib/i386/libjawt.so
6d818000-6d81c000 r-xp 00000000 08:05 4339973    /usr/lib/gtk-2.0/2.10.0/menuproxies/libappmenu.so
6d81c000-6d81d000 r-xp 00003000 08:05 4339973    /usr/lib/gtk-2.0/2.10.0/menuproxies/libappmenu.so
6d81d000-6d81e000 rwxp 00004000 08:05 4339973    /usr/lib/gtk-2.0/2.10.0/menuproxies/libappmenu.so
6d81e000-6d81f000 r-xp 00000000 08:05 4331894    /usr/lib/gtk-2.0/2.10.0/immodules/im-cedilla.so
6d81f000-6d820000 r-xp 00000000 08:05 4331894    /usr/lib/gtk-2.0/2.10.0/immodules/im-cedilla.so
6d820000-6d821000 rwxp 00001000 08:05 4331894    /usr/lib/gtk-2.0/2.10.0/immodules/im-cedilla.so
6d821000-6d870000 r-xp 00000000 08:05 5244500    /usr/share/fonts/truetype/ttf-dejavu/DejaVuSansMono.ttf
6d870000-6d8c8000 r-xp 00000000 08:05 5243956    /usr/share/fonts/truetype/ubuntu-font-family/Ubuntu-R.ttf
6d8c8000-6d8ca000 r-xp 00000000 08:05 4725402    /usr/lib/i386-linux-gnu/pango/1.6.0/modules/pango-basic-fc.so
6d8ca000-6d8cb000 r-xp 00001000 08:05 4725402    /usr/lib/i386-linux-gnu/pango/1.6.0/modules/pango-basic-fc.so
6d8cb000-6d8cc000 rwxp 00002000 08:05 4725402    /usr/lib/i386-linux-gnu/pango/1.6.0/modules/pango-basic-fc.so
6d8cc000-6d8cd000 r-xs 00000000 08:05 1575980    /var/cache/fontconfig/26de28bc8622bbc1fb67fd234c21975f-le32d4.cache-3
6d8cd000-6d8ce000 r-xs 00000000 08:05 1576028    /var/cache/fontconfig/c05880de57d1f5e948fdfacc138775d9-le32d4.cache-3
6d8ce000-6d8d4000 r-xs 00000000 08:05 1576020    /var/cache/fontconfig/945677eb7aeaf62f1d50efc3fb3ec7d8-le32d4.cache-3
6d8d4000-6d8d6000 r-xs 00000000 08:05 1575744    /var/cache/fontconfig/99e8ed0e538f840c565b6ed5dad60d56-le32d4.cache-3
6d8d6000-6d8d9000 r-xs 00000000 08:05 1576002    /var/cache/fontconfig/e383d7ea5fbe662a33d9b44caf393297-le32d4.cache-3
6d8d9000-6d8de000 r-xs 00000000 08:05 1575986    /var/cache/fontconfig/401a5dd6b567794a1d18dd9342dfa604-le32d4.cache-3
6d8de000-6d8e0000 r-xs 00000000 08:05 1575983    /var/cache/fontconfig/2cd17615ca594fa2959ae173292e504c-le32d4.cache-3
6d8e0000-6d8e1000 r-xs 00000000 08:05 1575740    /var/cache/fontconfig/e7071f4a29fa870f4323321c154eba04-le32d4.cache-3
6d8e1000-6d8e3000 r-xs 00000000 08:05 1580660    /var/cache/fontconfig/b5ea634b0fb353b8ea17632d1f9ef766-le32d4.cache-3
6d8e3000-6d8e7000 r-xs 00000000 08:05 1580038    /var/cache/fontconfig/926e794c3d5e5dffcaf2fa83ef8d36c2-le32d4.cache-3
6d8e7000-6d8ea000 r-xs 00000000 08:05 1575945    /var/cache/fontconfig/6eb3985aa4124903f6ff08ba781cd364-le32d4.cache-3
6d8ea000-6d8ee000 r-xs 00000000 08:05 1575788    /var/cache/fontconfig/a755afe4a08bf5b97852ceb7400b47bc-le32d4.cache-3
6d8ee000-6d8f2000 r-xs 00000000 08:05 1575915    /var/cache/fontconfig/515ca1ebc4b18308bea979be5704f9db-le32d4.cache-3
6d8f2000-6d8f9000 r-xs 00000000 08:05 1575886    /var/cache/fontconfig/6d41288fd70b0be22e8c3a91e032eec0-le32d4.cache-3
6d8f9000-6d91b000 r-xs 00000000 08:05 1575808    /var/cache/fontconfig/365b55f210c0a22e9a19e35191240f32-le32d4.cache-3
6d91b000-6d923000 r-xs 00000000 08:05 1575802    /var/cache/fontconfig/d52a8644073d54c13679302ca1180695-le32d4.cache-3
6d923000-6d931000 r-xs 00000000 08:05 1575126    /var/cache/fontconfig/e13b20fdb08344e0e664864cc2ede53d-le32d4.cache-3
6d931000-6d93f000 r-xs 00000000 08:05 1576043    /var/cache/fontconfig/865f88548240fee46819705c6468c165-le32d4.cache-3
6d93f000-6d957000 r-xs 00000000 08:05 1579274    /var/cache/fontconfig/165b9254a84ccada37e340049ffc8b30-le32d4.cache-3
6d957000-6d966000 r-xs 00667000 08:05 4466288    /usr/lib/jvm/java-6-sun-1.6.0.26/jre/lib/charsets.jar
6d96b000-6d988000 r-xs 00000000 08:05 4719017    /usr/share/mime/mime.cache
6d988000-6d98a000 r-xp 00000000 08:05 3547560    /lib/i386-linux-gnu/libutil-2.13.so
6d98a000-6d98b000 r-xp 00001000 08:05 3547560    /lib/i386-linux-gnu/libutil-2.13.so
6d98b000-6d98c000 rwxp 00002000 08:05 3547560    /lib/i386-linux-gnu/libutil-2.13.so
6d98c000-6d997000 r-xp 00000000 08:05 3538947    /lib/i386-linux-gnu/libudev.so.0.11.1
6d997000-6d998000 r-xp 0000a000 08:05 3538947    /lib/i386-linux-gnu/libudev.so.0.11.1
6d998000-6d999000 rwxp 0000b000 08:05 3538947    /lib/i386-linux-gnu/libudev.so.0.11.1
6d999000-6d9ac000 r-xp 00000000 08:05 4326352    /usr/lib/libgvfscommon.so.0.0.0
6d9ac000-6d9ad000 r-xp 00012000 08:05 4326352    /usr/lib/libgvfscommon.so.0.0.0
6d9ad000-6d9ae000 rwxp 00013000 08:05 4326352    /usr/lib/libgvfscommon.so.0.0.0
6d9b8000-6d9bd000 rwxs 00000000 00:04 340852762  /SYSV00000000 (deleted)
6d9c1000-6d9c2000 r-xp 00000000 08:05 4328829    /usr/lib/gdk-pixbuf-2.0/2.10.0/loaders/libpixbufloader-svg.so
6d9c2000-6d9c3000 r-xp 00000000 08:05 4328829    /usr/lib/gdk-pixbuf-2.0/2.10.0/loaders/libpixbufloader-svg.so
6d9c3000-6d9c4000 rwxp 00001000 08:05 4328829    /usr/lib/gdk-pixbuf-2.0/2.10.0/loaders/libpixbufloader-svg.so
6d9c4000-6d9e7000 r-xp 00000000 08:05 4333769    /usr/lib/gio/modules/libgvfsdbus.so
6d9e7000-6d9e8000 r-xp 00023000 08:05 4333769    /usr/lib/gio/modules/libgvfsdbus.so
6d9e8000-6d9e9000 rwxp 00024000 08:05 4333769    /usr/lib/gio/modules/libgvfsdbus.so
6d9e9000-6d9f4000 r-xp 00000000 08:05 4985702    /usr/share/icons/Humanity-Dark/icon-theme.cache
6d9f4000-6da00000 r-xp 00000000 08:05 4985701    /usr/share/icons/ubuntu-mono-dark/icon-theme.cache
6da00000-6dae7000 rwxp 00000000 00:00 0 
6dae7000-6db00000 ---p 00000000 00:00 0 
6db01000-6db02000 r-xs 00000000 08:05 534616     /home/daniel/.local/share/mime/mime.cache
6db02000-6db05000 ---p 00000000 00:00 0 
6db05000-6db53000 rwxp 00000000 00:00 0 
6db53000-6db5b000 rwxs 00000000 00:04 338362442  /SYSV00000000 (deleted)
6db5b000-6db63000 rwxs 00000000 00:04 338329673  /SYSV00000000 (deleted)
6db76000-6db77000 rwxs f3d9e000 00:05 7792       /dev/dri/card0
6db97000-6db98000 rwxs f3d7d000 00:05 7792       /dev/dri/card0
6db98000-6db99000 rwxs f3d7c000 00:05 7792       /dev/dri/card0
6db9f000-6dbbf000 rwxs f3d5c000 00:05 7792       /dev/dri/card0
6dbc5000-6dbe5000 rwxs 00000000 00:04 338034749  /SYSV00000000 (deleted)
6dbea000-6dbed000 ---p 00000000 00:00 0 
6dbed000-6dc3b000 rwxp 00000000 00:00 0 
6dc3b000-6dc3e000 ---p 00000000 00:00 0 
6dc3e000-6dc8c000 rwxp 00000000 00:00 0 
6dc8c000-6dc8f000 ---p 00000000 00:00 0 
6dc8f000-6dcdd000 rwxp 00000000 00:00 0 
6dcdd000-6dce0000 ---p 00000000 00:00 0 
6dce0000-6dd2e000 rwxp 00000000 00:00 0 
6dd32000-6dd38000 rwxs 00000000 00:04 341114939  /SYSV00000000 (deleted)
6dd38000-6dd3e000 rwxs 00000000 00:04 337936442  /SYSV00000000 (deleted)
6dd3e000-6dd81000 rwxs 00000000 00:04 337903673  /SYSV00000000 (deleted)
6dd81000-6ddc4000 rwxs 00000000 00:04 337870904  /SYSV00000000 (deleted)
6ddc4000-6ddcb000 rwxs 00000000 00:04 337838135  /SYSV00000000 (deleted)
6ddcb000-6ddd2000 rwxs 00000000 00:04 337805366  /SYSV00000000 (deleted)
6ddd2000-6ddeb000 rwxs 00000000 00:04 337772597  /SYSV00000000 (deleted)
6ddeb000-6de04000 rwxs 00000000 00:04 337739828  /SYSV00000000 (deleted)
6de04000-6de09000 rwxs 00000000 00:04 337707059  /SYSV00000000 (deleted)
6de09000-6de0f000 rwxs 00000000 00:04 337674284  /SYSV00000000 (deleted)
6de0f000-6de13000 rwxs f38ff000 00:05 7792       /dev/dri/card0
6de13000-6de67000 r-xp 00000000 08:05 4466383    /usr/lib/jvm/java-6-sun-1.6.0.26/jre/lib/i386/libcmm.so
6de67000-6de6a000 rwxp 00054000 08:05 4466383    /usr/lib/jvm/java-6-sun-1.6.0.26/jre/lib/i386/libcmm.so
6de6a000-6de6d000 ---p 00000000 00:00 0 
6de6d000-6debb000 rwxp 00000000 00:00 0 
6debb000-6debf000 rwxs f3981000 00:05 7792       /dev/dri/card0
6debf000-6dec2000 ---p 00000000 00:00 0 
6dec2000-6df10000 rwxp 00000000 00:00 0 
6df10000-6df13000 ---p 00000000 00:00 0 
6df13000-6df61000 rwxp 00000000 00:00 0 
6df61000-6df69000 rwxs f3979000 00:05 7792       /dev/dri/card0
6df69000-6df71000 rwxs f3971000 00:05 7792       /dev/dri/card0
6df71000-6df79000 rwxs f3969000 00:05 7792       /dev/dri/card0
6df79000-6df81000 rwxs f3961000 00:05 7792       /dev/dri/card0
6df81000-6df89000 rwxs f3959000 00:05 7792       /dev/dri/card0
6df89000-6df9c000 r-xp 00000000 08:05 2756856    /tmp/jna5948034630640109909.tmp (deleted)
6df9c000-6df9d000 rwxp 00013000 08:05 2756856    /tmp/jna5948034630640109909.tmp (deleted)
6df9d000-6dfa0000 ---p 00000000 00:00 0 
6dfa0000-6dfee000 rwxp 00000000 00:00 0 
6dfee000-6e007000 rwxs 00000000 00:04 337575982  /SYSV00000000 (deleted)
6e007000-6e05c000 rwxs 00000000 00:04 337543213  /SYSV00000000 (deleted)
6e05c000-6e071000 r-xp 00000000 08:05 4466371    /usr/lib/jvm/java-6-sun-1.6.0.26/jre/lib/i386/libdcpr.so
6e071000-6e084000 rwxp 00014000 08:05 4466371    /usr/lib/jvm/java-6-sun-1.6.0.26/jre/lib/i386/libdcpr.so
6e084000-6e08c000 rwxs 00000000 00:04 337444904  /SYSV00000000 (deleted)
6e08c000-6e094000 rwxs 00000000 00:04 337412135  /SYSV00000000 (deleted)
6e094000-6e09a000 r-xp 00000000 08:05 4466364    /usr/lib/jvm/java-6-sun-1.6.0.26/jre/lib/i386/libmanagement.so
6e09a000-6e09b000 rwxp 00005000 08:05 4466364    /usr/lib/jvm/java-6-sun-1.6.0.26/jre/lib/i386/libmanagement.so
6e09b000-6e161000 r-xp 00000000 08:05 4466372    /usr/lib/jvm/java-6-sun-1.6.0.26/jre/lib/i386/libmlib_image.so
6e161000-6e162000 rwxp 000c5000 08:05 4466372    /usr/lib/jvm/java-6-sun-1.6.0.26/jre/lib/i386/libmlib_image.so
6e162000-6e1c2000 rwxs 00000000 00:04 337379366  /SYSV00000000 (deleted)
6e1c2000-6e58d000 rwxs 00000000 00:04 337346597  /SYSV00000000 (deleted)
6e58d000-6e5ba000 r-xp 00000000 08:05 4325876    /usr/lib/gtk-2.0/2.10.0/engines/libmurrine.so
6e5ba000-6e5bb000 r-xp 0002c000 08:05 4325876    /usr/lib/gtk-2.0/2.10.0/engines/libmurrine.so
6e5bb000-6e5bc000 rwxp 0002d000 08:05 4325876    /usr/lib/gtk-2.0/2.10.0/engines/libmurrine.so
6e5bc000-6e5e1000 r-xp 00000000 08:05 4329115    /usr/lib/libvorbis.so.0.4.5
6e5e1000-6e5e2000 r-xp 00025000 08:05 4329115    /usr/lib/libvorbis.so.0.4.5
6e5e2000-6e5e3000 rwxp 00026000 08:05 4329115    /usr/lib/libvorbis.so.0.4.5
6e5e3000-6e5ea000 r-xp 00000000 08:05 4327081    /usr/lib/libltdl.so.7.2.1
6e5ea000-6e5eb000 r-xp 00006000 08:05 4327081    /usr/lib/libltdl.so.7.2.1
6e5eb000-6e5ec000 rwxp 00007000 08:05 4327081    /usr/lib/libltdl.so.7.2.1
6e5ec000-6e5fb000 r-xp 00000000 08:05 4326562    /usr/lib/libtdb.so.1.2.9
6e5fb000-6e5fc000 r-xp 0000e000 08:05 4326562    /usr/lib/libtdb.so.1.2.9
6e5fc000-6e5fd000 rwxp 0000f000 08:05 4326562    /usr/lib/libtdb.so.1.2.9
6e5fd000-6e60b000 r-xp 00000000 08:05 4326490    /usr/lib/libcanberra.so.0.2.5
6e60b000-6e60c000 r-xp 0000d000 08:05 4326490    /usr/lib/libcanberra.so.0.2.5
6e60c000-6e60d000 rwxp 0000e000 08:05 4326490    /usr/lib/libcanberra.so.0.2.5
6e60d000-6e60e000 rwxs f1b80000 00:05 7792       /dev/dri/card0
6e60e000-6e619000 r-xs 00000000 08:05 1575845    /var/cache/fontconfig/0f34bcd4b6ee430af32735b75db7f02b-le32d4.cache-3
6e619000-6e620000 r-xp 00000000 08:05 4328482    /usr/lib/gtk-2.0/2.10.0/engines/libpixmap.so
6e620000-6e621000 ---p 00007000 08:05 4328482    /usr/lib/gtk-2.0/2.10.0/engines/libpixmap.so
6e621000-6e622000 r-xp 00007000 08:05 4328482    /usr/lib/gtk-2.0/2.10.0/engines/libpixmap.so
6e622000-6e623000 rwxp 00008000 08:05 4328482    /usr/lib/gtk-2.0/2.10.0/engines/libpixmap.so
6e623000-6e649000 r-xp 00000000 08:05 3538983    /lib/i386-linux-gnu/libexpat.so.1.5.2
6e649000-6e64a000 ---p 00026000 08:05 3538983    /lib/i386-linux-gnu/libexpat.so.1.5.2
6e64a000-6e64c000 r-xp 00026000 08:05 3538983    /lib/i386-linux-gnu/libexpat.so.1.5.2
6e64c000-6e64d000 rwxp 00028000 08:05 3538983    /lib/i386-linux-gnu/libexpat.so.1.5.2
6e64d000-6e666000 r-xp 00000000 08:05 3538994    /lib/i386-linux-gnu/libselinux.so.1
6e666000-6e667000 r-xp 00018000 08:05 3538994    /lib/i386-linux-gnu/libselinux.so.1
6e667000-6e668000 rwxp 00019000 08:05 3538994    /lib/i386-linux-gnu/libselinux.so.1
6e668000-6e679000 r-xp 00000000 08:05 3542500    /lib/i386-linux-gnu/libresolv-2.13.so
6e679000-6e67a000 r-xp 00010000 08:05 3542500    /lib/i386-linux-gnu/libresolv-2.13.so
6e67a000-6e67b000 rwxp 00011000 08:05 3542500    /lib/i386-linux-gnu/libresolv-2.13.so
6e67b000-6e67d000 rwxp 00000000 00:00 0 
6e67d000-6e6ba000 r-xp 00000000 08:05 3539185    /lib/i386-linux-gnu/libpcre.so.3.12.1
6e6ba000-6e6bb000 r-xp 0003c000 08:05 3539185    /lib/i386-linux-gnu/libpcre.so.3.12.1
6e6bb000-6e6bc000 rwxp 0003d000 08:05 3539185    /lib/i386-linux-gnu/libpcre.so.3.12.1
6e6bc000-6e6df000 r-xp 00000000 08:05 3538990    /lib/i386-linux-gnu/libpng12.so.0.44.0
6e6df000-6e6e0000 r-xp 00022000 08:05 3538990    /lib/i386-linux-gnu/libpng12.so.0.44.0
6e6e0000-6e6e1000 rwxp 00023000 08:05 3538990    /lib/i386-linux-gnu/libpng12.so.0.44.0
6e6e1000-6e748000 r-xp 00000000 08:05 4326388    /usr/lib/libpixman-1.so.0.20.2
6e748000-6e749000 ---p 00067000 08:05 4326388    /usr/lib/libpixman-1.so.0.20.2
6e749000-6e74c000 r-xp 00067000 08:05 4326388    /usr/lib/libpixman-1.so.0.20.2
6e74c000-6e74d000 rwxp 0006a000 08:05 4326388    /usr/lib/libpixman-1.so.0.20.2
6e74d000-6e822000 r-xp 00000000 08:05 3539080    /lib/i386-linux-gnu/libglib-2.0.so.0.2800.6
6e822000-6e823000 r-xp 000d4000 08:05 3539080    /lib/i386-linux-gnu/libglib-2.0.so.0.2800.6
6e823000-6e824000 rwxp 000d5000 08:05 3539080    /lib/i386-linux-gnu/libglib-2.0.so.0.2800.6
6e824000-6e922000 r-xp 00000000 08:05 4332912    /usr/lib/i386-linux-gnu/libgio-2.0.so.0.2800.6
6e922000-6e923000 ---p 000fe000 08:05 4332912    /usr/lib/i386-linux-gnu/libgio-2.0.so.0.2800.6
6e923000-6e925000 r-xp 000fe000 08:05 4332912    /usr/lib/i386-linux-gnu/libgio-2.0.so.0.2800.6
6e925000-6e926000 rwxp 00100000 08:05 4332912    /usr/lib/i386-linux-gnu/libgio-2.0.so.0.2800.6
6e926000-6e927000 rwxp 00000000 00:00 0 
6e927000-6ecf8000 r-xp 00000000 08:05 4331892    /usr/lib/libgtk-x11-2.0.so.0.2400.4
6ecf8000-6ecfc000 r-xp 003d0000 08:05 4331892    /usr/lib/libgtk-x11-2.0.so.0.2400.4
6ecfc000-6ecfe000 rwxp 003d4000 08:05 4331892    /usr/lib/libgtk-x11-2.0.so.0.2400.4
6ecfe000-6ed00000 rwxp 00000000 00:00 0 
6ed00000-6edfc000 rwxp 00000000 00:00 0 
6edfc000-6ee00000 ---p 00000000 00:00 0 
6ee01000-6ee06000 r-xp 00000000 08:05 4328876    /usr/lib/libogg.so.0.7.0
6ee06000-6ee07000 r-xp 00004000 08:05 4328876    /usr/lib/libogg.so.0.7.0
6ee07000-6ee08000 rwxp 00005000 08:05 4328876    /usr/lib/libogg.so.0.7.0
6ee08000-6ee1b000 r-xp 00000000 08:05 3538986    /lib/i386-linux-gnu/libz.so.1.2.3.4
6ee1b000-6ee1c000 r-xp 00012000 08:05 3538986    /lib/i386-linux-gnu/libz.so.1.2.3.4
6ee1c000-6ee1d000 rwxp 00013000 08:05 3538986    /lib/i386-linux-gnu/libz.so.1.2.3.4
6ee1d000-6ee62000 r-xp 00000000 08:05 4328915    /usr/lib/i386-linux-gnu/libgobject-2.0.so.0.2800.6
6ee62000-6ee63000 r-xp 00044000 08:05 4328915    /usr/lib/i386-linux-gnu/libgobject-2.0.so.0.2800.6
6ee63000-6ee64000 rwxp 00045000 08:05 4328915    /usr/lib/i386-linux-gnu/libgobject-2.0.so.0.2800.6
6ee64000-6eee5000 r-xp 00000000 08:05 4325615    /usr/lib/i386-linux-gnu/libfreetype.so.6.6.2
6eee5000-6eee9000 r-xp 00080000 08:05 4325615    /usr/lib/i386-linux-gnu/libfreetype.so.6.6.2
6eee9000-6eeea000 rwxp 00084000 08:05 4325615    /usr/lib/i386-linux-gnu/libfreetype.so.6.6.2
6eeea000-6eeeb000 r-xp 00000000 08:05 798014     /home/daniel/gephi/gephibzr/gephi/build/cluster/modules/lib/linux-i586/libgluegen-rt.so
6eeeb000-6eeec000 rwxp 00000000 08:05 798014     /home/daniel/gephi/gephibzr/gephi/build/cluster/modules/lib/linux-i586/libgluegen-rt.so
6eeec000-6eef3000 r-xp 00000000 08:05 4329060    /usr/lib/libvorbisfile.so.3.3.4
6eef3000-6eef4000 r-xp 00006000 08:05 4329060    /usr/lib/libvorbisfile.so.3.3.4
6eef4000-6eef5000 rwxp 00007000 08:05 4329060    /usr/lib/libvorbisfile.so.3.3.4
6eef5000-6eef8000 r-xp 00000000 08:05 4329344    /usr/lib/libcanberra-gtk.so.0.1.8
6eef8000-6eef9000 r-xp 00002000 08:05 4329344    /usr/lib/libcanberra-gtk.so.0.1.8
6eef9000-6eefa000 rwxp 00003000 08:05 4329344    /usr/lib/libcanberra-gtk.so.0.1.8
6eefa000-6eefe000 r-xp 00000000 08:05 4327695    /usr/lib/gtk-2.0/modules/libcanberra-gtk-module.so
6eefe000-6eeff000 r-xp 00003000 08:05 4327695    /usr/lib/gtk-2.0/modules/libcanberra-gtk-module.so
6eeff000-6ef00000 rwxp 00004000 08:05 4327695    /usr/lib/gtk-2.0/modules/libcanberra-gtk-module.so
6ef00000-6efec000 rwxp 00000000 00:00 0 
6efec000-6f000000 ---p 00000000 00:00 0 
6f000000-6f003000 r-xs 00000000 08:05 1575843    /var/cache/fontconfig/d60319d88cac85ba9e1a07bd06cfbb8c-le32d4.cache-3
6f003000-6f00b000 r-xp 00000000 08:05 4325660    /usr/lib/liboverlay-scrollbar-0.1.so.0.0.12
6f00b000-6f00c000 r-xp 00007000 08:05 4325660    /usr/lib/liboverlay-scrollbar-0.1.so.0.0.12
6f00c000-6f00d000 rwxp 00008000 08:05 4325660    /usr/lib/liboverlay-scrollbar-0.1.so.0.0.12
6f00d000-6f04b000 r-xp 00000000 08:05 4325711    /usr/lib/i386-linux-gnu/libpango-1.0.so.0.2800.4
6f04b000-6f04c000 r-xp 0003e000 08:05 4325711    /usr/lib/i386-linux-gnu/libpango-1.0.so.0.2800.4
6f04c000-6f04d000 rwxp 0003f000 08:05 4325711    /usr/lib/i386-linux-gnu/libpango-1.0.so.0.2800.4
6f04d000-6f0fb000 r-xp 00000000 08:05 4326380    /usr/lib/libcairo.so.2.11000.2
6f0fb000-6f0fc000 ---p 000ae000 08:05 4326380    /usr/lib/libcairo.so.2.11000.2
6f0fc000-6f0fd000 r-xp 000ae000 08:05 4326380    /usr/lib/libcairo.so.2.11000.2
6f0fd000-6f0fe000 rwxp 000af000 08:05 4326380    /usr/lib/libcairo.so.2.11000.2
6f0fe000-6f100000 rwxp 00000000 00:00 0 
6f100000-6f1fd000 rwxp 00000000 00:00 0 
6f1fd000-6f200000 ---p 00000000 00:00 0 
6f200000-6f201000 rwxp 00000000 00:00 0 
6f201000-6f204000 r-xs 00000000 08:05 1576598    /var/cache/fontconfig/7ef2298fde41cc6eeb7af42e48b7d293-le32d4.cache-3
6f204000-6f20a000 r-xp 00000000 08:05 4325996    /usr/lib/i386-linux-gnu/libxcb-render.so.0.0.0
6f20a000-6f20b000 r-xp 00005000 08:05 4325996    /usr/lib/i386-linux-gnu/libxcb-render.so.0.0.0
6f20b000-6f20c000 rwxp 00006000 08:05 4325996    /usr/lib/i386-linux-gnu/libxcb-render.so.0.0.0
6f20c000-6f20e000 r-xp 00000000 08:05 4326159    /usr/lib/i386-linux-gnu/libxcb-shm.so.0.0.0
6f20e000-6f20f000 r-xp 00001000 08:05 4326159    /usr/lib/i386-linux-gnu/libxcb-shm.so.0.0.0
6f20f000-6f210000 rwxp 00002000 08:05 4326159    /usr/lib/i386-linux-gnu/libxcb-shm.so.0.0.0
6f210000-6f23d000 r-xp 00000000 08:05 4325572    /usr/lib/i386-linux-gnu/libfontconfig.so.1.4.4
6f23d000-6f23e000 r-xp 0002c000 08:05 4325572    /usr/lib/i386-linux-gnu/libfontconfig.so.1.4.4
6f23e000-6f23f000 rwxp 0002d000 08:05 4325572    /usr/lib/i386-linux-gnu/libfontconfig.so.1.4.4
6f23f000-6f264000 r-xp 00000000 08:05 4325713    /usr/lib/i386-linux-gnu/libpangoft2-1.0.so.0.2800.4
6f264000-6f265000 ---p 00025000 08:05 4325713    /usr/lib/i386-linux-gnu/libpangoft2-1.0.so.0.2800.4
6f265000-6f266000 r-xp 00025000 08:05 4325713    /usr/lib/i386-linux-gnu/libpangoft2-1.0.so.0.2800.4
6f266000-6f267000 rwxp 00026000 08:05 4325713    /usr/lib/i386-linux-gnu/libpangoft2-1.0.so.0.2800.4
6f267000-6f2fc000 r-xp 00000000 08:05 4349290    /usr/lib/libgdk-x11-2.0.so.0.2400.4
6f2fc000-6f2fd000 ---p 00095000 08:05 4349290    /usr/lib/libgdk-x11-2.0.so.0.2400.4
6f2fd000-6f2ff000 r-xp 00095000 08:05 4349290    /usr/lib/libgdk-x11-2.0.so.0.2400.4
6f2ff000-6f300000 rwxp 00097000 08:05 4349290    /usr/lib/libgdk-x11-2.0.so.0.2400.4
6f300000-6f3ea000 rwxp 00000000 00:00 0 
6f3ea000-6f400000 ---p 00000000 00:00 0 
6f400000-6f406000 r-xp 00000000 08:05 4333381    /usr/lib/i386-linux-gnu/libXrandr.so.2.2.0
6f406000-6f407000 r-xp 00005000 08:05 4333381    /usr/lib/i386-linux-gnu/libXrandr.so.2.2.0
6f407000-6f408000 rwxp 00006000 08:05 4333381    /usr/lib/i386-linux-gnu/libXrandr.so.2.2.0
6f408000-6f40a000 r-xp 00000000 08:05 4333368    /usr/lib/i386-linux-gnu/libXinerama.so.1.0.0
6f40a000-6f40b000 r-xp 00001000 08:05 4333368    /usr/lib/i386-linux-gnu/libXinerama.so.1.0.0
6f40b000-6f40c000 rwxp 00002000 08:05 4333368    /usr/lib/i386-linux-gnu/libXinerama.so.1.0.0
6f40c000-6f40f000 r-xp 00000000 08:05 4332911    /usr/lib/i386-linux-gnu/libgthread-2.0.so.0.2800.6
6f40f000-6f410000 r-xp 00003000 08:05 4332911    /usr/lib/i386-linux-gnu/libgthread-2.0.so.0.2800.6
6f410000-6f411000 rwxp 00004000 08:05 4332911    /usr/lib/i386-linux-gnu/libgthread-2.0.so.0.2800.6
6f411000-6f413000 r-xp 00000000 08:05 4332910    /usr/lib/i386-linux-gnu/libgmodule-2.0.so.0.2800.6
6f413000-6f414000 r-xp 00002000 08:05 4332910    /usr/lib/i386-linux-gnu/libgmodule-2.0.so.0.2800.6
6f414000-6f415000 rwxp 00003000 08:05 4332910    /usr/lib/i386-linux-gnu/libgmodule-2.0.so.0.2800.6
6f415000-6f430000 r-xp 00000000 08:05 4326627    /usr/lib/libgdk_pixbuf-2.0.so.0.2300.3
6f430000-6f431000 r-xp 0001a000 08:05 4326627    /usr/lib/libgdk_pixbuf-2.0.so.0.2300.3
6f431000-6f432000 rwxp 0001b000 08:05 4326627    /usr/lib/libgdk_pixbuf-2.0.so.0.2300.3
6f432000-6f44b000 r-xp 00000000 08:05 4326135    /usr/lib/i386-linux-gnu/libatk-1.0.so.0.9.1
6f44b000-6f44c000 ---p 00019000 08:05 4326135    /usr/lib/i386-linux-gnu/libatk-1.0.so.0.9.1
6f44c000-6f44d000 r-xp 00019000 08:05 4326135    /usr/lib/i386-linux-gnu/libatk-1.0.so.0.9.1
6f44d000-6f44e000 rwxp 0001a000 08:05 4326135    /usr/lib/i386-linux-gnu/libatk-1.0.so.0.9.1
6f44e000-6f450000 r-xp 00000000 08:05 4333357    /usr/lib/i386-linux-gnu/libXdamage.so.1.1.0
6f450000-6f451000 r-xp 00001000 08:05 4333357    /usr/lib/i386-linux-gnu/libXdamage.so.1.1.0
6f451000-6f452000 rwxp 00002000 08:05 4333357    /usr/lib/i386-linux-gnu/libXdamage.so.1.1.0
6f452000-6f45c000 r-xp 00000000 08:05 4325712    /usr/lib/i386-linux-gnu/libpangocairo-1.0.so.0.2800.4
6f45c000-6f45d000 r-xp 00009000 08:05 4325712    /usr/lib/i386-linux-gnu/libpangocairo-1.0.so.0.2800.4
6f45d000-6f45e000 rwxp 0000a000 08:05 4325712    /usr/lib/i386-linux-gnu/libpangocairo-1.0.so.0.2800.4
6f45e000-6f461000 r-xs 0002c000 08:05 799771     /home/daniel/gephi/gephibzr/gephi/build/cluster/modules/org-gephi-branding-desktop.jar
6f461000-6f462000 r-xs 0000c000 08:05 798315     /home/daniel/gephi/gephibzr/gephi/build/cluster/modules/org-gephi-clustering-plugin.jar
6f462000-6f464000 r-xs 00018000 08:05 798688     /home/daniel/gephi/gephibzr/gephi/build/cluster/modules/org-gephi-data-attributes.jar
6f464000-6f46f000 r-xs 000b1000 08:05 799737     /home/daniel/gephi/gephibzr/gephi/build/cluster/modules/org-gephi-datalab-plugin.jar
6f46f000-6f471000 r-xs 00013000 08:05 799705     /home/daniel/gephi/gephibzr/gephi/build/cluster/modules/org-gephi-desktop-clustering.jar
6f471000-6f472000 r-xs 00003000 08:05 798311     /home/daniel/gephi/gephibzr/gephi/build/cluster/modules/org-gephi-clustering-api.jar
6f472000-6f474000 r-xs 0000a000 08:05 799651     /home/daniel/gephi/gephibzr/gephi/build/cluster/modules/org-gephi-desktop-context.jar
6f474000-6f476000 r-xs 00003000 08:05 799727     /home/daniel/gephi/gephibzr/gephi/build/cluster/modules/ext/spark-1.2.jar
6f476000-6f47a000 r-xs 00053000 08:05 799723     /home/daniel/gephi/gephibzr/gephi/build/cluster/modules/org-gephi-desktop-datalab.jar
6f47a000-6f47d000 r-xs 00029000 08:05 799573     /home/daniel/gephi/gephibzr/gephi/build/cluster/modules/org-gephi-desktop-filters.jar
6f47d000-6f47e000 r-xs 00005000 08:05 799260     /home/daniel/gephi/gephibzr/gephi/build/cluster/modules/org-gephi-desktop-generate.jar
6f47e000-6f480000 r-xs 00012000 08:05 799777     /home/daniel/gephi/gephibzr/gephi/build/cluster/modules/org-gephi-desktop-hierarchy.jar
6f480000-6f483000 r-xs 0001a000 08:05 799597     /home/daniel/gephi/gephibzr/gephi/build/cluster/modules/org-gephi-desktop-importer.jar
6f483000-6f485000 r-xs 00012000 08:05 799753     /home/daniel/gephi/gephibzr/gephi/build/cluster/modules/org-gephi-desktop-layout.jar
6f485000-6f487000 r-xs 00010000 08:05 799613     /home/daniel/gephi/gephibzr/gephi/build/cluster/modules/org-gephi-desktop-partition.jar
6f487000-6f48a000 r-xs 0001a000 08:05 799785     /home/daniel/gephi/gephibzr/gephi/build/cluster/modules/org-gephi-desktop-preview.jar
6f48a000-6f48c000 r-xs 00017000 08:05 799589     /home/daniel/gephi/gephibzr/gephi/build/cluster/modules/org-gephi-desktop-io-export.jar
6f48c000-6f48d000 r-xs 00002000 08:05 798263     /home/daniel/gephi/gephibzr/gephi/build/cluster/modules/org-gephi-desktop-progress.jar
6f48d000-6f490000 r-xs 00020000 08:05 799607     /home/daniel/gephi/gephibzr/gephi/build/cluster/modules/org-gephi-desktop-ranking.jar
6f490000-6f492000 r-xs 00002000 08:05 799266     /home/daniel/gephi/gephibzr/gephi/build/cluster/modules/org-gephi-desktop-recentfiles.jar
6f492000-6f493000 r-xs 00008000 08:05 799263     /home/daniel/gephi/gephibzr/gephi/build/cluster/modules/org-gephi-desktop-spigot.jar
6f493000-6f494000 r-xs 00010000 08:05 799673     /home/daniel/gephi/gephibzr/gephi/build/cluster/modules/org-gephi-desktop-statistics.jar
6f494000-6f497000 r-xs 0002b000 08:05 799801     /home/daniel/gephi/gephibzr/gephi/build/cluster/modules/org-gephi-desktop-timeline.jar
6f497000-6f499000 r-xs 00011000 08:05 799711     /home/daniel/gephi/gephibzr/gephi/build/cluster/modules/org-gephi-desktop-tools.jar
6f499000-6f49b000 r-xs 00119000 08:05 799717     /home/daniel/gephi/gephibzr/gephi/build/cluster/modules/org-gephi-desktop-welcome.jar
6f49b000-6f49c000 r-xs 0000e000 08:05 799639     /home/daniel/gephi/gephibzr/gephi/build/cluster/modules/org-gephi-dynamic.jar
6f49c000-6f49e000 r-xs 00014000 08:05 799193     /home/daniel/gephi/gephibzr/gephi/build/cluster/modules/org-gephi-filters.jar
6f49e000-6f4a2000 r-xs 0005f000 08:05 799008     /home/daniel/gephi/gephibzr/gephi/build/cluster/modules/org-gephi-graph-dhns.jar
6f4a2000-6f4a7000 r-xs 0004a000 08:05 798457     /home/daniel/gephi/gephibzr/gephi/build/cluster/modules/org-gephi-layout-plugin.jar
6f4a7000-6f4a9000 r-xs 00008000 08:05 798318     /home/daniel/gephi/gephibzr/gephi/build/cluster/modules/org-gephi-layout-api.jar
6f4a9000-6f4ab000 r-xs 00007000 08:05 798241     /home/daniel/gephi/gephibzr/gephi/build/cluster/modules/org-gephi-newslider.jar
6f4ab000-6f4ae000 r-xs 00040000 08:05 799197     /home/daniel/gephi/gephibzr/gephi/build/cluster/modules/org-gephi-preview.jar
6f4ae000-6f4b1000 r-xs 00036000 08:05 798208     /home/daniel/gephi/gephibzr/gephi/build/cluster/modules/ext/core.jar
6f4b1000-6f4b2000 r-xs 00001000 08:05 798206     /home/daniel/gephi/gephibzr/gephi/build/cluster/modules/org-gephi-lib-processing.jar
6f4b2000-6f4b6000 r-xs 00037000 08:05 799747     /home/daniel/gephi/gephibzr/gephi/build/cluster/modules/org-gephi-tools-plugin.jar
6f4b6000-6f4b8000 r-xs 00010000 08:05 799252     /home/daniel/gephi/gephibzr/gephi/build/cluster/modules/org-gephi-desktop-perspective.jar
6f4b8000-6f4b9000 r-xs 00005000 08:05 798346     /home/daniel/gephi/gephibzr/gephi/build/cluster/modules/org-gephi-algorithms.jar
6f4b9000-6f4bc000 r-xs 00017000 08:05 799229     /home/daniel/gephi/gephibzr/gephi/build/cluster/modules/ext/TimingFramework-1.0.jar
6f4bc000-6f4be000 r-xs 0001e000 08:05 799227     /home/daniel/gephi/gephibzr/gephi/build/cluster/modules/org-gephi-ui-components-SplineEditor.jar
6f4be000-6f4c0000 r-xs 00012000 08:05 798343     /home/daniel/gephi/gephibzr/gephi/build/cluster/modules/org-gephi-ui-exporter-plugin.jar
6f4c0000-6f4c2000 r-xs 0001f000 08:05 798338     /home/daniel/gephi/gephibzr/gephi/build/cluster/modules/org-gephi-io-exporter-plugin.jar
6f4c2000-6f4c5000 r-xs 0001d000 08:05 798212     /home/daniel/gephi/gephibzr/gephi/build/cluster/modules/ext/stax-utils.jar
6f4c5000-6f4c6000 r-xs 00001000 08:05 798210     /home/daniel/gephi/gephibzr/gephi/build/cluster/modules/org-gephi-lib-staxutils.jar
6f4c6000-6f4c7000 r-xs 0000c000 08:05 799221     /home/daniel/gephi/gephibzr/gephi/build/cluster/modules/org-gephi-ui-exporter-preview.jar
6f4c7000-6f4c9000 r-xs 0000d000 08:05 798300     /home/daniel/gephi/gephibzr/gephi/build/cluster/modules/org-gephi-io-exporter-preview.jar
6f4c9000-6f4cb000 r-xs 00008000 08:05 798245     /home/daniel/gephi/gephibzr/gephi/build/cluster/modules/org-gephi-preview-api.jar
6f4cb000-6f4cd000 r-xs 00005000 08:05 798271     /home/daniel/gephi/gephibzr/gephi/build/cluster/modules/org-gephi-io-exporter-api.jar
6f4cd000-6f4d1000 r-xs 00038000 08:05 792358     /home/daniel/gephi/gephibzr/gephi/build/cluster/modules/ext/batik-gvt.jar
6f4d1000-6f4d3000 r-xs 00010000 08:05 792359     /home/daniel/gephi/gephibzr/gephi/build/cluster/modules/ext/batik-parser.jar
6f4d3000-6f4d6000 r-xs 0001d000 08:05 792428     /home/daniel/gephi/gephibzr/gephi/build/cluster/modules/ext/batik-util.jar
6f4d6000-6f4e1000 r-xs 000ad000 08:05 792697     /home/daniel/gephi/gephibzr/gephi/build/cluster/modules/ext/pdf-transcoder.jar
6f4e1000-6f4e4000 r-xs 00015000 08:05 792343     /home/daniel/gephi/gephibzr/gephi/build/cluster/modules/ext/batik-anim.jar
6f4e4000-6f4f1000 r-xs 00087000 08:05 792389     /home/daniel/gephi/gephibzr/gephi/build/cluster/modules/ext/batik-svg-dom.jar
6f4f1000-6f4f6000 r-xs 00010000 08:05 792701     /home/daniel/gephi/gephibzr/gephi/build/cluster/modules/ext/xml-apis-ext.jar
6f4f6000-6f500000 r-xs 00080000 08:05 792347     /home/daniel/gephi/gephibzr/gephi/build/cluster/modules/ext/batik-bridge.jar
6f500000-6f5fe000 rwxp 00000000 00:00 0 
6f5fe000-6f600000 ---p 00000000 00:00 0 
6f600000-6f601000 r-xs 00000000 08:05 1575924    /var/cache/fontconfig/4c73fe0c47614734b17d736dbde7580a-le32d4.cache-3
6f601000-6f603000 r-xp 00000000 08:05 4333341    /usr/lib/i386-linux-gnu/libXcomposite.so.1.0.0
6f603000-6f604000 r-xp 00001000 08:05 4333341    /usr/lib/i386-linux-gnu/libXcomposite.so.1.0.0
6f604000-6f605000 rwxp 00002000 08:05 4333341    /usr/lib/i386-linux-gnu/libXcomposite.so.1.0.0
6f605000-6f607000 r-xs 0001c000 08:05 792423     /home/daniel/gephi/gephibzr/gephi/build/cluster/modules/ext/batik-transcoder.jar
6f607000-6f608000 r-xs 00002000 08:05 792356     /home/daniel/gephi/gephibzr/gephi/build/cluster/modules/ext/batik-ext.jar
6f608000-6f60c000 r-xs 00027000 08:05 792349     /home/daniel/gephi/gephibzr/gephi/build/cluster/modules/ext/batik-dom.jar
6f60c000-6f614000 r-xs 00045000 08:05 792348     /home/daniel/gephi/gephibzr/gephi/build/cluster/modules/ext/batik-css.jar
6f614000-6f615000 r-xs 00007000 08:05 792665     /home/daniel/gephi/gephibzr/gephi/build/cluster/modules/ext/batik-xml.jar
6f615000-6f618000 r-xs 0000d000 08:05 792380     /home/daniel/gephi/gephibzr/gephi/build/cluster/modules/ext/batik-script.jar
6f618000-6f61f000 r-xs 0005c000 08:05 792346     /home/daniel/gephi/gephibzr/gephi/build/cluster/modules/ext/batik-awt-util.jar
6f61f000-6f621000 r-xs 00001000 08:05 792303     /home/daniel/gephi/gephibzr/gephi/build/cluster/modules/org-gephi-lib-batik.jar
6f621000-6f62e000 r-xs 00162000 08:05 797515     /home/daniel/gephi/gephibzr/gephi/build/cluster/modules/ext/iText-5.0.1.jar
6f62e000-6f62f000 r-xs 00001000 08:05 795976     /home/daniel/gephi/gephibzr/gephi/build/cluster/modules/org-gephi-lib-itext.jar
6f62f000-6f632000 r-xs 00024000 08:05 799679     /home/daniel/gephi/gephibzr/gephi/build/cluster/modules/org-gephi-ui-filters-plugin.jar
6f632000-6f636000 r-xs 00042000 08:05 799631     /home/daniel/gephi/gephibzr/gephi/build/cluster/modules/org-gephi-filters-plugin.jar
6f636000-6f637000 r-xs 00003000 08:05 799068     /home/daniel/gephi/gephibzr/gephi/build/cluster/modules/org-gephi-timeline.jar
6f637000-6f639000 r-xs 00007000 08:05 799032     /home/daniel/gephi/gephibzr/gephi/build/cluster/modules/org-gephi-filters-api.jar
6f639000-6f63a000 r-xs 00003000 08:05 798399     /home/daniel/gephi/gephibzr/gephi/build/cluster/modules/org-gephi-ui-generator-plugin.jar
6f63a000-6f63b000 r-xs 00004000 08:05 798378     /home/daniel/gephi/gephibzr/gephi/build/cluster/modules/org-gephi-io-generator-plugin.jar
6f63b000-6f63c000 r-xs 00002000 08:05 798374     /home/daniel/gephi/gephibzr/gephi/build/cluster/modules/org-gephi-io-generator-api.jar
6f63c000-6f63d000 r-xs 0000e000 08:05 799213     /home/daniel/gephi/gephibzr/gephi/build/cluster/modules/org-gephi-ui-importer-plugin.jar
6f63d000-6f640000 r-xs 00049000 08:05 798539     /home/daniel/gephi/gephibzr/gephi/build/cluster/modules/org-gephi-io-importer-plugin.jar
6f640000-6f643000 r-xs 0000e000 08:05 799761     /home/daniel/gephi/gephibzr/gephi/build/cluster/modules/org-gephi-ui-partition-plugin.jar
6f643000-6f645000 r-xs 00003000 08:05 799005     /home/daniel/gephi/gephibzr/gephi/build/cluster/modules/org-gephi-partition-plugin.jar
6f645000-6f647000 r-xs 00011000 08:05 799001     /home/daniel/gephi/gephibzr/gephi/build/cluster/modules/org-gephi-partition-api.jar
6f647000-6f648000 r-xs 00009000 08:05 799217     /home/daniel/gephi/gephibzr/gephi/build/cluster/modules/org-gephi-ui-processor-plugin.jar
6f648000-6f64a000 r-xs 0000c000 08:05 799184     /home/daniel/gephi/gephibzr/gephi/build/cluster/modules/org-gephi-io-processor-plugin.jar
6f64a000-6f651000 r-xs 00094000 08:05 793327     /home/daniel/gephi/gephibzr/gephi/build/cluster/modules/ext/beansbinding-1.2.1.jar
6f651000-6f652000 r-xs 00001000 08:05 793298     /home/daniel/gephi/gephibzr/gephi/build/cluster/modules/org-gephi-lib-beansbinding.jar
6f652000-6f654000 r-xs 00003000 08:05 798304     /home/daniel/gephi/gephibzr/gephi/build/cluster/modules/org-gephi-ui-project.jar
6f654000-6f656000 r-xs 00005000 08:05 798444     /home/daniel/gephi/gephibzr/gephi/build/cluster/modules/org-gephi-ui-propertyeditor.jar
6f656000-6f658000 r-xs 0000d000 08:05 799685     /home/daniel/gephi/gephibzr/gephi/build/cluster/modules/org-gephi-ui-ranking-plugin.jar
6f658000-6f65a000 r-xs 0001c000 08:05 798349     /home/daniel/gephi/gephibzr/gephi/build/cluster/modules/org-gephi-ranking-api.jar
6f65a000-6f65c000 r-xs 0001a000 08:05 799583     /home/daniel/gephi/gephibzr/gephi/build/cluster/modules/org-gephi-ui-spigot-plugin.jar
6f65c000-6f65e000 r-xs 00010000 08:05 798415     /home/daniel/gephi/gephibzr/gephi/build/cluster/modules/org-gephi-io-spigot-plugin.jar
6f65e000-6f65f000 r-xs 00004000 08:05 797539     /home/daniel/gephi/gephibzr/gephi/build/cluster/modules/ext/dsn.jar
6f65f000-6f664000 r-xs 00039000 08:05 797543     /home/daniel/gephi/gephibzr/gephi/build/cluster/modules/ext/mailapi.jar
6f664000-6f665000 r-xs 00008000 08:05 797544     /home/daniel/gephi/gephibzr/gephi/build/cluster/modules/ext/pop3.jar
6f665000-6f666000 r-xs 0000a000 08:05 797546     /home/daniel/gephi/gephibzr/gephi/build/cluster/modules/ext/smtp.jar
6f666000-6f669000 r-xs 00028000 08:05 797540     /home/daniel/gephi/gephibzr/gephi/build/cluster/modules/ext/imap.jar
6f669000-6f670000 r-xs 0006a000 08:05 797541     /home/daniel/gephi/gephibzr/gephi/build/cluster/modules/ext/mail.jar
6f670000-6f672000 r-xs 00000000 08:05 797531     /home/daniel/gephi/gephibzr/gephi/build/cluster/modules/org-gephi-lib-javamail.jar
6f672000-6f675000 r-xs 0001c000 08:05 797602     /home/daniel/gephi/gephibzr/gephi/build/cluster/modules/ext/jcalendar-1.3.3.jar
6f675000-6f67d000 r-xs 00052000 08:05 797612     /home/daniel/gephi/gephibzr/gephi/build/cluster/modules/ext/looks-2.0.1.jar
6f67d000-6f67f000 r-xs 00000000 08:05 797578     /home/daniel/gephi/gephibzr/gephi/build/cluster/modules/org-gephi-lib-jcalendar.jar
6f67f000-6f681000 r-xs 00021000 08:05 799645     /home/daniel/gephi/gephibzr/gephi/build/cluster/modules/org-gephi-ui-statistics-plugin.jar
6f681000-6f683000 r-xs 00021000 08:05 799621     /home/daniel/gephi/gephibzr/gephi/build/cluster/modules/org-gephi-statistics-plugin.jar
6f683000-6f684000 r-xs 0000b000 08:05 798334     /home/daniel/gephi/gephibzr/gephi/build/cluster/modules/org-gephi-statistics-api.jar
6f684000-6f686000 r-xs 00009000 08:05 799731     /home/daniel/gephi/gephibzr/gephi/build/cluster/modules/org-gephi-ui-workspace.jar
6f686000-6f691000 r-xs 000e0000 08:05 799697     /home/daniel/gephi/gephibzr/gephi/build/cluster/modules/org-gephi-visualization.jar
6f691000-6f693000 r-xs 0000a000 08:05 799256     /home/daniel/gephi/gephibzr/gephi/build/cluster/modules/org-gephi-desktop-project.jar
6f693000-6f694000 r-xs 00002000 08:05 791681     /home/daniel/gephi/gephibzr/gephi/build/cluster/modules/org-gephi-desktop-mrufiles-api.jar
6f694000-6f697000 r-xs 00023000 08:05 798370     /home/daniel/gephi/gephibzr/gephi/build/cluster/modules/org-gephi-io-importer-api.jar
6f697000-6f69e000 r-xs 000a7000 08:05 792078     /home/daniel/gephi/gephibzr/gephi/build/cluster/modules/ext/mysql-connector-java-5.1.7-bin.jar
6f69e000-6f6a3000 r-xs 0006d000 08:05 792299     /home/daniel/gephi/gephibzr/gephi/build/cluster/modules/ext/sqljdbc4.jar
6f6a3000-6f6a9000 r-xs 00077000 08:05 792298     /home/daniel/gephi/gephibzr/gephi/build/cluster/modules/ext/postgresql-8.4-701.jdbc4.jar
6f6a9000-6f6aa000 r-xs 00003000 08:05 792023     /home/daniel/gephi/gephibzr/gephi/build/cluster/modules/org-gephi-io-database-drivers.jar
6f6aa000-6f6ae000 r-xs 00024000 08:05 794923     /home/daniel/gephi/gephibzr/gephi/build/cluster/modules/ext/commons-compress-1.1.jar
6f6ae000-6f6af000 r-xs 00000000 08:05 794834     /home/daniel/gephi/gephibzr/gephi/build/cluster/modules/org-gephi-lib-commonscompress.jar
6f6af000-6f6b1000 r-xs 0000a000 08:05 799663     /home/daniel/gephi/gephibzr/gephi/build/cluster/modules/ext/FontChooser.jar
6f6b1000-6f6b3000 r-xs 00011000 08:05 799665     /home/daniel/gephi/gephibzr/gephi/build/cluster/modules/ext/MigLayout-3.7.1.jar
6f6b3000-6f6b6000 r-xs 0002c000 08:05 799667     /home/daniel/gephi/gephibzr/gephi/build/cluster/modules/ext/colorchooser.jar
6f6b6000-6f6bb000 r-xs 00055000 08:05 799659     /home/daniel/gephi/gephibzr/gephi/build/cluster/modules/org-gephi-ui-components.jar
6f6bb000-6f6bd000 r-xs 0000d000 08:05 793637     /home/daniel/gephi/gephibzr/gephi/build/cluster/modules/ext/commons-codec-1.4.jar
6f6bd000-6f6be000 r-xs 00001000 08:05 793356     /home/daniel/gephi/gephibzr/gephi/build/cluster/modules/org-gephi-lib-commons-codec.jar
6f6be000-6f6cc000 r-xs 00090000 08:05 795472     /home/daniel/gephi/gephibzr/gephi/build/cluster/modules/ext/flamingo.jar
6f6cc000-6f6cd000 r-xs 00001000 08:05 795452     /home/daniel/gephi/gephibzr/gephi/build/cluster/modules/org-gephi-lib-flamingo.jar
6f6cd000-6f6d9000 r-xs 00081000 08:05 798254     /home/daniel/gephi/gephibzr/gephi/build/cluster/modules/ext/google-collect-1.0.jar
6f6d9000-6f6e8000 r-xs 000ba000 08:05 798255     /home/daniel/gephi/gephibzr/gephi/build/cluster/modules/ext/trove-2.1.0.jar
6f6e8000-6f6ea000 r-xs 00009000 08:05 798252     /home/daniel/gephi/gephibzr/gephi/build/cluster/modules/org-gephi-utils-collection.jar
6f6ea000-6f6f5000 r-xs 00108000 08:05 797673     /home/daniel/gephi/gephibzr/gephi/build/cluster/modules/ext/jogl.jar
6f6f5000-6f6f6000 r-xs 00004000 08:05 797663     /home/daniel/gephi/gephibzr/gephi/build/cluster/modules/ext/gluegen-rt.jar
6f6f6000-6f6f8000 r-xs 00004000 08:05 797657     /home/daniel/gephi/gephibzr/gephi/build/cluster/modules/org-gephi-lib-jogl.jar
6f6f8000-6f6fa000 r-xs 0000f000 08:05 795959     /home/daniel/gephi/gephibzr/gephi/build/cluster/modules/org-gephi-lib-gleem.jar
6f6fa000-6f6fc000 r-xs 0000d000 08:05 799245     /home/daniel/gephi/gephibzr/gephi/build/cluster/modules/org-gephi-ui-utils.jar
6f6fc000-6f700000 r-xs 0003e000 08:05 798218     /home/daniel/gephi/gephibzr/gephi/build/cluster/modules/ext/ValidationAPI.jar
6f700000-6f7ff000 rwxp 00000000 00:00 0 
6f7ff000-6f800000 ---p 00000000 00:00 0 
6f800000-6f801000 r-xs 00000000 08:05 1575918    /var/cache/fontconfig/0d8c3b2ac0904cb8a57a757ad11a4a08-le32d4.cache-3
6f801000-6f802000 r-xs 00003000 08:05 799189     /home/daniel/gephi/gephibzr/gephi/build/cluster/modules/org-gephi-visualization-api.jar
6f802000-6f805000 r-xs 00024000 08:05 798615     /home/daniel/gephi/gephibzr/gephi/build/cluster/modules/org-gephi-datalab-api.jar
6f805000-6f806000 r-xs 00008000 08:05 798328     /home/daniel/gephi/gephibzr/gephi/build/cluster/modules/org-gephi-dynamic-api.jar
6f806000-6f809000 r-xs 00030000 08:05 798324     /home/daniel/gephi/gephibzr/gephi/build/cluster/modules/org-gephi-data-attributes-api.jar
6f809000-6f80a000 r-xs 00007000 08:05 798249     /home/daniel/gephi/gephibzr/gephi/build/cluster/modules/org-gephi-utils.jar
6f80a000-6f80c000 r-xs 00002000 08:05 797529     /home/daniel/gephi/gephibzr/gephi/build/cluster/modules/ext/javacsv.jar
6f80c000-6f80d000 r-xs 00001000 08:05 797520     /home/daniel/gephi/gephibzr/gephi/build/cluster/modules/org-gephi-lib-javacsv.jar
6f80d000-6f80f000 r-xs 00007000 08:05 798307     /home/daniel/gephi/gephibzr/gephi/build/cluster/modules/org-gephi-graph-api.jar
6f80f000-6f811000 r-xs 00014000 08:05 798267     /home/daniel/gephi/gephibzr/gephi/build/cluster/modules/org-gephi-project-api.jar
6f811000-6f812000 r-xs 00006000 08:05 798258     /home/daniel/gephi/gephibzr/gephi/build/cluster/modules/org-gephi-utils-longtask.jar
6f812000-6f818000 r-xs 00031000 08:05 799209     /home/daniel/gephi/gephibzr/gephi/build/cluster/modules/ext/swingx-beaninfo-1.6.1.jar
6f818000-6f833000 r-xs 00139000 08:05 799208     /home/daniel/gephi/gephibzr/gephi/build/cluster/modules/ext/swingx-1.6.1.jar
6f833000-6f834000 r-xs 00001000 08:05 799200     /home/daniel/gephi/gephibzr/gephi/build/cluster/modules/org-jdesktop-swingx.jar
6f834000-6f845000 r-xs 0014c000 08:05 799238     /home/daniel/gephi/gephibzr/gephi/build/cluster/modules/ext/jfreechart-1.0.13.jar
6f845000-6f847000 r-xs 00013000 08:05 799239     /home/daniel/gephi/gephibzr/gephi/build/cluster/modules/ext/orson-0.5.0.jar
6f847000-6f84d000 r-xs 00046000 08:05 799237     /home/daniel/gephi/gephibzr/gephi/build/cluster/modules/ext/jcommon-1.0.16.jar
6f84d000-6f84e000 r-xs 00000000 08:05 799231     /home/daniel/gephi/gephibzr/gephi/build/cluster/modules/org-jfree.jar
6f84e000-6f85d000 r-xs 00074000 08:05 799795     /home/daniel/gephi/gephibzr/gephi/build/cluster/modules/ext/joda-time-1.6.jar
6f85d000-6f85e000 r-xs 00000000 08:05 799791     /home/daniel/gephi/gephibzr/gephi/build/cluster/modules/org-joda-time.jar
6f85e000-6f860000 r-xs 00008000 08:05 919547     /home/daniel/netbeans-7.0/platform/modules/org-netbeans-core-io-ui.jar
6f860000-6f869000 r-xs 000ba000 08:05 1051086    /home/daniel/netbeans-7.0/platform/modules/ext/platform-3.2.7.jar
6f869000-6f875000 r-xs 001b9000 08:05 919518     /home/daniel/netbeans-7.0/platform/modules/org-netbeans-core-windows.jar
6f875000-6f900000 rwxs 00000000 00:04 337182752  /SYSV00000000 (deleted)
6f900000-6f9f8000 rwxp 00000000 00:00 0 
6f9f8000-6fa00000 ---p 00000000 00:00 0 
6fa00000-6fa01000 r-xs 00000000 08:05 1575917    /var/cache/fontconfig/6a53c69dea097a2d716e069445527da8-le32d4.cache-3
6fa01000-6fa02000 r-xs 00000000 08:05 1583439    /var/cache/fontconfig/4794a0821666d79190d59a36cb4f44b5-le32d4.cache-3
6fa02000-6fa03000 r-xs 00003000 08:05 798215     /home/daniel/gephi/gephibzr/gephi/build/cluster/modules/org-gephi-lib-validation.jar
6fa03000-6fa05000 r-xs 00002000 08:05 798321     /home/daniel/gephi/gephibzr/gephi/build/cluster/modules/org-gephi-tools-api.jar
6fa05000-6fa06000 r-xs 00001000 08:05 919425     /home/daniel/netbeans-7.0/platform/modules/org-netbeans-core-nativeaccess.jar
6fa06000-6fa0b000 r-xs 00062000 08:05 919574     /home/daniel/netbeans-7.0/platform/modules/org-netbeans-core-ui.jar
6fa0b000-6fa11000 r-xs 00034000 08:05 1053531    /home/daniel/netbeans-7.0/platform/modules/ext/junit-4.8.2.jar
6fa11000-6fa12000 r-xs 00000000 08:05 919650     /home/daniel/netbeans-7.0/platform/modules/org-netbeans-libs-junit4.jar
6fa12000-6fa1a000 r-xs 000e2000 08:05 919355     /home/daniel/netbeans-7.0/platform/modules/org-netbeans-modules-autoupdate-ui.jar
6fa1a000-6fa1c000 r-xs 00039000 08:05 1052256    /home/daniel/netbeans-7.0/platform/modules/ext/updater.jar
6fa1c000-6fa21000 r-xs 000ac000 08:05 919267     /home/daniel/netbeans-7.0/platform/modules/org-netbeans-modules-autoupdate-services.jar
6fa21000-6fa23000 r-xs 0000b000 08:05 919226     /home/daniel/netbeans-7.0/platform/modules/org-netbeans-modules-editor-mimelookup-impl.jar
6fa23000-6fa26000 r-xs 00033000 08:05 919427     /home/daniel/netbeans-7.0/platform/modules/org-netbeans-modules-favorites.jar
6fa26000-6fa28000 r-xs 0000f000 08:05 919368     /home/daniel/netbeans-7.0/platform/modules/org-netbeans-modules-keyring-impl.jar
6fa28000-6fa2d000 r-xs 00071000 08:05 919446     /home/daniel/netbeans-7.0/platform/modules/org-netbeans-modules-masterfs.jar
6fa2d000-6fa31000 r-xs 000e3000 08:05 1051091    /home/daniel/netbeans-7.0/platform/modules/ext/jna-3.2.7.jar
6fa31000-6fa33000 r-xs 00000000 08:05 919568     /home/daniel/netbeans-7.0/platform/modules/org-netbeans-libs-jna.jar
6fa33000-6fa37000 r-xs 0004b000 08:05 919340     /home/daniel/netbeans-7.0/platform/modules/org-netbeans-modules-options-keymap.jar
6fa37000-6fa3b000 r-xs 00062000 08:05 919389     /home/daniel/netbeans-7.0/platform/modules/org-netbeans-modules-options-api.jar
6fa3b000-6fa41000 r-xs 0008f000 08:05 919604     /home/daniel/netbeans-7.0/platform/modules/org-netbeans-core.jar
6fa41000-6fa43000 r-xs 00001000 08:05 919474     /home/daniel/netbeans-7.0/platform/modules/org-netbeans-modules-keyring.jar
6fa43000-6fa47000 r-xs 0003e000 08:05 919507     /home/daniel/netbeans-7.0/platform/modules/org-netbeans-modules-print.jar
6fa47000-6fa4a000 r-xs 00020000 08:05 919391     /home/daniel/netbeans-7.0/platform/modules/org-netbeans-modules-progress-ui.jar
6fa4a000-6fa4c000 r-xs 00011000 08:05 919447     /home/daniel/netbeans-7.0/platform/modules/org-netbeans-modules-sendopts.jar
6fa4c000-6fa4e000 r-xs 0003e000 08:05 919450     /home/daniel/netbeans-7.0/platform/modules/org-netbeans-modules-settings.jar
6fa4e000-6fa51000 r-xs 00022000 08:05 919475     /home/daniel/netbeans-7.0/platform/modules/org-netbeans-spi-quicksearch.jar
6fa51000-6fa54000 r-xs 0002a000 08:05 799807     /home/daniel/gephi/gephibzr/gephi/build/cluster/modules/org-netbeans-swing-dirchooser.jar
6fa54000-6fa57000 r-xs 00036000 08:05 919549     /home/daniel/netbeans-7.0/platform/modules/org-netbeans-swing-plaf.jar
6fa57000-6fa59000 r-xs 0000a000 08:05 919617     /home/daniel/netbeans-7.0/platform/modules/org-openide-io.jar
6fa59000-6fa62000 r-xs 0013a000 08:05 919588     /home/daniel/netbeans-7.0/platform/modules/org-openide-loaders.jar
6fa62000-6fa64000 r-xs 0000a000 08:05 919476     /home/daniel/netbeans-7.0/platform/modules/org-netbeans-modules-queries.jar
6fa64000-6fa67000 r-xs 00032000 08:05 919589     /home/daniel/netbeans-7.0/platform/modules/org-openide-actions.jar
6fa67000-6fa74000 r-xs 0019e000 08:05 919573     /home/daniel/netbeans-7.0/platform/modules/org-openide-explorer.jar
6fa74000-6fa77000 r-xs 0003a000 08:05 919506     /home/daniel/netbeans-7.0/platform/modules/org-netbeans-swing-outline.jar
6fa77000-6fa7a000 ---p 00000000 00:00 0 
6fa7a000-6fac8000 rwxp 00000000 00:00 0 
6fac8000-6fac9000 r-xs 00000000 08:05 1575980    /var/cache/fontconfig/26de28bc8622bbc1fb67fd234c21975f-le32d4.cache-3
6fac9000-6faca000 r-xs 00000000 08:05 1576028    /var/cache/fontconfig/c05880de57d1f5e948fdfacc138775d9-le32d4.cache-3
6faca000-6fad0000 r-xs 00000000 08:05 1576020    /var/cache/fontconfig/945677eb7aeaf62f1d50efc3fb3ec7d8-le32d4.cache-3
6fad0000-6fad2000 r-xs 00000000 08:05 1575744    /var/cache/fontconfig/99e8ed0e538f840c565b6ed5dad60d56-le32d4.cache-3
6fad2000-6fad5000 r-xs 00000000 08:05 1576002    /var/cache/fontconfig/e383d7ea5fbe662a33d9b44caf393297-le32d4.cache-3
6fad5000-6fada000 r-xs 00000000 08:05 1575986    /var/cache/fontconfig/401a5dd6b567794a1d18dd9342dfa604-le32d4.cache-3
6fada000-6fadc000 r-xs 00000000 08:05 1575983    /var/cache/fontconfig/2cd17615ca594fa2959ae173292e504c-le32d4.cache-3
6fadc000-6fadd000 r-xs 00000000 08:05 1575740    /var/cache/fontconfig/e7071f4a29fa870f4323321c154eba04-le32d4.cache-3
6fadd000-6fadf000 r-xs 00000000 08:05 1580660    /var/cache/fontconfig/b5ea634b0fb353b8ea17632d1f9ef766-le32d4.cache-3
6fadf000-6fae3000 r-xs 00000000 08:05 1580038    /var/cache/fontconfig/926e794c3d5e5dffcaf2fa83ef8d36c2-le32d4.cache-3
6fae3000-6fae6000 r-xs 00000000 08:05 1575945    /var/cache/fontconfig/6eb3985aa4124903f6ff08ba781cd364-le32d4.cache-3
6fae6000-6faea000 r-xs 00000000 08:05 1575788    /var/cache/fontconfig/a755afe4a08bf5b97852ceb7400b47bc-le32d4.cache-3
6faea000-6faee000 r-xs 00000000 08:05 1575915    /var/cache/fontconfig/515ca1ebc4b18308bea979be5704f9db-le32d4.cache-3
6faee000-6faf5000 r-xs 00000000 08:05 1575886    /var/cache/fontconfig/6d41288fd70b0be22e8c3a91e032eec0-le32d4.cache-3
6faf5000-6fb00000 r-xs 00000000 08:05 1575845    /var/cache/fontconfig/0f34bcd4b6ee430af32735b75db7f02b-le32d4.cache-3
6fb00000-6fb22000 r-xs 00000000 08:05 1575808    /var/cache/fontconfig/365b55f210c0a22e9a19e35191240f32-le32d4.cache-3
6fb22000-6fb2a000 r-xs 00000000 08:05 1575802    /var/cache/fontconfig/d52a8644073d54c13679302ca1180695-le32d4.cache-3
6fb2a000-6fb38000 r-xs 00000000 08:05 1575126    /var/cache/fontconfig/e13b20fdb08344e0e664864cc2ede53d-le32d4.cache-3
6fb38000-6fb50000 r-xs 00000000 08:05 1579274    /var/cache/fontconfig/165b9254a84ccada37e340049ffc8b30-le32d4.cache-3
6fb50000-6fb51000 r-xs 00000000 08:05 790420     /home/daniel/gephi/gephibzr/gephi/build/cluster/modules/locale/org-netbeans-core-windows_gephi.jar
6fb51000-6fb5e000 r-xs 000de000 08:05 919449     /home/daniel/netbeans-7.0/platform/modules/org-netbeans-swing-tabcontrol.jar
6fb5e000-6fb62000 r-xs 0005f000 08:05 919609     /home/daniel/netbeans-7.0/platform/modules/org-openide-text.jar
6fb62000-6fb64000 r-xs 0000b000 08:05 919314     /home/daniel/netbeans-7.0/platform/modules/org-netbeans-modules-editor-mimelookup.jar
6fb64000-6fb66000 r-xs 00025000 08:05 919587     /home/daniel/netbeans-7.0/platform/modules/org-openide-windows.jar
6fb66000-6fb6b000 r-xs 00081000 08:05 919605     /home/daniel/netbeans-7.0/platform/modules/org-openide-nodes.jar
6fb6b000-6fb6d000 r-xs 0002e000 08:05 919590     /home/daniel/netbeans-7.0/platform/modules/org-openide-dialogs.jar
6fb6d000-6fb72000 r-xs 00086000 08:05 919613     /home/daniel/netbeans-7.0/platform/modules/org-openide-awt.jar
6fb72000-6fb75000 ---p 00000000 00:00 0 
6fb75000-6fbc3000 rwxp 00000000 00:00 0 
6fbc3000-6fbc6000 ---p 00000000 00:00 0 
6fbc6000-6fc14000 rwxp 00000000 00:00 0 
6fc14000-6fc18000 r-xp 00000000 08:05 4329147    /usr/lib/i386-linux-gnu/libXfixes.so.3.1.0
6fc18000-6fc19000 r-xp 00003000 08:05 4329147    /usr/lib/i386-linux-gnu/libXfixes.so.3.1.0
6fc19000-6fc1a000 rwxp 00004000 08:05 4329147    /usr/lib/i386-linux-gnu/libXfixes.so.3.1.0
6fc1a000-6fc22000 r-xp 00000000 08:05 4326287    /usr/lib/i386-linux-gnu/libXrender.so.1.3.0
6fc22000-6fc23000 r-xp 00007000 08:05 4326287    /usr/lib/i386-linux-gnu/libXrender.so.1.3.0
6fc23000-6fc24000 rwxp 00008000 08:05 4326287    /usr/lib/i386-linux-gnu/libXrender.so.1.3.0
6fc24000-6fc2c000 r-xp 00000000 08:05 4333346    /usr/lib/i386-linux-gnu/libXcursor.so.1.0.2
6fc2c000-6fc2d000 r-xp 00007000 08:05 4333346    /usr/lib/i386-linux-gnu/libXcursor.so.1.0.2
6fc2d000-6fc2e000 rwxp 00008000 08:05 4333346    /usr/lib/i386-linux-gnu/libXcursor.so.1.0.2
6fc2e000-6fc2f000 r-xs 00002000 08:05 919353     /home/daniel/netbeans-7.0/platform/modules/org-netbeans-api-annotations-common.jar
6fc2f000-6fc31000 r-xs 00010000 08:05 919523     /home/daniel/netbeans-7.0/platform/modules/org-netbeans-api-progress.jar
6fc31000-6fc44000 rwxs 00000000 00:04 337149983  /SYSV00000000 (deleted)
6fc44000-6fc47000 ---p 00000000 00:00 0 
6fc47000-6fc95000 rwxp 00000000 00:00 0 
6fc95000-6fd0e000 r-xp 00000000 08:05 4466381    /usr/lib/jvm/java-6-sun-1.6.0.26/jre/lib/i386/libfontmanager.so
6fd0e000-6fd18000 rwxp 00078000 08:05 4466381    /usr/lib/jvm/java-6-sun-1.6.0.26/jre/lib/i386/libfontmanager.so
6fd18000-6fd1d000 rwxp 00000000 00:00 0 
6fd1d000-6fd21000 r-xp 00000000 08:05 4335172    /usr/lib/i386-linux-gnu/libXdmcp.so.6.0.0
6fd21000-6fd22000 r-xp 00003000 08:05 4335172    /usr/lib/i386-linux-gnu/libXdmcp.so.6.0.0
6fd22000-6fd23000 rwxp 00004000 08:05 4335172    /usr/lib/i386-linux-gnu/libXdmcp.so.6.0.0
6fd23000-6fd25000 r-xp 00000000 08:05 4334188    /usr/lib/i386-linux-gnu/libXau.so.6.0.0
6fd25000-6fd26000 r-xp 00001000 08:05 4334188    /usr/lib/i386-linux-gnu/libXau.so.6.0.0
6fd26000-6fd27000 rwxp 00002000 08:05 4334188    /usr/lib/i386-linux-gnu/libXau.so.6.0.0
6fd27000-6fd3e000 r-xp 00000000 08:05 4337830    /usr/lib/i386-linux-gnu/libxcb.so.1.1.0
6fd3e000-6fd3f000 r-xp 00016000 08:05 4337830    /usr/lib/i386-linux-gnu/libxcb.so.1.1.0
6fd3f000-6fd40000 rwxp 00017000 08:05 4337830    /usr/lib/i386-linux-gnu/libxcb.so.1.1.0
6fd40000-6fd4d000 r-xp 00000000 08:05 4337957    /usr/lib/i386-linux-gnu/libXi.so.6.1.0
6fd4d000-6fd4e000 r-xp 0000c000 08:05 4337957    /usr/lib/i386-linux-gnu/libXi.so.6.1.0
6fd4e000-6fd4f000 rwxp 0000d000 08:05 4337957    /usr/lib/i386-linux-gnu/libXi.so.6.1.0
6fd4f000-6fd53000 r-xp 00000000 08:05 4337963    /usr/lib/libXtst.so.6.1.0
6fd53000-6fd54000 r-xp 00003000 08:05 4337963    /usr/lib/libXtst.so.6.1.0
6fd54000-6fd55000 rwxp 00004000 08:05 4337963    /usr/lib/libXtst.so.6.1.0
6fd55000-6fe6b000 r-xp 00000000 08:05 4337845    /usr/lib/i386-linux-gnu/libX11.so.6.3.0
6fe6b000-6fe6c000 ---p 00116000 08:05 4337845    /usr/lib/i386-linux-gnu/libX11.so.6.3.0
6fe6c000-6fe6d000 r-xp 00116000 08:05 4337845    /usr/lib/i386-linux-gnu/libX11.so.6.3.0
6fe6d000-6fe6f000 rwxp 00117000 08:05 4337845    /usr/lib/i386-linux-gnu/libX11.so.6.3.0
6fe6f000-6fe70000 rwxp 00000000 00:00 0 
6fe70000-6fe7d000 r-xp 00000000 08:05 4332391    /usr/lib/i386-linux-gnu/libXext.so.6.4.0
6fe7d000-6fe7e000 r-xp 0000c000 08:05 4332391    /usr/lib/i386-linux-gnu/libXext.so.6.4.0
6fe7e000-6fe7f000 rwxp 0000d000 08:05 4332391    /usr/lib/i386-linux-gnu/libXext.so.6.4.0
6fe7f000-6fe80000 r-xs 00000000 08:05 1575924    /var/cache/fontconfig/4c73fe0c47614734b17d736dbde7580a-le32d4.cache-3
6fe80000-6fe81000 r-xs 00000000 08:05 1575918    /var/cache/fontconfig/0d8c3b2ac0904cb8a57a757ad11a4a08-le32d4.cache-3
6fe81000-6fe84000 r-xs 00000000 08:05 1575843    /var/cache/fontconfig/d60319d88cac85ba9e1a07bd06cfbb8c-le32d4.cache-3
6fe84000-6fe87000 r-xs 00000000 08:05 1576598    /var/cache/fontconfig/7ef2298fde41cc6eeb7af42e48b7d293-le32d4.cache-3
6fe87000-6fe95000 r-xs 00000000 08:05 1576043    /var/cache/fontconfig/865f88548240fee46819705c6468c165-le32d4.cache-3
6fe95000-6fed8000 r-xp 00000000 08:05 4466376    /usr/lib/jvm/java-6-sun-1.6.0.26/jre/lib/i386/xawt/libmawt.so
6fed8000-6feda000 rwxp 00043000 08:05 4466376    /usr/lib/jvm/java-6-sun-1.6.0.26/jre/lib/i386/xawt/libmawt.so
6feda000-6fedb000 rwxp 00000000 00:00 0 
6fedb000-6ff60000 r-xp 00000000 08:05 4466373    /usr/lib/jvm/java-6-sun-1.6.0.26/jre/lib/i386/libawt.so
6ff60000-6ff67000 rwxp 00085000 08:05 4466373    /usr/lib/jvm/java-6-sun-1.6.0.26/jre/lib/i386/libawt.so
6ff67000-6ff8b000 rwxp 00000000 00:00 0 
6ff8b000-6ff8e000 ---p 00000000 00:00 0 
6ff8e000-6ffdc000 rwxp 00000000 00:00 0 
6ffdc000-6ffdf000 ---p 00000000 00:00 0 
6ffdf000-7002d000 rwxp 00000000 00:00 0 
7002d000-70030000 ---p 00000000 00:00 0 
70030000-7007e000 rwxp 00000000 00:00 0 
7007e000-70085000 r-xp 00000000 08:05 4466363    /usr/lib/jvm/java-6-sun-1.6.0.26/jre/lib/i386/libnio.so
70085000-70086000 rwxp 00006000 08:05 4466363    /usr/lib/jvm/java-6-sun-1.6.0.26/jre/lib/i386/libnio.so
70086000-7009a000 r-xp 00000000 08:05 4466362    /usr/lib/jvm/java-6-sun-1.6.0.26/jre/lib/i386/libnet.so
7009a000-7009b000 rwxp 00013000 08:05 4466362    /usr/lib/jvm/java-6-sun-1.6.0.26/jre/lib/i386/libnet.so
7009b000-700fa000 r-xs 00baa000 08:05 4467347    /usr/lib/jvm/java-6-sun-1.6.0.26/lib/tools.jar
700fa000-70100000 r-xs 0001e000 08:05 4466761    /usr/lib/jvm/java-6-sun-1.6.0.26/lib/dt.jar
70100000-701fb000 rwxp 00000000 00:00 0 
701fb000-70200000 ---p 00000000 00:00 0 
70200000-70201000 r-xs 00000000 08:05 1575917    /var/cache/fontconfig/6a53c69dea097a2d716e069445527da8-le32d4.cache-3
70201000-70202000 r-xs 00000000 08:05 1583439    /var/cache/fontconfig/4794a0821666d79190d59a36cb4f44b5-le32d4.cache-3
70202000-70203000 r-xs 00001000 08:05 923239     /home/daniel/netbeans-7.0/platform/lib/locale/org-openide-util_zh_CN.jar
70203000-70204000 r-xs 00001000 08:05 923238     /home/daniel/netbeans-7.0/platform/lib/locale/org-openide-util_ru.jar
70204000-70205000 r-xs 00001000 08:05 923237     /home/daniel/netbeans-7.0/platform/lib/locale/org-openide-util_pt_BR.jar
70205000-70206000 r-xs 00001000 08:05 923236     /home/daniel/netbeans-7.0/platform/lib/locale/org-openide-util_ja.jar
70206000-70207000 r-xs 00000000 08:05 923247     /home/daniel/netbeans-7.0/platform/lib/locale/org-openide-util-lookup_zh_CN.jar
70207000-70208000 r-xs 00000000 08:05 923246     /home/daniel/netbeans-7.0/platform/lib/locale/org-openide-util-lookup_ru.jar
70208000-70209000 r-xs 00000000 08:05 923245     /home/daniel/netbeans-7.0/platform/lib/locale/org-openide-util-lookup_pt_BR.jar
70209000-7020a000 r-xs 00000000 08:05 923244     /home/daniel/netbeans-7.0/platform/lib/locale/org-openide-util-lookup_ja.jar
7020a000-7020b000 r-xs 00000000 08:05 923243     /home/daniel/netbeans-7.0/platform/lib/locale/org-openide-modules_zh_CN.jar
7020b000-7020c000 r-xs 00000000 08:05 923242     /home/daniel/netbeans-7.0/platform/lib/locale/org-openide-modules_ru.jar
7020c000-7020f000 ---p 00000000 00:00 0 
7020f000-7025d000 rwxp 00000000 00:00 0 
7025d000-70260000 ---p 00000000 00:00 0 
70260000-702ae000 rwxp 00000000 00:00 0 
702ae000-702af000 ---p 00000000 00:00 0 
702af000-7032f000 rwxp 00000000 00:00 0 
7032f000-70332000 ---p 00000000 00:00 0 
70332000-70380000 rwxp 00000000 00:00 0 
70380000-70383000 ---p 00000000 00:00 0 
70383000-70401000 rwxp 00000000 00:00 0 
70401000-70404000 ---p 00000000 00:00 0 
70404000-70482000 rwxp 00000000 00:00 0 
70482000-70485000 ---p 00000000 00:00 0 
70485000-704d3000 rwxp 00000000 00:00 0 
704d3000-704d6000 ---p 00000000 00:00 0 
704d6000-70524000 rwxp 00000000 00:00 0 
70524000-70527000 ---p 00000000 00:00 0 
70527000-70575000 rwxp 00000000 00:00 0 
70575000-70578000 ---p 00000000 00:00 0 
70578000-705c6000 rwxp 00000000 00:00 0 
705c6000-705c9000 ---p 00000000 00:00 0 
705c9000-70617000 rwxp 00000000 00:00 0 
70617000-7061a000 ---p 00000000 00:00 0 
7061a000-70668000 rwxp 00000000 00:00 0 
70668000-70800000 r-xs 03029000 08:05 4466583    /usr/lib/jvm/java-6-sun-1.6.0.26/jre/lib/rt.jar
70800000-708fa000 rwxp 00000000 00:00 0 
708fa000-70900000 ---p 00000000 00:00 0 
70900000-70901000 r-xs 00000000 08:05 923241     /home/daniel/netbeans-7.0/platform/lib/locale/org-openide-modules_pt_BR.jar
70901000-70902000 r-xs 00000000 08:05 923240     /home/daniel/netbeans-7.0/platform/lib/locale/org-openide-modules_ja.jar
70902000-70903000 r-xs 00000000 08:05 923251     /home/daniel/netbeans-7.0/platform/lib/locale/boot_zh_CN.jar
70903000-70904000 r-xs 00000000 08:05 923250     /home/daniel/netbeans-7.0/platform/lib/locale/boot_ru.jar
70904000-70905000 r-xs 00000000 08:05 923249     /home/daniel/netbeans-7.0/platform/lib/locale/boot_pt_BR.jar
70905000-70906000 r-xs 00000000 08:05 923248     /home/daniel/netbeans-7.0/platform/lib/locale/boot_ja.jar
70906000-7090d000 r-xs 000a7000 08:05 919624     /home/daniel/netbeans-7.0/platform/lib/org-openide-util.jar
7090d000-7090f000 r-xs 00008000 08:05 790332     /home/daniel/gephi/gephibzr/gephi/build/cluster/core/locale/core_gephi.jar
7090f000-70910000 r-xs 00001000 08:05 919620     /home/daniel/netbeans-7.0/platform/core/locale/core_zh_CN.jar
70910000-70911000 r-xs 00001000 08:05 919626     /home/daniel/netbeans-7.0/platform/core/locale/core_ja.jar
70911000-70912000 r-xs 00001000 08:05 919384     /home/daniel/netbeans-7.0/platform/core/locale/org-openide-filesystems_pt_BR.jar
70912000-70913000 r-xs 00001000 08:05 919619     /home/daniel/netbeans-7.0/platform/core/locale/core_pt_BR.jar
70913000-70914000 r-xs 00001000 08:05 919625     /home/daniel/netbeans-7.0/platform/core/locale/core_ru.jar
70914000-70915000 r-xs 00001000 08:05 919385     /home/daniel/netbeans-7.0/platform/core/locale/org-openide-filesystems_zh_CN.jar
70915000-70916000 r-xs 00001000 08:05 919437     /home/daniel/netbeans-7.0/platform/core/locale/org-openide-filesystems_ru.jar
70916000-70917000 ---p 00000000 00:00 0 
70917000-709cb000 rwxp 00000000 00:00 0 
709cb000-709cc000 ---p 00000000 00:00 0 
709cc000-70a4c000 rwxp 00000000 00:00 0 
70a4c000-70a4d000 ---p 00000000 00:00 0 
70a4d000-70ae1000 rwxp 00000000 00:00 0 
70ae1000-70aed000 rwxp 00000000 00:00 0 
70aed000-70b43000 rwxp 00000000 00:00 0 
70b43000-70c3b000 rwxp 00000000 00:00 0 
70c3b000-70c4f000 rwxp 00000000 00:00 0 
70c4f000-70c5b000 rwxp 00000000 00:00 0 
70c5b000-70cb1000 rwxp 00000000 00:00 0 
70cb1000-70da8000 rwxp 00000000 00:00 0 
70da8000-70dd3000 rwxp 00000000 00:00 0 
70dd3000-70e4f000 rwxp 00000000 00:00 0 
70e4f000-735d0000 rwxp 00000000 00:00 0 
735d0000-74e50000 rwxp 00000000 00:00 0 
74e50000-7f900000 rwxp 00000000 00:00 0 
7f900000-9e900000 rwxp 00000000 00:00 0 
9e900000-a3e50000 rwxp 00000000 00:00 0 
a3e50000-b3650000 rwxp 00000000 00:00 0 
b3650000-b3651000 r-xs 00001000 08:05 919436     /home/daniel/netbeans-7.0/platform/core/locale/org-openide-filesystems_ja.jar
b3651000-b3656000 r-xs 000b9000 08:05 919629     /home/daniel/netbeans-7.0/platform/core/core.jar
b3656000-b3661000 rwxp 00000000 00:00 0 
b3661000-b3716000 rwxp 00000000 00:00 0 
b3716000-b39a6000 rwxp 00000000 00:00 0 
b39a6000-b6716000 rwxp 00000000 00:00 0 
b6716000-b6725000 r-xp 00000000 08:05 4466358    /usr/lib/jvm/java-6-sun-1.6.0.26/jre/lib/i386/libzip.so
b6725000-b6727000 rwxp 0000e000 08:05 4466358    /usr/lib/jvm/java-6-sun-1.6.0.26/jre/lib/i386/libzip.so
b6727000-b6731000 r-xp 00000000 08:05 3547576    /lib/i386-linux-gnu/libnss_files-2.13.so
b6731000-b6732000 r-xp 00009000 08:05 3547576    /lib/i386-linux-gnu/libnss_files-2.13.so
b6732000-b6733000 rwxp 0000a000 08:05 3547576    /lib/i386-linux-gnu/libnss_files-2.13.so
b6733000-b673c000 r-xp 00000000 08:05 3547561    /lib/i386-linux-gnu/libnss_nis-2.13.so
b673c000-b673d000 r-xp 00008000 08:05 3547561    /lib/i386-linux-gnu/libnss_nis-2.13.so
b673d000-b673e000 rwxp 00009000 08:05 3547561    /lib/i386-linux-gnu/libnss_nis-2.13.so
b673e000-b6744000 r-xp 00000000 08:05 3547562    /lib/i386-linux-gnu/libnss_compat-2.13.so
b6744000-b6745000 r-xp 00005000 08:05 3547562    /lib/i386-linux-gnu/libnss_compat-2.13.so
b6745000-b6746000 rwxp 00006000 08:05 3547562    /lib/i386-linux-gnu/libnss_compat-2.13.so
b6746000-b6946000 r-xp 00000000 08:05 4326790    /usr/lib/locale/locale-archive
b6946000-b6980000 r-xp 00000000 08:05 4466391    /usr/lib/jvm/java-6-sun-1.6.0.26/jre/lib/i386/libjdwp.so
b6980000-b6981000 rwxp 00039000 08:05 4466391    /usr/lib/jvm/java-6-sun-1.6.0.26/jre/lib/i386/libjdwp.so
b6981000-b6994000 r-xp 00000000 08:05 3547557    /lib/i386-linux-gnu/libnsl-2.13.so
b6994000-b6995000 r-xp 00012000 08:05 3547557    /lib/i386-linux-gnu/libnsl-2.13.so
b6995000-b6996000 rwxp 00013000 08:05 3547557    /lib/i386-linux-gnu/libnsl-2.13.so
b6996000-b6998000 rwxp 00000000 00:00 0 
b6998000-b699f000 r-xs 000d0000 08:05 919577     /home/daniel/netbeans-7.0/platform/core/org-openide-filesystems.jar
b699f000-b69a2000 r-xs 00047000 08:05 919593     /home/daniel/netbeans-7.0/platform/lib/org-openide-util-lookup.jar
b69a2000-b69a5000 r-xp 00000000 08:05 4466392    /usr/lib/jvm/java-6-sun-1.6.0.26/jre/lib/i386/libdt_socket.so
b69a5000-b69a6000 rwxp 00003000 08:05 4466392    /usr/lib/jvm/java-6-sun-1.6.0.26/jre/lib/i386/libdt_socket.so
b69a6000-b69ae000 rwxs 00000000 08:05 2756851    /tmp/hsperfdata_daniel/15325 (deleted)
b69ae000-b69d1000 r-xp 00000000 08:05 4466355    /usr/lib/jvm/java-6-sun-1.6.0.26/jre/lib/i386/libjava.so
b69d1000-b69d3000 rwxp 00023000 08:05 4466355    /usr/lib/jvm/java-6-sun-1.6.0.26/jre/lib/i386/libjava.so
b69d3000-b69da000 r-xp 00000000 08:05 3547553    /lib/i386-linux-gnu/librt-2.13.so
b69da000-b69db000 r-xp 00006000 08:05 3547553    /lib/i386-linux-gnu/librt-2.13.so
b69db000-b69dc000 rwxp 00007000 08:05 3547553    /lib/i386-linux-gnu/librt-2.13.so
b69dc000-b69df000 ---p 00000000 00:00 0 
b69df000-b6a2d000 rwxp 00000000 00:00 0 
b6a2d000-b6a51000 r-xp 00000000 08:05 3547572    /lib/i386-linux-gnu/libm-2.13.so
b6a51000-b6a52000 r-xp 00023000 08:05 3547572    /lib/i386-linux-gnu/libm-2.13.so
b6a52000-b6a53000 rwxp 00024000 08:05 3547572    /lib/i386-linux-gnu/libm-2.13.so
b6a53000-b7205000 r-xp 00000000 08:05 4466343    /usr/lib/jvm/java-6-sun-1.6.0.26/jre/lib/i386/server/libjvm.so
b7205000-b7259000 rwxp 007b1000 08:05 4466343    /usr/lib/jvm/java-6-sun-1.6.0.26/jre/lib/i386/server/libjvm.so
b7259000-b7678000 rwxp 00000000 00:00 0 
b7678000-b77d2000 r-xp 00000000 08:05 3542501    /lib/i386-linux-gnu/libc-2.13.so
b77d2000-b77d3000 ---p 0015a000 08:05 3542501    /lib/i386-linux-gnu/libc-2.13.so
b77d3000-b77d5000 r-xp 0015a000 08:05 3542501    /lib/i386-linux-gnu/libc-2.13.so
b77d5000-b77d6000 rwxp 0015c000 08:05 3542501    /lib/i386-linux-gnu/libc-2.13.so
b77d6000-b77d9000 rwxp 00000000 00:00 0 
b77d9000-b77db000 r-xp 00000000 08:05 3547569    /lib/i386-linux-gnu/libdl-2.13.so
b77db000-b77dc000 r-xp 00001000 08:05 3547569    /lib/i386-linux-gnu/libdl-2.13.so
b77dc000-b77dd000 rwxp 00002000 08:05 3547569    /lib/i386-linux-gnu/libdl-2.13.so
b77dd000-b77e4000 r-xp 00000000 08:05 4466357    /usr/lib/jvm/java-6-sun-1.6.0.26/jre/lib/i386/jli/libjli.so
b77e4000-b77e6000 rwxp 00006000 08:05 4466357    /usr/lib/jvm/java-6-sun-1.6.0.26/jre/lib/i386/jli/libjli.so
b77e6000-b77e7000 rwxp 00000000 00:00 0 
b77e7000-b77fc000 r-xp 00000000 08:05 3547567    /lib/i386-linux-gnu/libpthread-2.13.so
b77fc000-b77fd000 r-xp 00015000 08:05 3547567    /lib/i386-linux-gnu/libpthread-2.13.so
b77fd000-b77fe000 rwxp 00016000 08:05 3547567    /lib/i386-linux-gnu/libpthread-2.13.so
b77fe000-b7800000 rwxp 00000000 00:00 0 
b7800000-b7801000 r-xs 00009000 08:05 919615     /home/daniel/netbeans-7.0/platform/lib/org-openide-modules.jar
b7801000-b7803000 r-xs 0005b000 08:05 919630     /home/daniel/netbeans-7.0/platform/lib/boot.jar
b7803000-b7804000 r-xp 002a1000 08:05 4326790    /usr/lib/locale/locale-archive
b7804000-b7807000 r-xp 00000000 08:05 4466359    /usr/lib/jvm/java-6-sun-1.6.0.26/jre/lib/i386/libnpt.so
b7807000-b7808000 rwxp 00002000 08:05 4466359    /usr/lib/jvm/java-6-sun-1.6.0.26/jre/lib/i386/libnpt.so
b7808000-b7809000 rwxp 00000000 00:00 0 
b7809000-b780a000 ---p 00000000 00:00 0 
b780a000-b7815000 r-xp 00000000 08:05 4466354    /usr/lib/jvm/java-6-sun-1.6.0.26/jre/lib/i386/libverify.so
b7815000-b7816000 rwxp 0000b000 08:05 4466354    /usr/lib/jvm/java-6-sun-1.6.0.26/jre/lib/i386/libverify.so
b7816000-b7818000 rwxp 00000000 00:00 0 
b7818000-b7819000 r-xp 00000000 00:00 0          [vdso]
b7819000-b7835000 r-xp 00000000 08:05 3547574    /lib/i386-linux-gnu/ld-2.13.so
b7835000-b7836000 r-xp 0001b000 08:05 3547574    /lib/i386-linux-gnu/ld-2.13.so
b7836000-b7837000 rwxp 0001c000 08:05 3547574    /lib/i386-linux-gnu/ld-2.13.so
bfc06000-bfc27000 rwxp 00000000 00:00 0          [stack]

VM Arguments:
jvm_args: -Djdk.home=/usr/lib/jvm/java-6-sun-1.6.0.26 -Dnetbeans.system_http_proxy=DIRECT -Dnetbeans.system_http_non_proxy_hosts= -Dnetbeans.dirs=/home/daniel/gephi/gephibzr/gephi/build/cluster:/home/daniel/netbeans-7.0/platform -Dnetbeans.home=/home/daniel/netbeans-7.0/platform -Dnetbeans.logger.console=true -ea -Xdebug -Xrunjdwp:transport=dt_socket,suspend=y,server=n,address=localhost.localdomain:36668 -Xms256m -Xmx1000m -Dsun.java2d.noddraw=true -Dsun.awt.noerasebackground=true -XX:+HeapDumpOnOutOfMemoryError -XX:HeapDumpPath=/home/daniel/gephi/gephibzr/gephi/build/testuserdir/var/log/heapdump.hprof 
java_command: org.netbeans.Main --userdir /home/daniel/gephi/gephibzr/gephi/build/testuserdir --branding gephi
Launcher Type: SUN_STANDARD

Environment Variables:
PATH=/usr/local/sbin:/usr/local/bin:/usr/sbin:/usr/bin:/sbin:/bin:/usr/games
USERNAME=daniel
LD_LIBRARY_PATH=/usr/lib/jvm/java-6-sun-1.6.0.26/jre/lib/i386/server:/usr/lib/jvm/java-6-sun-1.6.0.26/jre/lib/i386:/usr/lib/jvm/java-6-sun-1.6.0.26/jre/../lib/i386:/usr/lib/jvm/java-6-sun-1.6.0.26/jre/lib/i386/client:/usr/lib/jvm/java-6-sun-1.6.0.26/jre/lib/i386:/usr/lib/jvm/java-6-sun-1.6.0.26/jre/../lib/i386
SHELL=/bin/bash
DISPLAY=:0

Signal Handlers:
SIGSEGV: [libjvm.so+0x725510], sa_mask[0]=0x7ffbfeff, sa_flags=0x10000004
SIGBUS: [libjvm.so+0x725510], sa_mask[0]=0x7ffbfeff, sa_flags=0x10000004
SIGFPE: [libjvm.so+0x5dff20], sa_mask[0]=0x7ffbfeff, sa_flags=0x10000004
SIGPIPE: SIG_IGN, sa_mask[0]=0x00001000, sa_flags=0x10000000
SIGXFSZ: [libjvm.so+0x5dff20], sa_mask[0]=0x7ffbfeff, sa_flags=0x10000004
SIGILL: [libjvm.so+0x5dff20], sa_mask[0]=0x7ffbfeff, sa_flags=0x10000004
SIGUSR1: SIG_DFL, sa_mask[0]=0x00000000, sa_flags=0x00000000
SIGUSR2: [libjvm.so+0x5e3160], sa_mask[0]=0x00000004, sa_flags=0x10000004
SIGHUP: [libjvm.so+0x5e2d40], sa_mask[0]=0x7ffbfeff, sa_flags=0x10000004
SIGINT: SIG_IGN, sa_mask[0]=0x00000000, sa_flags=0x00000000
SIGTERM: [libjvm.so+0x5e2d40], sa_mask[0]=0x7ffbfeff, sa_flags=0x10000004
SIGQUIT: [libjvm.so+0x5e2d40], sa_mask[0]=0x7ffbfeff, sa_flags=0x10000004


---------------  S Y S T E M  ---------------

OS:squeeze/sid

uname:Linux 2.6.38-11-generic #48-Ubuntu SMP Fri Jul 29 19:05:14 UTC 2011 i686
libc:glibc 2.13 NPTL 2.13 
rlimit: STACK 8192k, CORE 0k, NPROC infinity, NOFILE 4096, AS infinity
load average:1.44 0.89 0.54

/proc/meminfo:
MemTotal:        1955572 kB
MemFree:           53500 kB
Buffers:           11520 kB
Cached:           379892 kB
SwapCached:        48384 kB
Active:          1154300 kB
Inactive:         642760 kB
Active(anon):    1047292 kB
Inactive(anon):   563956 kB
Active(file):     107008 kB
Inactive(file):    78804 kB
Unevictable:          16 kB
Mlocked:              16 kB
HighTotal:       1081776 kB
HighFree:           3012 kB
LowTotal:         873796 kB
LowFree:           50488 kB
SwapTotal:       4476924 kB
SwapFree:        3896884 kB
Dirty:               460 kB
Writeback:          2548 kB
AnonPages:       1393976 kB
Mapped:            88268 kB
Shmem:            205420 kB
Slab:              53632 kB
SReclaimable:      29260 kB
SUnreclaim:        24372 kB
KernelStack:        3616 kB
PageTables:        10092 kB
NFS_Unstable:          0 kB
Bounce:                0 kB
WritebackTmp:          0 kB
CommitLimit:     5454708 kB
Committed_AS:    4463444 kB
VmallocTotal:     122880 kB
VmallocUsed:       34724 kB
VmallocChunk:      48480 kB
HardwareCorrupted:     0 kB
HugePages_Total:       0
HugePages_Free:        0
HugePages_Rsvd:        0
HugePages_Surp:        0
Hugepagesize:       4096 kB
DirectMap4k:       16376 kB
DirectMap4M:      892928 kB


CPU:total 2 (2 cores per cpu, 1 threads per core) family 6 model 23 stepping 10, cmov, cx8, fxsr, mmx, sse, sse2, sse3, ssse3, sse4.1

/proc/cpuinfo:
processor	: 0
vendor_id	: GenuineIntel
cpu family	: 6
model		: 23
model name	: Intel(R) Core(TM)2 Duo CPU     L9600  @ 2.13GHz
stepping	: 10
cpu MHz		: 2134.000
cache size	: 6144 KB
physical id	: 0
siblings	: 2
core id		: 0
cpu cores	: 2
apicid		: 0
initial apicid	: 0
fdiv_bug	: no
hlt_bug		: no
f00f_bug	: no
coma_bug	: no
fpu		: yes
fpu_exception	: yes
cpuid level	: 13
wp		: yes
flags		: fpu vme de pse tsc msr pae mce cx8 apic mtrr pge mca cmov pat pse36 clflush dts acpi mmx fxsr sse sse2 ss ht tm pbe nx lm constant_tsc arch_perfmon pebs bts aperfmperf pni dtes64 monitor ds_cpl vmx smx est tm2 ssse3 cx16 xtpr pdcm sse4_1 xsave lahf_lm ida dts tpr_shadow vnmi flexpriority
bogomips	: 4255.02
clflush size	: 64
cache_alignment	: 64
address sizes	: 36 bits physical, 48 bits virtual
power management:

processor	: 1
vendor_id	: GenuineIntel
cpu family	: 6
model		: 23
model name	: Intel(R) Core(TM)2 Duo CPU     L9600  @ 2.13GHz
stepping	: 10
cpu MHz		: 2134.000
cache size	: 6144 KB
physical id	: 0
siblings	: 2
core id		: 1
cpu cores	: 2
apicid		: 1
initial apicid	: 1
fdiv_bug	: no
hlt_bug		: no
f00f_bug	: no
coma_bug	: no
fpu		: yes
fpu_exception	: yes
cpuid level	: 13
wp		: yes
flags		: fpu vme de pse tsc msr pae mce cx8 apic mtrr pge mca cmov pat pse36 clflush dts acpi mmx fxsr sse sse2 ss ht tm pbe nx lm constant_tsc arch_perfmon pebs bts aperfmperf pni dtes64 monitor ds_cpl vmx smx est tm2 ssse3 cx16 xtpr pdcm sse4_1 xsave lahf_lm ida dts tpr_shadow vnmi flexpriority
bogomips	: 4256.04
clflush size	: 64
cache_alignment	: 64
address sizes	: 36 bits physical, 48 bits virtual
power management:



Memory: 4k page, physical 1955572k(53500k free), swap 4476924k(3896884k free)

vm_info: Java HotSpot(TM) Server VM (20.1-b02) for linux-x86 JRE (1.6.0_26-b03), built on May  4 2011 01:04:10 by "java_re" with gcc 3.2.1-7a (J2SE release)

time: Thu Aug 25 16:02:04 2011
elapsed time: 186 seconds

