#
# A fatal error has been detected by the Java Runtime Environment:
#
#  SIGSEGV (0xb) at pc=0x0004160a, pid=22526, tid=1804675952
#
# JRE version: 6.0_26-b03
# Java VM: Java HotSpot(TM) Server VM (20.1-b02 mixed mode linux-x86 )
# Problematic frame:
# C  0x0004160a
[error occurred during error reporting (printing problematic frame), id 0xb]

# If you would like to submit a bug report, please visit:
#   http://java.sun.com/webapps/bugreport/crash.jsp
# The crash happened outside the Java Virtual Machine in native code.
# See problematic frame for where to report the bug.
#

---------------  T H R E A D  ---------------

Current thread (0x08baec00):  JavaThread "AWT-EventQueue-1" [_thread_in_native, id=22558, stack(0x6b8c2000,0x6b913000)]

siginfo:si_signo=SIGSEGV: si_errno=0, si_code=1 (SEGV_MAPERR), si_addr=0x0004160a

Registers:
EAX=0x087c8690, EBX=0x6ba3f588, ECX=0x05800086, EDX=0x0a360bd8
ESP=0x6b91171c, EBP=0x6b911768, ESI=0x6b911798, EDI=0x08baec00
EIP=0x0004160a, EFLAGS=0x00210216, CR2=0x0004160a

Top of Stack: (sp=0x6b91171c)
0x6b91171c:   6b9ae6c4 087c8690 05800086 0a360bd8
0x6b91172c:   756f8410 6b911730 710857e1 0a360bd8
0x6b91173c:   00000000 05800086 00000000 087c8690
0x6b91174c:   00000000 6b91179c b390efa7 00000000
0x6b91175c:   00000000 00000000 00000000 6b9117a8
0x6b91176c:   b3b47448 08baed20 6b911798 087c8690
0x6b91177c:   00000000 05800086 00000000 0a360bd8
0x6b91178c:   00000000 7301bb50 00000000 724843f8 

Instructions: (pc=0x0004160a)
0x000415ea:   
[error occurred during error reporting (printing registers, top of stack, instructions near pc), id 0xb]

Register to memory mapping:

EAX=0x087c8690 is an unknown value
EBX=
[error occurred during error reporting (printing register info), id 0xb]

Stack: [0x6b8c2000,0x6b913000],  sp=0x6b91171c,  free space=317k
Native frames: (J=compiled Java code, j=interpreted, Vv=VM code, C=native code)
C  0x0004160a
[error occurred during error reporting (printing native stack), id 0xb]

Java frames: (J=compiled Java code, j=interpreted, Vv=VM code)
J  com.sun.opengl.impl.x11.GLX.glXMakeCurrent(JJJ)Z
j  com.sun.opengl.impl.x11.X11GLContext.makeCurrentImpl()I+78
j  com.sun.opengl.impl.x11.X11OnscreenGLContext.makeCurrentImpl()I+32
j  com.sun.opengl.impl.GLContextImpl.makeCurrent()I+56
j  com.sun.opengl.impl.GLDrawableHelper.invokeGL(Ljavax/media/opengl/GLDrawable;Ljavax/media/opengl/GLContext;Ljava/lang/Runnable;Ljava/lang/Runnable;)V+308
J  java.awt.EventQueue$1.run()Ljava/lang/Object;
v  ~StubRoutines::call_stub
J  java.security.AccessController.doPrivileged(Ljava/security/PrivilegedAction;Ljava/security/AccessControlContext;)Ljava/lang/Object;
J  java.security.AccessControlContext$1.doIntersectionPrivilege(Ljava/security/PrivilegedAction;Ljava/security/AccessControlContext;Ljava/security/AccessControlContext;)Ljava/lang/Object;
j  java.awt.EventQueue.dispatchEvent(Ljava/awt/AWTEvent;)V+46
j  org.netbeans.core.TimableEventQueue.dispatchEvent(Ljava/awt/AWTEvent;)V+17
J  java.awt.EventDispatchThread.pumpOneEventForFilters(I)Z
j  java.awt.EventDispatchThread.pumpEventsForFilter(ILjava/awt/Conditional;Ljava/awt/EventFilter;)V+30
j  java.awt.EventDispatchThread.pumpEventsForHierarchy(ILjava/awt/Conditional;Ljava/awt/Component;)V+11
j  java.awt.EventDispatchThread.pumpEvents(ILjava/awt/Conditional;)V+4
j  java.awt.EventDispatchThread.pumpEvents(Ljava/awt/Conditional;)V+3
j  java.awt.EventDispatchThread.run()V+9
v  ~StubRoutines::call_stub

---------------  P R O C E S S  ---------------

Java Threads: ( => current thread )
  0x09f19c00 JavaThread "Filter Auto-Refresh" daemon [_thread_blocked, id=22598, stack(0x6463d000,0x6468e000)]
  0x08729400 JavaThread "Filter Thread" daemon [_thread_blocked, id=22596, stack(0x6ff0d000,0x6ff5e000)]
  0x08de8c00 JavaThread "attribute-event-bus" daemon [_thread_blocked, id=22587, stack(0x6725e000,0x672af000)]
  0x0af81800 JavaThread "graph-event-bus" daemon [_thread_blocked, id=22586, stack(0x672af000,0x67300000)]
  0x0b2e1c00 JavaThread "DHNS View Destructor" daemon [_thread_blocked, id=22585, stack(0x69d06000,0x69d57000)]
  0x685fc800 JavaThread "SimpleFPSAnimator" daemon [_thread_blocked, id=22576, stack(0x6ce26000,0x6ce77000)]
  0x0a495400 JavaThread "Timer-1" daemon [_thread_blocked, id=22564, stack(0x67eaf000,0x67f00000)]
  0x09e8b400 JavaThread "Dynamic Model EventDispatchThread" daemon [_thread_blocked, id=22563, stack(0x6b74a000,0x6b79b000)]
  0x08751c00 JavaThread "DestroyJavaVM" [_thread_blocked, id=22527, stack(0xb698f000,0xb69e0000)]
=>0x08baec00 JavaThread "AWT-EventQueue-1" [_thread_in_native, id=22558, stack(0x6b8c2000,0x6b913000)]
  0x089a4800 JavaThread "TimerQueue" daemon [_thread_blocked, id=22557, stack(0x6fa60000,0x6fab1000)]
  0x08ba2c00 JavaThread "Thread-2" daemon [_thread_blocked, id=22556, stack(0x6b913000,0x6b964000)]
  0x089a3c00 JavaThread "AWT-Shutdown" [_thread_blocked, id=22545, stack(0x6fb51000,0x6fba2000)]
  0x0892fc00 JavaThread "AWT-XAWT" daemon [_thread_blocked, id=22544, stack(0x6fba2000,0x6fbf3000)]
  0x087dac00 JavaThread "Java2D Disposer" daemon [_thread_blocked, id=22543, stack(0x6fc23000,0x6fc74000)]
  0x0874c000 JavaThread "CLI Requests Server" daemon [_thread_in_native, id=22540, stack(0x6ffaf000,0x70000000)]
  0x70af1800 JavaThread "Active Reference Queue Daemon" daemon [_thread_blocked, id=22539, stack(0x701af000,0x70200000)]
  0x70af3800 JavaThread "Timer-0" daemon [_thread_blocked, id=22538, stack(0x70349000,0x7039a000)]
  0x70a8b400 JavaThread "Low Memory Detector" daemon [_thread_blocked, id=22536, stack(0x70422000,0x70473000)]
  0x70a89400 JavaThread "C2 CompilerThread1" daemon [_thread_blocked, id=22535, stack(0x70473000,0x704f4000)]
  0x70a87400 JavaThread "C2 CompilerThread0" daemon [_thread_blocked, id=22534, stack(0x704f4000,0x70575000)]
  0x70a85c00 JavaThread "Signal Dispatcher" daemon [_thread_blocked, id=22533, stack(0x70575000,0x705c6000)]
  0x70a77400 JavaThread "Finalizer" daemon [_thread_blocked, id=22532, stack(0x707c6000,0x70817000)]
  0x70a75c00 JavaThread "Reference Handler" daemon [_thread_blocked, id=22531, stack(0x70817000,0x70868000)]

Other Threads:
  0x70a72000 VMThread [stack: 0x70b06000,0x70b87000] [id=22530]
  0x70a8d000 WatcherThread [stack: 0x703a1000,0x70422000] [id=22537]

VM state:not at safepoint (normal execution)

VM Mutex/Monitor currently owned by a thread: None

Heap
 PSYoungGen      total 78016K, used 13849K [0x9eaf0000, 0xa4b50000, 0xb3840000)
  eden space 62464K, 4% used [0x9eaf0000,0x9edb0a80,0xa27f0000)
  from space 15552K, 70% used [0xa3c20000,0xa46e5b68,0xa4b50000)
  to   space 18112K, 0% used [0xa27f0000,0xa27f0000,0xa39a0000)
 PSOldGen        total 174784K, used 10875K [0x75040000, 0x7faf0000, 0x9eaf0000)
  object space 174784K, 6% used [0x75040000,0x75adefb0,0x7faf0000)
 PSPermGen       total 37760K, used 37688K [0x71040000, 0x73520000, 0x75040000)
  object space 37760K, 99% used [0x71040000,0x7350e1f0,0x73520000)

Code Cache  [0xb390c000, 0xb3b74000, 0xb690c000)
 total_blobs=1303 nmethods=835 adapters=421 free_code_cache=47854976 largest_free_block=8320

Dynamic libraries:
08048000-08052000 r-xp 00000000 08:05 4466326    /usr/lib/jvm/java-6-sun-1.6.0.26/jre/bin/java
08052000-08053000 rwxp 00009000 08:05 4466326    /usr/lib/jvm/java-6-sun-1.6.0.26/jre/bin/java
0867e000-0b554000 rwxp 00000000 00:00 0          [heap]
5f74a000-5f7f0000 rwxs 00000000 00:04 393379904  /SYSV00000000 (deleted)
5f7f0000-5f8a0000 rwxs 00000000 00:04 393347120  /SYSV00000000 (deleted)
5f8a0000-5fa00000 rwxp 00000000 00:00 0 
5fa00000-5faf9000 rwxp 00000000 00:00 0 
5faf9000-5fb00000 ---p 00000000 00:00 0 
5fb00000-5fbf5000 rwxp 00000000 00:00 0 
5fbf5000-5fc00000 ---p 00000000 00:00 0 
5fc00000-5fcf9000 rwxp 00000000 00:00 0 
5fcf9000-5fd00000 ---p 00000000 00:00 0 
5fd00000-5fdf9000 rwxp 00000000 00:00 0 
5fdf9000-5fe00000 ---p 00000000 00:00 0 
5fe00000-5fefe000 rwxp 00000000 00:00 0 
5fefe000-5ff00000 ---p 00000000 00:00 0 
5ff00000-5fff9000 rwxp 00000000 00:00 0 
5fff9000-60000000 ---p 00000000 00:00 0 
60000000-600f9000 rwxp 00000000 00:00 0 
600f9000-60100000 ---p 00000000 00:00 0 
60100000-601fa000 rwxp 00000000 00:00 0 
601fa000-60200000 ---p 00000000 00:00 0 
60200000-602f9000 rwxp 00000000 00:00 0 
602f9000-60300000 ---p 00000000 00:00 0 
60300000-603f9000 rwxp 00000000 00:00 0 
603f9000-60400000 ---p 00000000 00:00 0 
60400000-604fa000 rwxp 00000000 00:00 0 
604fa000-60500000 ---p 00000000 00:00 0 
60500000-605fc000 rwxp 00000000 00:00 0 
605fc000-60600000 ---p 00000000 00:00 0 
60600000-606f9000 rwxp 00000000 00:00 0 
606f9000-60700000 ---p 00000000 00:00 0 
60700000-607fa000 rwxp 00000000 00:00 0 
607fa000-60800000 ---p 00000000 00:00 0 
60800000-608fb000 rwxp 00000000 00:00 0 
608fb000-60900000 ---p 00000000 00:00 0 
60900000-609f9000 rwxp 00000000 00:00 0 
609f9000-60a00000 ---p 00000000 00:00 0 
60a00000-60afa000 rwxp 00000000 00:00 0 
60afa000-60b00000 ---p 00000000 00:00 0 
60b00000-60bfa000 rwxp 00000000 00:00 0 
60bfa000-60c00000 ---p 00000000 00:00 0 
60c00000-60cfe000 rwxp 00000000 00:00 0 
60cfe000-60d00000 ---p 00000000 00:00 0 
60d00000-60dfa000 rwxp 00000000 00:00 0 
60dfa000-60e00000 ---p 00000000 00:00 0 
60e00000-60ef9000 rwxp 00000000 00:00 0 
60ef9000-60f00000 ---p 00000000 00:00 0 
60f00000-60fff000 rwxp 00000000 00:00 0 
60fff000-61000000 ---p 00000000 00:00 0 
61000000-610f9000 rwxp 00000000 00:00 0 
610f9000-61100000 ---p 00000000 00:00 0 
6117c000-61956000 r-xp 00000000 08:05 4981659    /usr/share/icons/hicolor/icon-theme.cache
61956000-63c00000 r-xp 00000000 08:05 4986347    /usr/share/icons/gnome/icon-theme.cache
63da5000-63dbe000 rwxs 00000000 00:04 393281598  /SYSV00000000 (deleted)
63dbe000-63dd7000 rwxs 00000000 00:04 393248829  /SYSV00000000 (deleted)
63dd7000-63efa000 r-xp 00000000 08:05 4325419    /usr/lib/libxml2.so.2.7.8
63efa000-63efe000 r-xp 00123000 08:05 4325419    /usr/lib/libxml2.so.2.7.8
63efe000-63eff000 rwxp 00127000 08:05 4325419    /usr/lib/libxml2.so.2.7.8
63eff000-63f00000 rwxp 00000000 00:00 0 
63f00000-63ffc000 rwxp 00000000 00:00 0 
63ffc000-64000000 ---p 00000000 00:00 0 
6403e000-6406f000 r-xp 00000000 08:05 4328358    /usr/lib/libcroco-0.6.so.3.0.1
6406f000-64070000 r-xp 00030000 08:05 4328358    /usr/lib/libcroco-0.6.so.3.0.1
64070000-64072000 rwxp 00031000 08:05 4328358    /usr/lib/libcroco-0.6.so.3.0.1
64072000-640a1000 r-xp 00000000 08:05 4332302    /usr/lib/librsvg-2.so.2.32.1
640a1000-640a2000 r-xp 0002e000 08:05 4332302    /usr/lib/librsvg-2.so.2.32.1
640a2000-640a3000 rwxp 0002f000 08:05 4332302    /usr/lib/librsvg-2.so.2.32.1
640a3000-640a4000 r-xp 00000000 08:05 4328829    /usr/lib/gdk-pixbuf-2.0/2.10.0/loaders/libpixbufloader-svg.so
640a4000-640a5000 r-xp 00000000 08:05 4328829    /usr/lib/gdk-pixbuf-2.0/2.10.0/loaders/libpixbufloader-svg.so
640a5000-640a6000 rwxp 00001000 08:05 4328829    /usr/lib/gdk-pixbuf-2.0/2.10.0/loaders/libpixbufloader-svg.so
640a6000-640c3000 r-xs 00000000 08:05 4719017    /usr/share/mime/mime.cache
640c3000-640fe000 r-xp 00000000 08:05 3545918    /lib/i386-linux-gnu/libdbus-1.so.3.5.4
640fe000-640ff000 r-xp 0003a000 08:05 3545918    /lib/i386-linux-gnu/libdbus-1.so.3.5.4
640ff000-64100000 rwxp 0003b000 08:05 3545918    /lib/i386-linux-gnu/libdbus-1.so.3.5.4
64100000-641f4000 rwxp 00000000 00:00 0 
641f4000-64200000 ---p 00000000 00:00 0 
6420a000-642f4000 r-xp 00000000 08:05 4985666    /usr/share/icons/Humanity/icon-theme.cache
642f4000-64300000 r-xp 00000000 08:05 4985701    /usr/share/icons/ubuntu-mono-dark/icon-theme.cache
64300000-643f5000 rwxp 00000000 00:00 0 
643f5000-64400000 ---p 00000000 00:00 0 
64400000-644fa000 rwxp 00000000 00:00 0 
644fa000-64500000 ---p 00000000 00:00 0 
64500000-645e8000 rwxp 00000000 00:00 0 
645e8000-64600000 ---p 00000000 00:00 0 
64612000-64625000 r-xp 00000000 08:05 4326352    /usr/lib/libgvfscommon.so.0.0.0
64625000-64626000 r-xp 00012000 08:05 4326352    /usr/lib/libgvfscommon.so.0.0.0
64626000-64627000 rwxp 00013000 08:05 4326352    /usr/lib/libgvfscommon.so.0.0.0
6463d000-64640000 ---p 00000000 00:00 0 
64640000-66563000 rwxp 00000000 00:00 0 
668e3000-668e6000 ---p 00000000 00:00 0 
668e6000-66d35000 rwxp 00000000 00:00 0 
66d35000-67100000 rwxs 00000000 00:04 392331278  /SYSV00000000 (deleted)
67100000-6712b000 rwxp 00000000 00:00 0 
6712b000-67200000 ---p 00000000 00:00 0 
6720d000-67210000 ---p 00000000 00:00 0 
67210000-6725e000 rwxp 00000000 00:00 0 
6725e000-67261000 ---p 00000000 00:00 0 
67261000-672af000 rwxp 00000000 00:00 0 
672af000-672b2000 ---p 00000000 00:00 0 
672b2000-67300000 rwxp 00000000 00:00 0 
67300000-673e1000 rwxp 00000000 00:00 0 
673e1000-67400000 ---p 00000000 00:00 0 
67400000-67500000 rwxp 00000000 00:00 0 
67500000-675fb000 rwxp 00000000 00:00 0 
675fb000-67600000 ---p 00000000 00:00 0 
67600000-67700000 rwxp 00000000 00:00 0 
67700000-677f3000 rwxp 00000000 00:00 0 
677f3000-67800000 ---p 00000000 00:00 0 
67800000-678fa000 rwxp 00000000 00:00 0 
678fa000-67900000 ---p 00000000 00:00 0 
67900000-679f4000 rwxp 00000000 00:00 0 
679f4000-67a00000 ---p 00000000 00:00 0 
67a14000-67a37000 r-xp 00000000 08:05 4333769    /usr/lib/gio/modules/libgvfsdbus.so
67a37000-67a38000 r-xp 00023000 08:05 4333769    /usr/lib/gio/modules/libgvfsdbus.so
67a38000-67a39000 rwxp 00024000 08:05 4333769    /usr/lib/gio/modules/libgvfsdbus.so
67a39000-67aff000 r-xp 00000000 08:05 4466372    /usr/lib/jvm/java-6-sun-1.6.0.26/jre/lib/i386/libmlib_image.so
67aff000-67b00000 rwxp 000c5000 08:05 4466372    /usr/lib/jvm/java-6-sun-1.6.0.26/jre/lib/i386/libmlib_image.so
67b00000-67bf4000 rwxp 00000000 00:00 0 
67bf4000-67c00000 ---p 00000000 00:00 0 
67c00000-67cf9000 rwxp 00000000 00:00 0 
67cf9000-67d00000 ---p 00000000 00:00 0 
67d00000-67dfb000 rwxp 00000000 00:00 0 
67dfb000-67e00000 ---p 00000000 00:00 0 
67e03000-67e0a000 rwxs 00000000 00:04 393117755  /SYSV00000000 (deleted)
67e0a000-67e0b000 rwxs 106b27000 00:05 7792      /dev/dri/card0
67e0b000-67e2b000 rwxs 106a88000 00:05 7792      /dev/dri/card0
67e2b000-67e2c000 rwxs 106b26000 00:05 7792      /dev/dri/card0
67e2c000-67e2d000 rwxs 106a29000 00:05 7792      /dev/dri/card0
67e2d000-67e2e000 rwxs 105c4e000 00:05 7792      /dev/dri/card0
67e2e000-67e2f000 rwxs 105d01000 00:05 7792      /dev/dri/card0
67e2f000-67e4f000 rwxs 106a68000 00:05 7792      /dev/dri/card0
67e4f000-67eaf000 rwxs 00000000 00:04 392364047  /SYSV00000000 (deleted)
67eaf000-67eb2000 ---p 00000000 00:00 0 
67eb2000-67f00000 rwxp 00000000 00:00 0 
67f00000-680f4000 rwxp 00000000 00:00 0 
680f4000-68100000 ---p 00000000 00:00 0 
68100000-68300000 rwxp 00000000 00:00 0 
68300000-683f1000 rwxp 00000000 00:00 0 
683f1000-68400000 ---p 00000000 00:00 0 
68400000-684ff000 rwxp 00000000 00:00 0 
684ff000-68500000 ---p 00000000 00:00 0 
68500000-685fd000 rwxp 00000000 00:00 0 
685fd000-68600000 ---p 00000000 00:00 0 
68600000-686fc000 rwxp 00000000 00:00 0 
686fc000-68700000 ---p 00000000 00:00 0 
68700000-68900000 rwxp 00000000 00:00 0 
68900000-68b00000 rwxp 00000000 00:00 0 
68b00000-68d00000 rwxp 00000000 00:00 0 
68d00000-68f00000 rwxp 00000000 00:00 0 
68f00000-69100000 rwxp 00000000 00:00 0 
69100000-69300000 rwxp 00000000 00:00 0 
69300000-69500000 rwxp 00000000 00:00 0 
69500000-69600000 rwxp 00000000 00:00 0 
69610000-696fa000 r-xp 00000000 08:05 4349248    /usr/lib/dri/libglsl.so
696fa000-696fe000 r-xp 000ea000 08:05 4349248    /usr/lib/dri/libglsl.so
696fe000-696ff000 rwxp 000ee000 08:05 4349248    /usr/lib/dri/libglsl.so
696ff000-69700000 rwxp 00000000 00:00 0 
69700000-69800000 rwxp 00000000 00:00 0 
69800000-6980b000 r-xp 00000000 08:05 3538947    /lib/i386-linux-gnu/libudev.so.0.11.1
6980b000-6980c000 r-xp 0000a000 08:05 3538947    /lib/i386-linux-gnu/libudev.so.0.11.1
6980c000-6980d000 rwxp 0000b000 08:05 3538947    /lib/i386-linux-gnu/libudev.so.0.11.1
6980d000-699e8000 r-xp 00000000 08:05 4349249    /usr/lib/dri/libdricore.so
699e8000-699ee000 r-xp 001db000 08:05 4349249    /usr/lib/dri/libdricore.so
699ee000-699f0000 rwxp 001e1000 08:05 4349249    /usr/lib/dri/libdricore.so
699f0000-69a00000 rwxp 00000000 00:00 0 
69a00000-69c00000 rwxp 00000000 00:00 0 
69c00000-69d00000 rwxp 00000000 00:00 0 
69d06000-69d09000 ---p 00000000 00:00 0 
69d09000-69d57000 rwxp 00000000 00:00 0 
69d57000-69dfb000 r-xp 00000000 08:05 4349235    /usr/lib/dri/i965_dri.so
69dfb000-69dfe000 r-xp 000a3000 08:05 4349235    /usr/lib/dri/i965_dri.so
69dfe000-69e00000 rwxp 000a6000 08:05 4349235    /usr/lib/dri/i965_dri.so
69e00000-6a000000 rwxp 00000000 00:00 0 
6a000000-6a200000 rwxp 00000000 00:00 0 
6a200000-6a400000 rwxp 00000000 00:00 0 
6a400000-6a600000 rwxp 00000000 00:00 0 
6a600000-6a800000 rwxp 00000000 00:00 0 
6a800000-6aa00000 rwxp 00000000 00:00 0 
6aa00000-6ac00000 rwxp 00000000 00:00 0 
6ac00000-6ae00000 rwxp 00000000 00:00 0 
6ae00000-6b000000 rwxp 00000000 00:00 0 
6b000000-6b200000 rwxp 00000000 00:00 0 
6b200000-6b400000 rwxp 00000000 00:00 0 
6b400000-6b600000 rwxp 00000000 00:00 0 
6b600000-6b700000 rwxp 00000000 00:00 0 
6b707000-6b74a000 rwxs 00000000 00:04 392953910  /SYSV00000000 (deleted)
6b74a000-6b74d000 ---p 00000000 00:00 0 
6b74d000-6b79b000 rwxp 00000000 00:00 0 
6b79b000-6b79e000 ---p 00000000 00:00 0 
6b79e000-6b7ec000 rwxp 00000000 00:00 0 
6b7f5000-6b815000 rwxs 00000000 00:04 393084986  /SYSV00000000 (deleted)
6b815000-6b81e000 r-xp 00000000 08:05 3539009    /lib/i386-linux-gnu/libdrm_intel.so.1.0.0
6b81e000-6b81f000 r-xp 00008000 08:05 3539009    /lib/i386-linux-gnu/libdrm_intel.so.1.0.0
6b81f000-6b820000 rwxp 00009000 08:05 3539009    /lib/i386-linux-gnu/libdrm_intel.so.1.0.0
6b820000-6b823000 ---p 00000000 00:00 0 
6b823000-6b871000 rwxp 00000000 00:00 0 
6b871000-6b874000 ---p 00000000 00:00 0 
6b874000-6b8c2000 rwxp 00000000 00:00 0 
6b8c2000-6b8c5000 ---p 00000000 00:00 0 
6b8c5000-6b913000 rwxp 00000000 00:00 0 
6b913000-6b916000 ---p 00000000 00:00 0 
6b916000-6b964000 rwxp 00000000 00:00 0 
6b964000-6ba3f000 r-xp 00000000 08:05 798015     /home/daniel/gephi/gephibzr/gephi/build/cluster/modules/lib/linux-i586/libjogl.so
6ba3f000-6ba40000 rwxp 000da000 08:05 798015     /home/daniel/gephi/gephibzr/gephi/build/cluster/modules/lib/linux-i586/libjogl.so
6ba40000-6ba5a000 r-xp 00000000 08:05 3539183    /lib/i386-linux-gnu/libgcc_s.so.1
6ba5a000-6ba5b000 r-xp 00019000 08:05 3539183    /lib/i386-linux-gnu/libgcc_s.so.1
6ba5b000-6ba5c000 rwxp 0001a000 08:05 3539183    /lib/i386-linux-gnu/libgcc_s.so.1
6ba5c000-6bb3b000 r-xp 00000000 08:05 4331457    /usr/lib/i386-linux-gnu/libstdc++.so.6.0.14
6bb3b000-6bb3f000 r-xp 000de000 08:05 4331457    /usr/lib/i386-linux-gnu/libstdc++.so.6.0.14
6bb3f000-6bb40000 rwxp 000e2000 08:05 4331457    /usr/lib/i386-linux-gnu/libstdc++.so.6.0.14
6bb40000-6bb47000 rwxp 00000000 00:00 0 
6bb47000-6bb90000 r-xp 00000000 08:05 4328243    /usr/lib/mesa/libGL.so.1.2
6bb90000-6bb91000 ---p 00049000 08:05 4328243    /usr/lib/mesa/libGL.so.1.2
6bb91000-6bb96000 r-xp 00049000 08:05 4328243    /usr/lib/mesa/libGL.so.1.2
6bb96000-6bb9c000 rwxp 0004e000 08:05 4328243    /usr/lib/mesa/libGL.so.1.2
6bb9c000-6bb9d000 rwxp 00000000 00:00 0 
6bba0000-6bbab000 r-xp 00000000 08:05 4985702    /usr/share/icons/Humanity-Dark/icon-theme.cache
6bbab000-6bbb3000 r-xs 00115000 08:05 4466410    /usr/lib/jvm/java-6-sun-1.6.0.26/jre/lib/resources.jar
6bbb3000-6bbb4000 ---p 00000000 00:00 0 
6bbb4000-6c3b4000 rwxp 00000000 00:00 0 
6c3b4000-6c3b5000 ---p 00000000 00:00 0 
6c3b5000-6cbb5000 rwxp 00000000 00:00 0 
6cbb5000-6cbca000 r-xp 00000000 08:05 4325840    /usr/lib/libdbusmenu-glib.so.3.0.14
6cbca000-6cbcb000 r-xp 00014000 08:05 4325840    /usr/lib/libdbusmenu-glib.so.3.0.14
6cbcb000-6cbcc000 rwxp 00015000 08:05 4325840    /usr/lib/libdbusmenu-glib.so.3.0.14
6cbcc000-6cbda000 r-xp 00000000 08:05 4326996    /usr/lib/libdbusmenu-gtk.so.3.0.14
6cbda000-6cbdb000 r-xp 0000d000 08:05 4326996    /usr/lib/libdbusmenu-gtk.so.3.0.14
6cbdb000-6cbdc000 rwxp 0000e000 08:05 4326996    /usr/lib/libdbusmenu-gtk.so.3.0.14
6cbdc000-6cbdd000 r-xp 00000000 08:05 798016     /home/daniel/gephi/gephibzr/gephi/build/cluster/modules/lib/linux-i586/libjogl_awt.so
6cbdd000-6cbde000 rwxp 00000000 08:05 798016     /home/daniel/gephi/gephibzr/gephi/build/cluster/modules/lib/linux-i586/libjogl_awt.so
6cbde000-6cbdf000 r-xp 00000000 08:05 4466387    /usr/lib/jvm/java-6-sun-1.6.0.26/jre/lib/i386/libjawt.so
6cbdf000-6cbe0000 rwxp 00000000 08:05 4466387    /usr/lib/jvm/java-6-sun-1.6.0.26/jre/lib/i386/libjawt.so
6cbe0000-6cbe8000 r-xp 00000000 08:05 3539143    /lib/i386-linux-gnu/libdrm.so.2.4.0
6cbe8000-6cbe9000 r-xp 00007000 08:05 3539143    /lib/i386-linux-gnu/libdrm.so.2.4.0
6cbe9000-6cbea000 rwxp 00008000 08:05 3539143    /lib/i386-linux-gnu/libdrm.so.2.4.0
6cbea000-6cbee000 r-xp 00000000 08:05 4329490    /usr/lib/i386-linux-gnu/libXxf86vm.so.1.0.0
6cbee000-6cbef000 r-xp 00003000 08:05 4329490    /usr/lib/i386-linux-gnu/libXxf86vm.so.1.0.0
6cbef000-6cbf0000 rwxp 00004000 08:05 4329490    /usr/lib/i386-linux-gnu/libXxf86vm.so.1.0.0
6cbf0000-6cbf1000 r-xp 00000000 08:05 798014     /home/daniel/gephi/gephibzr/gephi/build/cluster/modules/lib/linux-i586/libgluegen-rt.so
6cbf1000-6cbf2000 rwxp 00000000 08:05 798014     /home/daniel/gephi/gephibzr/gephi/build/cluster/modules/lib/linux-i586/libgluegen-rt.so
6cbf2000-6cbf6000 r-xp 00000000 08:05 4339973    /usr/lib/gtk-2.0/2.10.0/menuproxies/libappmenu.so
6cbf6000-6cbf7000 r-xp 00003000 08:05 4339973    /usr/lib/gtk-2.0/2.10.0/menuproxies/libappmenu.so
6cbf7000-6cbf8000 rwxp 00004000 08:05 4339973    /usr/lib/gtk-2.0/2.10.0/menuproxies/libappmenu.so
6cbf8000-6cbf9000 r-xp 00000000 08:05 4331894    /usr/lib/gtk-2.0/2.10.0/immodules/im-cedilla.so
6cbf9000-6cbfa000 r-xp 00000000 08:05 4331894    /usr/lib/gtk-2.0/2.10.0/immodules/im-cedilla.so
6cbfa000-6cbfb000 rwxp 00001000 08:05 4331894    /usr/lib/gtk-2.0/2.10.0/immodules/im-cedilla.so
6cbfb000-6cc4a000 r-xp 00000000 08:05 5244500    /usr/share/fonts/truetype/ttf-dejavu/DejaVuSansMono.ttf
6cc4a000-6cca2000 r-xp 00000000 08:05 5243956    /usr/share/fonts/truetype/ubuntu-font-family/Ubuntu-R.ttf
6cca2000-6cca4000 r-xp 00000000 08:05 4725402    /usr/lib/i386-linux-gnu/pango/1.6.0/modules/pango-basic-fc.so
6cca4000-6cca5000 r-xp 00001000 08:05 4725402    /usr/lib/i386-linux-gnu/pango/1.6.0/modules/pango-basic-fc.so
6cca5000-6cca6000 rwxp 00002000 08:05 4725402    /usr/lib/i386-linux-gnu/pango/1.6.0/modules/pango-basic-fc.so
6cca6000-6cca7000 r-xs 00000000 08:05 1575980    /var/cache/fontconfig/26de28bc8622bbc1fb67fd234c21975f-le32d4.cache-3
6cca7000-6cca8000 r-xs 00000000 08:05 1576028    /var/cache/fontconfig/c05880de57d1f5e948fdfacc138775d9-le32d4.cache-3
6cca8000-6ccae000 r-xs 00000000 08:05 1576020    /var/cache/fontconfig/945677eb7aeaf62f1d50efc3fb3ec7d8-le32d4.cache-3
6ccae000-6ccb0000 r-xs 00000000 08:05 1575744    /var/cache/fontconfig/99e8ed0e538f840c565b6ed5dad60d56-le32d4.cache-3
6ccb0000-6ccb3000 r-xs 00000000 08:05 1576002    /var/cache/fontconfig/e383d7ea5fbe662a33d9b44caf393297-le32d4.cache-3
6ccb3000-6ccb8000 r-xs 00000000 08:05 1575986    /var/cache/fontconfig/401a5dd6b567794a1d18dd9342dfa604-le32d4.cache-3
6ccb8000-6ccba000 r-xs 00000000 08:05 1575983    /var/cache/fontconfig/2cd17615ca594fa2959ae173292e504c-le32d4.cache-3
6ccba000-6ccbe000 r-xs 00000000 08:05 1575788    /var/cache/fontconfig/a755afe4a08bf5b97852ceb7400b47bc-le32d4.cache-3
6ccbe000-6ccc2000 r-xs 00000000 08:05 1575915    /var/cache/fontconfig/515ca1ebc4b18308bea979be5704f9db-le32d4.cache-3
6ccc2000-6ccc9000 r-xs 00000000 08:05 1575886    /var/cache/fontconfig/6d41288fd70b0be22e8c3a91e032eec0-le32d4.cache-3
6ccc9000-6ccd4000 r-xs 00000000 08:05 1575845    /var/cache/fontconfig/0f34bcd4b6ee430af32735b75db7f02b-le32d4.cache-3
6ccd4000-6ccf6000 r-xs 00000000 08:05 1575808    /var/cache/fontconfig/365b55f210c0a22e9a19e35191240f32-le32d4.cache-3
6ccf6000-6ccfe000 r-xs 00000000 08:05 1575802    /var/cache/fontconfig/d52a8644073d54c13679302ca1180695-le32d4.cache-3
6ccfe000-6cd0c000 r-xs 00000000 08:05 1575126    /var/cache/fontconfig/e13b20fdb08344e0e664864cc2ede53d-le32d4.cache-3
6cd0c000-6cd1a000 r-xs 00000000 08:05 1576043    /var/cache/fontconfig/865f88548240fee46819705c6468c165-le32d4.cache-3
6cd1a000-6cd32000 r-xs 00000000 08:05 1579274    /var/cache/fontconfig/165b9254a84ccada37e340049ffc8b30-le32d4.cache-3
6cd32000-6cd41000 r-xs 00667000 08:05 4466288    /usr/lib/jvm/java-6-sun-1.6.0.26/jre/lib/charsets.jar
6cd42000-6cd49000 rwxs 00000000 00:04 393150524  /SYSV00000000 (deleted)
6cd49000-6cd4e000 rwxs 00000000 00:04 393052217  /SYSV00000000 (deleted)
6cd4e000-6cd58000 rwxs 00000000 00:04 393019448  /SYSV00000000 (deleted)
6cd58000-6cd5e000 rwxs 00000000 00:04 392986679  /SYSV00000000 (deleted)
6cd63000-6cd65000 r-xp 00000000 08:05 3547560    /lib/i386-linux-gnu/libutil-2.13.so
6cd65000-6cd66000 r-xp 00001000 08:05 3547560    /lib/i386-linux-gnu/libutil-2.13.so
6cd66000-6cd67000 rwxp 00002000 08:05 3547560    /lib/i386-linux-gnu/libutil-2.13.so
6cd67000-6cd6c000 rwxs 00000000 00:04 393183277  /SYSV00000000 (deleted)
6cd6c000-6cd73000 rwxs 00000000 00:04 392691756  /SYSV00000000 (deleted)
6cd73000-6cd7a000 rwxs 00000000 00:04 392658987  /SYSV00000000 (deleted)
6cd7a000-6cd7d000 rwxs 00000000 00:04 392626218  /SYSV00000000 (deleted)
6cd7d000-6cd80000 rwxs 00000000 00:04 392593449  /SYSV00000000 (deleted)
6cd80000-6cd83000 ---p 00000000 00:00 0 
6cd83000-6cdd1000 rwxp 00000000 00:00 0 
6cdd1000-6cdd5000 rwxs 106b81000 00:05 7792      /dev/dri/card0
6cdd5000-6cdd8000 ---p 00000000 00:00 0 
6cdd8000-6ce26000 rwxp 00000000 00:00 0 
6ce26000-6ce29000 ---p 00000000 00:00 0 
6ce29000-6ce77000 rwxp 00000000 00:00 0 
6ce77000-6ce7f000 rwxs 106b79000 00:05 7792      /dev/dri/card0
6ce7f000-6ce87000 rwxs 106b71000 00:05 7792      /dev/dri/card0
6ce87000-6ce8f000 rwxs 106b69000 00:05 7792      /dev/dri/card0
6ce8f000-6ce97000 rwxs 106b61000 00:05 7792      /dev/dri/card0
6ce97000-6ce9f000 rwxs 106b59000 00:05 7792      /dev/dri/card0
6ce9f000-6cea3000 rwxs 106b55000 00:05 7792      /dev/dri/card0
6cea3000-6d728000 rwxp 00000000 00:00 0 
6d728000-6d72b000 ---p 00000000 00:00 0 
6d72b000-6d779000 rwxp 00000000 00:00 0 
6d779000-6d78c000 r-xp 00000000 08:05 2756857    /tmp/jna2917823743756124032.tmp
6d78c000-6d78d000 rwxp 00013000 08:05 2756857    /tmp/jna2917823743756124032.tmp
6d78d000-6d7a6000 rwxs 00000000 00:04 392560680  /SYSV00000000 (deleted)
6d7a6000-6d7fb000 rwxs 00000000 00:04 392495142  /SYSV00000000 (deleted)
6d7fb000-6d810000 r-xp 00000000 08:05 4466371    /usr/lib/jvm/java-6-sun-1.6.0.26/jre/lib/i386/libdcpr.so
6d810000-6d823000 rwxp 00014000 08:05 4466371    /usr/lib/jvm/java-6-sun-1.6.0.26/jre/lib/i386/libdcpr.so
6d824000-6d825000 r-xs 00000000 08:05 534616     /home/daniel/.local/share/mime/mime.cache
6d825000-6d868000 rwxs 00000000 00:04 392921141  /SYSV00000000 (deleted)
6d868000-6d881000 rwxs 00000000 00:04 392888372  /SYSV00000000 (deleted)
6d881000-6d89a000 rwxs 00000000 00:04 392855602  /SYSV00000000 (deleted)
6d89a000-6d89f000 rwxs 00000000 00:04 392822833  /SYSV00000000 (deleted)
6d89f000-6d8a5000 rwxs 00000000 00:04 392790053  /SYSV00000000 (deleted)
6d8a5000-6d8a9000 rwxs 106acb000 00:05 7792      /dev/dri/card0
6d8a9000-6d8fd000 r-xp 00000000 08:05 4466383    /usr/lib/jvm/java-6-sun-1.6.0.26/jre/lib/i386/libcmm.so
6d8fd000-6d900000 rwxp 00054000 08:05 4466383    /usr/lib/jvm/java-6-sun-1.6.0.26/jre/lib/i386/libcmm.so
6d900000-6d908000 rwxs 00000000 00:04 392429604  /SYSV00000000 (deleted)
6d908000-6d910000 rwxs 00000000 00:04 392396835  /SYSV00000000 (deleted)
6d910000-6d913000 ---p 00000000 00:00 0 
6d913000-6d961000 rwxp 00000000 00:00 0 
6d961000-6d967000 r-xp 00000000 08:05 4466364    /usr/lib/jvm/java-6-sun-1.6.0.26/jre/lib/i386/libmanagement.so
6d967000-6d968000 rwxp 00005000 08:05 4466364    /usr/lib/jvm/java-6-sun-1.6.0.26/jre/lib/i386/libmanagement.so
6d968000-6d995000 r-xp 00000000 08:05 4325876    /usr/lib/gtk-2.0/2.10.0/engines/libmurrine.so
6d995000-6d996000 r-xp 0002c000 08:05 4325876    /usr/lib/gtk-2.0/2.10.0/engines/libmurrine.so
6d996000-6d997000 rwxp 0002d000 08:05 4325876    /usr/lib/gtk-2.0/2.10.0/engines/libmurrine.so
6d997000-6d99c000 r-xp 00000000 08:05 4328876    /usr/lib/libogg.so.0.7.0
6d99c000-6d99d000 r-xp 00004000 08:05 4328876    /usr/lib/libogg.so.0.7.0
6d99d000-6d99e000 rwxp 00005000 08:05 4328876    /usr/lib/libogg.so.0.7.0
6d99e000-6d9c3000 r-xp 00000000 08:05 4329115    /usr/lib/libvorbis.so.0.4.5
6d9c3000-6d9c4000 r-xp 00025000 08:05 4329115    /usr/lib/libvorbis.so.0.4.5
6d9c4000-6d9c5000 rwxp 00026000 08:05 4329115    /usr/lib/libvorbis.so.0.4.5
6d9c5000-6d9cc000 r-xp 00000000 08:05 4327081    /usr/lib/libltdl.so.7.2.1
6d9cc000-6d9cd000 r-xp 00006000 08:05 4327081    /usr/lib/libltdl.so.7.2.1
6d9cd000-6d9ce000 rwxp 00007000 08:05 4327081    /usr/lib/libltdl.so.7.2.1
6d9ce000-6d9dd000 r-xp 00000000 08:05 4326562    /usr/lib/libtdb.so.1.2.9
6d9dd000-6d9de000 r-xp 0000e000 08:05 4326562    /usr/lib/libtdb.so.1.2.9
6d9de000-6d9df000 rwxp 0000f000 08:05 4326562    /usr/lib/libtdb.so.1.2.9
6d9df000-6d9e6000 r-xp 00000000 08:05 4329060    /usr/lib/libvorbisfile.so.3.3.4
6d9e6000-6d9e7000 r-xp 00006000 08:05 4329060    /usr/lib/libvorbisfile.so.3.3.4
6d9e7000-6d9e8000 rwxp 00007000 08:05 4329060    /usr/lib/libvorbisfile.so.3.3.4
6d9e8000-6d9f6000 r-xp 00000000 08:05 4326490    /usr/lib/libcanberra.so.0.2.5
6d9f6000-6d9f7000 r-xp 0000d000 08:05 4326490    /usr/lib/libcanberra.so.0.2.5
6d9f7000-6d9f8000 rwxp 0000e000 08:05 4326490    /usr/lib/libcanberra.so.0.2.5
6d9f8000-6d9fa000 r-xs 00000000 08:05 1580660    /var/cache/fontconfig/b5ea634b0fb353b8ea17632d1f9ef766-le32d4.cache-3
6d9fa000-6d9fe000 r-xs 00000000 08:05 1580038    /var/cache/fontconfig/926e794c3d5e5dffcaf2fa83ef8d36c2-le32d4.cache-3
6d9fe000-6da01000 r-xs 00000000 08:05 1575945    /var/cache/fontconfig/6eb3985aa4124903f6ff08ba781cd364-le32d4.cache-3
6da01000-6da04000 r-xs 00000000 08:05 1575843    /var/cache/fontconfig/d60319d88cac85ba9e1a07bd06cfbb8c-le32d4.cache-3
6da04000-6da0b000 r-xp 00000000 08:05 4328482    /usr/lib/gtk-2.0/2.10.0/engines/libpixmap.so
6da0b000-6da0c000 ---p 00007000 08:05 4328482    /usr/lib/gtk-2.0/2.10.0/engines/libpixmap.so
6da0c000-6da0d000 r-xp 00007000 08:05 4328482    /usr/lib/gtk-2.0/2.10.0/engines/libpixmap.so
6da0d000-6da0e000 rwxp 00008000 08:05 4328482    /usr/lib/gtk-2.0/2.10.0/engines/libpixmap.so
6da0e000-6da34000 r-xp 00000000 08:05 3538983    /lib/i386-linux-gnu/libexpat.so.1.5.2
6da34000-6da35000 ---p 00026000 08:05 3538983    /lib/i386-linux-gnu/libexpat.so.1.5.2
6da35000-6da37000 r-xp 00026000 08:05 3538983    /lib/i386-linux-gnu/libexpat.so.1.5.2
6da37000-6da38000 rwxp 00028000 08:05 3538983    /lib/i386-linux-gnu/libexpat.so.1.5.2
6da38000-6da51000 r-xp 00000000 08:05 3538994    /lib/i386-linux-gnu/libselinux.so.1
6da51000-6da52000 r-xp 00018000 08:05 3538994    /lib/i386-linux-gnu/libselinux.so.1
6da52000-6da53000 rwxp 00019000 08:05 3538994    /lib/i386-linux-gnu/libselinux.so.1
6da53000-6da64000 r-xp 00000000 08:05 3542500    /lib/i386-linux-gnu/libresolv-2.13.so
6da64000-6da65000 r-xp 00010000 08:05 3542500    /lib/i386-linux-gnu/libresolv-2.13.so
6da65000-6da66000 rwxp 00011000 08:05 3542500    /lib/i386-linux-gnu/libresolv-2.13.so
6da66000-6da68000 rwxp 00000000 00:00 0 
6da68000-6daa5000 r-xp 00000000 08:05 3539185    /lib/i386-linux-gnu/libpcre.so.3.12.1
6daa5000-6daa6000 r-xp 0003c000 08:05 3539185    /lib/i386-linux-gnu/libpcre.so.3.12.1
6daa6000-6daa7000 rwxp 0003d000 08:05 3539185    /lib/i386-linux-gnu/libpcre.so.3.12.1
6daa7000-6daba000 r-xp 00000000 08:05 3538986    /lib/i386-linux-gnu/libz.so.1.2.3.4
6daba000-6dabb000 r-xp 00012000 08:05 3538986    /lib/i386-linux-gnu/libz.so.1.2.3.4
6dabb000-6dabc000 rwxp 00013000 08:05 3538986    /lib/i386-linux-gnu/libz.so.1.2.3.4
6dabc000-6dadf000 r-xp 00000000 08:05 3538990    /lib/i386-linux-gnu/libpng12.so.0.44.0
6dadf000-6dae0000 r-xp 00022000 08:05 3538990    /lib/i386-linux-gnu/libpng12.so.0.44.0
6dae0000-6dae1000 rwxp 00023000 08:05 3538990    /lib/i386-linux-gnu/libpng12.so.0.44.0
6dae1000-6db48000 r-xp 00000000 08:05 4326388    /usr/lib/libpixman-1.so.0.20.2
6db48000-6db49000 ---p 00067000 08:05 4326388    /usr/lib/libpixman-1.so.0.20.2
6db49000-6db4c000 r-xp 00067000 08:05 4326388    /usr/lib/libpixman-1.so.0.20.2
6db4c000-6db4d000 rwxp 0006a000 08:05 4326388    /usr/lib/libpixman-1.so.0.20.2
6db4d000-6dc22000 r-xp 00000000 08:05 3539080    /lib/i386-linux-gnu/libglib-2.0.so.0.2800.6
6dc22000-6dc23000 r-xp 000d4000 08:05 3539080    /lib/i386-linux-gnu/libglib-2.0.so.0.2800.6
6dc23000-6dc24000 rwxp 000d5000 08:05 3539080    /lib/i386-linux-gnu/libglib-2.0.so.0.2800.6
6dc24000-6dd22000 r-xp 00000000 08:05 4332912    /usr/lib/i386-linux-gnu/libgio-2.0.so.0.2800.6
6dd22000-6dd23000 ---p 000fe000 08:05 4332912    /usr/lib/i386-linux-gnu/libgio-2.0.so.0.2800.6
6dd23000-6dd25000 r-xp 000fe000 08:05 4332912    /usr/lib/i386-linux-gnu/libgio-2.0.so.0.2800.6
6dd25000-6dd26000 rwxp 00100000 08:05 4332912    /usr/lib/i386-linux-gnu/libgio-2.0.so.0.2800.6
6dd26000-6dd27000 rwxp 00000000 00:00 0 
6dd27000-6e0f8000 r-xp 00000000 08:05 4331892    /usr/lib/libgtk-x11-2.0.so.0.2400.4
6e0f8000-6e0fc000 r-xp 003d0000 08:05 4331892    /usr/lib/libgtk-x11-2.0.so.0.2400.4
6e0fc000-6e0fe000 rwxp 003d4000 08:05 4331892    /usr/lib/libgtk-x11-2.0.so.0.2400.4
6e0fe000-6e100000 rwxp 00000000 00:00 0 
6e100000-6e200000 rwxp 00000000 00:00 0 
6e200000-6e201000 rwxp 00000000 00:00 0 
6e201000-6e204000 r-xs 00000000 08:05 1576598    /var/cache/fontconfig/7ef2298fde41cc6eeb7af42e48b7d293-le32d4.cache-3
6e204000-6e249000 r-xp 00000000 08:05 4328915    /usr/lib/i386-linux-gnu/libgobject-2.0.so.0.2800.6
6e249000-6e24a000 r-xp 00044000 08:05 4328915    /usr/lib/i386-linux-gnu/libgobject-2.0.so.0.2800.6
6e24a000-6e24b000 rwxp 00045000 08:05 4328915    /usr/lib/i386-linux-gnu/libgobject-2.0.so.0.2800.6
6e24b000-6e278000 r-xp 00000000 08:05 4325572    /usr/lib/i386-linux-gnu/libfontconfig.so.1.4.4
6e278000-6e279000 r-xp 0002c000 08:05 4325572    /usr/lib/i386-linux-gnu/libfontconfig.so.1.4.4
6e279000-6e27a000 rwxp 0002d000 08:05 4325572    /usr/lib/i386-linux-gnu/libfontconfig.so.1.4.4
6e27a000-6e2fb000 r-xp 00000000 08:05 4325615    /usr/lib/i386-linux-gnu/libfreetype.so.6.6.2
6e2fb000-6e2ff000 r-xp 00080000 08:05 4325615    /usr/lib/i386-linux-gnu/libfreetype.so.6.6.2
6e2ff000-6e300000 rwxp 00084000 08:05 4325615    /usr/lib/i386-linux-gnu/libfreetype.so.6.6.2
6e300000-6e3f3000 rwxp 00000000 00:00 0 
6e3f3000-6e400000 ---p 00000000 00:00 0 
6e400000-6e4f6000 rwxp 00000000 00:00 0 
6e4f6000-6e500000 ---p 00000000 00:00 0 
6e500000-6e5f6000 rwxp 00000000 00:00 0 
6e5f6000-6e600000 ---p 00000000 00:00 0 
6e600000-6e6ff000 rwxp 00000000 00:00 0 
6e6ff000-6e700000 ---p 00000000 00:00 0 
6e700000-6e7fe000 rwxp 00000000 00:00 0 
6e7fe000-6e800000 ---p 00000000 00:00 0 
6e800000-6e8fb000 rwxp 00000000 00:00 0 
6e8fb000-6e900000 ---p 00000000 00:00 0 
6e900000-6e9fb000 rwxp 00000000 00:00 0 
6e9fb000-6ea00000 ---p 00000000 00:00 0 
6ea00000-6ea01000 r-xs 00000000 08:05 1575740    /var/cache/fontconfig/e7071f4a29fa870f4323321c154eba04-le32d4.cache-3
6ea01000-6ea07000 r-xp 00000000 08:05 4325996    /usr/lib/i386-linux-gnu/libxcb-render.so.0.0.0
6ea07000-6ea08000 r-xp 00005000 08:05 4325996    /usr/lib/i386-linux-gnu/libxcb-render.so.0.0.0
6ea08000-6ea09000 rwxp 00006000 08:05 4325996    /usr/lib/i386-linux-gnu/libxcb-render.so.0.0.0
6ea09000-6ea0b000 r-xp 00000000 08:05 4326159    /usr/lib/i386-linux-gnu/libxcb-shm.so.0.0.0
6ea0b000-6ea0c000 r-xp 00001000 08:05 4326159    /usr/lib/i386-linux-gnu/libxcb-shm.so.0.0.0
6ea0c000-6ea0d000 rwxp 00002000 08:05 4326159    /usr/lib/i386-linux-gnu/libxcb-shm.so.0.0.0
6ea0d000-6ea4b000 r-xp 00000000 08:05 4325711    /usr/lib/i386-linux-gnu/libpango-1.0.so.0.2800.4
6ea4b000-6ea4c000 r-xp 0003e000 08:05 4325711    /usr/lib/i386-linux-gnu/libpango-1.0.so.0.2800.4
6ea4c000-6ea4d000 rwxp 0003f000 08:05 4325711    /usr/lib/i386-linux-gnu/libpango-1.0.so.0.2800.4
6ea4d000-6eafb000 r-xp 00000000 08:05 4326380    /usr/lib/libcairo.so.2.11000.2
6eafb000-6eafc000 ---p 000ae000 08:05 4326380    /usr/lib/libcairo.so.2.11000.2
6eafc000-6eafd000 r-xp 000ae000 08:05 4326380    /usr/lib/libcairo.so.2.11000.2
6eafd000-6eafe000 rwxp 000af000 08:05 4326380    /usr/lib/libcairo.so.2.11000.2
6eafe000-6eb00000 rwxp 00000000 00:00 0 
6eb00000-6ebfd000 rwxp 00000000 00:00 0 
6ebfd000-6ec00000 ---p 00000000 00:00 0 
6ec00000-6ecfa000 rwxp 00000000 00:00 0 
6ecfa000-6ed00000 ---p 00000000 00:00 0 
6ed00000-6edff000 rwxp 00000000 00:00 0 
6edff000-6ee00000 ---p 00000000 00:00 0 
6ee00000-6ee06000 r-xp 00000000 08:05 4333381    /usr/lib/i386-linux-gnu/libXrandr.so.2.2.0
6ee06000-6ee07000 r-xp 00005000 08:05 4333381    /usr/lib/i386-linux-gnu/libXrandr.so.2.2.0
6ee07000-6ee08000 rwxp 00006000 08:05 4333381    /usr/lib/i386-linux-gnu/libXrandr.so.2.2.0
6ee08000-6ee0a000 r-xp 00000000 08:05 4333368    /usr/lib/i386-linux-gnu/libXinerama.so.1.0.0
6ee0a000-6ee0b000 r-xp 00001000 08:05 4333368    /usr/lib/i386-linux-gnu/libXinerama.so.1.0.0
6ee0b000-6ee0c000 rwxp 00002000 08:05 4333368    /usr/lib/i386-linux-gnu/libXinerama.so.1.0.0
6ee0c000-6ee31000 r-xp 00000000 08:05 4325713    /usr/lib/i386-linux-gnu/libpangoft2-1.0.so.0.2800.4
6ee31000-6ee32000 ---p 00025000 08:05 4325713    /usr/lib/i386-linux-gnu/libpangoft2-1.0.so.0.2800.4
6ee32000-6ee33000 r-xp 00025000 08:05 4325713    /usr/lib/i386-linux-gnu/libpangoft2-1.0.so.0.2800.4
6ee33000-6ee34000 rwxp 00026000 08:05 4325713    /usr/lib/i386-linux-gnu/libpangoft2-1.0.so.0.2800.4
6ee34000-6ee4f000 r-xp 00000000 08:05 4326627    /usr/lib/libgdk_pixbuf-2.0.so.0.2300.3
6ee4f000-6ee50000 r-xp 0001a000 08:05 4326627    /usr/lib/libgdk_pixbuf-2.0.so.0.2300.3
6ee50000-6ee51000 rwxp 0001b000 08:05 4326627    /usr/lib/libgdk_pixbuf-2.0.so.0.2300.3
6ee51000-6eee6000 r-xp 00000000 08:05 4349290    /usr/lib/libgdk-x11-2.0.so.0.2400.4
6eee6000-6eee7000 ---p 00095000 08:05 4349290    /usr/lib/libgdk-x11-2.0.so.0.2400.4
6eee7000-6eee9000 r-xp 00095000 08:05 4349290    /usr/lib/libgdk-x11-2.0.so.0.2400.4
6eee9000-6eeea000 rwxp 00097000 08:05 4349290    /usr/lib/libgdk-x11-2.0.so.0.2400.4
6eeea000-6eeeb000 r-xs 00000000 08:05 1575924    /var/cache/fontconfig/4c73fe0c47614734b17d736dbde7580a-le32d4.cache-3
6eeeb000-6eeee000 r-xp 00000000 08:05 4329344    /usr/lib/libcanberra-gtk.so.0.1.8
6eeee000-6eeef000 r-xp 00002000 08:05 4329344    /usr/lib/libcanberra-gtk.so.0.1.8
6eeef000-6eef0000 rwxp 00003000 08:05 4329344    /usr/lib/libcanberra-gtk.so.0.1.8
6eef0000-6eef4000 r-xp 00000000 08:05 4327695    /usr/lib/gtk-2.0/modules/libcanberra-gtk-module.so
6eef4000-6eef5000 r-xp 00003000 08:05 4327695    /usr/lib/gtk-2.0/modules/libcanberra-gtk-module.so
6eef5000-6eef6000 rwxp 00004000 08:05 4327695    /usr/lib/gtk-2.0/modules/libcanberra-gtk-module.so
6eef6000-6eefe000 r-xp 00000000 08:05 4325660    /usr/lib/liboverlay-scrollbar-0.1.so.0.0.12
6eefe000-6eeff000 r-xp 00007000 08:05 4325660    /usr/lib/liboverlay-scrollbar-0.1.so.0.0.12
6eeff000-6ef00000 rwxp 00008000 08:05 4325660    /usr/lib/liboverlay-scrollbar-0.1.so.0.0.12
6ef00000-6eff9000 rwxp 00000000 00:00 0 
6eff9000-6f000000 ---p 00000000 00:00 0 
6f000000-6f0c3000 rwxp 00000000 00:00 0 
6f0c3000-6f100000 ---p 00000000 00:00 0 
6f100000-6f1ff000 rwxp 00000000 00:00 0 
6f1ff000-6f200000 ---p 00000000 00:00 0 
6f200000-6f2fe000 rwxp 00000000 00:00 0 
6f2fe000-6f300000 ---p 00000000 00:00 0 
6f300000-6f3fa000 rwxp 00000000 00:00 0 
6f3fa000-6f400000 ---p 00000000 00:00 0 
6f400000-6f403000 r-xp 00000000 08:05 4332911    /usr/lib/i386-linux-gnu/libgthread-2.0.so.0.2800.6
6f403000-6f404000 r-xp 00003000 08:05 4332911    /usr/lib/i386-linux-gnu/libgthread-2.0.so.0.2800.6
6f404000-6f405000 rwxp 00004000 08:05 4332911    /usr/lib/i386-linux-gnu/libgthread-2.0.so.0.2800.6
6f405000-6f407000 r-xp 00000000 08:05 4332910    /usr/lib/i386-linux-gnu/libgmodule-2.0.so.0.2800.6
6f407000-6f408000 r-xp 00002000 08:05 4332910    /usr/lib/i386-linux-gnu/libgmodule-2.0.so.0.2800.6
6f408000-6f409000 rwxp 00003000 08:05 4332910    /usr/lib/i386-linux-gnu/libgmodule-2.0.so.0.2800.6
6f409000-6f422000 r-xp 00000000 08:05 4326135    /usr/lib/i386-linux-gnu/libatk-1.0.so.0.9.1
6f422000-6f423000 ---p 00019000 08:05 4326135    /usr/lib/i386-linux-gnu/libatk-1.0.so.0.9.1
6f423000-6f424000 r-xp 00019000 08:05 4326135    /usr/lib/i386-linux-gnu/libatk-1.0.so.0.9.1
6f424000-6f425000 rwxp 0001a000 08:05 4326135    /usr/lib/i386-linux-gnu/libatk-1.0.so.0.9.1
6f425000-6f427000 r-xp 00000000 08:05 4333357    /usr/lib/i386-linux-gnu/libXdamage.so.1.1.0
6f427000-6f428000 r-xp 00001000 08:05 4333357    /usr/lib/i386-linux-gnu/libXdamage.so.1.1.0
6f428000-6f429000 rwxp 00002000 08:05 4333357    /usr/lib/i386-linux-gnu/libXdamage.so.1.1.0
6f429000-6f433000 r-xp 00000000 08:05 4325712    /usr/lib/i386-linux-gnu/libpangocairo-1.0.so.0.2800.4
6f433000-6f434000 r-xp 00009000 08:05 4325712    /usr/lib/i386-linux-gnu/libpangocairo-1.0.so.0.2800.4
6f434000-6f435000 rwxp 0000a000 08:05 4325712    /usr/lib/i386-linux-gnu/libpangocairo-1.0.so.0.2800.4
6f435000-6f438000 r-xs 0002c000 08:05 799771     /home/daniel/gephi/gephibzr/gephi/build/cluster/modules/org-gephi-branding-desktop.jar
6f438000-6f439000 r-xs 0000c000 08:05 798315     /home/daniel/gephi/gephibzr/gephi/build/cluster/modules/org-gephi-clustering-plugin.jar
6f439000-6f43b000 r-xs 00018000 08:05 798688     /home/daniel/gephi/gephibzr/gephi/build/cluster/modules/org-gephi-data-attributes.jar
6f43b000-6f446000 r-xs 000b1000 08:05 799737     /home/daniel/gephi/gephibzr/gephi/build/cluster/modules/org-gephi-datalab-plugin.jar
6f446000-6f448000 r-xs 00013000 08:05 799705     /home/daniel/gephi/gephibzr/gephi/build/cluster/modules/org-gephi-desktop-clustering.jar
6f448000-6f449000 r-xs 00003000 08:05 798311     /home/daniel/gephi/gephibzr/gephi/build/cluster/modules/org-gephi-clustering-api.jar
6f449000-6f44b000 r-xs 0000a000 08:05 799651     /home/daniel/gephi/gephibzr/gephi/build/cluster/modules/org-gephi-desktop-context.jar
6f44b000-6f44d000 r-xs 00003000 08:05 799727     /home/daniel/gephi/gephibzr/gephi/build/cluster/modules/ext/spark-1.2.jar
6f44d000-6f451000 r-xs 00053000 08:05 799723     /home/daniel/gephi/gephibzr/gephi/build/cluster/modules/org-gephi-desktop-datalab.jar
6f451000-6f454000 r-xs 00029000 08:05 799573     /home/daniel/gephi/gephibzr/gephi/build/cluster/modules/org-gephi-desktop-filters.jar
6f454000-6f455000 r-xs 00005000 08:05 799260     /home/daniel/gephi/gephibzr/gephi/build/cluster/modules/org-gephi-desktop-generate.jar
6f455000-6f457000 r-xs 00012000 08:05 799777     /home/daniel/gephi/gephibzr/gephi/build/cluster/modules/org-gephi-desktop-hierarchy.jar
6f457000-6f45a000 r-xs 0001a000 08:05 799597     /home/daniel/gephi/gephibzr/gephi/build/cluster/modules/org-gephi-desktop-importer.jar
6f45a000-6f45c000 r-xs 00012000 08:05 799753     /home/daniel/gephi/gephibzr/gephi/build/cluster/modules/org-gephi-desktop-layout.jar
6f45c000-6f45e000 r-xs 00010000 08:05 799613     /home/daniel/gephi/gephibzr/gephi/build/cluster/modules/org-gephi-desktop-partition.jar
6f45e000-6f461000 r-xs 0001a000 08:05 799785     /home/daniel/gephi/gephibzr/gephi/build/cluster/modules/org-gephi-desktop-preview.jar
6f461000-6f463000 r-xs 00017000 08:05 799589     /home/daniel/gephi/gephibzr/gephi/build/cluster/modules/org-gephi-desktop-io-export.jar
6f463000-6f464000 r-xs 00002000 08:05 798263     /home/daniel/gephi/gephibzr/gephi/build/cluster/modules/org-gephi-desktop-progress.jar
6f464000-6f467000 r-xs 00020000 08:05 799607     /home/daniel/gephi/gephibzr/gephi/build/cluster/modules/org-gephi-desktop-ranking.jar
6f467000-6f469000 r-xs 00002000 08:05 799266     /home/daniel/gephi/gephibzr/gephi/build/cluster/modules/org-gephi-desktop-recentfiles.jar
6f469000-6f46a000 r-xs 00008000 08:05 799263     /home/daniel/gephi/gephibzr/gephi/build/cluster/modules/org-gephi-desktop-spigot.jar
6f46a000-6f46b000 r-xs 00010000 08:05 799673     /home/daniel/gephi/gephibzr/gephi/build/cluster/modules/org-gephi-desktop-statistics.jar
6f46b000-6f46e000 r-xs 0002c000 08:05 799801     /home/daniel/gephi/gephibzr/gephi/build/cluster/modules/org-gephi-desktop-timeline.jar
6f46e000-6f470000 r-xs 00011000 08:05 799711     /home/daniel/gephi/gephibzr/gephi/build/cluster/modules/org-gephi-desktop-tools.jar
6f470000-6f472000 r-xs 00119000 08:05 799717     /home/daniel/gephi/gephibzr/gephi/build/cluster/modules/org-gephi-desktop-welcome.jar
6f472000-6f473000 r-xs 0000e000 08:05 799639     /home/daniel/gephi/gephibzr/gephi/build/cluster/modules/org-gephi-dynamic.jar
6f473000-6f475000 r-xs 00014000 08:05 799193     /home/daniel/gephi/gephibzr/gephi/build/cluster/modules/org-gephi-filters.jar
6f475000-6f479000 r-xs 0005f000 08:05 799008     /home/daniel/gephi/gephibzr/gephi/build/cluster/modules/org-gephi-graph-dhns.jar
6f479000-6f47e000 r-xs 0004a000 08:05 798457     /home/daniel/gephi/gephibzr/gephi/build/cluster/modules/org-gephi-layout-plugin.jar
6f47e000-6f480000 r-xs 00008000 08:05 798318     /home/daniel/gephi/gephibzr/gephi/build/cluster/modules/org-gephi-layout-api.jar
6f480000-6f482000 r-xs 00007000 08:05 798241     /home/daniel/gephi/gephibzr/gephi/build/cluster/modules/org-gephi-newslider.jar
6f482000-6f485000 r-xs 00040000 08:05 799197     /home/daniel/gephi/gephibzr/gephi/build/cluster/modules/org-gephi-preview.jar
6f485000-6f488000 r-xs 00036000 08:05 798208     /home/daniel/gephi/gephibzr/gephi/build/cluster/modules/ext/core.jar
6f488000-6f489000 r-xs 00001000 08:05 798206     /home/daniel/gephi/gephibzr/gephi/build/cluster/modules/org-gephi-lib-processing.jar
6f489000-6f48d000 r-xs 00037000 08:05 799747     /home/daniel/gephi/gephibzr/gephi/build/cluster/modules/org-gephi-tools-plugin.jar
6f48d000-6f48f000 r-xs 00010000 08:05 799252     /home/daniel/gephi/gephibzr/gephi/build/cluster/modules/org-gephi-desktop-perspective.jar
6f48f000-6f490000 r-xs 00005000 08:05 798346     /home/daniel/gephi/gephibzr/gephi/build/cluster/modules/org-gephi-algorithms.jar
6f490000-6f493000 r-xs 00017000 08:05 799229     /home/daniel/gephi/gephibzr/gephi/build/cluster/modules/ext/TimingFramework-1.0.jar
6f493000-6f495000 r-xs 0001e000 08:05 799227     /home/daniel/gephi/gephibzr/gephi/build/cluster/modules/org-gephi-ui-components-SplineEditor.jar
6f495000-6f497000 r-xs 00012000 08:05 798343     /home/daniel/gephi/gephibzr/gephi/build/cluster/modules/org-gephi-ui-exporter-plugin.jar
6f497000-6f499000 r-xs 0001f000 08:05 798338     /home/daniel/gephi/gephibzr/gephi/build/cluster/modules/org-gephi-io-exporter-plugin.jar
6f499000-6f49c000 r-xs 0001d000 08:05 798212     /home/daniel/gephi/gephibzr/gephi/build/cluster/modules/ext/stax-utils.jar
6f49c000-6f49d000 r-xs 00001000 08:05 798210     /home/daniel/gephi/gephibzr/gephi/build/cluster/modules/org-gephi-lib-staxutils.jar
6f49d000-6f49e000 r-xs 0000c000 08:05 799221     /home/daniel/gephi/gephibzr/gephi/build/cluster/modules/org-gephi-ui-exporter-preview.jar
6f49e000-6f4a0000 r-xs 0000d000 08:05 798300     /home/daniel/gephi/gephibzr/gephi/build/cluster/modules/org-gephi-io-exporter-preview.jar
6f4a0000-6f4a2000 r-xs 00008000 08:05 798245     /home/daniel/gephi/gephibzr/gephi/build/cluster/modules/org-gephi-preview-api.jar
6f4a2000-6f4a4000 r-xs 00005000 08:05 798271     /home/daniel/gephi/gephibzr/gephi/build/cluster/modules/org-gephi-io-exporter-api.jar
6f4a4000-6f4a8000 r-xs 00038000 08:05 792358     /home/daniel/gephi/gephibzr/gephi/build/cluster/modules/ext/batik-gvt.jar
6f4a8000-6f4aa000 r-xs 00010000 08:05 792359     /home/daniel/gephi/gephibzr/gephi/build/cluster/modules/ext/batik-parser.jar
6f4aa000-6f4ad000 r-xs 0001d000 08:05 792428     /home/daniel/gephi/gephibzr/gephi/build/cluster/modules/ext/batik-util.jar
6f4ad000-6f4b8000 r-xs 000ad000 08:05 792697     /home/daniel/gephi/gephibzr/gephi/build/cluster/modules/ext/pdf-transcoder.jar
6f4b8000-6f4bb000 r-xs 00015000 08:05 792343     /home/daniel/gephi/gephibzr/gephi/build/cluster/modules/ext/batik-anim.jar
6f4bb000-6f4c8000 r-xs 00087000 08:05 792389     /home/daniel/gephi/gephibzr/gephi/build/cluster/modules/ext/batik-svg-dom.jar
6f4c8000-6f4cd000 r-xs 00010000 08:05 792701     /home/daniel/gephi/gephibzr/gephi/build/cluster/modules/ext/xml-apis-ext.jar
6f4cd000-6f4d7000 r-xs 00080000 08:05 792347     /home/daniel/gephi/gephibzr/gephi/build/cluster/modules/ext/batik-bridge.jar
6f4d7000-6f4d9000 r-xs 0001c000 08:05 792423     /home/daniel/gephi/gephibzr/gephi/build/cluster/modules/ext/batik-transcoder.jar
6f4d9000-6f4da000 r-xs 00002000 08:05 792356     /home/daniel/gephi/gephibzr/gephi/build/cluster/modules/ext/batik-ext.jar
6f4da000-6f4de000 r-xs 00027000 08:05 792349     /home/daniel/gephi/gephibzr/gephi/build/cluster/modules/ext/batik-dom.jar
6f4de000-6f4e6000 r-xs 00045000 08:05 792348     /home/daniel/gephi/gephibzr/gephi/build/cluster/modules/ext/batik-css.jar
6f4e6000-6f4e7000 r-xs 00007000 08:05 792665     /home/daniel/gephi/gephibzr/gephi/build/cluster/modules/ext/batik-xml.jar
6f4e7000-6f4ea000 r-xs 0000d000 08:05 792380     /home/daniel/gephi/gephibzr/gephi/build/cluster/modules/ext/batik-script.jar
6f4ea000-6f4f1000 r-xs 0005c000 08:05 792346     /home/daniel/gephi/gephibzr/gephi/build/cluster/modules/ext/batik-awt-util.jar
6f4f1000-6f4f3000 r-xs 00001000 08:05 792303     /home/daniel/gephi/gephibzr/gephi/build/cluster/modules/org-gephi-lib-batik.jar
6f4f3000-6f500000 r-xs 00162000 08:05 797515     /home/daniel/gephi/gephibzr/gephi/build/cluster/modules/ext/iText-5.0.1.jar
6f500000-6f5fe000 rwxp 00000000 00:00 0 
6f5fe000-6f600000 ---p 00000000 00:00 0 
6f600000-6f601000 r-xs 00000000 08:05 1575918    /var/cache/fontconfig/0d8c3b2ac0904cb8a57a757ad11a4a08-le32d4.cache-3
6f601000-6f602000 r-xs 00003000 08:05 799068     /home/daniel/gephi/gephibzr/gephi/build/cluster/modules/org-gephi-timeline.jar
6f602000-6f604000 r-xs 00007000 08:05 799032     /home/daniel/gephi/gephibzr/gephi/build/cluster/modules/org-gephi-filters-api.jar
6f604000-6f605000 r-xs 00003000 08:05 798399     /home/daniel/gephi/gephibzr/gephi/build/cluster/modules/org-gephi-ui-generator-plugin.jar
6f605000-6f606000 r-xs 00004000 08:05 798378     /home/daniel/gephi/gephibzr/gephi/build/cluster/modules/org-gephi-io-generator-plugin.jar
6f606000-6f607000 r-xs 00002000 08:05 798374     /home/daniel/gephi/gephibzr/gephi/build/cluster/modules/org-gephi-io-generator-api.jar
6f607000-6f608000 r-xs 0000e000 08:05 799213     /home/daniel/gephi/gephibzr/gephi/build/cluster/modules/org-gephi-ui-importer-plugin.jar
6f608000-6f60b000 r-xs 00049000 08:05 798539     /home/daniel/gephi/gephibzr/gephi/build/cluster/modules/org-gephi-io-importer-plugin.jar
6f60b000-6f60e000 r-xs 0000e000 08:05 799761     /home/daniel/gephi/gephibzr/gephi/build/cluster/modules/org-gephi-ui-partition-plugin.jar
6f60e000-6f610000 r-xs 00003000 08:05 799005     /home/daniel/gephi/gephibzr/gephi/build/cluster/modules/org-gephi-partition-plugin.jar
6f610000-6f612000 r-xs 00011000 08:05 799001     /home/daniel/gephi/gephibzr/gephi/build/cluster/modules/org-gephi-partition-api.jar
6f612000-6f613000 r-xs 00009000 08:05 799217     /home/daniel/gephi/gephibzr/gephi/build/cluster/modules/org-gephi-ui-processor-plugin.jar
6f613000-6f615000 r-xs 0000c000 08:05 799184     /home/daniel/gephi/gephibzr/gephi/build/cluster/modules/org-gephi-io-processor-plugin.jar
6f615000-6f61c000 r-xs 00094000 08:05 793327     /home/daniel/gephi/gephibzr/gephi/build/cluster/modules/ext/beansbinding-1.2.1.jar
6f61c000-6f61d000 r-xs 00001000 08:05 793298     /home/daniel/gephi/gephibzr/gephi/build/cluster/modules/org-gephi-lib-beansbinding.jar
6f61d000-6f61f000 r-xs 00003000 08:05 798304     /home/daniel/gephi/gephibzr/gephi/build/cluster/modules/org-gephi-ui-project.jar
6f61f000-6f621000 r-xs 00005000 08:05 798444     /home/daniel/gephi/gephibzr/gephi/build/cluster/modules/org-gephi-ui-propertyeditor.jar
6f621000-6f623000 r-xs 0000d000 08:05 799685     /home/daniel/gephi/gephibzr/gephi/build/cluster/modules/org-gephi-ui-ranking-plugin.jar
6f623000-6f625000 r-xs 0001c000 08:05 798349     /home/daniel/gephi/gephibzr/gephi/build/cluster/modules/org-gephi-ranking-api.jar
6f625000-6f627000 r-xs 0001a000 08:05 799583     /home/daniel/gephi/gephibzr/gephi/build/cluster/modules/org-gephi-ui-spigot-plugin.jar
6f627000-6f629000 r-xs 00010000 08:05 798415     /home/daniel/gephi/gephibzr/gephi/build/cluster/modules/org-gephi-io-spigot-plugin.jar
6f629000-6f62a000 r-xs 00004000 08:05 797539     /home/daniel/gephi/gephibzr/gephi/build/cluster/modules/ext/dsn.jar
6f62a000-6f62f000 r-xs 00039000 08:05 797543     /home/daniel/gephi/gephibzr/gephi/build/cluster/modules/ext/mailapi.jar
6f62f000-6f630000 r-xs 00008000 08:05 797544     /home/daniel/gephi/gephibzr/gephi/build/cluster/modules/ext/pop3.jar
6f630000-6f631000 r-xs 0000a000 08:05 797546     /home/daniel/gephi/gephibzr/gephi/build/cluster/modules/ext/smtp.jar
6f631000-6f634000 r-xs 00028000 08:05 797540     /home/daniel/gephi/gephibzr/gephi/build/cluster/modules/ext/imap.jar
6f634000-6f63b000 r-xs 0006a000 08:05 797541     /home/daniel/gephi/gephibzr/gephi/build/cluster/modules/ext/mail.jar
6f63b000-6f63d000 r-xs 00000000 08:05 797531     /home/daniel/gephi/gephibzr/gephi/build/cluster/modules/org-gephi-lib-javamail.jar
6f63d000-6f640000 r-xs 0001c000 08:05 797602     /home/daniel/gephi/gephibzr/gephi/build/cluster/modules/ext/jcalendar-1.3.3.jar
6f640000-6f648000 r-xs 00052000 08:05 797612     /home/daniel/gephi/gephibzr/gephi/build/cluster/modules/ext/looks-2.0.1.jar
6f648000-6f64a000 r-xs 00000000 08:05 797578     /home/daniel/gephi/gephibzr/gephi/build/cluster/modules/org-gephi-lib-jcalendar.jar
6f64a000-6f64c000 r-xs 00021000 08:05 799645     /home/daniel/gephi/gephibzr/gephi/build/cluster/modules/org-gephi-ui-statistics-plugin.jar
6f64c000-6f64e000 r-xs 00021000 08:05 799621     /home/daniel/gephi/gephibzr/gephi/build/cluster/modules/org-gephi-statistics-plugin.jar
6f64e000-6f64f000 r-xs 0000b000 08:05 798334     /home/daniel/gephi/gephibzr/gephi/build/cluster/modules/org-gephi-statistics-api.jar
6f64f000-6f651000 r-xs 00009000 08:05 799731     /home/daniel/gephi/gephibzr/gephi/build/cluster/modules/org-gephi-ui-workspace.jar
6f651000-6f65c000 r-xs 000e0000 08:05 799697     /home/daniel/gephi/gephibzr/gephi/build/cluster/modules/org-gephi-visualization.jar
6f65c000-6f65e000 r-xs 0000a000 08:05 799256     /home/daniel/gephi/gephibzr/gephi/build/cluster/modules/org-gephi-desktop-project.jar
6f65e000-6f65f000 r-xs 00002000 08:05 791681     /home/daniel/gephi/gephibzr/gephi/build/cluster/modules/org-gephi-desktop-mrufiles-api.jar
6f65f000-6f662000 r-xs 00023000 08:05 798370     /home/daniel/gephi/gephibzr/gephi/build/cluster/modules/org-gephi-io-importer-api.jar
6f662000-6f669000 r-xs 000a7000 08:05 792078     /home/daniel/gephi/gephibzr/gephi/build/cluster/modules/ext/mysql-connector-java-5.1.7-bin.jar
6f669000-6f66e000 r-xs 0006d000 08:05 792299     /home/daniel/gephi/gephibzr/gephi/build/cluster/modules/ext/sqljdbc4.jar
6f66e000-6f674000 r-xs 00077000 08:05 792298     /home/daniel/gephi/gephibzr/gephi/build/cluster/modules/ext/postgresql-8.4-701.jdbc4.jar
6f674000-6f675000 r-xs 00003000 08:05 792023     /home/daniel/gephi/gephibzr/gephi/build/cluster/modules/org-gephi-io-database-drivers.jar
6f675000-6f679000 r-xs 00024000 08:05 794923     /home/daniel/gephi/gephibzr/gephi/build/cluster/modules/ext/commons-compress-1.1.jar
6f679000-6f67a000 r-xs 00000000 08:05 794834     /home/daniel/gephi/gephibzr/gephi/build/cluster/modules/org-gephi-lib-commonscompress.jar
6f67a000-6f67c000 r-xs 0000a000 08:05 799663     /home/daniel/gephi/gephibzr/gephi/build/cluster/modules/ext/FontChooser.jar
6f67c000-6f67e000 r-xs 00011000 08:05 799665     /home/daniel/gephi/gephibzr/gephi/build/cluster/modules/ext/MigLayout-3.7.1.jar
6f67e000-6f681000 r-xs 0002c000 08:05 799667     /home/daniel/gephi/gephibzr/gephi/build/cluster/modules/ext/colorchooser.jar
6f681000-6f686000 r-xs 00055000 08:05 799659     /home/daniel/gephi/gephibzr/gephi/build/cluster/modules/org-gephi-ui-components.jar
6f686000-6f688000 r-xs 0000d000 08:05 793637     /home/daniel/gephi/gephibzr/gephi/build/cluster/modules/ext/commons-codec-1.4.jar
6f688000-6f689000 r-xs 00001000 08:05 793356     /home/daniel/gephi/gephibzr/gephi/build/cluster/modules/org-gephi-lib-commons-codec.jar
6f689000-6f697000 r-xs 00090000 08:05 795472     /home/daniel/gephi/gephibzr/gephi/build/cluster/modules/ext/flamingo.jar
6f697000-6f698000 r-xs 00001000 08:05 795452     /home/daniel/gephi/gephibzr/gephi/build/cluster/modules/org-gephi-lib-flamingo.jar
6f698000-6f6a4000 r-xs 00081000 08:05 798254     /home/daniel/gephi/gephibzr/gephi/build/cluster/modules/ext/google-collect-1.0.jar
6f6a4000-6f6b3000 r-xs 000ba000 08:05 798255     /home/daniel/gephi/gephibzr/gephi/build/cluster/modules/ext/trove-2.1.0.jar
6f6b3000-6f6b5000 r-xs 00009000 08:05 798252     /home/daniel/gephi/gephibzr/gephi/build/cluster/modules/org-gephi-utils-collection.jar
6f6b5000-6f6c0000 r-xs 00108000 08:05 797673     /home/daniel/gephi/gephibzr/gephi/build/cluster/modules/ext/jogl.jar
6f6c0000-6f6c1000 r-xs 00004000 08:05 797663     /home/daniel/gephi/gephibzr/gephi/build/cluster/modules/ext/gluegen-rt.jar
6f6c1000-6f6c3000 r-xs 00004000 08:05 797657     /home/daniel/gephi/gephibzr/gephi/build/cluster/modules/org-gephi-lib-jogl.jar
6f6c3000-6f6c5000 r-xs 0000f000 08:05 795959     /home/daniel/gephi/gephibzr/gephi/build/cluster/modules/org-gephi-lib-gleem.jar
6f6c5000-6f6c7000 r-xs 0000d000 08:05 799245     /home/daniel/gephi/gephibzr/gephi/build/cluster/modules/org-gephi-ui-utils.jar
6f6c7000-6f6cb000 r-xs 0003e000 08:05 798218     /home/daniel/gephi/gephibzr/gephi/build/cluster/modules/ext/ValidationAPI.jar
6f6cb000-6f6cc000 r-xs 00003000 08:05 798215     /home/daniel/gephi/gephibzr/gephi/build/cluster/modules/org-gephi-lib-validation.jar
6f6cc000-6f6ce000 r-xs 00002000 08:05 798321     /home/daniel/gephi/gephibzr/gephi/build/cluster/modules/org-gephi-tools-api.jar
6f6ce000-6f6cf000 r-xs 00003000 08:05 799189     /home/daniel/gephi/gephibzr/gephi/build/cluster/modules/org-gephi-visualization-api.jar
6f6cf000-6f6d2000 r-xs 00024000 08:05 798615     /home/daniel/gephi/gephibzr/gephi/build/cluster/modules/org-gephi-datalab-api.jar
6f6d2000-6f6d3000 r-xs 00008000 08:05 798328     /home/daniel/gephi/gephibzr/gephi/build/cluster/modules/org-gephi-dynamic-api.jar
6f6d3000-6f6d6000 r-xs 00030000 08:05 798324     /home/daniel/gephi/gephibzr/gephi/build/cluster/modules/org-gephi-data-attributes-api.jar
6f6d6000-6f6d7000 r-xs 00007000 08:05 798249     /home/daniel/gephi/gephibzr/gephi/build/cluster/modules/org-gephi-utils.jar
6f6d7000-6f6d9000 r-xs 00002000 08:05 797529     /home/daniel/gephi/gephibzr/gephi/build/cluster/modules/ext/javacsv.jar
6f6d9000-6f6da000 r-xs 00001000 08:05 797520     /home/daniel/gephi/gephibzr/gephi/build/cluster/modules/org-gephi-lib-javacsv.jar
6f6da000-6f6dc000 r-xs 00007000 08:05 798307     /home/daniel/gephi/gephibzr/gephi/build/cluster/modules/org-gephi-graph-api.jar
6f6dc000-6f6de000 r-xs 00014000 08:05 798267     /home/daniel/gephi/gephibzr/gephi/build/cluster/modules/org-gephi-project-api.jar
6f6de000-6f6df000 r-xs 00006000 08:05 798258     /home/daniel/gephi/gephibzr/gephi/build/cluster/modules/org-gephi-utils-longtask.jar
6f6df000-6f6e5000 r-xs 00031000 08:05 799209     /home/daniel/gephi/gephibzr/gephi/build/cluster/modules/ext/swingx-beaninfo-1.6.1.jar
6f6e5000-6f700000 r-xs 00139000 08:05 799208     /home/daniel/gephi/gephibzr/gephi/build/cluster/modules/ext/swingx-1.6.1.jar
6f700000-6f7fc000 rwxp 00000000 00:00 0 
6f7fc000-6f800000 ---p 00000000 00:00 0 
6f800000-6f801000 r-xs 00000000 08:05 1575917    /var/cache/fontconfig/6a53c69dea097a2d716e069445527da8-le32d4.cache-3
6f801000-6f802000 r-xs 00000000 08:05 1583439    /var/cache/fontconfig/4794a0821666d79190d59a36cb4f44b5-le32d4.cache-3
6f802000-6f804000 r-xp 00000000 08:05 4333341    /usr/lib/i386-linux-gnu/libXcomposite.so.1.0.0
6f804000-6f805000 r-xp 00001000 08:05 4333341    /usr/lib/i386-linux-gnu/libXcomposite.so.1.0.0
6f805000-6f806000 rwxp 00002000 08:05 4333341    /usr/lib/i386-linux-gnu/libXcomposite.so.1.0.0
6f806000-6f807000 r-xs 00001000 08:05 799200     /home/daniel/gephi/gephibzr/gephi/build/cluster/modules/org-jdesktop-swingx.jar
6f807000-6f818000 r-xs 0014c000 08:05 799238     /home/daniel/gephi/gephibzr/gephi/build/cluster/modules/ext/jfreechart-1.0.13.jar
6f818000-6f81a000 r-xs 00013000 08:05 799239     /home/daniel/gephi/gephibzr/gephi/build/cluster/modules/ext/orson-0.5.0.jar
6f81a000-6f820000 r-xs 00046000 08:05 799237     /home/daniel/gephi/gephibzr/gephi/build/cluster/modules/ext/jcommon-1.0.16.jar
6f820000-6f821000 r-xs 00000000 08:05 799231     /home/daniel/gephi/gephibzr/gephi/build/cluster/modules/org-jfree.jar
6f821000-6f830000 r-xs 00074000 08:05 799795     /home/daniel/gephi/gephibzr/gephi/build/cluster/modules/ext/joda-time-1.6.jar
6f830000-6f831000 r-xs 00000000 08:05 799791     /home/daniel/gephi/gephibzr/gephi/build/cluster/modules/org-joda-time.jar
6f831000-6f833000 r-xs 00008000 08:05 919547     /home/daniel/netbeans-7.0/platform/modules/org-netbeans-core-io-ui.jar
6f833000-6f83c000 r-xs 000ba000 08:05 1051086    /home/daniel/netbeans-7.0/platform/modules/ext/platform-3.2.7.jar
6f83c000-6f83d000 r-xs 00001000 08:05 919425     /home/daniel/netbeans-7.0/platform/modules/org-netbeans-core-nativeaccess.jar
6f83d000-6f842000 r-xs 00062000 08:05 919574     /home/daniel/netbeans-7.0/platform/modules/org-netbeans-core-ui.jar
6f842000-6f843000 r-xs 00000000 08:05 790420     /home/daniel/gephi/gephibzr/gephi/build/cluster/modules/locale/org-netbeans-core-windows_gephi.jar
6f843000-6f84f000 r-xs 001b9000 08:05 919518     /home/daniel/netbeans-7.0/platform/modules/org-netbeans-core-windows.jar
6f84f000-6f8da000 rwxs 00000000 00:04 392298507  /SYSV00000000 (deleted)
6f8da000-6f900000 rwxs 00000000 00:04 392265738  /SYSV00000000 (deleted)
6f900000-6f9fd000 rwxp 00000000 00:00 0 
6f9fd000-6fa00000 ---p 00000000 00:00 0 
6fa00000-6fa01000 r-xs 00001000 08:05 795976     /home/daniel/gephi/gephibzr/gephi/build/cluster/modules/org-gephi-lib-itext.jar
6fa01000-6fa04000 r-xs 00024000 08:05 799679     /home/daniel/gephi/gephibzr/gephi/build/cluster/modules/org-gephi-ui-filters-plugin.jar
6fa04000-6fa08000 r-xs 00042000 08:05 799631     /home/daniel/gephi/gephibzr/gephi/build/cluster/modules/org-gephi-filters-plugin.jar
6fa08000-6fa0e000 r-xs 00034000 08:05 1053531    /home/daniel/netbeans-7.0/platform/modules/ext/junit-4.8.2.jar
6fa0e000-6fa0f000 r-xs 00000000 08:05 919650     /home/daniel/netbeans-7.0/platform/modules/org-netbeans-libs-junit4.jar
6fa0f000-6fa17000 r-xs 000e2000 08:05 919355     /home/daniel/netbeans-7.0/platform/modules/org-netbeans-modules-autoupdate-ui.jar
6fa17000-6fa19000 r-xs 00039000 08:05 1052256    /home/daniel/netbeans-7.0/platform/modules/ext/updater.jar
6fa19000-6fa1e000 r-xs 000ac000 08:05 919267     /home/daniel/netbeans-7.0/platform/modules/org-netbeans-modules-autoupdate-services.jar
6fa1e000-6fa20000 r-xs 0000b000 08:05 919226     /home/daniel/netbeans-7.0/platform/modules/org-netbeans-modules-editor-mimelookup-impl.jar
6fa20000-6fa23000 r-xs 00033000 08:05 919427     /home/daniel/netbeans-7.0/platform/modules/org-netbeans-modules-favorites.jar
6fa23000-6fa25000 r-xs 0000f000 08:05 919368     /home/daniel/netbeans-7.0/platform/modules/org-netbeans-modules-keyring-impl.jar
6fa25000-6fa2a000 r-xs 00071000 08:05 919446     /home/daniel/netbeans-7.0/platform/modules/org-netbeans-modules-masterfs.jar
6fa2a000-6fa2e000 r-xs 000e3000 08:05 1051091    /home/daniel/netbeans-7.0/platform/modules/ext/jna-3.2.7.jar
6fa2e000-6fa30000 r-xs 00000000 08:05 919568     /home/daniel/netbeans-7.0/platform/modules/org-netbeans-libs-jna.jar
6fa30000-6fa34000 r-xs 0004b000 08:05 919340     /home/daniel/netbeans-7.0/platform/modules/org-netbeans-modules-options-keymap.jar
6fa34000-6fa38000 r-xs 00062000 08:05 919389     /home/daniel/netbeans-7.0/platform/modules/org-netbeans-modules-options-api.jar
6fa38000-6fa3e000 r-xs 0008f000 08:05 919604     /home/daniel/netbeans-7.0/platform/modules/org-netbeans-core.jar
6fa3e000-6fa40000 r-xs 00001000 08:05 919474     /home/daniel/netbeans-7.0/platform/modules/org-netbeans-modules-keyring.jar
6fa40000-6fa44000 r-xs 0003e000 08:05 919507     /home/daniel/netbeans-7.0/platform/modules/org-netbeans-modules-print.jar
6fa44000-6fa47000 r-xs 00020000 08:05 919391     /home/daniel/netbeans-7.0/platform/modules/org-netbeans-modules-progress-ui.jar
6fa47000-6fa49000 r-xs 00011000 08:05 919447     /home/daniel/netbeans-7.0/platform/modules/org-netbeans-modules-sendopts.jar
6fa49000-6fa4b000 r-xs 0003e000 08:05 919450     /home/daniel/netbeans-7.0/platform/modules/org-netbeans-modules-settings.jar
6fa4b000-6fa4e000 r-xs 00022000 08:05 919475     /home/daniel/netbeans-7.0/platform/modules/org-netbeans-spi-quicksearch.jar
6fa4e000-6fa4f000 r-xs 00002000 08:05 919353     /home/daniel/netbeans-7.0/platform/modules/org-netbeans-api-annotations-common.jar
6fa4f000-6fa52000 r-xs 0002a000 08:05 799807     /home/daniel/gephi/gephibzr/gephi/build/cluster/modules/org-netbeans-swing-dirchooser.jar
6fa52000-6fa55000 r-xs 00036000 08:05 919549     /home/daniel/netbeans-7.0/platform/modules/org-netbeans-swing-plaf.jar
6fa55000-6fa57000 r-xs 0000a000 08:05 919617     /home/daniel/netbeans-7.0/platform/modules/org-openide-io.jar
6fa57000-6fa60000 r-xs 0013a000 08:05 919588     /home/daniel/netbeans-7.0/platform/modules/org-openide-loaders.jar
6fa60000-6fa63000 ---p 00000000 00:00 0 
6fa63000-6fab1000 rwxp 00000000 00:00 0 
6fab1000-6fab2000 r-xs 00000000 08:05 1575980    /var/cache/fontconfig/26de28bc8622bbc1fb67fd234c21975f-le32d4.cache-3
6fab2000-6fab3000 r-xs 00000000 08:05 1576028    /var/cache/fontconfig/c05880de57d1f5e948fdfacc138775d9-le32d4.cache-3
6fab3000-6fab9000 r-xs 00000000 08:05 1576020    /var/cache/fontconfig/945677eb7aeaf62f1d50efc3fb3ec7d8-le32d4.cache-3
6fab9000-6fabb000 r-xs 00000000 08:05 1575744    /var/cache/fontconfig/99e8ed0e538f840c565b6ed5dad60d56-le32d4.cache-3
6fabb000-6fabe000 r-xs 00000000 08:05 1576002    /var/cache/fontconfig/e383d7ea5fbe662a33d9b44caf393297-le32d4.cache-3
6fabe000-6fac3000 r-xs 00000000 08:05 1575986    /var/cache/fontconfig/401a5dd6b567794a1d18dd9342dfa604-le32d4.cache-3
6fac3000-6fac5000 r-xs 00000000 08:05 1575983    /var/cache/fontconfig/2cd17615ca594fa2959ae173292e504c-le32d4.cache-3
6fac5000-6fac9000 r-xs 00000000 08:05 1575788    /var/cache/fontconfig/a755afe4a08bf5b97852ceb7400b47bc-le32d4.cache-3
6fac9000-6facd000 r-xs 00000000 08:05 1575915    /var/cache/fontconfig/515ca1ebc4b18308bea979be5704f9db-le32d4.cache-3
6facd000-6fad4000 r-xs 00000000 08:05 1575886    /var/cache/fontconfig/6d41288fd70b0be22e8c3a91e032eec0-le32d4.cache-3
6fad4000-6fadf000 r-xs 00000000 08:05 1575845    /var/cache/fontconfig/0f34bcd4b6ee430af32735b75db7f02b-le32d4.cache-3
6fadf000-6fb01000 r-xs 00000000 08:05 1575808    /var/cache/fontconfig/365b55f210c0a22e9a19e35191240f32-le32d4.cache-3
6fb01000-6fb09000 r-xs 00000000 08:05 1575802    /var/cache/fontconfig/d52a8644073d54c13679302ca1180695-le32d4.cache-3
6fb09000-6fb17000 r-xs 00000000 08:05 1575126    /var/cache/fontconfig/e13b20fdb08344e0e664864cc2ede53d-le32d4.cache-3
6fb17000-6fb2f000 r-xs 00000000 08:05 1579274    /var/cache/fontconfig/165b9254a84ccada37e340049ffc8b30-le32d4.cache-3
6fb2f000-6fb31000 r-xs 0000a000 08:05 919476     /home/daniel/netbeans-7.0/platform/modules/org-netbeans-modules-queries.jar
6fb31000-6fb34000 r-xs 00032000 08:05 919589     /home/daniel/netbeans-7.0/platform/modules/org-openide-actions.jar
6fb34000-6fb41000 r-xs 0019e000 08:05 919573     /home/daniel/netbeans-7.0/platform/modules/org-openide-explorer.jar
6fb41000-6fb44000 r-xs 0003a000 08:05 919506     /home/daniel/netbeans-7.0/platform/modules/org-netbeans-swing-outline.jar
6fb44000-6fb51000 r-xs 000de000 08:05 919449     /home/daniel/netbeans-7.0/platform/modules/org-netbeans-swing-tabcontrol.jar
6fb51000-6fb54000 ---p 00000000 00:00 0 
6fb54000-6fba2000 rwxp 00000000 00:00 0 
6fba2000-6fba5000 ---p 00000000 00:00 0 
6fba5000-6fbf3000 rwxp 00000000 00:00 0 
6fbf3000-6fbf7000 r-xp 00000000 08:05 4329147    /usr/lib/i386-linux-gnu/libXfixes.so.3.1.0
6fbf7000-6fbf8000 r-xp 00003000 08:05 4329147    /usr/lib/i386-linux-gnu/libXfixes.so.3.1.0
6fbf8000-6fbf9000 rwxp 00004000 08:05 4329147    /usr/lib/i386-linux-gnu/libXfixes.so.3.1.0
6fbf9000-6fc01000 r-xp 00000000 08:05 4326287    /usr/lib/i386-linux-gnu/libXrender.so.1.3.0
6fc01000-6fc02000 r-xp 00007000 08:05 4326287    /usr/lib/i386-linux-gnu/libXrender.so.1.3.0
6fc02000-6fc03000 rwxp 00008000 08:05 4326287    /usr/lib/i386-linux-gnu/libXrender.so.1.3.0
6fc03000-6fc0b000 r-xp 00000000 08:05 4333346    /usr/lib/i386-linux-gnu/libXcursor.so.1.0.2
6fc0b000-6fc0c000 r-xp 00007000 08:05 4333346    /usr/lib/i386-linux-gnu/libXcursor.so.1.0.2
6fc0c000-6fc0d000 rwxp 00008000 08:05 4333346    /usr/lib/i386-linux-gnu/libXcursor.so.1.0.2
6fc0d000-6fc11000 r-xs 0005f000 08:05 919609     /home/daniel/netbeans-7.0/platform/modules/org-openide-text.jar
6fc11000-6fc13000 r-xs 0000b000 08:05 919314     /home/daniel/netbeans-7.0/platform/modules/org-netbeans-modules-editor-mimelookup.jar
6fc13000-6fc15000 r-xs 00025000 08:05 919587     /home/daniel/netbeans-7.0/platform/modules/org-openide-windows.jar
6fc15000-6fc1a000 r-xs 00081000 08:05 919605     /home/daniel/netbeans-7.0/platform/modules/org-openide-nodes.jar
6fc1a000-6fc1c000 r-xs 0002e000 08:05 919590     /home/daniel/netbeans-7.0/platform/modules/org-openide-dialogs.jar
6fc1c000-6fc1e000 r-xs 00010000 08:05 919523     /home/daniel/netbeans-7.0/platform/modules/org-netbeans-api-progress.jar
6fc1e000-6fc23000 r-xs 00086000 08:05 919613     /home/daniel/netbeans-7.0/platform/modules/org-openide-awt.jar
6fc23000-6fc26000 ---p 00000000 00:00 0 
6fc26000-6fc74000 rwxp 00000000 00:00 0 
6fc74000-6fced000 r-xp 00000000 08:05 4466381    /usr/lib/jvm/java-6-sun-1.6.0.26/jre/lib/i386/libfontmanager.so
6fced000-6fcf7000 rwxp 00078000 08:05 4466381    /usr/lib/jvm/java-6-sun-1.6.0.26/jre/lib/i386/libfontmanager.so
6fcf7000-6fcfc000 rwxp 00000000 00:00 0 
6fcfc000-6fe12000 r-xp 00000000 08:05 4337845    /usr/lib/i386-linux-gnu/libX11.so.6.3.0
6fe12000-6fe13000 ---p 00116000 08:05 4337845    /usr/lib/i386-linux-gnu/libX11.so.6.3.0
6fe13000-6fe14000 r-xp 00116000 08:05 4337845    /usr/lib/i386-linux-gnu/libX11.so.6.3.0
6fe14000-6fe16000 rwxp 00117000 08:05 4337845    /usr/lib/i386-linux-gnu/libX11.so.6.3.0
6fe16000-6fe17000 rwxp 00000000 00:00 0 
6fe17000-6fe5a000 r-xp 00000000 08:05 4466376    /usr/lib/jvm/java-6-sun-1.6.0.26/jre/lib/i386/xawt/libmawt.so
6fe5a000-6fe5c000 rwxp 00043000 08:05 4466376    /usr/lib/jvm/java-6-sun-1.6.0.26/jre/lib/i386/xawt/libmawt.so
6fe5c000-6fe5d000 rwxp 00000000 00:00 0 
6fe5d000-6fee2000 r-xp 00000000 08:05 4466373    /usr/lib/jvm/java-6-sun-1.6.0.26/jre/lib/i386/libawt.so
6fee2000-6fee9000 rwxp 00085000 08:05 4466373    /usr/lib/jvm/java-6-sun-1.6.0.26/jre/lib/i386/libawt.so
6fee9000-6ff0d000 rwxp 00000000 00:00 0 
6ff0d000-6ff10000 ---p 00000000 00:00 0 
6ff10000-6ff5e000 rwxp 00000000 00:00 0 
6ff5e000-6ff61000 ---p 00000000 00:00 0 
6ff61000-6ffaf000 rwxp 00000000 00:00 0 
6ffaf000-6ffb2000 ---p 00000000 00:00 0 
6ffb2000-70000000 rwxp 00000000 00:00 0 
70000000-700ff000 rwxp 00000000 00:00 0 
700ff000-70100000 ---p 00000000 00:00 0 
70100000-70102000 r-xs 00000000 08:05 1580660    /var/cache/fontconfig/b5ea634b0fb353b8ea17632d1f9ef766-le32d4.cache-3
70102000-70106000 r-xs 00000000 08:05 1580038    /var/cache/fontconfig/926e794c3d5e5dffcaf2fa83ef8d36c2-le32d4.cache-3
70106000-70109000 r-xs 00000000 08:05 1575945    /var/cache/fontconfig/6eb3985aa4124903f6ff08ba781cd364-le32d4.cache-3
70109000-7010d000 r-xp 00000000 08:05 4335172    /usr/lib/i386-linux-gnu/libXdmcp.so.6.0.0
7010d000-7010e000 r-xp 00003000 08:05 4335172    /usr/lib/i386-linux-gnu/libXdmcp.so.6.0.0
7010e000-7010f000 rwxp 00004000 08:05 4335172    /usr/lib/i386-linux-gnu/libXdmcp.so.6.0.0
7010f000-70111000 r-xp 00000000 08:05 4334188    /usr/lib/i386-linux-gnu/libXau.so.6.0.0
70111000-70112000 r-xp 00001000 08:05 4334188    /usr/lib/i386-linux-gnu/libXau.so.6.0.0
70112000-70113000 rwxp 00002000 08:05 4334188    /usr/lib/i386-linux-gnu/libXau.so.6.0.0
70113000-7012a000 r-xp 00000000 08:05 4337830    /usr/lib/i386-linux-gnu/libxcb.so.1.1.0
7012a000-7012b000 r-xp 00016000 08:05 4337830    /usr/lib/i386-linux-gnu/libxcb.so.1.1.0
7012b000-7012c000 rwxp 00017000 08:05 4337830    /usr/lib/i386-linux-gnu/libxcb.so.1.1.0
7012c000-70139000 r-xp 00000000 08:05 4337957    /usr/lib/i386-linux-gnu/libXi.so.6.1.0
70139000-7013a000 r-xp 0000c000 08:05 4337957    /usr/lib/i386-linux-gnu/libXi.so.6.1.0
7013a000-7013b000 rwxp 0000d000 08:05 4337957    /usr/lib/i386-linux-gnu/libXi.so.6.1.0
7013b000-7014f000 r-xp 00000000 08:05 4466362    /usr/lib/jvm/java-6-sun-1.6.0.26/jre/lib/i386/libnet.so
7014f000-70150000 rwxp 00013000 08:05 4466362    /usr/lib/jvm/java-6-sun-1.6.0.26/jre/lib/i386/libnet.so
70150000-701af000 r-xs 00baa000 08:05 4467347    /usr/lib/jvm/java-6-sun-1.6.0.26/lib/tools.jar
701af000-701b2000 ---p 00000000 00:00 0 
701b2000-70200000 rwxp 00000000 00:00 0 
70200000-702ff000 rwxp 00000000 00:00 0 
702ff000-70300000 ---p 00000000 00:00 0 
70300000-70301000 r-xs 00000000 08:05 1575740    /var/cache/fontconfig/e7071f4a29fa870f4323321c154eba04-le32d4.cache-3
70301000-70302000 r-xs 00000000 08:05 1575924    /var/cache/fontconfig/4c73fe0c47614734b17d736dbde7580a-le32d4.cache-3
70302000-70303000 r-xs 00000000 08:05 1575918    /var/cache/fontconfig/0d8c3b2ac0904cb8a57a757ad11a4a08-le32d4.cache-3
70303000-70307000 r-xp 00000000 08:05 4337963    /usr/lib/libXtst.so.6.1.0
70307000-70308000 r-xp 00003000 08:05 4337963    /usr/lib/libXtst.so.6.1.0
70308000-70309000 rwxp 00004000 08:05 4337963    /usr/lib/libXtst.so.6.1.0
70309000-70316000 r-xp 00000000 08:05 4332391    /usr/lib/i386-linux-gnu/libXext.so.6.4.0
70316000-70317000 r-xp 0000c000 08:05 4332391    /usr/lib/i386-linux-gnu/libXext.so.6.4.0
70317000-70318000 rwxp 0000d000 08:05 4332391    /usr/lib/i386-linux-gnu/libXext.so.6.4.0
70318000-70319000 r-xs 00000000 08:05 1575917    /var/cache/fontconfig/6a53c69dea097a2d716e069445527da8-le32d4.cache-3
70319000-7031c000 r-xs 00000000 08:05 1575843    /var/cache/fontconfig/d60319d88cac85ba9e1a07bd06cfbb8c-le32d4.cache-3
7031c000-7031d000 r-xs 00000000 08:05 1583439    /var/cache/fontconfig/4794a0821666d79190d59a36cb4f44b5-le32d4.cache-3
7031d000-70320000 r-xs 00000000 08:05 1576598    /var/cache/fontconfig/7ef2298fde41cc6eeb7af42e48b7d293-le32d4.cache-3
70320000-7032e000 r-xs 00000000 08:05 1576043    /var/cache/fontconfig/865f88548240fee46819705c6468c165-le32d4.cache-3
7032e000-70335000 r-xp 00000000 08:05 4466363    /usr/lib/jvm/java-6-sun-1.6.0.26/jre/lib/i386/libnio.so
70335000-70336000 rwxp 00006000 08:05 4466363    /usr/lib/jvm/java-6-sun-1.6.0.26/jre/lib/i386/libnio.so
70336000-7033c000 r-xs 0001e000 08:05 4466761    /usr/lib/jvm/java-6-sun-1.6.0.26/lib/dt.jar
7033c000-7033d000 r-xs 00001000 08:05 923239     /home/daniel/netbeans-7.0/platform/lib/locale/org-openide-util_zh_CN.jar
7033d000-7033e000 r-xs 00001000 08:05 923238     /home/daniel/netbeans-7.0/platform/lib/locale/org-openide-util_ru.jar
7033e000-7033f000 r-xs 00001000 08:05 923237     /home/daniel/netbeans-7.0/platform/lib/locale/org-openide-util_pt_BR.jar
7033f000-70340000 r-xs 00001000 08:05 923236     /home/daniel/netbeans-7.0/platform/lib/locale/org-openide-util_ja.jar
70340000-70341000 r-xs 00000000 08:05 923247     /home/daniel/netbeans-7.0/platform/lib/locale/org-openide-util-lookup_zh_CN.jar
70341000-70342000 r-xs 00000000 08:05 923246     /home/daniel/netbeans-7.0/platform/lib/locale/org-openide-util-lookup_ru.jar
70342000-70343000 r-xs 00000000 08:05 923245     /home/daniel/netbeans-7.0/platform/lib/locale/org-openide-util-lookup_pt_BR.jar
70343000-70344000 r-xs 00000000 08:05 923244     /home/daniel/netbeans-7.0/platform/lib/locale/org-openide-util-lookup_ja.jar
70344000-70345000 r-xs 00000000 08:05 923243     /home/daniel/netbeans-7.0/platform/lib/locale/org-openide-modules_zh_CN.jar
70345000-70346000 r-xs 00000000 08:05 923242     /home/daniel/netbeans-7.0/platform/lib/locale/org-openide-modules_ru.jar
70346000-70347000 r-xs 00000000 08:05 923241     /home/daniel/netbeans-7.0/platform/lib/locale/org-openide-modules_pt_BR.jar
70347000-70348000 r-xs 00000000 08:05 923240     /home/daniel/netbeans-7.0/platform/lib/locale/org-openide-modules_ja.jar
70348000-70349000 r-xs 00000000 08:05 923251     /home/daniel/netbeans-7.0/platform/lib/locale/boot_zh_CN.jar
70349000-7034c000 ---p 00000000 00:00 0 
7034c000-7039a000 rwxp 00000000 00:00 0 
7039a000-703a1000 r-xs 000a7000 08:05 919624     /home/daniel/netbeans-7.0/platform/lib/org-openide-util.jar
703a1000-703a2000 ---p 00000000 00:00 0 
703a2000-70422000 rwxp 00000000 00:00 0 
70422000-70425000 ---p 00000000 00:00 0 
70425000-70473000 rwxp 00000000 00:00 0 
70473000-70476000 ---p 00000000 00:00 0 
70476000-704f4000 rwxp 00000000 00:00 0 
704f4000-704f7000 ---p 00000000 00:00 0 
704f7000-70575000 rwxp 00000000 00:00 0 
70575000-70578000 ---p 00000000 00:00 0 
70578000-705c6000 rwxp 00000000 00:00 0 
705c6000-707c6000 r-xp 00000000 08:05 4326790    /usr/lib/locale/locale-archive
707c6000-707c9000 ---p 00000000 00:00 0 
707c9000-70817000 rwxp 00000000 00:00 0 
70817000-7081a000 ---p 00000000 00:00 0 
7081a000-70868000 rwxp 00000000 00:00 0 
70868000-70a00000 r-xs 03029000 08:05 4466583    /usr/lib/jvm/java-6-sun-1.6.0.26/jre/lib/rt.jar
70a00000-70afd000 rwxp 00000000 00:00 0 
70afd000-70b00000 ---p 00000000 00:00 0 
70b00000-70b01000 r-xs 00000000 08:05 923250     /home/daniel/netbeans-7.0/platform/lib/locale/boot_ru.jar
70b01000-70b02000 r-xs 00000000 08:05 923249     /home/daniel/netbeans-7.0/platform/lib/locale/boot_pt_BR.jar
70b02000-70b03000 r-xs 00000000 08:05 923248     /home/daniel/netbeans-7.0/platform/lib/locale/boot_ja.jar
70b03000-70b05000 r-xs 00008000 08:05 790332     /home/daniel/gephi/gephibzr/gephi/build/cluster/core/locale/core_gephi.jar
70b05000-70b06000 r-xs 00001000 08:05 919620     /home/daniel/netbeans-7.0/platform/core/locale/core_zh_CN.jar
70b06000-70b07000 ---p 00000000 00:00 0 
70b07000-70bbb000 rwxp 00000000 00:00 0 
70bbb000-70bbc000 ---p 00000000 00:00 0 
70bbc000-70c3c000 rwxp 00000000 00:00 0 
70c3c000-70c3d000 ---p 00000000 00:00 0 
70c3d000-70cd0000 rwxp 00000000 00:00 0 
70cd0000-70cdd000 rwxp 00000000 00:00 0 
70cdd000-70d33000 rwxp 00000000 00:00 0 
70d33000-70e2b000 rwxp 00000000 00:00 0 
70e2b000-70e3e000 rwxp 00000000 00:00 0 
70e3e000-70e4b000 rwxp 00000000 00:00 0 
70e4b000-70ea1000 rwxp 00000000 00:00 0 
70ea1000-70f98000 rwxp 00000000 00:00 0 
70f98000-70fc9000 rwxp 00000000 00:00 0 
70fc9000-70fcb000 ---p 00000000 00:00 0 
70fcb000-7103f000 rwxp 00000000 00:00 0 
7103f000-73520000 rwxp 00000000 00:00 0 
73520000-75040000 rwxp 00000000 00:00 0 
75040000-7faf0000 rwxp 00000000 00:00 0 
7faf0000-9eaf0000 rwxp 00000000 00:00 0 
9eaf0000-a4b50000 rwxp 00000000 00:00 0 
a4b50000-a4ed0000 ---p 00000000 00:00 0 
a4ed0000-b3840000 rwxp 00000000 00:00 0 
b3840000-b3841000 r-xs 00001000 08:05 919626     /home/daniel/netbeans-7.0/platform/core/locale/core_ja.jar
b3841000-b3842000 r-xs 00001000 08:05 919384     /home/daniel/netbeans-7.0/platform/core/locale/org-openide-filesystems_pt_BR.jar
b3842000-b3843000 r-xs 00001000 08:05 919619     /home/daniel/netbeans-7.0/platform/core/locale/core_pt_BR.jar
b3843000-b3844000 r-xs 00001000 08:05 919625     /home/daniel/netbeans-7.0/platform/core/locale/core_ru.jar
b3844000-b3845000 r-xs 00001000 08:05 919385     /home/daniel/netbeans-7.0/platform/core/locale/org-openide-filesystems_zh_CN.jar
b3845000-b3846000 r-xs 00001000 08:05 919437     /home/daniel/netbeans-7.0/platform/core/locale/org-openide-filesystems_ru.jar
b3846000-b3847000 r-xs 00001000 08:05 919436     /home/daniel/netbeans-7.0/platform/core/locale/org-openide-filesystems_ja.jar
b3847000-b384c000 r-xs 000b9000 08:05 919629     /home/daniel/netbeans-7.0/platform/core/core.jar
b384c000-b3856000 rwxp 00000000 00:00 0 
b3856000-b390c000 rwxp 00000000 00:00 0 
b390c000-b3b74000 rwxp 00000000 00:00 0 
b3b74000-b690c000 rwxp 00000000 00:00 0 
b690c000-b691b000 r-xp 00000000 08:05 4466358    /usr/lib/jvm/java-6-sun-1.6.0.26/jre/lib/i386/libzip.so
b691b000-b691d000 rwxp 0000e000 08:05 4466358    /usr/lib/jvm/java-6-sun-1.6.0.26/jre/lib/i386/libzip.so
b691d000-b6927000 r-xp 00000000 08:05 3547576    /lib/i386-linux-gnu/libnss_files-2.13.so
b6927000-b6928000 r-xp 00009000 08:05 3547576    /lib/i386-linux-gnu/libnss_files-2.13.so
b6928000-b6929000 rwxp 0000a000 08:05 3547576    /lib/i386-linux-gnu/libnss_files-2.13.so
b6929000-b6932000 r-xp 00000000 08:05 3547561    /lib/i386-linux-gnu/libnss_nis-2.13.so
b6932000-b6933000 r-xp 00008000 08:05 3547561    /lib/i386-linux-gnu/libnss_nis-2.13.so
b6933000-b6934000 rwxp 00009000 08:05 3547561    /lib/i386-linux-gnu/libnss_nis-2.13.so
b6934000-b6947000 r-xp 00000000 08:05 3547557    /lib/i386-linux-gnu/libnsl-2.13.so
b6947000-b6948000 r-xp 00012000 08:05 3547557    /lib/i386-linux-gnu/libnsl-2.13.so
b6948000-b6949000 rwxp 00013000 08:05 3547557    /lib/i386-linux-gnu/libnsl-2.13.so
b6949000-b694b000 rwxp 00000000 00:00 0 
b694b000-b6952000 r-xs 000d0000 08:05 919577     /home/daniel/netbeans-7.0/platform/core/org-openide-filesystems.jar
b6952000-b6955000 r-xs 00047000 08:05 919593     /home/daniel/netbeans-7.0/platform/lib/org-openide-util-lookup.jar
b6955000-b6956000 r-xs 00009000 08:05 919615     /home/daniel/netbeans-7.0/platform/lib/org-openide-modules.jar
b6956000-b6958000 r-xs 0005b000 08:05 919630     /home/daniel/netbeans-7.0/platform/lib/boot.jar
b6958000-b6959000 r-xp 002a1000 08:05 4326790    /usr/lib/locale/locale-archive
b6959000-b6961000 rwxs 00000000 08:05 2756851    /tmp/hsperfdata_daniel/22526
b6961000-b6984000 r-xp 00000000 08:05 4466355    /usr/lib/jvm/java-6-sun-1.6.0.26/jre/lib/i386/libjava.so
b6984000-b6986000 rwxp 00023000 08:05 4466355    /usr/lib/jvm/java-6-sun-1.6.0.26/jre/lib/i386/libjava.so
b6986000-b698d000 r-xp 00000000 08:05 3547553    /lib/i386-linux-gnu/librt-2.13.so
b698d000-b698e000 r-xp 00006000 08:05 3547553    /lib/i386-linux-gnu/librt-2.13.so
b698e000-b698f000 rwxp 00007000 08:05 3547553    /lib/i386-linux-gnu/librt-2.13.so
b698f000-b6992000 ---p 00000000 00:00 0 
b6992000-b69e0000 rwxp 00000000 00:00 0 
b69e0000-b6a04000 r-xp 00000000 08:05 3547572    /lib/i386-linux-gnu/libm-2.13.so
b6a04000-b6a05000 r-xp 00023000 08:05 3547572    /lib/i386-linux-gnu/libm-2.13.so
b6a05000-b6a06000 rwxp 00024000 08:05 3547572    /lib/i386-linux-gnu/libm-2.13.so
b6a06000-b71b8000 r-xp 00000000 08:05 4466343    /usr/lib/jvm/java-6-sun-1.6.0.26/jre/lib/i386/server/libjvm.so
b71b8000-b720c000 rwxp 007b1000 08:05 4466343    /usr/lib/jvm/java-6-sun-1.6.0.26/jre/lib/i386/server/libjvm.so
b720c000-b762b000 rwxp 00000000 00:00 0 
b762b000-b7785000 r-xp 00000000 08:05 3542501    /lib/i386-linux-gnu/libc-2.13.so
b7785000-b7786000 ---p 0015a000 08:05 3542501    /lib/i386-linux-gnu/libc-2.13.so
b7786000-b7788000 r-xp 0015a000 08:05 3542501    /lib/i386-linux-gnu/libc-2.13.so
b7788000-b7789000 rwxp 0015c000 08:05 3542501    /lib/i386-linux-gnu/libc-2.13.so
b7789000-b778c000 rwxp 00000000 00:00 0 
b778c000-b778e000 r-xp 00000000 08:05 3547569    /lib/i386-linux-gnu/libdl-2.13.so
b778e000-b778f000 r-xp 00001000 08:05 3547569    /lib/i386-linux-gnu/libdl-2.13.so
b778f000-b7790000 rwxp 00002000 08:05 3547569    /lib/i386-linux-gnu/libdl-2.13.so
b7790000-b7797000 r-xp 00000000 08:05 4466357    /usr/lib/jvm/java-6-sun-1.6.0.26/jre/lib/i386/jli/libjli.so
b7797000-b7799000 rwxp 00006000 08:05 4466357    /usr/lib/jvm/java-6-sun-1.6.0.26/jre/lib/i386/jli/libjli.so
b7799000-b779a000 rwxp 00000000 00:00 0 
b779a000-b77af000 r-xp 00000000 08:05 3547567    /lib/i386-linux-gnu/libpthread-2.13.so
b77af000-b77b0000 r-xp 00015000 08:05 3547567    /lib/i386-linux-gnu/libpthread-2.13.so
b77b0000-b77b1000 rwxp 00016000 08:05 3547567    /lib/i386-linux-gnu/libpthread-2.13.so
b77b1000-b77b3000 rwxp 00000000 00:00 0 
b77b3000-b77b9000 r-xp 00000000 08:05 3547562    /lib/i386-linux-gnu/libnss_compat-2.13.so
b77b9000-b77ba000 r-xp 00005000 08:05 3547562    /lib/i386-linux-gnu/libnss_compat-2.13.so
b77ba000-b77bb000 rwxp 00006000 08:05 3547562    /lib/i386-linux-gnu/libnss_compat-2.13.so
b77bb000-b77bc000 rwxp 00000000 00:00 0 
b77bc000-b77bd000 r-xp 00000000 00:00 0 
b77bd000-b77c8000 r-xp 00000000 08:05 4466354    /usr/lib/jvm/java-6-sun-1.6.0.26/jre/lib/i386/libverify.so
b77c8000-b77c9000 rwxp 0000b000 08:05 4466354    /usr/lib/jvm/java-6-sun-1.6.0.26/jre/lib/i386/libverify.so
b77c9000-b77cb000 rwxp 00000000 00:00 0 
b77cb000-b77cc000 r-xp 00000000 00:00 0          [vdso]
b77cc000-b77e8000 r-xp 00000000 08:05 3547574    /lib/i386-linux-gnu/ld-2.13.so
b77e8000-b77e9000 r-xp 0001b000 08:05 3547574    /lib/i386-linux-gnu/ld-2.13.so
b77e9000-b77ea000 rwxp 0001c000 08:05 3547574    /lib/i386-linux-gnu/ld-2.13.so
bfb3a000-bfb5b000 rwxp 00000000 00:00 0          [stack]

VM Arguments:
jvm_args: -Djdk.home=/usr/lib/jvm/java-6-sun-1.6.0.26 -Dnetbeans.system_http_proxy=DIRECT -Dnetbeans.system_http_non_proxy_hosts= -Dnetbeans.dirs=/home/daniel/gephi/gephibzr/gephi/build/cluster:/home/daniel/netbeans-7.0/platform -Dnetbeans.home=/home/daniel/netbeans-7.0/platform -Dnetbeans.logger.console=true -ea -Xms256m -Xmx1000m -Dsun.java2d.noddraw=true -Dsun.awt.noerasebackground=true -XX:+HeapDumpOnOutOfMemoryError -XX:HeapDumpPath=/home/daniel/gephi/gephibzr/gephi/build/testuserdir/var/log/heapdump.hprof 
java_command: org.netbeans.Main --userdir /home/daniel/gephi/gephibzr/gephi/build/testuserdir --branding gephi
Launcher Type: SUN_STANDARD

Environment Variables:
PATH=/usr/local/sbin:/usr/local/bin:/usr/sbin:/usr/bin:/sbin:/bin:/usr/games
USERNAME=daniel
LD_LIBRARY_PATH=/usr/lib/jvm/java-6-sun-1.6.0.26/jre/lib/i386/server:/usr/lib/jvm/java-6-sun-1.6.0.26/jre/lib/i386:/usr/lib/jvm/java-6-sun-1.6.0.26/jre/../lib/i386:/usr/lib/jvm/java-6-sun-1.6.0.26/jre/lib/i386/client:/usr/lib/jvm/java-6-sun-1.6.0.26/jre/lib/i386:/usr/lib/jvm/java-6-sun-1.6.0.26/jre/../lib/i386
SHELL=/bin/bash
DISPLAY=:0

Signal Handlers:
SIGSEGV: [libjvm.so+0x725510], sa_mask[0]=0x7ffbfeff, sa_flags=0x10000004
SIGBUS: [libjvm.so+0x725510], sa_mask[0]=0x7ffbfeff, sa_flags=0x10000004
SIGFPE: [libjvm.so+0x5dff20], sa_mask[0]=0x7ffbfeff, sa_flags=0x10000004
SIGPIPE: SIG_IGN, sa_mask[0]=0x00001000, sa_flags=0x10000000
SIGXFSZ: [libjvm.so+0x5dff20], sa_mask[0]=0x7ffbfeff, sa_flags=0x10000004
SIGILL: [libjvm.so+0x5dff20], sa_mask[0]=0x7ffbfeff, sa_flags=0x10000004
SIGUSR1: SIG_DFL, sa_mask[0]=0x00000000, sa_flags=0x00000000
SIGUSR2: [libjvm.so+0x5e3160], sa_mask[0]=0x00000004, sa_flags=0x10000004
SIGHUP: [libjvm.so+0x5e2d40], sa_mask[0]=0x7ffbfeff, sa_flags=0x10000004
SIGINT: SIG_IGN, sa_mask[0]=0x00000000, sa_flags=0x00000000
SIGTERM: [libjvm.so+0x5e2d40], sa_mask[0]=0x7ffbfeff, sa_flags=0x10000004
SIGQUIT: [libjvm.so+0x5e2d40], sa_mask[0]=0x7ffbfeff, sa_flags=0x10000004


---------------  S Y S T E M  ---------------

OS:squeeze/sid

uname:Linux 2.6.38-11-generic #48-Ubuntu SMP Fri Jul 29 19:05:14 UTC 2011 i686
libc:glibc 2.13 NPTL 2.13 
rlimit: STACK 8192k, CORE 0k, NPROC infinity, NOFILE 4096, AS infinity
load average:0.18 0.34 0.43

/proc/meminfo:
MemTotal:        1955572 kB
MemFree:           54404 kB
Buffers:           34344 kB
Cached:           528880 kB
SwapCached:       103636 kB
Active:          1089004 kB
Inactive:         711332 kB
Active(anon):     937092 kB
Inactive(anon):   497176 kB
Active(file):     151912 kB
Inactive(file):   214156 kB
Unevictable:          16 kB
Mlocked:              16 kB
HighTotal:       1081776 kB
HighFree:           1648 kB
LowTotal:         873796 kB
LowFree:           52756 kB
SwapTotal:       4476924 kB
SwapFree:        3655116 kB
Dirty:               428 kB
Writeback:             0 kB
AnonPages:       1195028 kB
Mapped:            97512 kB
Shmem:            197168 kB
Slab:              49152 kB
SReclaimable:      24024 kB
SUnreclaim:        25128 kB
KernelStack:        3528 kB
PageTables:        10148 kB
NFS_Unstable:          0 kB
Bounce:                0 kB
WritebackTmp:          0 kB
CommitLimit:     5454708 kB
Committed_AS:    4398776 kB
VmallocTotal:     122880 kB
VmallocUsed:       34736 kB
VmallocChunk:      48480 kB
HardwareCorrupted:     0 kB
HugePages_Total:       0
HugePages_Free:        0
HugePages_Rsvd:        0
HugePages_Surp:        0
Hugepagesize:       4096 kB
DirectMap4k:       16376 kB
DirectMap4M:      892928 kB


CPU:total 2 (2 cores per cpu, 1 threads per core) family 6 model 23 stepping 10, cmov, cx8, fxsr, mmx, sse, sse2, sse3, ssse3, sse4.1

/proc/cpuinfo:
processor	: 0
vendor_id	: GenuineIntel
cpu family	: 6
model		: 23
model name	: Intel(R) Core(TM)2 Duo CPU     L9600  @ 2.13GHz
stepping	: 10
cpu MHz		: 1600.000
cache size	: 6144 KB
physical id	: 0
siblings	: 2
core id		: 0
cpu cores	: 2
apicid		: 0
initial apicid	: 0
fdiv_bug	: no
hlt_bug		: no
f00f_bug	: no
coma_bug	: no
fpu		: yes
fpu_exception	: yes
cpuid level	: 13
wp		: yes
flags		: fpu vme de pse tsc msr pae mce cx8 apic mtrr pge mca cmov pat pse36 clflush dts acpi mmx fxsr sse sse2 ss ht tm pbe nx lm constant_tsc arch_perfmon pebs bts aperfmperf pni dtes64 monitor ds_cpl vmx smx est tm2 ssse3 cx16 xtpr pdcm sse4_1 xsave lahf_lm ida dts tpr_shadow vnmi flexpriority
bogomips	: 4255.02
clflush size	: 64
cache_alignment	: 64
address sizes	: 36 bits physical, 48 bits virtual
power management:

processor	: 1
vendor_id	: GenuineIntel
cpu family	: 6
model		: 23
model name	: Intel(R) Core(TM)2 Duo CPU     L9600  @ 2.13GHz
stepping	: 10
cpu MHz		: 2133.000
cache size	: 6144 KB
physical id	: 0
siblings	: 2
core id		: 1
cpu cores	: 2
apicid		: 1
initial apicid	: 1
fdiv_bug	: no
hlt_bug		: no
f00f_bug	: no
coma_bug	: no
fpu		: yes
fpu_exception	: yes
cpuid level	: 13
wp		: yes
flags		: fpu vme de pse tsc msr pae mce cx8 apic mtrr pge mca cmov pat pse36 clflush dts acpi mmx fxsr sse sse2 ss ht tm pbe nx lm constant_tsc arch_perfmon pebs bts aperfmperf pni dtes64 monitor ds_cpl vmx smx est tm2 ssse3 cx16 xtpr pdcm sse4_1 xsave lahf_lm ida dts tpr_shadow vnmi flexpriority
bogomips	: 4256.04
clflush size	: 64
cache_alignment	: 64
address sizes	: 36 bits physical, 48 bits virtual
power management:



Memory: 4k page, physical 1955572k(54404k free), swap 4476924k(3655116k free)

vm_info: Java HotSpot(TM) Server VM (20.1-b02) for linux-x86 JRE (1.6.0_26-b03), built on May  4 2011 01:04:10 by "java_re" with gcc 3.2.1-7a (J2SE release)

time: Thu Aug 25 18:37:51 2011
elapsed time: 325 seconds

