#
# A fatal error has been detected by the Java Runtime Environment:
#
#  SIGSEGV (0xb) at pc=0x0004160a, pid=2717, tid=1815702384
#
# JRE version: 6.0_24-b07
# Java VM: Java HotSpot(TM) Server VM (19.1-b02 mixed mode linux-x86 )
# Problematic frame:
# C  0x0004160a
#
# If you would like to submit a bug report, please visit:
#   http://java.sun.com/webapps/bugreport/crash.jsp
# The crash happened outside the Java Virtual Machine in native code.
# See problematic frame for where to report the bug.
#

---------------  T H R E A D  ---------------

Current thread (0x6c606000):  JavaThread "AWT-EventQueue-1" [_thread_in_native, id=2742, stack(0x6c346000,0x6c397000)]

siginfo:si_signo=SIGSEGV: si_errno=0, si_code=1 (SEGV_MAPERR), si_addr=0x0004160a

Registers:
EAX=0x7002c170, EBX=0x6c514588, ECX=0x0420008d, EDX=0x6f277e90
ESP=0x6c3957dc, EBP=0x6c395828, ESI=0x7264b438, EDI=0x6c606000
EIP=0x0004160a, CR2=0x0004160a, EFLAGS=0x00010216

Register to memory mapping:

EAX=0x7002c170
0x7002c170 is pointing to unknown location

EBX=0x6c514588

[error occurred during error reporting (printing registers, top of stack, instructions near pc), id 0xb]

Stack: [0x6c346000,0x6c397000],  sp=0x6c3957dc,  free space=317k
Native frames: (J=compiled Java code, j=interpreted, Vv=VM code, C=native code)
C  0x0004160a
j  com.sun.opengl.impl.x11.GLX.glXMakeCurrent(JJJ)Z+0
j  com.sun.opengl.impl.x11.X11GLContext.makeCurrentImpl()I+78
j  com.sun.opengl.impl.x11.X11OnscreenGLContext.makeCurrentImpl()I+32
j  com.sun.opengl.impl.GLContextImpl.makeCurrent()I+56
j  com.sun.opengl.impl.GLDrawableHelper.invokeGL(Ljavax/media/opengl/GLDrawable;Ljavax/media/opengl/GLContext;Ljava/lang/Runnable;Ljava/lang/Runnable;)V+308
j  javax.media.opengl.GLCanvas$DisplayOnEventDispatchThreadAction.run()V+35
j  java.awt.event.InvocationEvent.dispatch()V+11
j  java.awt.EventQueue.dispatchEventImpl(Ljava/awt/AWTEvent;Ljava/lang/Object;)V+21
j  java.awt.EventQueue.access$000(Ljava/awt/EventQueue;Ljava/awt/AWTEvent;Ljava/lang/Object;)V+3
j  java.awt.EventQueue$1.run()Ljava/lang/Void;+12
j  java.awt.EventQueue$1.run()Ljava/lang/Object;+1
v  ~StubRoutines::call_stub
V  [libjvm.so+0x3cfb21]
V  [libjvm.so+0x5c5478]
V  [libjvm.so+0x3cf94f]
V  [libjvm.so+0x43413e]
C  [libjava.so+0xa96c]  Java_java_security_AccessController_doPrivileged__Ljava_security_PrivilegedAction_2Ljava_security_AccessControlContext_2+0x3c
j  java.security.AccessController.doPrivileged(Ljava/security/PrivilegedAction;Ljava/security/AccessControlContext;)Ljava/lang/Object;+0
j  java.security.AccessControlContext$1.doIntersectionPrivilege(Ljava/security/PrivilegedAction;Ljava/security/AccessControlContext;Ljava/security/AccessControlContext;)Ljava/lang/Object;+28
j  java.awt.EventQueue.dispatchEvent(Ljava/awt/AWTEvent;)V+46
j  org.netbeans.core.TimableEventQueue.dispatchEvent(Ljava/awt/AWTEvent;)V+17
j  java.awt.EventDispatchThread.pumpOneEventForFilters(I)Z+204
j  java.awt.EventDispatchThread.pumpEventsForFilter(ILjava/awt/Conditional;Ljava/awt/EventFilter;)V+30
j  java.awt.EventDispatchThread.pumpEventsForHierarchy(ILjava/awt/Conditional;Ljava/awt/Component;)V+11
j  java.awt.EventDispatchThread.pumpEvents(ILjava/awt/Conditional;)V+4
j  java.awt.EventDispatchThread.pumpEvents(Ljava/awt/Conditional;)V+3
j  java.awt.EventDispatchThread.run()V+9
v  ~StubRoutines::call_stub
V  [libjvm.so+0x3cfb21]
V  [libjvm.so+0x5c5478]
V  [libjvm.so+0x3cf395]
V  [libjvm.so+0x3cf458]
V  [libjvm.so+0x451be7]
V  [libjvm.so+0x6c604f]
V  [libjvm.so+0x5c6a6e]
C  [libpthread.so.0+0x5e99]

Java frames: (J=compiled Java code, j=interpreted, Vv=VM code)
j  com.sun.opengl.impl.x11.GLX.glXMakeCurrent(JJJ)Z+0
j  com.sun.opengl.impl.x11.X11GLContext.makeCurrentImpl()I+78
j  com.sun.opengl.impl.x11.X11OnscreenGLContext.makeCurrentImpl()I+32
j  com.sun.opengl.impl.GLContextImpl.makeCurrent()I+56
j  com.sun.opengl.impl.GLDrawableHelper.invokeGL(Ljavax/media/opengl/GLDrawable;Ljavax/media/opengl/GLContext;Ljava/lang/Runnable;Ljava/lang/Runnable;)V+308
j  javax.media.opengl.GLCanvas$DisplayOnEventDispatchThreadAction.run()V+35
j  java.awt.event.InvocationEvent.dispatch()V+11
j  java.awt.EventQueue.dispatchEventImpl(Ljava/awt/AWTEvent;Ljava/lang/Object;)V+21
j  java.awt.EventQueue.access$000(Ljava/awt/EventQueue;Ljava/awt/AWTEvent;Ljava/lang/Object;)V+3
j  java.awt.EventQueue$1.run()Ljava/lang/Void;+12
j  java.awt.EventQueue$1.run()Ljava/lang/Object;+1
v  ~StubRoutines::call_stub
j  java.security.AccessController.doPrivileged(Ljava/security/PrivilegedAction;Ljava/security/AccessControlContext;)Ljava/lang/Object;+0
j  java.security.AccessControlContext$1.doIntersectionPrivilege(Ljava/security/PrivilegedAction;Ljava/security/AccessControlContext;Ljava/security/AccessControlContext;)Ljava/lang/Object;+28
j  java.awt.EventQueue.dispatchEvent(Ljava/awt/AWTEvent;)V+46
j  org.netbeans.core.TimableEventQueue.dispatchEvent(Ljava/awt/AWTEvent;)V+17
j  java.awt.EventDispatchThread.pumpOneEventForFilters(I)Z+204
j  java.awt.EventDispatchThread.pumpEventsForFilter(ILjava/awt/Conditional;Ljava/awt/EventFilter;)V+30
j  java.awt.EventDispatchThread.pumpEventsForHierarchy(ILjava/awt/Conditional;Ljava/awt/Component;)V+11
j  java.awt.EventDispatchThread.pumpEvents(ILjava/awt/Conditional;)V+4
j  java.awt.EventDispatchThread.pumpEvents(Ljava/awt/Conditional;)V+3
j  java.awt.EventDispatchThread.run()V+9
v  ~StubRoutines::call_stub

---------------  P R O C E S S  ---------------

Java Threads: ( => current thread )
  0x0a906000 JavaThread "Context Panel consumer thread" daemon [_thread_blocked, id=2766, stack(0x6df6b000,0x6dfbc000)]
  0x6ab56800 JavaThread "graph-event-bus" daemon [_thread_blocked, id=2764, stack(0x6e00d000,0x6e05e000)]
  0x6ac76000 JavaThread "DHNS View Destructor" daemon [_thread_blocked, id=2763, stack(0x6e05e000,0x6e0af000)]
  0x6b252c00 JavaThread "attribute-event-bus" daemon [_thread_blocked, id=2762, stack(0x6e0af000,0x6e100000)]
  0x6b8ec400 JavaThread "Inactive RequestProcessor thread [Was:Folder Instance Processor/org.openide.loaders.FolderInstance$1R]" daemon [_thread_blocked, id=2759, stack(0x6e229000,0x6e27a000)]
  0x6c2bec00 JavaThread "VisualizationThreadPool 2" daemon [_thread_blocked, id=2758, stack(0x6e27a000,0x6e2cb000)]
  0x6c2bbc00 JavaThread "VisualizationThreadPool 1" daemon [_thread_blocked, id=2757, stack(0x6e2cf000,0x6e320000)]
  0x6c2bb400 JavaThread "VisualizationThreadPool 1" daemon [_thread_blocked, id=2756, stack(0x6a54f000,0x6a5a0000)]
  0x6c285800 JavaThread "SimpleFPSAnimator" daemon [_thread_blocked, id=2755, stack(0x6e4a7000,0x6e4f8000)]
  0x6aaac400 JavaThread "Timer-1" daemon [_thread_blocked, id=2748, stack(0x6ad23000,0x6ad74000)]
  0x6ab03000 JavaThread "Dynamic Model EventDispatchThread" daemon [_thread_blocked, id=2747, stack(0x6c10d000,0x6c15e000)]
  0x6ff47c00 JavaThread "DestroyJavaVM" [_thread_blocked, id=2718, stack(0xb69c6000,0xb6a17000)]
  0x6c608000 JavaThread "Inactive RequestProcessor thread [Was:TimedSoftReference/org.openide.util.TimedSoftReference]" daemon [_thread_blocked, id=2743, stack(0x6f97c000,0x6f9cd000)]
=>0x6c606000 JavaThread "AWT-EventQueue-1" [_thread_in_native, id=2742, stack(0x6c346000,0x6c397000)]
  0x6c603800 JavaThread "TimerQueue" daemon [_thread_blocked, id=2741, stack(0x6c397000,0x6c3e8000)]
  0x6f4ff800 JavaThread "Thread-2" daemon [_thread_blocked, id=2740, stack(0x6c3e8000,0x6c439000)]
  0x700fd800 JavaThread "AWT-Shutdown" [_thread_blocked, id=2736, stack(0x6fa91000,0x6fae2000)]
  0x700e2000 JavaThread "AWT-XAWT" daemon [_thread_blocked, id=2735, stack(0x6fae2000,0x6fb33000)]
  0x7003f800 JavaThread "Java2D Disposer" daemon [_thread_blocked, id=2734, stack(0x6fb51000,0x6fba2000)]
  0x6ff44c00 JavaThread "Inactive RequestProcessor thread [Was:Folder recognizer/org.openide.loaders.FolderList$ListTask]" daemon [_thread_blocked, id=2732, stack(0x6fe5e000,0x6feaf000)]
  0x6ff43400 JavaThread "CLI Requests Server" daemon [_thread_in_native, id=2731, stack(0x6feaf000,0x6ff00000)]
  0x70250400 JavaThread "Active Reference Queue Daemon" daemon [_thread_blocked, id=2730, stack(0x701af000,0x70200000)]
  0x70aea800 JavaThread "Timer-0" daemon [_thread_blocked, id=2729, stack(0x70350000,0x703a1000)]
  0x70a8b000 JavaThread "Low Memory Detector" daemon [_thread_blocked, id=2727, stack(0x70422000,0x70473000)]
  0x70a89000 JavaThread "CompilerThread1" daemon [_thread_blocked, id=2726, stack(0x70473000,0x704f4000)]
  0x70a87000 JavaThread "CompilerThread0" daemon [_thread_blocked, id=2725, stack(0x704f4000,0x70575000)]
  0x70a85800 JavaThread "Signal Dispatcher" daemon [_thread_blocked, id=2724, stack(0x70575000,0x705c6000)]
  0x70a77000 JavaThread "Finalizer" daemon [_thread_blocked, id=2723, stack(0x707c6000,0x70817000)]
  0x70a75800 JavaThread "Reference Handler" daemon [_thread_blocked, id=2722, stack(0x70817000,0x70868000)]

Other Threads:
  0x70a71c00 VMThread [stack: 0x70b36000,0x70bb7000] [id=2721]
  0x70a8d000 WatcherThread [stack: 0x703a1000,0x70422000] [id=2728]

VM state:not at safepoint (normal execution)

VM Mutex/Monitor currently owned by a thread: None

Heap
 PSYoungGen      total 142080K, used 106695K [0x9eb20000, 0xa8080000, 0xb3870000)
  eden space 131200K, 73% used [0x9eb20000,0xa48b48e8,0xa6b40000)
  from space 10880K, 99% used [0xa75e0000,0xa807d490,0xa8080000)
  to   space 10880K, 0% used [0xa6b40000,0xa6b40000,0xa75e0000)
 PSOldGen        total 174784K, used 2448K [0x75070000, 0x7fb20000, 0x9eb20000)
  object space 174784K, 1% used [0x75070000,0x752d4138,0x7fb20000)
 PSPermGen       total 35968K, used 35947K [0x71070000, 0x73390000, 0x75070000)
  object space 35968K, 99% used [0x71070000,0x7338ad20,0x73390000)

Dynamic libraries:
08048000-08052000 r-xp 00000000 08:05 4469969    /usr/lib/jvm/java-6-sun-1.6.0.24/jre/bin/java
08052000-08053000 rwxp 00009000 08:05 4469969    /usr/lib/jvm/java-6-sun-1.6.0.24/jre/bin/java
09e7d000-0befe000 rwxp 00000000 00:00 0          [heap]
69500000-695fb000 rwxp 00000000 00:00 0 
695fb000-69600000 ---p 00000000 00:00 0 
696d1000-69f56000 rwxp 00000000 00:00 0 
69f56000-6a200000 rwxs 00000000 00:04 5701646    /SYSV00000000 (deleted)
6a200000-6a2c9000 rwxp 00000000 00:00 0 
6a2c9000-6a300000 ---p 00000000 00:00 0 
6a339000-6a3ff000 r-xp 00000000 08:05 4470045    /usr/lib/jvm/java-6-sun-1.6.0.24/jre/lib/i386/libmlib_image.so
6a3ff000-6a400000 rwxp 000c5000 08:05 4470045    /usr/lib/jvm/java-6-sun-1.6.0.24/jre/lib/i386/libmlib_image.so
6a400000-6a500000 rwxp 00000000 00:00 0 
6a54f000-6a552000 ---p 00000000 00:00 0 
6a552000-6a5a0000 rwxp 00000000 00:00 0 
6a5a0000-6a600000 rwxs 00000000 00:04 5734417    /SYSV00000000 (deleted)
6a600000-6a6f9000 rwxp 00000000 00:00 0 
6a6f9000-6a700000 ---p 00000000 00:00 0 
6a700000-6a7ff000 rwxp 00000000 00:00 0 
6a7ff000-6a800000 ---p 00000000 00:00 0 
6a800000-6a8fb000 rwxp 00000000 00:00 0 
6a8fb000-6a900000 ---p 00000000 00:00 0 
6a900000-6aa00000 rwxp 00000000 00:00 0 
6aa00000-6abf9000 rwxp 00000000 00:00 0 
6abf9000-6ac00000 ---p 00000000 00:00 0 
6ac00000-6ad00000 rwxp 00000000 00:00 0 
6ad23000-6ad26000 ---p 00000000 00:00 0 
6ad26000-6ad74000 rwxp 00000000 00:00 0 
6ad74000-6ae5e000 r-xp 00000000 08:05 4349248    /usr/lib/dri/libglsl.so
6ae5e000-6ae62000 r-xp 000ea000 08:05 4349248    /usr/lib/dri/libglsl.so
6ae62000-6ae63000 rwxp 000ee000 08:05 4349248    /usr/lib/dri/libglsl.so
6ae63000-6ae64000 rwxp 00000000 00:00 0 
6ae64000-6b03f000 r-xp 00000000 08:05 4349249    /usr/lib/dri/libdricore.so
6b03f000-6b045000 r-xp 001db000 08:05 4349249    /usr/lib/dri/libdricore.so
6b045000-6b047000 rwxp 001e1000 08:05 4349249    /usr/lib/dri/libdricore.so
6b047000-6b057000 rwxp 00000000 00:00 0 
6b057000-6b0fb000 r-xp 00000000 08:05 4349235    /usr/lib/dri/i965_dri.so
6b0fb000-6b0fe000 r-xp 000a3000 08:05 4349235    /usr/lib/dri/i965_dri.so
6b0fe000-6b100000 rwxp 000a6000 08:05 4349235    /usr/lib/dri/i965_dri.so
6b100000-6b1fe000 rwxp 00000000 00:00 0 
6b1fe000-6b200000 ---p 00000000 00:00 0 
6b200000-6b2f9000 rwxp 00000000 00:00 0 
6b2f9000-6b300000 ---p 00000000 00:00 0 
6b300000-6b3fd000 rwxp 00000000 00:00 0 
6b3fd000-6b400000 ---p 00000000 00:00 0 
6b400000-6b500000 rwxp 00000000 00:00 0 
6b500000-6b5f9000 rwxp 00000000 00:00 0 
6b5f9000-6b600000 ---p 00000000 00:00 0 
6b600000-6b700000 rwxp 00000000 00:00 0 
6b700000-6b7f9000 rwxp 00000000 00:00 0 
6b7f9000-6b800000 ---p 00000000 00:00 0 
6b800000-6b8fe000 rwxp 00000000 00:00 0 
6b8fe000-6b900000 ---p 00000000 00:00 0 
6b900000-6b9ff000 rwxp 00000000 00:00 0 
6b9ff000-6ba00000 ---p 00000000 00:00 0 
6ba00000-6baf9000 rwxp 00000000 00:00 0 
6baf9000-6bb00000 ---p 00000000 00:00 0 
6bb00000-6bbfe000 rwxp 00000000 00:00 0 
6bbfe000-6bc00000 ---p 00000000 00:00 0 
6bc00000-6bcf9000 rwxp 00000000 00:00 0 
6bcf9000-6bd00000 ---p 00000000 00:00 0 
6bd00000-6bdfe000 rwxp 00000000 00:00 0 
6bdfe000-6be00000 ---p 00000000 00:00 0 
6be00000-6beff000 rwxp 00000000 00:00 0 
6beff000-6bf00000 ---p 00000000 00:00 0 
6bf00000-6bffd000 rwxp 00000000 00:00 0 
6bffd000-6c000000 ---p 00000000 00:00 0 
6c000000-6c0fe000 rwxp 00000000 00:00 0 
6c0fe000-6c100000 ---p 00000000 00:00 0 
6c10d000-6c110000 ---p 00000000 00:00 0 
6c110000-6c15e000 rwxp 00000000 00:00 0 
6c15e000-6c161000 ---p 00000000 00:00 0 
6c161000-6c1af000 rwxp 00000000 00:00 0 
6c1af000-6c1b2000 ---p 00000000 00:00 0 
6c1b2000-6c200000 rwxp 00000000 00:00 0 
6c200000-6c2e9000 rwxp 00000000 00:00 0 
6c2e9000-6c300000 ---p 00000000 00:00 0 
6c346000-6c349000 ---p 00000000 00:00 0 
6c349000-6c397000 rwxp 00000000 00:00 0 
6c397000-6c39a000 ---p 00000000 00:00 0 
6c39a000-6c3e8000 rwxp 00000000 00:00 0 
6c3e8000-6c3eb000 ---p 00000000 00:00 0 
6c3eb000-6c439000 rwxp 00000000 00:00 0 
6c439000-6c514000 r-xp 00000000 08:05 920610     /home/daniel/gephi/gephibzr/gephi/build/cluster/modules/lib/linux-i586/libjogl.so
6c514000-6c515000 rwxp 000da000 08:05 920610     /home/daniel/gephi/gephibzr/gephi/build/cluster/modules/lib/linux-i586/libjogl.so
6c515000-6c5f4000 r-xp 00000000 08:05 4331457    /usr/lib/i386-linux-gnu/libstdc++.so.6.0.14
6c5f4000-6c5f8000 r-xp 000de000 08:05 4331457    /usr/lib/i386-linux-gnu/libstdc++.so.6.0.14
6c5f8000-6c5f9000 rwxp 000e2000 08:05 4331457    /usr/lib/i386-linux-gnu/libstdc++.so.6.0.14
6c5f9000-6c600000 rwxp 00000000 00:00 0 
6c600000-6c6fe000 rwxp 00000000 00:00 0 
6c6fe000-6c700000 ---p 00000000 00:00 0 
6c730000-6c737000 rwxs 00000000 00:04 5799955    /SYSV00000000 (deleted)
6c737000-6c740000 r-xp 00000000 08:05 3539009    /lib/i386-linux-gnu/libdrm_intel.so.1.0.0
6c740000-6c741000 r-xp 00008000 08:05 3539009    /lib/i386-linux-gnu/libdrm_intel.so.1.0.0
6c741000-6c742000 rwxp 00009000 08:05 3539009    /lib/i386-linux-gnu/libdrm_intel.so.1.0.0
6c742000-6c75c000 r-xp 00000000 08:05 3539183    /lib/i386-linux-gnu/libgcc_s.so.1
6c75c000-6c75d000 r-xp 00019000 08:05 3539183    /lib/i386-linux-gnu/libgcc_s.so.1
6c75d000-6c75e000 rwxp 0001a000 08:05 3539183    /lib/i386-linux-gnu/libgcc_s.so.1
6c75e000-6c766000 r-xp 00000000 08:05 3539143    /lib/i386-linux-gnu/libdrm.so.2.4.0
6c766000-6c767000 r-xp 00007000 08:05 3539143    /lib/i386-linux-gnu/libdrm.so.2.4.0
6c767000-6c768000 rwxp 00008000 08:05 3539143    /lib/i386-linux-gnu/libdrm.so.2.4.0
6c768000-6c7b1000 r-xp 00000000 08:05 4328243    /usr/lib/mesa/libGL.so.1.2
6c7b1000-6c7b2000 ---p 00049000 08:05 4328243    /usr/lib/mesa/libGL.so.1.2
6c7b2000-6c7b7000 r-xp 00049000 08:05 4328243    /usr/lib/mesa/libGL.so.1.2
6c7b7000-6c7bd000 rwxp 0004e000 08:05 4328243    /usr/lib/mesa/libGL.so.1.2
6c7bd000-6c7be000 rwxp 00000000 00:00 0 
6c7be000-6c7bf000 ---p 00000000 00:00 0 
6c7bf000-6cfbf000 rwxp 00000000 00:00 0 
6cfbf000-6cfc0000 ---p 00000000 00:00 0 
6cfc0000-6d7c0000 rwxp 00000000 00:00 0 
6d7c0000-6d7d5000 r-xp 00000000 08:05 4325840    /usr/lib/libdbusmenu-glib.so.3.0.14
6d7d5000-6d7d6000 r-xp 00014000 08:05 4325840    /usr/lib/libdbusmenu-glib.so.3.0.14
6d7d6000-6d7d7000 rwxp 00015000 08:05 4325840    /usr/lib/libdbusmenu-glib.so.3.0.14
6d7d7000-6d7e5000 r-xp 00000000 08:05 4326996    /usr/lib/libdbusmenu-gtk.so.3.0.14
6d7e5000-6d7e6000 r-xp 0000d000 08:05 4326996    /usr/lib/libdbusmenu-gtk.so.3.0.14
6d7e6000-6d7e7000 rwxp 0000e000 08:05 4326996    /usr/lib/libdbusmenu-gtk.so.3.0.14
6d7e7000-6d7ee000 rwxs 00000000 00:04 5767186    /SYSV00000000 (deleted)
6d7ee000-6d7f4000 r-xp 00000000 08:05 4470056    /usr/lib/jvm/java-6-sun-1.6.0.24/jre/lib/i386/libmanagement.so
6d7f4000-6d7f5000 rwxp 00005000 08:05 4470056    /usr/lib/jvm/java-6-sun-1.6.0.24/jre/lib/i386/libmanagement.so
6d7f5000-6d7fd000 r-xs 00115000 08:05 4470149    /usr/lib/jvm/java-6-sun-1.6.0.24/jre/lib/resources.jar
6d7fd000-6d84c000 r-xp 00000000 08:05 5244500    /usr/share/fonts/truetype/ttf-dejavu/DejaVuSansMono.ttf
6d84c000-6d85a000 r-xs 00679000 08:05 4469899    /usr/lib/jvm/java-6-sun-1.6.0.24/jre/lib/charsets.jar
6d8ae000-6dcaf000 rwxp 00000000 00:00 0 
6dcaf000-6dcb0000 r-xp 00000000 08:05 920611     /home/daniel/gephi/gephibzr/gephi/build/cluster/modules/lib/linux-i586/libjogl_awt.so
6dcb0000-6dcb1000 rwxp 00000000 08:05 920611     /home/daniel/gephi/gephibzr/gephi/build/cluster/modules/lib/linux-i586/libjogl_awt.so
6dcb1000-6dcb2000 r-xp 00000000 08:05 4470022    /usr/lib/jvm/java-6-sun-1.6.0.24/jre/lib/i386/libjawt.so
6dcb2000-6dcb3000 rwxp 00000000 08:05 4470022    /usr/lib/jvm/java-6-sun-1.6.0.24/jre/lib/i386/libjawt.so
6dcb3000-6dcb7000 r-xp 00000000 08:05 4329490    /usr/lib/i386-linux-gnu/libXxf86vm.so.1.0.0
6dcb7000-6dcb8000 r-xp 00003000 08:05 4329490    /usr/lib/i386-linux-gnu/libXxf86vm.so.1.0.0
6dcb8000-6dcb9000 rwxp 00004000 08:05 4329490    /usr/lib/i386-linux-gnu/libXxf86vm.so.1.0.0
6dcb9000-6dcbd000 r-xp 00000000 08:05 4339973    /usr/lib/gtk-2.0/2.10.0/menuproxies/libappmenu.so
6dcbd000-6dcbe000 r-xp 00003000 08:05 4339973    /usr/lib/gtk-2.0/2.10.0/menuproxies/libappmenu.so
6dcbe000-6dcbf000 rwxp 00004000 08:05 4339973    /usr/lib/gtk-2.0/2.10.0/menuproxies/libappmenu.so
6dcbf000-6dcc0000 r-xp 00000000 08:05 4331894    /usr/lib/gtk-2.0/2.10.0/immodules/im-cedilla.so
6dcc0000-6dcc1000 r-xp 00000000 08:05 4331894    /usr/lib/gtk-2.0/2.10.0/immodules/im-cedilla.so
6dcc1000-6dcc2000 rwxp 00001000 08:05 4331894    /usr/lib/gtk-2.0/2.10.0/immodules/im-cedilla.so
6dcc2000-6dd1a000 r-xp 00000000 08:05 5243956    /usr/share/fonts/truetype/ubuntu-font-family/Ubuntu-R.ttf
6dd1a000-6dd1c000 r-xp 00000000 08:05 4725402    /usr/lib/i386-linux-gnu/pango/1.6.0/modules/pango-basic-fc.so
6dd1c000-6dd1d000 r-xp 00001000 08:05 4725402    /usr/lib/i386-linux-gnu/pango/1.6.0/modules/pango-basic-fc.so
6dd1d000-6dd1e000 rwxp 00002000 08:05 4725402    /usr/lib/i386-linux-gnu/pango/1.6.0/modules/pango-basic-fc.so
6dd1e000-6dd1f000 r-xs 00000000 08:05 1575980    /var/cache/fontconfig/26de28bc8622bbc1fb67fd234c21975f-le32d4.cache-3
6dd1f000-6dd20000 r-xs 00000000 08:05 1576028    /var/cache/fontconfig/c05880de57d1f5e948fdfacc138775d9-le32d4.cache-3
6dd20000-6dd26000 r-xs 00000000 08:05 1576020    /var/cache/fontconfig/945677eb7aeaf62f1d50efc3fb3ec7d8-le32d4.cache-3
6dd26000-6dd28000 r-xs 00000000 08:05 1575744    /var/cache/fontconfig/99e8ed0e538f840c565b6ed5dad60d56-le32d4.cache-3
6dd28000-6dd2b000 r-xs 00000000 08:05 1576002    /var/cache/fontconfig/e383d7ea5fbe662a33d9b44caf393297-le32d4.cache-3
6dd48000-6dd49000 r-xp 00000000 08:05 920609     /home/daniel/gephi/gephibzr/gephi/build/cluster/modules/lib/linux-i586/libgluegen-rt.so
6dd49000-6dd4a000 rwxp 00000000 08:05 920609     /home/daniel/gephi/gephibzr/gephi/build/cluster/modules/lib/linux-i586/libgluegen-rt.so
6dd4a000-6dd4d000 r-xs 00000000 08:05 1575945    /var/cache/fontconfig/6eb3985aa4124903f6ff08ba781cd364-le32d4.cache-3
6dd4d000-6dd4e000 r-xs 00000000 08:05 1575924    /var/cache/fontconfig/4c73fe0c47614734b17d736dbde7580a-le32d4.cache-3
6dd4e000-6dd4f000 r-xs 00000000 08:05 1575918    /var/cache/fontconfig/0d8c3b2ac0904cb8a57a757ad11a4a08-le32d4.cache-3
6dd4f000-6dd50000 r-xs 00000000 08:05 1575917    /var/cache/fontconfig/6a53c69dea097a2d716e069445527da8-le32d4.cache-3
6dd50000-6dd54000 r-xs 00000000 08:05 1575788    /var/cache/fontconfig/a755afe4a08bf5b97852ceb7400b47bc-le32d4.cache-3
6dd54000-6dd58000 r-xs 00000000 08:05 1575915    /var/cache/fontconfig/515ca1ebc4b18308bea979be5704f9db-le32d4.cache-3
6dd58000-6dd5f000 r-xs 00000000 08:05 1575886    /var/cache/fontconfig/6d41288fd70b0be22e8c3a91e032eec0-le32d4.cache-3
6dd5f000-6dd6a000 r-xs 00000000 08:05 1575845    /var/cache/fontconfig/0f34bcd4b6ee430af32735b75db7f02b-le32d4.cache-3
6dd6a000-6dd6d000 r-xs 00000000 08:05 1575843    /var/cache/fontconfig/d60319d88cac85ba9e1a07bd06cfbb8c-le32d4.cache-3
6dd6d000-6dd6e000 r-xs 00000000 08:05 1575697    /var/cache/fontconfig/4794a0821666d79190d59a36cb4f44b5-le32d4.cache-3
6dd6e000-6dd90000 r-xs 00000000 08:05 1575808    /var/cache/fontconfig/365b55f210c0a22e9a19e35191240f32-le32d4.cache-3
6dd90000-6dd98000 r-xs 00000000 08:05 1575802    /var/cache/fontconfig/d52a8644073d54c13679302ca1180695-le32d4.cache-3
6dd98000-6dda6000 r-xs 00000000 08:05 1575126    /var/cache/fontconfig/e13b20fdb08344e0e664864cc2ede53d-le32d4.cache-3
6dda6000-6dda9000 r-xs 00000000 08:05 1576598    /var/cache/fontconfig/7ef2298fde41cc6eeb7af42e48b7d293-le32d4.cache-3
6dda9000-6ddb7000 r-xs 00000000 08:05 1576043    /var/cache/fontconfig/865f88548240fee46819705c6468c165-le32d4.cache-3
6ddb7000-6ddcf000 r-xs 00000000 08:05 1579274    /var/cache/fontconfig/165b9254a84ccada37e340049ffc8b30-le32d4.cache-3
6df01000-6df06000 r-xs 00000000 08:05 1575986    /var/cache/fontconfig/401a5dd6b567794a1d18dd9342dfa604-le32d4.cache-3
6df6b000-6df6e000 ---p 00000000 00:00 0 
6df6e000-6dfbc000 rwxp 00000000 00:00 0 
6dfbc000-6dfbf000 ---p 00000000 00:00 0 
6dfbf000-6e00d000 rwxp 00000000 00:00 0 
6e00d000-6e010000 ---p 00000000 00:00 0 
6e010000-6e05e000 rwxp 00000000 00:00 0 
6e05e000-6e061000 ---p 00000000 00:00 0 
6e061000-6e0af000 rwxp 00000000 00:00 0 
6e0af000-6e0b2000 ---p 00000000 00:00 0 
6e0b2000-6e100000 rwxp 00000000 00:00 0 
6e100000-6e1df000 rwxp 00000000 00:00 0 
6e1df000-6e200000 ---p 00000000 00:00 0 
6e200000-6e202000 r-xs 00000000 08:05 1575983    /var/cache/fontconfig/2cd17615ca594fa2959ae173292e504c-le32d4.cache-3
6e21f000-6e224000 rwxs 00000000 00:04 5996568    /SYSV00000000 (deleted)
6e224000-6e229000 rwxs 00000000 00:04 5963799    /SYSV00000000 (deleted)
6e229000-6e22c000 ---p 00000000 00:00 0 
6e22c000-6e27a000 rwxp 00000000 00:00 0 
6e27a000-6e27d000 ---p 00000000 00:00 0 
6e27d000-6e2cb000 rwxp 00000000 00:00 0 
6e2cb000-6e2cf000 rwxs 14dc7000 00:05 7706       /dev/dri/card0
6e2cf000-6e2d2000 ---p 00000000 00:00 0 
6e2d2000-6e320000 rwxp 00000000 00:00 0 
6e320000-6e328000 rwxs 14dbf000 00:05 7706       /dev/dri/card0
6e328000-6e330000 rwxs 14db7000 00:05 7706       /dev/dri/card0
6e330000-6e338000 rwxs 14daf000 00:05 7706       /dev/dri/card0
6e338000-6e340000 rwxs 14da7000 00:05 7706       /dev/dri/card0
6e340000-6e4a7000 rwxp 00000000 00:00 0 
6e4a7000-6e4aa000 ---p 00000000 00:00 0 
6e4aa000-6e4f8000 rwxp 00000000 00:00 0 
6e4f8000-6e511000 rwxs 00000000 00:04 5931030    /SYSV00000000 (deleted)
6e511000-6e566000 rwxs 00000000 00:04 5898260    /SYSV00000000 (deleted)
6e596000-6e5ad000 rwxs 00000000 00:04 6324257    /SYSV00000000 (deleted)
6e5ad000-6e5c4000 rwxs 00000000 00:04 6291488    /SYSV00000000 (deleted)
6e5c4000-6e5c9000 rwxs 00000000 00:04 6258719    /SYSV00000000 (deleted)
6e5c9000-6e5cc000 rwxs 00000000 00:04 6225950    /SYSV00000000 (deleted)
6e5cc000-6e5d3000 rwxs 00000000 00:04 6193181    /SYSV00000000 (deleted)
6e5d3000-6e5da000 rwxs 00000000 00:04 6160412    /SYSV00000000 (deleted)
6e5da000-6e5de000 rwxs 00000000 00:04 6127643    /SYSV00000000 (deleted)
6e5de000-6e5e2000 rwxs 00000000 00:04 6094874    /SYSV00000000 (deleted)
6e5e2000-6e5e5000 rwxs 00000000 00:04 6062105    /SYSV00000000 (deleted)
6e5e5000-6e5e8000 rwxs 00000000 00:04 6029333    /SYSV00000000 (deleted)
6e5e8000-6e5ec000 rwxs 14e4a000 00:05 7706       /dev/dri/card0
6e5ec000-6e640000 r-xp 00000000 08:05 4470041    /usr/lib/jvm/java-6-sun-1.6.0.24/jre/lib/i386/libcmm.so
6e640000-6e643000 rwxp 00054000 08:05 4470041    /usr/lib/jvm/java-6-sun-1.6.0.24/jre/lib/i386/libcmm.so
6e643000-6e668000 r-xp 00000000 08:05 4329115    /usr/lib/libvorbis.so.0.4.5
6e668000-6e669000 r-xp 00025000 08:05 4329115    /usr/lib/libvorbis.so.0.4.5
6e669000-6e66a000 rwxp 00026000 08:05 4329115    /usr/lib/libvorbis.so.0.4.5
6e66a000-6e671000 r-xp 00000000 08:05 4327081    /usr/lib/libltdl.so.7.2.1
6e671000-6e672000 r-xp 00006000 08:05 4327081    /usr/lib/libltdl.so.7.2.1
6e672000-6e673000 rwxp 00007000 08:05 4327081    /usr/lib/libltdl.so.7.2.1
6e673000-6e682000 r-xp 00000000 08:05 4326562    /usr/lib/libtdb.so.1.2.9
6e682000-6e683000 r-xp 0000e000 08:05 4326562    /usr/lib/libtdb.so.1.2.9
6e683000-6e684000 rwxp 0000f000 08:05 4326562    /usr/lib/libtdb.so.1.2.9
6e684000-6e68b000 r-xp 00000000 08:05 4329060    /usr/lib/libvorbisfile.so.3.3.4
6e68b000-6e68c000 r-xp 00006000 08:05 4329060    /usr/lib/libvorbisfile.so.3.3.4
6e68c000-6e68d000 rwxp 00007000 08:05 4329060    /usr/lib/libvorbisfile.so.3.3.4
6e68d000-6e69b000 r-xp 00000000 08:05 4326490    /usr/lib/libcanberra.so.0.2.5
6e69b000-6e69c000 r-xp 0000d000 08:05 4326490    /usr/lib/libcanberra.so.0.2.5
6e69c000-6e69d000 rwxp 0000e000 08:05 4326490    /usr/lib/libcanberra.so.0.2.5
6e69d000-6e69f000 r-xs 00000000 08:05 1576599    /var/cache/fontconfig/b5ea634b0fb353b8ea17632d1f9ef766-le32d4.cache-3
6e6a2000-6e6aa000 rwxs 14d9f000 00:05 7706       /dev/dri/card0
6e6aa000-6e6bd000 r-xp 00000000 08:05 2752578    /tmp/jna5233478617485055183.tmp
6e6bd000-6e6be000 rwxp 00013000 08:05 2752578    /tmp/jna5233478617485055183.tmp
6e6be000-6e6d3000 r-xp 00000000 08:05 4470039    /usr/lib/jvm/java-6-sun-1.6.0.24/jre/lib/i386/libdcpr.so
6e6d3000-6e6e6000 rwxp 00014000 08:05 4470039    /usr/lib/jvm/java-6-sun-1.6.0.24/jre/lib/i386/libdcpr.so
6e6e6000-6e6fa000 r-xp 00000000 08:05 4326695    /usr/lib/gtk-2.0/modules/libglobalmenu-plugin.so
6e6fa000-6e6fb000 r-xp 00013000 08:05 4326695    /usr/lib/gtk-2.0/modules/libglobalmenu-plugin.so
6e6fb000-6e6fc000 rwxp 00014000 08:05 4326695    /usr/lib/gtk-2.0/modules/libglobalmenu-plugin.so
6e6fc000-6e703000 r-xp 00000000 08:05 4328482    /usr/lib/gtk-2.0/2.10.0/engines/libpixmap.so
6e703000-6e704000 ---p 00007000 08:05 4328482    /usr/lib/gtk-2.0/2.10.0/engines/libpixmap.so
6e704000-6e705000 r-xp 00007000 08:05 4328482    /usr/lib/gtk-2.0/2.10.0/engines/libpixmap.so
6e705000-6e706000 rwxp 00008000 08:05 4328482    /usr/lib/gtk-2.0/2.10.0/engines/libpixmap.so
6e706000-6e733000 r-xp 00000000 08:05 4325876    /usr/lib/gtk-2.0/2.10.0/engines/libmurrine.so
6e733000-6e734000 r-xp 0002c000 08:05 4325876    /usr/lib/gtk-2.0/2.10.0/engines/libmurrine.so
6e734000-6e735000 rwxp 0002d000 08:05 4325876    /usr/lib/gtk-2.0/2.10.0/engines/libmurrine.so
6e735000-6e73a000 r-xp 00000000 08:05 4328876    /usr/lib/libogg.so.0.7.0
6e73a000-6e73b000 r-xp 00004000 08:05 4328876    /usr/lib/libogg.so.0.7.0
6e73b000-6e73c000 rwxp 00005000 08:05 4328876    /usr/lib/libogg.so.0.7.0
6e73c000-6e762000 r-xp 00000000 08:05 3538983    /lib/i386-linux-gnu/libexpat.so.1.5.2
6e762000-6e763000 ---p 00026000 08:05 3538983    /lib/i386-linux-gnu/libexpat.so.1.5.2
6e763000-6e765000 r-xp 00026000 08:05 3538983    /lib/i386-linux-gnu/libexpat.so.1.5.2
6e765000-6e766000 rwxp 00028000 08:05 3538983    /lib/i386-linux-gnu/libexpat.so.1.5.2
6e766000-6e77f000 r-xp 00000000 08:05 3538994    /lib/i386-linux-gnu/libselinux.so.1
6e77f000-6e780000 r-xp 00018000 08:05 3538994    /lib/i386-linux-gnu/libselinux.so.1
6e780000-6e781000 rwxp 00019000 08:05 3538994    /lib/i386-linux-gnu/libselinux.so.1
6e781000-6e792000 r-xp 00000000 08:05 3542500    /lib/i386-linux-gnu/libresolv-2.13.so
6e792000-6e793000 r-xp 00010000 08:05 3542500    /lib/i386-linux-gnu/libresolv-2.13.so
6e793000-6e794000 rwxp 00011000 08:05 3542500    /lib/i386-linux-gnu/libresolv-2.13.so
6e794000-6e796000 rwxp 00000000 00:00 0 
6e796000-6e7d3000 r-xp 00000000 08:05 3539185    /lib/i386-linux-gnu/libpcre.so.3.12.1
6e7d3000-6e7d4000 r-xp 0003c000 08:05 3539185    /lib/i386-linux-gnu/libpcre.so.3.12.1
6e7d4000-6e7d5000 rwxp 0003d000 08:05 3539185    /lib/i386-linux-gnu/libpcre.so.3.12.1
6e7d5000-6e7e8000 r-xp 00000000 08:05 3538986    /lib/i386-linux-gnu/libz.so.1.2.3.4
6e7e8000-6e7e9000 r-xp 00012000 08:05 3538986    /lib/i386-linux-gnu/libz.so.1.2.3.4
6e7e9000-6e7ea000 rwxp 00013000 08:05 3538986    /lib/i386-linux-gnu/libz.so.1.2.3.4
6e7ea000-6e7f0000 r-xp 00000000 08:05 4325996    /usr/lib/i386-linux-gnu/libxcb-render.so.0.0.0
6e7f0000-6e7f1000 r-xp 00005000 08:05 4325996    /usr/lib/i386-linux-gnu/libxcb-render.so.0.0.0
6e7f1000-6e7f2000 rwxp 00006000 08:05 4325996    /usr/lib/i386-linux-gnu/libxcb-render.so.0.0.0
6e7f2000-6e859000 r-xp 00000000 08:05 4326388    /usr/lib/libpixman-1.so.0.20.2
6e859000-6e85a000 ---p 00067000 08:05 4326388    /usr/lib/libpixman-1.so.0.20.2
6e85a000-6e85d000 r-xp 00067000 08:05 4326388    /usr/lib/libpixman-1.so.0.20.2
6e85d000-6e85e000 rwxp 0006a000 08:05 4326388    /usr/lib/libpixman-1.so.0.20.2
6e85e000-6e933000 r-xp 00000000 08:05 3539080    /lib/i386-linux-gnu/libglib-2.0.so.0.2800.6
6e933000-6e934000 r-xp 000d4000 08:05 3539080    /lib/i386-linux-gnu/libglib-2.0.so.0.2800.6
6e934000-6e935000 rwxp 000d5000 08:05 3539080    /lib/i386-linux-gnu/libglib-2.0.so.0.2800.6
6e935000-6e97a000 r-xp 00000000 08:05 4328915    /usr/lib/i386-linux-gnu/libgobject-2.0.so.0.2800.6
6e97a000-6e97b000 r-xp 00044000 08:05 4328915    /usr/lib/i386-linux-gnu/libgobject-2.0.so.0.2800.6
6e97b000-6e97c000 rwxp 00045000 08:05 4328915    /usr/lib/i386-linux-gnu/libgobject-2.0.so.0.2800.6
6e97c000-6e9a9000 r-xp 00000000 08:05 4325572    /usr/lib/i386-linux-gnu/libfontconfig.so.1.4.4
6e9a9000-6e9aa000 r-xp 0002c000 08:05 4325572    /usr/lib/i386-linux-gnu/libfontconfig.so.1.4.4
6e9aa000-6e9ab000 rwxp 0002d000 08:05 4325572    /usr/lib/i386-linux-gnu/libfontconfig.so.1.4.4
6e9ab000-6ea2c000 r-xp 00000000 08:05 4325689    /usr/lib/i386-linux-gnu/libfreetype.so.6.6.2
6ea2c000-6ea30000 r-xp 00080000 08:05 4325689    /usr/lib/i386-linux-gnu/libfreetype.so.6.6.2
6ea30000-6ea31000 rwxp 00084000 08:05 4325689    /usr/lib/i386-linux-gnu/libfreetype.so.6.6.2
6ea31000-6ea6f000 r-xp 00000000 08:05 4325711    /usr/lib/i386-linux-gnu/libpango-1.0.so.0.2800.4
6ea6f000-6ea70000 r-xp 0003e000 08:05 4325711    /usr/lib/i386-linux-gnu/libpango-1.0.so.0.2800.4
6ea70000-6ea71000 rwxp 0003f000 08:05 4325711    /usr/lib/i386-linux-gnu/libpango-1.0.so.0.2800.4
6ea71000-6eb6f000 r-xp 00000000 08:05 4332912    /usr/lib/i386-linux-gnu/libgio-2.0.so.0.2800.6
6eb6f000-6eb70000 ---p 000fe000 08:05 4332912    /usr/lib/i386-linux-gnu/libgio-2.0.so.0.2800.6
6eb70000-6eb72000 r-xp 000fe000 08:05 4332912    /usr/lib/i386-linux-gnu/libgio-2.0.so.0.2800.6
6eb72000-6eb73000 rwxp 00100000 08:05 4332912    /usr/lib/i386-linux-gnu/libgio-2.0.so.0.2800.6
6eb73000-6eb74000 rwxp 00000000 00:00 0 
6eb74000-6ec22000 r-xp 00000000 08:05 4326380    /usr/lib/libcairo.so.2.11000.2
6ec22000-6ec23000 ---p 000ae000 08:05 4326380    /usr/lib/libcairo.so.2.11000.2
6ec23000-6ec24000 r-xp 000ae000 08:05 4326380    /usr/lib/libcairo.so.2.11000.2
6ec24000-6ec25000 rwxp 000af000 08:05 4326380    /usr/lib/libcairo.so.2.11000.2
6ec25000-6ec27000 rwxp 00000000 00:00 0 
6ec27000-6eff8000 r-xp 00000000 08:05 4331892    /usr/lib/libgtk-x11-2.0.so.0.2400.4
6eff8000-6effc000 r-xp 003d0000 08:05 4331892    /usr/lib/libgtk-x11-2.0.so.0.2400.4
6effc000-6effe000 rwxp 003d4000 08:05 4331892    /usr/lib/libgtk-x11-2.0.so.0.2400.4
6effe000-6f000000 rwxp 00000000 00:00 0 
6f000000-6f0fc000 rwxp 00000000 00:00 0 
6f0fc000-6f100000 ---p 00000000 00:00 0 
6f100000-6f104000 r-xs 00000000 08:05 1575958    /var/cache/fontconfig/926e794c3d5e5dffcaf2fa83ef8d36c2-le32d4.cache-3
6f104000-6f127000 r-xp 00000000 08:05 3539147    /lib/i386-linux-gnu/libpng12.so.0.44.0
6f127000-6f128000 r-xp 00022000 08:05 3539147    /lib/i386-linux-gnu/libpng12.so.0.44.0
6f128000-6f129000 rwxp 00023000 08:05 3539147    /lib/i386-linux-gnu/libpng12.so.0.44.0
6f129000-6f14e000 r-xp 00000000 08:05 4325713    /usr/lib/i386-linux-gnu/libpangoft2-1.0.so.0.2800.4
6f14e000-6f14f000 ---p 00025000 08:05 4325713    /usr/lib/i386-linux-gnu/libpangoft2-1.0.so.0.2800.4
6f14f000-6f150000 r-xp 00025000 08:05 4325713    /usr/lib/i386-linux-gnu/libpangoft2-1.0.so.0.2800.4
6f150000-6f151000 rwxp 00026000 08:05 4325713    /usr/lib/i386-linux-gnu/libpangoft2-1.0.so.0.2800.4
6f151000-6f1e6000 r-xp 00000000 08:05 4349290    /usr/lib/libgdk-x11-2.0.so.0.2400.4
6f1e6000-6f1e7000 ---p 00095000 08:05 4349290    /usr/lib/libgdk-x11-2.0.so.0.2400.4
6f1e7000-6f1e9000 r-xp 00095000 08:05 4349290    /usr/lib/libgdk-x11-2.0.so.0.2400.4
6f1e9000-6f1ea000 rwxp 00097000 08:05 4349290    /usr/lib/libgdk-x11-2.0.so.0.2400.4
6f1ec000-6f1ed000 rwxp 00000000 00:00 0 
6f1ed000-6f1f1000 rwxs 14d9b000 00:05 7706       /dev/dri/card0
6f1f1000-6f1f4000 r-xp 00000000 08:05 4329344    /usr/lib/libcanberra-gtk.so.0.1.8
6f1f4000-6f1f5000 r-xp 00002000 08:05 4329344    /usr/lib/libcanberra-gtk.so.0.1.8
6f1f5000-6f1f6000 rwxp 00003000 08:05 4329344    /usr/lib/libcanberra-gtk.so.0.1.8
6f1f6000-6f1fe000 r-xp 00000000 08:05 4325660    /usr/lib/liboverlay-scrollbar-0.1.so.0.0.12
6f1fe000-6f1ff000 r-xp 00007000 08:05 4325660    /usr/lib/liboverlay-scrollbar-0.1.so.0.0.12
6f1ff000-6f200000 rwxp 00008000 08:05 4325660    /usr/lib/liboverlay-scrollbar-0.1.so.0.0.12
6f200000-6f2ff000 rwxp 00000000 00:00 0 
6f2ff000-6f300000 ---p 00000000 00:00 0 
6f300000-6f301000 r-xs 00000000 08:05 1575740    /var/cache/fontconfig/e7071f4a29fa870f4323321c154eba04-le32d4.cache-3
6f301000-6f305000 r-xp 00000000 08:05 4327695    /usr/lib/gtk-2.0/modules/libcanberra-gtk-module.so
6f305000-6f306000 r-xp 00003000 08:05 4327695    /usr/lib/gtk-2.0/modules/libcanberra-gtk-module.so
6f306000-6f307000 rwxp 00004000 08:05 4327695    /usr/lib/gtk-2.0/modules/libcanberra-gtk-module.so
6f307000-6f309000 r-xp 00000000 08:05 4326159    /usr/lib/i386-linux-gnu/libxcb-shm.so.0.0.0
6f309000-6f30a000 r-xp 00001000 08:05 4326159    /usr/lib/i386-linux-gnu/libxcb-shm.so.0.0.0
6f30a000-6f30b000 rwxp 00002000 08:05 4326159    /usr/lib/i386-linux-gnu/libxcb-shm.so.0.0.0
6f30b000-6f311000 r-xp 00000000 08:05 4333381    /usr/lib/i386-linux-gnu/libXrandr.so.2.2.0
6f311000-6f312000 r-xp 00005000 08:05 4333381    /usr/lib/i386-linux-gnu/libXrandr.so.2.2.0
6f312000-6f313000 rwxp 00006000 08:05 4333381    /usr/lib/i386-linux-gnu/libXrandr.so.2.2.0
6f313000-6f315000 r-xp 00000000 08:05 4333368    /usr/lib/i386-linux-gnu/libXinerama.so.1.0.0
6f315000-6f316000 r-xp 00001000 08:05 4333368    /usr/lib/i386-linux-gnu/libXinerama.so.1.0.0
6f316000-6f317000 rwxp 00002000 08:05 4333368    /usr/lib/i386-linux-gnu/libXinerama.so.1.0.0
6f317000-6f31a000 r-xp 00000000 08:05 4332911    /usr/lib/i386-linux-gnu/libgthread-2.0.so.0.2800.6
6f31a000-6f31b000 r-xp 00003000 08:05 4332911    /usr/lib/i386-linux-gnu/libgthread-2.0.so.0.2800.6
6f31b000-6f31c000 rwxp 00004000 08:05 4332911    /usr/lib/i386-linux-gnu/libgthread-2.0.so.0.2800.6
6f31c000-6f31e000 r-xp 00000000 08:05 4332910    /usr/lib/i386-linux-gnu/libgmodule-2.0.so.0.2800.6
6f31e000-6f31f000 r-xp 00002000 08:05 4332910    /usr/lib/i386-linux-gnu/libgmodule-2.0.so.0.2800.6
6f31f000-6f320000 rwxp 00003000 08:05 4332910    /usr/lib/i386-linux-gnu/libgmodule-2.0.so.0.2800.6
6f320000-6f33b000 r-xp 00000000 08:05 4326627    /usr/lib/libgdk_pixbuf-2.0.so.0.2300.3
6f33b000-6f33c000 r-xp 0001a000 08:05 4326627    /usr/lib/libgdk_pixbuf-2.0.so.0.2300.3
6f33c000-6f33d000 rwxp 0001b000 08:05 4326627    /usr/lib/libgdk_pixbuf-2.0.so.0.2300.3
6f33d000-6f356000 r-xp 00000000 08:05 4326135    /usr/lib/i386-linux-gnu/libatk-1.0.so.0.9.1
6f356000-6f357000 ---p 00019000 08:05 4326135    /usr/lib/i386-linux-gnu/libatk-1.0.so.0.9.1
6f357000-6f358000 r-xp 00019000 08:05 4326135    /usr/lib/i386-linux-gnu/libatk-1.0.so.0.9.1
6f358000-6f359000 rwxp 0001a000 08:05 4326135    /usr/lib/i386-linux-gnu/libatk-1.0.so.0.9.1
6f359000-6f35b000 r-xp 00000000 08:05 4333357    /usr/lib/i386-linux-gnu/libXdamage.so.1.1.0
6f35b000-6f35c000 r-xp 00001000 08:05 4333357    /usr/lib/i386-linux-gnu/libXdamage.so.1.1.0
6f35c000-6f35d000 rwxp 00002000 08:05 4333357    /usr/lib/i386-linux-gnu/libXdamage.so.1.1.0
6f35d000-6f35f000 r-xp 00000000 08:05 4333341    /usr/lib/i386-linux-gnu/libXcomposite.so.1.0.0
6f35f000-6f360000 r-xp 00001000 08:05 4333341    /usr/lib/i386-linux-gnu/libXcomposite.so.1.0.0
6f360000-6f361000 rwxp 00002000 08:05 4333341    /usr/lib/i386-linux-gnu/libXcomposite.so.1.0.0
6f361000-6f36b000 r-xp 00000000 08:05 4325712    /usr/lib/i386-linux-gnu/libpangocairo-1.0.so.0.2800.4
6f36b000-6f36c000 r-xp 00009000 08:05 4325712    /usr/lib/i386-linux-gnu/libpangocairo-1.0.so.0.2800.4
6f36c000-6f36d000 rwxp 0000a000 08:05 4325712    /usr/lib/i386-linux-gnu/libpangocairo-1.0.so.0.2800.4
6f36d000-6f370000 r-xs 0002c000 08:05 921736     /home/daniel/gephi/gephibzr/gephi/build/cluster/modules/org-gephi-branding-desktop.jar
6f370000-6f371000 r-xs 0000c000 08:05 921085     /home/daniel/gephi/gephibzr/gephi/build/cluster/modules/org-gephi-clustering-plugin.jar
6f371000-6f373000 r-xs 00018000 08:05 921201     /home/daniel/gephi/gephibzr/gephi/build/cluster/modules/org-gephi-data-attributes.jar
6f373000-6f37e000 r-xs 000b1000 08:05 921702     /home/daniel/gephi/gephibzr/gephi/build/cluster/modules/org-gephi-datalab-plugin.jar
6f37e000-6f380000 r-xs 00013000 08:05 921662     /home/daniel/gephi/gephibzr/gephi/build/cluster/modules/org-gephi-desktop-clustering.jar
6f380000-6f381000 r-xs 00003000 08:05 921045     /home/daniel/gephi/gephibzr/gephi/build/cluster/modules/org-gephi-clustering-api.jar
6f381000-6f383000 r-xs 0000a000 08:05 921556     /home/daniel/gephi/gephibzr/gephi/build/cluster/modules/org-gephi-desktop-context.jar
6f383000-6f385000 r-xs 00003000 08:05 921684     /home/daniel/gephi/gephibzr/gephi/build/cluster/modules/ext/spark-1.2.jar
6f385000-6f389000 r-xs 00053000 08:05 921680     /home/daniel/gephi/gephibzr/gephi/build/cluster/modules/org-gephi-desktop-datalab.jar
6f389000-6f38c000 r-xs 00029000 08:05 921409     /home/daniel/gephi/gephibzr/gephi/build/cluster/modules/org-gephi-desktop-filters.jar
6f38c000-6f38d000 r-xs 00005000 08:05 921361     /home/daniel/gephi/gephibzr/gephi/build/cluster/modules/org-gephi-desktop-generate.jar
6f38d000-6f38f000 r-xs 00012000 08:05 921740     /home/daniel/gephi/gephibzr/gephi/build/cluster/modules/org-gephi-desktop-hierarchy.jar
6f38f000-6f392000 r-xs 0001a000 08:05 921470     /home/daniel/gephi/gephibzr/gephi/build/cluster/modules/org-gephi-desktop-importer.jar
6f392000-6f394000 r-xs 00012000 08:05 921718     /home/daniel/gephi/gephibzr/gephi/build/cluster/modules/org-gephi-desktop-layout.jar
6f394000-6f396000 r-xs 00010000 08:05 921506     /home/daniel/gephi/gephibzr/gephi/build/cluster/modules/org-gephi-desktop-partition.jar
6f396000-6f399000 r-xs 0001a000 08:05 921745     /home/daniel/gephi/gephibzr/gephi/build/cluster/modules/org-gephi-desktop-preview.jar
6f399000-6f39b000 r-xs 00017000 08:05 921451     /home/daniel/gephi/gephibzr/gephi/build/cluster/modules/org-gephi-desktop-io-export.jar
6f39b000-6f39c000 r-xs 00002000 08:05 920711     /home/daniel/gephi/gephibzr/gephi/build/cluster/modules/org-gephi-desktop-progress.jar
6f39c000-6f39f000 r-xs 00020000 08:05 921491     /home/daniel/gephi/gephibzr/gephi/build/cluster/modules/org-gephi-desktop-ranking.jar
6f39f000-6f3a1000 r-xs 00002000 08:05 921385     /home/daniel/gephi/gephibzr/gephi/build/cluster/modules/org-gephi-desktop-recentfiles.jar
6f3a1000-6f3a2000 r-xs 00008000 08:05 921373     /home/daniel/gephi/gephibzr/gephi/build/cluster/modules/org-gephi-desktop-spigot.jar
6f3a2000-6f3a3000 r-xs 00010000 08:05 921587     /home/daniel/gephi/gephibzr/gephi/build/cluster/modules/org-gephi-desktop-statistics.jar
6f3a3000-6f3a5000 r-xs 00025000 08:05 921754     /home/daniel/gephi/gephibzr/gephi/build/cluster/modules/org-gephi-desktop-timeline.jar
6f3a5000-6f3a7000 r-xs 00011000 08:05 921668     /home/daniel/gephi/gephibzr/gephi/build/cluster/modules/org-gephi-desktop-tools.jar
6f3a7000-6f3a9000 r-xs 00119000 08:05 921674     /home/daniel/gephi/gephibzr/gephi/build/cluster/modules/org-gephi-desktop-welcome.jar
6f3a9000-6f3ab000 r-xs 0000d000 08:05 921537     /home/daniel/gephi/gephibzr/gephi/build/cluster/modules/org-gephi-dynamic.jar
6f3ab000-6f3ad000 r-xs 00014000 08:05 921230     /home/daniel/gephi/gephibzr/gephi/build/cluster/modules/org-gephi-filters.jar
6f3ad000-6f3b1000 r-xs 0005f000 08:05 921212     /home/daniel/gephi/gephibzr/gephi/build/cluster/modules/org-gephi-graph-dhns.jar
6f3b1000-6f3b6000 r-xs 0004a000 08:05 921192     /home/daniel/gephi/gephibzr/gephi/build/cluster/modules/org-gephi-layout-plugin.jar
6f3b6000-6f3b8000 r-xs 00008000 08:05 921088     /home/daniel/gephi/gephibzr/gephi/build/cluster/modules/org-gephi-layout-api.jar
6f3b8000-6f3ba000 r-xs 00007000 08:05 920661     /home/daniel/gephi/gephibzr/gephi/build/cluster/modules/org-gephi-newslider.jar
6f3ba000-6f3bd000 r-xs 00040000 08:05 921234     /home/daniel/gephi/gephibzr/gephi/build/cluster/modules/org-gephi-preview.jar
6f3bd000-6f3c0000 r-xs 00036000 08:05 920632     /home/daniel/gephi/gephibzr/gephi/build/cluster/modules/ext/core.jar
6f3c0000-6f3c1000 r-xs 00001000 08:05 920630     /home/daniel/gephi/gephibzr/gephi/build/cluster/modules/org-gephi-lib-processing.jar
6f3c1000-6f3c5000 r-xs 00037000 08:05 921712     /home/daniel/gephi/gephibzr/gephi/build/cluster/modules/org-gephi-tools-plugin.jar
6f3c5000-6f3c7000 r-xs 00010000 08:05 921279     /home/daniel/gephi/gephibzr/gephi/build/cluster/modules/org-gephi-desktop-perspective.jar
6f3c7000-6f3c8000 r-xs 00005000 08:05 921157     /home/daniel/gephi/gephibzr/gephi/build/cluster/modules/org-gephi-algorithms.jar
6f3c8000-6f3cb000 r-xs 00017000 08:05 921258     /home/daniel/gephi/gephibzr/gephi/build/cluster/modules/ext/TimingFramework-1.0.jar
6f3cb000-6f3cd000 r-xs 0001e000 08:05 921256     /home/daniel/gephi/gephibzr/gephi/build/cluster/modules/org-gephi-ui-components-SplineEditor.jar
6f3cd000-6f3cf000 r-xs 00012000 08:05 921153     /home/daniel/gephi/gephibzr/gephi/build/cluster/modules/org-gephi-ui-exporter-plugin.jar
6f3cf000-6f3d1000 r-xs 0001f000 08:05 921148     /home/daniel/gephi/gephibzr/gephi/build/cluster/modules/org-gephi-io-exporter-plugin.jar
6f3d1000-6f3d4000 r-xs 0001d000 08:05 920636     /home/daniel/gephi/gephibzr/gephi/build/cluster/modules/ext/stax-utils.jar
6f3d4000-6f3d5000 r-xs 00001000 08:05 920634     /home/daniel/gephi/gephibzr/gephi/build/cluster/modules/org-gephi-lib-staxutils.jar
6f3d5000-6f3d6000 r-xs 0000c000 08:05 921252     /home/daniel/gephi/gephibzr/gephi/build/cluster/modules/org-gephi-ui-exporter-preview.jar
6f3d6000-6f3d8000 r-xs 0000d000 08:05 920726     /home/daniel/gephi/gephibzr/gephi/build/cluster/modules/org-gephi-io-exporter-preview.jar
6f3d8000-6f3da000 r-xs 00008000 08:05 920665     /home/daniel/gephi/gephibzr/gephi/build/cluster/modules/org-gephi-preview-api.jar
6f3da000-6f3dc000 r-xs 00005000 08:05 920719     /home/daniel/gephi/gephibzr/gephi/build/cluster/modules/org-gephi-io-exporter-api.jar
6f3dc000-6f3e0000 r-xs 00038000 08:05 919856     /home/daniel/gephi/gephibzr/gephi/build/cluster/modules/ext/batik-gvt.jar
6f3e0000-6f3e2000 r-xs 00010000 08:05 919857     /home/daniel/gephi/gephibzr/gephi/build/cluster/modules/ext/batik-parser.jar
6f3e2000-6f3e5000 r-xs 0001d000 08:05 920378     /home/daniel/gephi/gephibzr/gephi/build/cluster/modules/ext/batik-util.jar
6f3e5000-6f3f0000 r-xs 000ad000 08:05 920513     /home/daniel/gephi/gephibzr/gephi/build/cluster/modules/ext/pdf-transcoder.jar
6f3f0000-6f3f3000 r-xs 00015000 08:05 919850     /home/daniel/gephi/gephibzr/gephi/build/cluster/modules/ext/batik-anim.jar
6f3f3000-6f400000 r-xs 00087000 08:05 919859     /home/daniel/gephi/gephibzr/gephi/build/cluster/modules/ext/batik-svg-dom.jar
6f400000-6f500000 rwxp 00000000 00:00 0 
6f500000-6f505000 r-xs 00010000 08:05 920514     /home/daniel/gephi/gephibzr/gephi/build/cluster/modules/ext/xml-apis-ext.jar
6f505000-6f50f000 r-xs 00080000 08:05 919852     /home/daniel/gephi/gephibzr/gephi/build/cluster/modules/ext/batik-bridge.jar
6f50f000-6f511000 r-xs 0001c000 08:05 920377     /home/daniel/gephi/gephibzr/gephi/build/cluster/modules/ext/batik-transcoder.jar
6f511000-6f512000 r-xs 00002000 08:05 919855     /home/daniel/gephi/gephibzr/gephi/build/cluster/modules/ext/batik-ext.jar
6f512000-6f516000 r-xs 00027000 08:05 919854     /home/daniel/gephi/gephibzr/gephi/build/cluster/modules/ext/batik-dom.jar
6f516000-6f51e000 r-xs 00045000 08:05 919853     /home/daniel/gephi/gephibzr/gephi/build/cluster/modules/ext/batik-css.jar
6f51e000-6f51f000 r-xs 00007000 08:05 920509     /home/daniel/gephi/gephibzr/gephi/build/cluster/modules/ext/batik-xml.jar
6f51f000-6f522000 r-xs 0000d000 08:05 919858     /home/daniel/gephi/gephibzr/gephi/build/cluster/modules/ext/batik-script.jar
6f522000-6f529000 r-xs 0005c000 08:05 919851     /home/daniel/gephi/gephibzr/gephi/build/cluster/modules/ext/batik-awt-util.jar
6f529000-6f52b000 r-xs 00001000 08:05 919848     /home/daniel/gephi/gephibzr/gephi/build/cluster/modules/org-gephi-lib-batik.jar
6f52b000-6f538000 r-xs 00162000 08:05 920575     /home/daniel/gephi/gephibzr/gephi/build/cluster/modules/ext/iText-5.0.1.jar
6f538000-6f539000 r-xs 00001000 08:05 920573     /home/daniel/gephi/gephibzr/gephi/build/cluster/modules/org-gephi-lib-itext.jar
6f539000-6f53c000 r-xs 00024000 08:05 921593     /home/daniel/gephi/gephibzr/gephi/build/cluster/modules/org-gephi-ui-filters-plugin.jar
6f53c000-6f540000 r-xs 00042000 08:05 921527     /home/daniel/gephi/gephibzr/gephi/build/cluster/modules/org-gephi-filters-plugin.jar
6f540000-6f541000 r-xs 00003000 08:05 921219     /home/daniel/gephi/gephibzr/gephi/build/cluster/modules/org-gephi-timeline.jar
6f541000-6f543000 r-xs 00007000 08:05 921215     /home/daniel/gephi/gephibzr/gephi/build/cluster/modules/org-gephi-filters-api.jar
6f543000-6f544000 r-xs 00003000 08:05 921178     /home/daniel/gephi/gephibzr/gephi/build/cluster/modules/org-gephi-ui-generator-plugin.jar
6f544000-6f545000 r-xs 00004000 08:05 921173     /home/daniel/gephi/gephibzr/gephi/build/cluster/modules/org-gephi-io-generator-plugin.jar
6f545000-6f546000 r-xs 00002000 08:05 921169     /home/daniel/gephi/gephibzr/gephi/build/cluster/modules/org-gephi-io-generator-api.jar
6f546000-6f547000 r-xs 0000e000 08:05 921244     /home/daniel/gephi/gephibzr/gephi/build/cluster/modules/org-gephi-ui-importer-plugin.jar
6f547000-6f54a000 r-xs 00049000 08:05 921195     /home/daniel/gephi/gephibzr/gephi/build/cluster/modules/org-gephi-io-importer-plugin.jar
6f54a000-6f54d000 r-xs 0000e000 08:05 921726     /home/daniel/gephi/gephibzr/gephi/build/cluster/modules/org-gephi-ui-partition-plugin.jar
6f54d000-6f54f000 r-xs 00003000 08:05 921209     /home/daniel/gephi/gephibzr/gephi/build/cluster/modules/org-gephi-partition-plugin.jar
6f54f000-6f551000 r-xs 00011000 08:05 921205     /home/daniel/gephi/gephibzr/gephi/build/cluster/modules/org-gephi-partition-api.jar
6f551000-6f552000 r-xs 00009000 08:05 921248     /home/daniel/gephi/gephibzr/gephi/build/cluster/modules/org-gephi-ui-processor-plugin.jar
6f552000-6f554000 r-xs 0000c000 08:05 921222     /home/daniel/gephi/gephibzr/gephi/build/cluster/modules/org-gephi-io-processor-plugin.jar
6f554000-6f55b000 r-xs 00094000 08:05 920532     /home/daniel/gephi/gephibzr/gephi/build/cluster/modules/ext/beansbinding-1.2.1.jar
6f55b000-6f55c000 r-xs 00001000 08:05 920530     /home/daniel/gephi/gephibzr/gephi/build/cluster/modules/org-gephi-lib-beansbinding.jar
6f55c000-6f55e000 r-xs 00003000 08:05 920730     /home/daniel/gephi/gephibzr/gephi/build/cluster/modules/org-gephi-ui-project.jar
6f55e000-6f560000 r-xs 00005000 08:05 921187     /home/daniel/gephi/gephibzr/gephi/build/cluster/modules/org-gephi-ui-propertyeditor.jar
6f560000-6f562000 r-xs 0000d000 08:05 921601     /home/daniel/gephi/gephibzr/gephi/build/cluster/modules/org-gephi-ui-ranking-plugin.jar
6f562000-6f564000 r-xs 0001c000 08:05 921160     /home/daniel/gephi/gephibzr/gephi/build/cluster/modules/org-gephi-ranking-api.jar
6f564000-6f566000 r-xs 0001a000 08:05 921431     /home/daniel/gephi/gephibzr/gephi/build/cluster/modules/org-gephi-ui-spigot-plugin.jar
6f566000-6f568000 r-xs 00010000 08:05 921182     /home/daniel/gephi/gephibzr/gephi/build/cluster/modules/org-gephi-io-spigot-plugin.jar
6f568000-6f569000 r-xs 00004000 08:05 920583     /home/daniel/gephi/gephibzr/gephi/build/cluster/modules/ext/dsn.jar
6f569000-6f56e000 r-xs 00039000 08:05 920586     /home/daniel/gephi/gephibzr/gephi/build/cluster/modules/ext/mailapi.jar
6f56e000-6f56f000 r-xs 00008000 08:05 920587     /home/daniel/gephi/gephibzr/gephi/build/cluster/modules/ext/pop3.jar
6f56f000-6f570000 r-xs 0000a000 08:05 920588     /home/daniel/gephi/gephibzr/gephi/build/cluster/modules/ext/smtp.jar
6f570000-6f573000 r-xs 00028000 08:05 920584     /home/daniel/gephi/gephibzr/gephi/build/cluster/modules/ext/imap.jar
6f573000-6f57a000 r-xs 0006a000 08:05 920585     /home/daniel/gephi/gephibzr/gephi/build/cluster/modules/ext/mail.jar
6f57a000-6f57c000 r-xs 00000000 08:05 920581     /home/daniel/gephi/gephibzr/gephi/build/cluster/modules/org-gephi-lib-javamail.jar
6f57c000-6f57f000 r-xs 0001c000 08:05 920592     /home/daniel/gephi/gephibzr/gephi/build/cluster/modules/ext/jcalendar-1.3.3.jar
6f57f000-6f587000 r-xs 00052000 08:05 920593     /home/daniel/gephi/gephibzr/gephi/build/cluster/modules/ext/looks-2.0.1.jar
6f587000-6f589000 r-xs 00000000 08:05 920590     /home/daniel/gephi/gephibzr/gephi/build/cluster/modules/org-gephi-lib-jcalendar.jar
6f589000-6f58b000 r-xs 00021000 08:05 921544     /home/daniel/gephi/gephibzr/gephi/build/cluster/modules/org-gephi-ui-statistics-plugin.jar
6f58b000-6f58d000 r-xs 00021000 08:05 921517     /home/daniel/gephi/gephibzr/gephi/build/cluster/modules/org-gephi-statistics-plugin.jar
6f58d000-6f58e000 r-xs 0000b000 08:05 921144     /home/daniel/gephi/gephibzr/gephi/build/cluster/modules/org-gephi-statistics-api.jar
6f58e000-6f590000 r-xs 00009000 08:05 921696     /home/daniel/gephi/gephibzr/gephi/build/cluster/modules/org-gephi-ui-workspace.jar
6f590000-6f59b000 r-xs 000e0000 08:05 921646     /home/daniel/gephi/gephibzr/gephi/build/cluster/modules/org-gephi-visualization.jar
6f59b000-6f59d000 r-xs 0000a000 08:05 921344     /home/daniel/gephi/gephibzr/gephi/build/cluster/modules/org-gephi-desktop-project.jar
6f59d000-6f59e000 r-xs 00002000 08:05 919799     /home/daniel/gephi/gephibzr/gephi/build/cluster/modules/org-gephi-desktop-mrufiles-api.jar
6f59e000-6f5a1000 r-xs 00023000 08:05 921165     /home/daniel/gephi/gephibzr/gephi/build/cluster/modules/org-gephi-io-importer-api.jar
6f5a1000-6f5a8000 r-xs 000a7000 08:05 919830     /home/daniel/gephi/gephibzr/gephi/build/cluster/modules/ext/mysql-connector-java-5.1.7-bin.jar
6f5a8000-6f5ad000 r-xs 0006d000 08:05 919832     /home/daniel/gephi/gephibzr/gephi/build/cluster/modules/ext/sqljdbc4.jar
6f5ad000-6f5b3000 r-xs 00077000 08:05 919831     /home/daniel/gephi/gephibzr/gephi/build/cluster/modules/ext/postgresql-8.4-701.jdbc4.jar
6f5b3000-6f5b4000 r-xs 00003000 08:05 919827     /home/daniel/gephi/gephibzr/gephi/build/cluster/modules/org-gephi-io-database-drivers.jar
6f5b4000-6f5b8000 r-xs 00024000 08:05 920564     /home/daniel/gephi/gephibzr/gephi/build/cluster/modules/ext/commons-compress-1.1.jar
6f5b8000-6f5b9000 r-xs 00000000 08:05 920562     /home/daniel/gephi/gephibzr/gephi/build/cluster/modules/org-gephi-lib-commonscompress.jar
6f5b9000-6f5bb000 r-xs 0000a000 08:05 921574     /home/daniel/gephi/gephibzr/gephi/build/cluster/modules/ext/FontChooser.jar
6f5bb000-6f5bd000 r-xs 00011000 08:05 921577     /home/daniel/gephi/gephibzr/gephi/build/cluster/modules/ext/MigLayout-3.7.1.jar
6f5bd000-6f5c0000 r-xs 0002c000 08:05 921579     /home/daniel/gephi/gephibzr/gephi/build/cluster/modules/ext/colorchooser.jar
6f5c0000-6f5c5000 r-xs 00055000 08:05 921569     /home/daniel/gephi/gephibzr/gephi/build/cluster/modules/org-gephi-ui-components.jar
6f5c5000-6f5c7000 r-xs 0000d000 08:05 920551     /home/daniel/gephi/gephibzr/gephi/build/cluster/modules/ext/commons-codec-1.4.jar
6f5c7000-6f5c8000 r-xs 00001000 08:05 920549     /home/daniel/gephi/gephibzr/gephi/build/cluster/modules/org-gephi-lib-commons-codec.jar
6f5c8000-6f5d6000 r-xs 00090000 08:05 920568     /home/daniel/gephi/gephibzr/gephi/build/cluster/modules/ext/flamingo.jar
6f5d6000-6f5e2000 r-xs 00081000 08:05 920702     /home/daniel/gephi/gephibzr/gephi/build/cluster/modules/ext/google-collect-1.0.jar
6f5e2000-6f5f1000 r-xs 000ba000 08:05 920703     /home/daniel/gephi/gephibzr/gephi/build/cluster/modules/ext/trove-2.1.0.jar
6f5f1000-6f5f3000 r-xs 00009000 08:05 920700     /home/daniel/gephi/gephibzr/gephi/build/cluster/modules/org-gephi-utils-collection.jar
6f5f3000-6f5fe000 r-xs 00108000 08:05 920600     /home/daniel/gephi/gephibzr/gephi/build/cluster/modules/ext/jogl.jar
6f5fe000-6f600000 r-xs 00004000 08:05 920597     /home/daniel/gephi/gephibzr/gephi/build/cluster/modules/org-gephi-lib-jogl.jar
6f600000-6f6fa000 rwxp 00000000 00:00 0 
6f6fa000-6f700000 ---p 00000000 00:00 0 
6f700000-6f704000 r-xs 0003e000 08:05 920640     /home/daniel/gephi/gephibzr/gephi/build/cluster/modules/ext/ValidationAPI.jar
6f704000-6f705000 r-xs 00003000 08:05 920638     /home/daniel/gephi/gephibzr/gephi/build/cluster/modules/org-gephi-lib-validation.jar
6f705000-6f707000 r-xs 00002000 08:05 921091     /home/daniel/gephi/gephibzr/gephi/build/cluster/modules/org-gephi-tools-api.jar
6f707000-6f708000 r-xs 00003000 08:05 921226     /home/daniel/gephi/gephibzr/gephi/build/cluster/modules/org-gephi-visualization-api.jar
6f708000-6f70b000 r-xs 00024000 08:05 921198     /home/daniel/gephi/gephibzr/gephi/build/cluster/modules/org-gephi-datalab-api.jar
6f70b000-6f70c000 r-xs 00008000 08:05 921138     /home/daniel/gephi/gephibzr/gephi/build/cluster/modules/org-gephi-dynamic-api.jar
6f70c000-6f70f000 r-xs 00030000 08:05 921134     /home/daniel/gephi/gephibzr/gephi/build/cluster/modules/org-gephi-data-attributes-api.jar
6f70f000-6f710000 r-xs 00007000 08:05 920669     /home/daniel/gephi/gephibzr/gephi/build/cluster/modules/org-gephi-utils.jar
6f710000-6f712000 r-xs 00002000 08:05 920579     /home/daniel/gephi/gephibzr/gephi/build/cluster/modules/ext/javacsv.jar
6f712000-6f713000 r-xs 00001000 08:05 920577     /home/daniel/gephi/gephibzr/gephi/build/cluster/modules/org-gephi-lib-javacsv.jar
6f713000-6f715000 r-xs 00007000 08:05 920733     /home/daniel/gephi/gephibzr/gephi/build/cluster/modules/org-gephi-graph-api.jar
6f715000-6f717000 r-xs 00014000 08:05 920715     /home/daniel/gephi/gephibzr/gephi/build/cluster/modules/org-gephi-project-api.jar
6f717000-6f718000 r-xs 00006000 08:05 920706     /home/daniel/gephi/gephibzr/gephi/build/cluster/modules/org-gephi-utils-longtask.jar
6f718000-6f71e000 r-xs 00031000 08:05 921240     /home/daniel/gephi/gephibzr/gephi/build/cluster/modules/ext/swingx-beaninfo-1.6.1.jar
6f71e000-6f739000 r-xs 00139000 08:05 921239     /home/daniel/gephi/gephibzr/gephi/build/cluster/modules/ext/swingx-1.6.1.jar
6f739000-6f73a000 r-xs 00001000 08:05 921237     /home/daniel/gephi/gephibzr/gephi/build/cluster/modules/org-jdesktop-swingx.jar
6f73a000-6f74b000 r-xs 0014c000 08:05 921267     /home/daniel/gephi/gephibzr/gephi/build/cluster/modules/ext/jfreechart-1.0.13.jar
6f74b000-6f74d000 r-xs 00013000 08:05 921268     /home/daniel/gephi/gephibzr/gephi/build/cluster/modules/ext/orson-0.5.0.jar
6f74d000-6f753000 r-xs 00046000 08:05 921266     /home/daniel/gephi/gephibzr/gephi/build/cluster/modules/ext/jcommon-1.0.16.jar
6f753000-6f754000 r-xs 00000000 08:05 921260     /home/daniel/gephi/gephibzr/gephi/build/cluster/modules/org-jfree.jar
6f754000-6f763000 r-xs 00074000 08:05 921751     /home/daniel/gephi/gephibzr/gephi/build/cluster/modules/ext/joda-time-1.6.jar
6f763000-6f764000 r-xs 00000000 08:05 921749     /home/daniel/gephi/gephibzr/gephi/build/cluster/modules/org-joda-time.jar
6f764000-6f766000 r-xs 00008000 08:05 919547     /home/daniel/netbeans-7.0/platform/modules/org-netbeans-core-io-ui.jar
6f766000-6f76f000 r-xs 000ba000 08:05 1051086    /home/daniel/netbeans-7.0/platform/modules/ext/platform-3.2.7.jar
6f76f000-6f770000 r-xs 00001000 08:05 919425     /home/daniel/netbeans-7.0/platform/modules/org-netbeans-core-nativeaccess.jar
6f770000-6f775000 r-xs 00062000 08:05 919574     /home/daniel/netbeans-7.0/platform/modules/org-netbeans-core-ui.jar
6f775000-6f800000 rwxs 00000000 00:04 5668877    /SYSV00000000 (deleted)
6f800000-6f900000 rwxp 00000000 00:00 0 
6f900000-6f901000 r-xs 00001000 08:05 920566     /home/daniel/gephi/gephibzr/gephi/build/cluster/modules/org-gephi-lib-flamingo.jar
6f901000-6f902000 r-xs 00000000 08:05 919713     /home/daniel/gephi/gephibzr/gephi/build/cluster/modules/locale/org-netbeans-core-windows_gephi.jar
6f902000-6f90e000 r-xs 001b9000 08:05 919518     /home/daniel/netbeans-7.0/platform/modules/org-netbeans-core-windows.jar
6f90e000-6f914000 r-xs 00034000 08:05 1053531    /home/daniel/netbeans-7.0/platform/modules/ext/junit-4.8.2.jar
6f914000-6f915000 r-xs 00000000 08:05 919650     /home/daniel/netbeans-7.0/platform/modules/org-netbeans-libs-junit4.jar
6f915000-6f91d000 r-xs 000e2000 08:05 919355     /home/daniel/netbeans-7.0/platform/modules/org-netbeans-modules-autoupdate-ui.jar
6f91d000-6f91f000 r-xs 00039000 08:05 1051095    /home/daniel/netbeans-7.0/platform/modules/ext/updater.jar
6f91f000-6f924000 r-xs 000ab000 08:05 919267     /home/daniel/netbeans-7.0/platform/modules/org-netbeans-modules-autoupdate-services.jar
6f924000-6f926000 r-xs 0000b000 08:05 919226     /home/daniel/netbeans-7.0/platform/modules/org-netbeans-modules-editor-mimelookup-impl.jar
6f926000-6f929000 r-xs 00032000 08:05 919427     /home/daniel/netbeans-7.0/platform/modules/org-netbeans-modules-favorites.jar
6f929000-6f92b000 r-xs 0000f000 08:05 919368     /home/daniel/netbeans-7.0/platform/modules/org-netbeans-modules-keyring-impl.jar
6f92b000-6f931000 r-xs 00070000 08:05 919446     /home/daniel/netbeans-7.0/platform/modules/org-netbeans-modules-masterfs.jar
6f931000-6f935000 r-xs 000e3000 08:05 1051091    /home/daniel/netbeans-7.0/platform/modules/ext/jna-3.2.7.jar
6f935000-6f937000 r-xs 00000000 08:05 919568     /home/daniel/netbeans-7.0/platform/modules/org-netbeans-libs-jna.jar
6f937000-6f93b000 r-xs 0004b000 08:05 919340     /home/daniel/netbeans-7.0/platform/modules/org-netbeans-modules-options-keymap.jar
6f93b000-6f940000 r-xs 00061000 08:05 919389     /home/daniel/netbeans-7.0/platform/modules/org-netbeans-modules-options-api.jar
6f940000-6f946000 r-xs 0008f000 08:05 919604     /home/daniel/netbeans-7.0/platform/modules/org-netbeans-core.jar
6f946000-6f948000 r-xs 00001000 08:05 919474     /home/daniel/netbeans-7.0/platform/modules/org-netbeans-modules-keyring.jar
6f948000-6f94c000 r-xs 0003e000 08:05 919507     /home/daniel/netbeans-7.0/platform/modules/org-netbeans-modules-print.jar
6f94c000-6f94e000 r-xs 0001f000 08:05 919391     /home/daniel/netbeans-7.0/platform/modules/org-netbeans-modules-progress-ui.jar
6f94e000-6f950000 r-xs 00011000 08:05 919447     /home/daniel/netbeans-7.0/platform/modules/org-netbeans-modules-sendopts.jar
6f950000-6f952000 r-xs 0003e000 08:05 919450     /home/daniel/netbeans-7.0/platform/modules/org-netbeans-modules-settings.jar
6f952000-6f955000 r-xs 00022000 08:05 919475     /home/daniel/netbeans-7.0/platform/modules/org-netbeans-spi-quicksearch.jar
6f955000-6f956000 r-xs 00002000 08:05 919353     /home/daniel/netbeans-7.0/platform/modules/org-netbeans-api-annotations-common.jar
6f956000-6f959000 r-xs 0002a000 08:05 921759     /home/daniel/gephi/gephibzr/gephi/build/cluster/modules/org-netbeans-swing-dirchooser.jar
6f959000-6f95c000 r-xs 00036000 08:05 919549     /home/daniel/netbeans-7.0/platform/modules/org-netbeans-swing-plaf.jar
6f95c000-6f95e000 r-xs 0000a000 08:05 919617     /home/daniel/netbeans-7.0/platform/modules/org-openide-io.jar
6f95e000-6f967000 r-xs 0013a000 08:05 919588     /home/daniel/netbeans-7.0/platform/modules/org-openide-loaders.jar
6f967000-6f969000 r-xs 0000a000 08:05 919476     /home/daniel/netbeans-7.0/platform/modules/org-netbeans-modules-queries.jar
6f969000-6f96c000 r-xs 00032000 08:05 919589     /home/daniel/netbeans-7.0/platform/modules/org-openide-actions.jar
6f96c000-6f979000 r-xs 0019d000 08:05 919573     /home/daniel/netbeans-7.0/platform/modules/org-openide-explorer.jar
6f979000-6f97c000 r-xs 00039000 08:05 919506     /home/daniel/netbeans-7.0/platform/modules/org-netbeans-swing-outline.jar
6f97c000-6f97f000 ---p 00000000 00:00 0 
6f97f000-6f9cd000 rwxp 00000000 00:00 0 
6f9cd000-6f9ce000 r-xs 00000000 08:05 1575980    /var/cache/fontconfig/26de28bc8622bbc1fb67fd234c21975f-le32d4.cache-3
6f9ce000-6f9cf000 r-xs 00000000 08:05 1576028    /var/cache/fontconfig/c05880de57d1f5e948fdfacc138775d9-le32d4.cache-3
6f9cf000-6f9d5000 r-xs 00000000 08:05 1576020    /var/cache/fontconfig/945677eb7aeaf62f1d50efc3fb3ec7d8-le32d4.cache-3
6f9d5000-6f9d7000 r-xs 00000000 08:05 1575744    /var/cache/fontconfig/99e8ed0e538f840c565b6ed5dad60d56-le32d4.cache-3
6f9d7000-6f9da000 r-xs 00000000 08:05 1576002    /var/cache/fontconfig/e383d7ea5fbe662a33d9b44caf393297-le32d4.cache-3
6f9da000-6f9df000 r-xs 00000000 08:05 1575986    /var/cache/fontconfig/401a5dd6b567794a1d18dd9342dfa604-le32d4.cache-3
6f9df000-6f9e1000 r-xs 00000000 08:05 1575983    /var/cache/fontconfig/2cd17615ca594fa2959ae173292e504c-le32d4.cache-3
6f9e1000-6f9e2000 r-xs 00000000 08:05 1575740    /var/cache/fontconfig/e7071f4a29fa870f4323321c154eba04-le32d4.cache-3
6f9e2000-6f9e4000 r-xs 00000000 08:05 1576599    /var/cache/fontconfig/b5ea634b0fb353b8ea17632d1f9ef766-le32d4.cache-3
6f9e4000-6f9e8000 r-xs 00000000 08:05 1575958    /var/cache/fontconfig/926e794c3d5e5dffcaf2fa83ef8d36c2-le32d4.cache-3
6f9e8000-6f9eb000 r-xs 00000000 08:05 1575945    /var/cache/fontconfig/6eb3985aa4124903f6ff08ba781cd364-le32d4.cache-3
6f9eb000-6f9ec000 r-xs 00000000 08:05 1575924    /var/cache/fontconfig/4c73fe0c47614734b17d736dbde7580a-le32d4.cache-3
6f9ec000-6f9ed000 r-xs 00000000 08:05 1575918    /var/cache/fontconfig/0d8c3b2ac0904cb8a57a757ad11a4a08-le32d4.cache-3
6f9ed000-6f9ee000 r-xs 00000000 08:05 1575917    /var/cache/fontconfig/6a53c69dea097a2d716e069445527da8-le32d4.cache-3
6f9ee000-6f9f2000 r-xs 00000000 08:05 1575788    /var/cache/fontconfig/a755afe4a08bf5b97852ceb7400b47bc-le32d4.cache-3
6f9f2000-6f9f6000 r-xs 00000000 08:05 1575915    /var/cache/fontconfig/515ca1ebc4b18308bea979be5704f9db-le32d4.cache-3
6f9f6000-6f9fd000 r-xs 00000000 08:05 1575886    /var/cache/fontconfig/6d41288fd70b0be22e8c3a91e032eec0-le32d4.cache-3
6f9fd000-6fa08000 r-xs 00000000 08:05 1575845    /var/cache/fontconfig/0f34bcd4b6ee430af32735b75db7f02b-le32d4.cache-3
6fa08000-6fa0b000 r-xs 00000000 08:05 1575843    /var/cache/fontconfig/d60319d88cac85ba9e1a07bd06cfbb8c-le32d4.cache-3
6fa0b000-6fa0c000 r-xs 00000000 08:05 1575697    /var/cache/fontconfig/4794a0821666d79190d59a36cb4f44b5-le32d4.cache-3
6fa0c000-6fa2e000 r-xs 00000000 08:05 1575808    /var/cache/fontconfig/365b55f210c0a22e9a19e35191240f32-le32d4.cache-3
6fa2e000-6fa36000 r-xs 00000000 08:05 1575802    /var/cache/fontconfig/d52a8644073d54c13679302ca1180695-le32d4.cache-3
6fa36000-6fa44000 r-xs 00000000 08:05 1575126    /var/cache/fontconfig/e13b20fdb08344e0e664864cc2ede53d-le32d4.cache-3
6fa44000-6fa5c000 r-xs 00000000 08:05 1579274    /var/cache/fontconfig/165b9254a84ccada37e340049ffc8b30-le32d4.cache-3
6fa5c000-6fa5e000 r-xs 0000f000 08:05 920570     /home/daniel/gephi/gephibzr/gephi/build/cluster/modules/org-gephi-lib-gleem.jar
6fa5e000-6fa6b000 r-xs 000de000 08:05 919449     /home/daniel/netbeans-7.0/platform/modules/org-netbeans-swing-tabcontrol.jar
6fa6b000-6fa91000 rwxs 00000000 00:04 5636108    /SYSV00000000 (deleted)
6fa91000-6fa94000 ---p 00000000 00:00 0 
6fa94000-6fae2000 rwxp 00000000 00:00 0 
6fae2000-6fae5000 ---p 00000000 00:00 0 
6fae5000-6fb33000 rwxp 00000000 00:00 0 
6fb33000-6fb37000 r-xp 00000000 08:05 4329147    /usr/lib/i386-linux-gnu/libXfixes.so.3.1.0
6fb37000-6fb38000 r-xp 00003000 08:05 4329147    /usr/lib/i386-linux-gnu/libXfixes.so.3.1.0
6fb38000-6fb39000 rwxp 00004000 08:05 4329147    /usr/lib/i386-linux-gnu/libXfixes.so.3.1.0
6fb39000-6fb41000 r-xp 00000000 08:05 4326287    /usr/lib/i386-linux-gnu/libXrender.so.1.3.0
6fb41000-6fb42000 r-xp 00007000 08:05 4326287    /usr/lib/i386-linux-gnu/libXrender.so.1.3.0
6fb42000-6fb43000 rwxp 00008000 08:05 4326287    /usr/lib/i386-linux-gnu/libXrender.so.1.3.0
6fb43000-6fb51000 r-xs 00000000 08:05 1576043    /var/cache/fontconfig/865f88548240fee46819705c6468c165-le32d4.cache-3
6fb51000-6fb54000 ---p 00000000 00:00 0 
6fb54000-6fba2000 rwxp 00000000 00:00 0 
6fba2000-6fc1b000 r-xp 00000000 08:05 4470066    /usr/lib/jvm/java-6-sun-1.6.0.24/jre/lib/i386/libfontmanager.so
6fc1b000-6fc25000 rwxp 00078000 08:05 4470066    /usr/lib/jvm/java-6-sun-1.6.0.24/jre/lib/i386/libfontmanager.so
6fc25000-6fc2a000 rwxp 00000000 00:00 0 
6fc2a000-6fc41000 r-xp 00000000 08:05 4337830    /usr/lib/i386-linux-gnu/libxcb.so.1.1.0
6fc41000-6fc42000 r-xp 00016000 08:05 4337830    /usr/lib/i386-linux-gnu/libxcb.so.1.1.0
6fc42000-6fc43000 rwxp 00017000 08:05 4337830    /usr/lib/i386-linux-gnu/libxcb.so.1.1.0
6fc43000-6fd59000 r-xp 00000000 08:05 4337845    /usr/lib/i386-linux-gnu/libX11.so.6.3.0
6fd59000-6fd5a000 ---p 00116000 08:05 4337845    /usr/lib/i386-linux-gnu/libX11.so.6.3.0
6fd5a000-6fd5b000 r-xp 00116000 08:05 4337845    /usr/lib/i386-linux-gnu/libX11.so.6.3.0
6fd5b000-6fd5d000 rwxp 00117000 08:05 4337845    /usr/lib/i386-linux-gnu/libX11.so.6.3.0
6fd5d000-6fd5e000 rwxp 00000000 00:00 0 
6fd5e000-6fde2000 r-xp 00000000 08:05 4470018    /usr/lib/jvm/java-6-sun-1.6.0.24/jre/lib/i386/libawt.so
6fde2000-6fde9000 rwxp 00084000 08:05 4470018    /usr/lib/jvm/java-6-sun-1.6.0.24/jre/lib/i386/libawt.so
6fde9000-6fe0d000 rwxp 00000000 00:00 0 
6fe0d000-6fe10000 ---p 00000000 00:00 0 
6fe10000-6fe5e000 rwxp 00000000 00:00 0 
6fe5e000-6fe61000 ---p 00000000 00:00 0 
6fe61000-6feaf000 rwxp 00000000 00:00 0 
6feaf000-6feb2000 ---p 00000000 00:00 0 
6feb2000-6ff00000 rwxp 00000000 00:00 0 
6ff00000-6ffff000 rwxp 00000000 00:00 0 
6ffff000-70000000 ---p 00000000 00:00 0 
70000000-700fe000 rwxp 00000000 00:00 0 
700fe000-70100000 ---p 00000000 00:00 0 
70100000-70102000 r-xs 0000d000 08:05 921273     /home/daniel/gephi/gephibzr/gephi/build/cluster/modules/org-gephi-ui-utils.jar
70102000-7010a000 r-xp 00000000 08:05 4333346    /usr/lib/i386-linux-gnu/libXcursor.so.1.0.2
7010a000-7010b000 r-xp 00007000 08:05 4333346    /usr/lib/i386-linux-gnu/libXcursor.so.1.0.2
7010b000-7010c000 rwxp 00008000 08:05 4333346    /usr/lib/i386-linux-gnu/libXcursor.so.1.0.2
7010c000-70119000 r-xp 00000000 08:05 4337957    /usr/lib/i386-linux-gnu/libXi.so.6.1.0
70119000-7011a000 r-xp 0000c000 08:05 4337957    /usr/lib/i386-linux-gnu/libXi.so.6.1.0
7011a000-7011b000 rwxp 0000d000 08:05 4337957    /usr/lib/i386-linux-gnu/libXi.so.6.1.0
7011b000-70128000 r-xp 00000000 08:05 4332391    /usr/lib/i386-linux-gnu/libXext.so.6.4.0
70128000-70129000 r-xp 0000c000 08:05 4332391    /usr/lib/i386-linux-gnu/libXext.so.6.4.0
70129000-7012a000 rwxp 0000d000 08:05 4332391    /usr/lib/i386-linux-gnu/libXext.so.6.4.0
7012a000-7012e000 r-xs 0005f000 08:05 919609     /home/daniel/netbeans-7.0/platform/modules/org-openide-text.jar
7012e000-70130000 r-xs 0000b000 08:05 919314     /home/daniel/netbeans-7.0/platform/modules/org-netbeans-modules-editor-mimelookup.jar
70130000-70132000 r-xs 00025000 08:05 919587     /home/daniel/netbeans-7.0/platform/modules/org-openide-windows.jar
70132000-70137000 r-xs 00080000 08:05 919605     /home/daniel/netbeans-7.0/platform/modules/org-openide-nodes.jar
70137000-70139000 r-xs 0002e000 08:05 919590     /home/daniel/netbeans-7.0/platform/modules/org-openide-dialogs.jar
70139000-7013b000 r-xs 00010000 08:05 919523     /home/daniel/netbeans-7.0/platform/modules/org-netbeans-api-progress.jar
7013b000-70140000 r-xs 00085000 08:05 919613     /home/daniel/netbeans-7.0/platform/modules/org-openide-awt.jar
70140000-7019f000 r-xs 00baa000 08:05 4601474    /usr/lib/jvm/java-6-sun-1.6.0.24/lib/tools.jar
7019f000-701a0000 r-xs 00001000 08:05 919529     /home/daniel/netbeans-7.0/platform/lib/locale/org-openide-util_zh_CN.jar
701a0000-701a1000 r-xs 00001000 08:05 919564     /home/daniel/netbeans-7.0/platform/lib/locale/org-openide-util_ru.jar
701a1000-701a2000 r-xs 00001000 08:05 919530     /home/daniel/netbeans-7.0/platform/lib/locale/org-openide-util_pt_BR.jar
701a2000-701a3000 r-xs 00001000 08:05 919563     /home/daniel/netbeans-7.0/platform/lib/locale/org-openide-util_ja.jar
701a3000-701a4000 r-xs 00000000 08:05 919412     /home/daniel/netbeans-7.0/platform/lib/locale/org-openide-util-lookup_zh_CN.jar
701a4000-701a5000 r-xs 00000000 08:05 919469     /home/daniel/netbeans-7.0/platform/lib/locale/org-openide-util-lookup_ru.jar
701a5000-701a6000 r-xs 00000000 08:05 919411     /home/daniel/netbeans-7.0/platform/lib/locale/org-openide-util-lookup_pt_BR.jar
701a6000-701a7000 r-xs 00000000 08:05 919470     /home/daniel/netbeans-7.0/platform/lib/locale/org-openide-util-lookup_ja.jar
701a7000-701a8000 r-xs 00000000 08:05 919488     /home/daniel/netbeans-7.0/platform/lib/locale/org-openide-modules_zh_CN.jar
701a8000-701a9000 r-xs 00000000 08:05 919528     /home/daniel/netbeans-7.0/platform/lib/locale/org-openide-modules_ru.jar
701a9000-701aa000 r-xs 00000000 08:05 919489     /home/daniel/netbeans-7.0/platform/lib/locale/org-openide-modules_pt_BR.jar
701aa000-701ab000 r-xs 00000000 08:05 919531     /home/daniel/netbeans-7.0/platform/lib/locale/org-openide-modules_ja.jar
701ab000-701ac000 r-xs 00000000 08:05 919623     /home/daniel/netbeans-7.0/platform/lib/locale/boot_zh_CN.jar
701ac000-701ad000 r-xs 00000000 08:05 919628     /home/daniel/netbeans-7.0/platform/lib/locale/boot_ru.jar
701ad000-701ae000 r-xs 00000000 08:05 919622     /home/daniel/netbeans-7.0/platform/lib/locale/boot_pt_BR.jar
701ae000-701af000 r-xs 00000000 08:05 919627     /home/daniel/netbeans-7.0/platform/lib/locale/boot_ja.jar
701af000-701b2000 ---p 00000000 00:00 0 
701b2000-70200000 rwxp 00000000 00:00 0 
70200000-702fd000 rwxp 00000000 00:00 0 
702fd000-70300000 ---p 00000000 00:00 0 
70300000-70301000 r-xs 00004000 08:05 920599     /home/daniel/gephi/gephibzr/gephi/build/cluster/modules/ext/gluegen-rt.jar
70301000-70304000 r-xs 00000000 08:05 1576598    /var/cache/fontconfig/7ef2298fde41cc6eeb7af42e48b7d293-le32d4.cache-3
70304000-70308000 r-xp 00000000 08:05 4335172    /usr/lib/i386-linux-gnu/libXdmcp.so.6.0.0
70308000-70309000 r-xp 00003000 08:05 4335172    /usr/lib/i386-linux-gnu/libXdmcp.so.6.0.0
70309000-7030a000 rwxp 00004000 08:05 4335172    /usr/lib/i386-linux-gnu/libXdmcp.so.6.0.0
7030a000-7034d000 r-xp 00000000 08:05 4470051    /usr/lib/jvm/java-6-sun-1.6.0.24/jre/lib/i386/xawt/libmawt.so
7034d000-7034f000 rwxp 00043000 08:05 4470051    /usr/lib/jvm/java-6-sun-1.6.0.24/jre/lib/i386/xawt/libmawt.so
7034f000-70350000 rwxp 00000000 00:00 0 
70350000-70353000 ---p 00000000 00:00 0 
70353000-703a1000 rwxp 00000000 00:00 0 
703a1000-703a2000 ---p 00000000 00:00 0 
703a2000-70422000 rwxp 00000000 00:00 0 
70422000-70425000 ---p 00000000 00:00 0 
70425000-70473000 rwxp 00000000 00:00 0 
70473000-70476000 ---p 00000000 00:00 0 
70476000-704f4000 rwxp 00000000 00:00 0 
704f4000-704f7000 ---p 00000000 00:00 0 
704f7000-70575000 rwxp 00000000 00:00 0 
70575000-70578000 ---p 00000000 00:00 0 
70578000-705c6000 rwxp 00000000 00:00 0 
705c6000-707c6000 r-xp 00000000 08:05 4326790    /usr/lib/locale/locale-archive
707c6000-707c9000 ---p 00000000 00:00 0 
707c9000-70817000 rwxp 00000000 00:00 0 
70817000-7081a000 ---p 00000000 00:00 0 
7081a000-70868000 rwxp 00000000 00:00 0 
70868000-70a00000 r-xs 03027000 08:05 4470089    /usr/lib/jvm/java-6-sun-1.6.0.24/jre/lib/rt.jar
70a00000-70af9000 rwxp 00000000 00:00 0 
70af9000-70b00000 ---p 00000000 00:00 0 
70b00000-70b02000 r-xp 00000000 08:05 4334188    /usr/lib/i386-linux-gnu/libXau.so.6.0.0
70b02000-70b03000 r-xp 00001000 08:05 4334188    /usr/lib/i386-linux-gnu/libXau.so.6.0.0
70b03000-70b04000 rwxp 00002000 08:05 4334188    /usr/lib/i386-linux-gnu/libXau.so.6.0.0
70b04000-70b08000 r-xp 00000000 08:05 4337963    /usr/lib/libXtst.so.6.1.0
70b08000-70b09000 r-xp 00003000 08:05 4337963    /usr/lib/libXtst.so.6.1.0
70b09000-70b0a000 rwxp 00004000 08:05 4337963    /usr/lib/libXtst.so.6.1.0
70b0a000-70b11000 r-xp 00000000 08:05 4470019    /usr/lib/jvm/java-6-sun-1.6.0.24/jre/lib/i386/libnio.so
70b11000-70b12000 rwxp 00006000 08:05 4470019    /usr/lib/jvm/java-6-sun-1.6.0.24/jre/lib/i386/libnio.so
70b12000-70b26000 r-xp 00000000 08:05 4470064    /usr/lib/jvm/java-6-sun-1.6.0.24/jre/lib/i386/libnet.so
70b26000-70b27000 rwxp 00013000 08:05 4470064    /usr/lib/jvm/java-6-sun-1.6.0.24/jre/lib/i386/libnet.so
70b27000-70b2d000 r-xs 0001e000 08:05 4601472    /usr/lib/jvm/java-6-sun-1.6.0.24/lib/dt.jar
70b2d000-70b33000 r-xs 000a7000 08:05 919624     /home/daniel/netbeans-7.0/platform/lib/org-openide-util.jar
70b33000-70b35000 r-xs 00008000 08:05 919662     /home/daniel/gephi/gephibzr/gephi/build/cluster/core/locale/core_gephi.jar
70b35000-70b36000 r-xs 00001000 08:05 919620     /home/daniel/netbeans-7.0/platform/core/locale/core_zh_CN.jar
70b36000-70b37000 ---p 00000000 00:00 0 
70b37000-70beb000 rwxp 00000000 00:00 0 
70beb000-70bec000 ---p 00000000 00:00 0 
70bec000-70c6c000 rwxp 00000000 00:00 0 
70c6c000-70c6d000 ---p 00000000 00:00 0 
70c6d000-70cff000 rwxp 00000000 00:00 0 
70cff000-70d0d000 rwxp 00000000 00:00 0 
70d0d000-70d63000 rwxp 00000000 00:00 0 
70d63000-70e5b000 rwxp 00000000 00:00 0 
70e5b000-70e6d000 rwxp 00000000 00:00 0 
70e6d000-70e7b000 rwxp 00000000 00:00 0 
70e7b000-70ed1000 rwxp 00000000 00:00 0 
70ed1000-70fc8000 rwxp 00000000 00:00 0 
70fc8000-71014000 rwxp 00000000 00:00 0 
71014000-7106f000 rwxp 00000000 00:00 0 
7106f000-73390000 rwxp 00000000 00:00 0 
73390000-75070000 rwxp 00000000 00:00 0 
75070000-7fb20000 rwxp 00000000 00:00 0 
7fb20000-9eb20000 rwxp 00000000 00:00 0 
9eb20000-a8080000 rwxp 00000000 00:00 0 
a8080000-b3870000 rwxp 00000000 00:00 0 
b3870000-b3871000 r-xs 00001000 08:05 919384     /home/daniel/netbeans-7.0/platform/core/locale/org-openide-filesystems_pt_BR.jar
b3871000-b3872000 r-xs 00001000 08:05 919619     /home/daniel/netbeans-7.0/platform/core/locale/core_pt_BR.jar
b3872000-b3873000 r-xs 00001000 08:05 919625     /home/daniel/netbeans-7.0/platform/core/locale/core_ru.jar
b3873000-b3874000 r-xs 00001000 08:05 919385     /home/daniel/netbeans-7.0/platform/core/locale/org-openide-filesystems_zh_CN.jar
b3874000-b3875000 r-xs 00001000 08:05 919437     /home/daniel/netbeans-7.0/platform/core/locale/org-openide-filesystems_ru.jar
b3875000-b3876000 r-xs 00001000 08:05 919436     /home/daniel/netbeans-7.0/platform/core/locale/org-openide-filesystems_ja.jar
b3876000-b387b000 r-xs 000b8000 08:05 919629     /home/daniel/netbeans-7.0/platform/core/core.jar
b387b000-b3884000 rwxp 00000000 00:00 0 
b3884000-b393b000 rwxp 00000000 00:00 0 
b393b000-b3b7b000 rwxp 00000000 00:00 0 
b3b7b000-b693b000 rwxp 00000000 00:00 0 
b693b000-b694a000 r-xp 00000000 08:05 4470020    /usr/lib/jvm/java-6-sun-1.6.0.24/jre/lib/i386/libzip.so
b694a000-b694c000 rwxp 0000e000 08:05 4470020    /usr/lib/jvm/java-6-sun-1.6.0.24/jre/lib/i386/libzip.so
b694c000-b6956000 r-xp 00000000 08:05 3547576    /lib/i386-linux-gnu/libnss_files-2.13.so
b6956000-b6957000 r-xp 00009000 08:05 3547576    /lib/i386-linux-gnu/libnss_files-2.13.so
b6957000-b6958000 rwxp 0000a000 08:05 3547576    /lib/i386-linux-gnu/libnss_files-2.13.so
b6958000-b6961000 r-xp 00000000 08:05 3547561    /lib/i386-linux-gnu/libnss_nis-2.13.so
b6961000-b6962000 r-xp 00008000 08:05 3547561    /lib/i386-linux-gnu/libnss_nis-2.13.so
b6962000-b6963000 rwxp 00009000 08:05 3547561    /lib/i386-linux-gnu/libnss_nis-2.13.so
b6963000-b6969000 r-xp 00000000 08:05 3547562    /lib/i386-linux-gnu/libnss_compat-2.13.so
b6969000-b696a000 r-xp 00005000 08:05 3547562    /lib/i386-linux-gnu/libnss_compat-2.13.so
b696a000-b696b000 rwxp 00006000 08:05 3547562    /lib/i386-linux-gnu/libnss_compat-2.13.so
b696b000-b697e000 r-xp 00000000 08:05 3547557    /lib/i386-linux-gnu/libnsl-2.13.so
b697e000-b697f000 r-xp 00012000 08:05 3547557    /lib/i386-linux-gnu/libnsl-2.13.so
b697f000-b6980000 rwxp 00013000 08:05 3547557    /lib/i386-linux-gnu/libnsl-2.13.so
b6980000-b6982000 rwxp 00000000 00:00 0 
b6982000-b6983000 r-xs 00001000 08:05 919626     /home/daniel/netbeans-7.0/platform/core/locale/core_ja.jar
b6983000-b6989000 r-xs 000d0000 08:05 919577     /home/daniel/netbeans-7.0/platform/core/org-openide-filesystems.jar
b6989000-b698c000 r-xs 00047000 08:05 919593     /home/daniel/netbeans-7.0/platform/lib/org-openide-util-lookup.jar
b698c000-b698d000 r-xs 00009000 08:05 919615     /home/daniel/netbeans-7.0/platform/lib/org-openide-modules.jar
b698d000-b6990000 r-xs 0005a000 08:05 919630     /home/daniel/netbeans-7.0/platform/lib/boot.jar
b6990000-b6998000 rwxs 00000000 08:05 2752537    /tmp/hsperfdata_daniel/2717
b6998000-b69bb000 r-xp 00000000 08:05 4470015    /usr/lib/jvm/java-6-sun-1.6.0.24/jre/lib/i386/libjava.so
b69bb000-b69bd000 rwxp 00023000 08:05 4470015    /usr/lib/jvm/java-6-sun-1.6.0.24/jre/lib/i386/libjava.so
b69bd000-b69c4000 r-xp 00000000 08:05 3547553    /lib/i386-linux-gnu/librt-2.13.so
b69c4000-b69c5000 r-xp 00006000 08:05 3547553    /lib/i386-linux-gnu/librt-2.13.so
b69c5000-b69c6000 rwxp 00007000 08:05 3547553    /lib/i386-linux-gnu/librt-2.13.so
b69c6000-b69c9000 ---p 00000000 00:00 0 
b69c9000-b6a17000 rwxp 00000000 00:00 0 
b6a17000-b6a3b000 r-xp 00000000 08:05 3547572    /lib/i386-linux-gnu/libm-2.13.so
b6a3b000-b6a3c000 r-xp 00023000 08:05 3547572    /lib/i386-linux-gnu/libm-2.13.so
b6a3c000-b6a3d000 rwxp 00024000 08:05 3547572    /lib/i386-linux-gnu/libm-2.13.so
b6a3d000-b71ca000 r-xp 00000000 08:05 4470035    /usr/lib/jvm/java-6-sun-1.6.0.24/jre/lib/i386/server/libjvm.so
b71ca000-b721d000 rwxp 0078d000 08:05 4470035    /usr/lib/jvm/java-6-sun-1.6.0.24/jre/lib/i386/server/libjvm.so
b721d000-b763c000 rwxp 00000000 00:00 0 
b763c000-b7796000 r-xp 00000000 08:05 3542501    /lib/i386-linux-gnu/libc-2.13.so
b7796000-b7797000 ---p 0015a000 08:05 3542501    /lib/i386-linux-gnu/libc-2.13.so
b7797000-b7799000 r-xp 0015a000 08:05 3542501    /lib/i386-linux-gnu/libc-2.13.so
b7799000-b779a000 rwxp 0015c000 08:05 3542501    /lib/i386-linux-gnu/libc-2.13.so
b779a000-b779d000 rwxp 00000000 00:00 0 
b779d000-b779f000 r-xp 00000000 08:05 3547569    /lib/i386-linux-gnu/libdl-2.13.so
b779f000-b77a0000 r-xp 00001000 08:05 3547569    /lib/i386-linux-gnu/libdl-2.13.so
b77a0000-b77a1000 rwxp 00002000 08:05 3547569    /lib/i386-linux-gnu/libdl-2.13.so
b77a1000-b77a8000 r-xp 00000000 08:05 4470024    /usr/lib/jvm/java-6-sun-1.6.0.24/jre/lib/i386/jli/libjli.so
b77a8000-b77aa000 rwxp 00006000 08:05 4470024    /usr/lib/jvm/java-6-sun-1.6.0.24/jre/lib/i386/jli/libjli.so
b77aa000-b77ab000 rwxp 00000000 00:00 0 
b77ab000-b77c0000 r-xp 00000000 08:05 3547567    /lib/i386-linux-gnu/libpthread-2.13.so
b77c0000-b77c1000 r-xp 00015000 08:05 3547567    /lib/i386-linux-gnu/libpthread-2.13.so
b77c1000-b77c2000 rwxp 00016000 08:05 3547567    /lib/i386-linux-gnu/libpthread-2.13.so
b77c2000-b77c4000 rwxp 00000000 00:00 0 
b77c4000-b77c5000 r-xp 002a1000 08:05 4326790    /usr/lib/locale/locale-archive
b77c5000-b77cb000 r-xp 00000000 08:05 4470038    /usr/lib/jvm/java-6-sun-1.6.0.24/jre/lib/i386/native_threads/libhpi.so
b77cb000-b77cc000 rwxp 00006000 08:05 4470038    /usr/lib/jvm/java-6-sun-1.6.0.24/jre/lib/i386/native_threads/libhpi.so
b77cc000-b77cd000 rwxp 00000000 00:00 0 
b77cd000-b77ce000 r-xp 00000000 00:00 0 
b77ce000-b77d9000 r-xp 00000000 08:05 4470049    /usr/lib/jvm/java-6-sun-1.6.0.24/jre/lib/i386/libverify.so
b77d9000-b77da000 rwxp 0000b000 08:05 4470049    /usr/lib/jvm/java-6-sun-1.6.0.24/jre/lib/i386/libverify.so
b77da000-b77dc000 rwxp 00000000 00:00 0 
b77dc000-b77dd000 r-xp 00000000 00:00 0          [vdso]
b77dd000-b77f9000 r-xp 00000000 08:05 3547574    /lib/i386-linux-gnu/ld-2.13.so
b77f9000-b77fa000 r-xp 0001b000 08:05 3547574    /lib/i386-linux-gnu/ld-2.13.so
b77fa000-b77fb000 rwxp 0001c000 08:05 3547574    /lib/i386-linux-gnu/ld-2.13.so
bffd8000-bfff9000 rwxp 00000000 00:00 0          [stack]

VM Arguments:
jvm_args: -Djdk.home=/usr/lib/jvm/java-6-sun-1.6.0.24 -Dnetbeans.system_http_proxy=DIRECT -Dnetbeans.system_http_non_proxy_hosts= -Dnetbeans.dirs=/home/daniel/gephi/gephibzr/gephi/build/cluster:/home/daniel/netbeans-7.0/platform -Dnetbeans.home=/home/daniel/netbeans-7.0/platform -Dnetbeans.logger.console=true -ea -Xms256m -Xmx1000m -Dsun.java2d.noddraw=true -Dsun.awt.noerasebackground=true -XX:+HeapDumpOnOutOfMemoryError -XX:HeapDumpPath=/home/daniel/gephi/gephibzr/gephi/build/testuserdir/var/log/heapdump.hprof 
java_command: org.netbeans.Main --userdir /home/daniel/gephi/gephibzr/gephi/build/testuserdir --branding gephi
Launcher Type: SUN_STANDARD

Environment Variables:
PATH=/usr/local/sbin:/usr/local/bin:/usr/sbin:/usr/bin:/sbin:/bin:/usr/games
USERNAME=daniel
LD_LIBRARY_PATH=/usr/lib/jvm/java-6-sun-1.6.0.24/jre/lib/i386/server:/usr/lib/jvm/java-6-sun-1.6.0.24/jre/lib/i386:/usr/lib/jvm/java-6-sun-1.6.0.24/jre/../lib/i386:/usr/lib/jvm/java-6-sun-1.6.0.24/jre/lib/i386/client:/usr/lib/jvm/java-6-sun-1.6.0.24/jre/lib/i386:/usr/lib/jvm/java-6-sun-1.6.0.24/jre/../lib/i386
SHELL=/bin/bash
DISPLAY=:0

Signal Handlers:
SIGSEGV: [libjvm.so+0x708f80], sa_mask[0]=0x7ffbfeff, sa_flags=0x10000004
SIGBUS: [libjvm.so+0x708f80], sa_mask[0]=0x7ffbfeff, sa_flags=0x10000004
SIGFPE: [libjvm.so+0x5c4100], sa_mask[0]=0x7ffbfeff, sa_flags=0x10000004
SIGPIPE: SIG_IGN, sa_mask[0]=0x00001000, sa_flags=0x10000000
SIGXFSZ: [libjvm.so+0x5c4100], sa_mask[0]=0x7ffbfeff, sa_flags=0x10000004
SIGILL: [libjvm.so+0x5c4100], sa_mask[0]=0x7ffbfeff, sa_flags=0x10000004
SIGUSR1: SIG_DFL, sa_mask[0]=0x00000000, sa_flags=0x00000000
SIGUSR2: [libjvm.so+0x5c70e0], sa_mask[0]=0x00000004, sa_flags=0x10000004
SIGHUP: [libjvm.so+0x5c6cc0], sa_mask[0]=0x7ffbfeff, sa_flags=0x10000004
SIGINT: SIG_IGN, sa_mask[0]=0x00000000, sa_flags=0x00000000
SIGTERM: [libjvm.so+0x5c6cc0], sa_mask[0]=0x7ffbfeff, sa_flags=0x10000004
SIGQUIT: [libjvm.so+0x5c6cc0], sa_mask[0]=0x7ffbfeff, sa_flags=0x10000004


---------------  S Y S T E M  ---------------

OS:squeeze/sid

uname:Linux 2.6.38-8-generic #42-Ubuntu SMP Mon Apr 11 03:31:50 UTC 2011 i686
libc:glibc 2.13 NPTL 2.13 
rlimit: STACK 8192k, CORE 0k, NPROC infinity, NOFILE 4096, AS infinity
load average:0.51 0.38 0.23

/proc/meminfo:
MemTotal:        1955572 kB
MemFree:          410624 kB
Buffers:          114108 kB
Cached:           588020 kB
SwapCached:            0 kB
Active:           969308 kB
Inactive:         483020 kB
Active(anon):     751608 kB
Inactive(anon):   103836 kB
Active(file):     217700 kB
Inactive(file):   379184 kB
Unevictable:          16 kB
Mlocked:              16 kB
HighTotal:       1081776 kB
HighFree:           1612 kB
LowTotal:         873796 kB
LowFree:          409012 kB
SwapTotal:       4476924 kB
SwapFree:        4476924 kB
Dirty:               316 kB
Writeback:             0 kB
AnonPages:        750268 kB
Mapped:           103540 kB
Shmem:            105256 kB
Slab:              50844 kB
SReclaimable:      34492 kB
SUnreclaim:        16352 kB
KernelStack:        2840 kB
PageTables:         5876 kB
NFS_Unstable:          0 kB
Bounce:                0 kB
WritebackTmp:          0 kB
CommitLimit:     5454708 kB
Committed_AS:    2422432 kB
VmallocTotal:     122880 kB
VmallocUsed:       34648 kB
VmallocChunk:      81988 kB
HardwareCorrupted:     0 kB
HugePages_Total:       0
HugePages_Free:        0
HugePages_Rsvd:        0
HugePages_Surp:        0
Hugepagesize:       4096 kB
DirectMap4k:       16376 kB
DirectMap4M:      892928 kB


CPU:total 2 (2 cores per cpu, 1 threads per core) family 6 model 23 stepping 10, cmov, cx8, fxsr, mmx, sse, sse2, sse3, ssse3, sse4.1

Memory: 4k page, physical 1955572k(410624k free), swap 4476924k(4476924k free)

vm_info: Java HotSpot(TM) Server VM (19.1-b02) for linux-x86 JRE (1.6.0_24-b07), built on Feb  2 2011 16:51:52 by "java_re" with gcc 3.2.1-7a (J2SE release)

time: Sun Jun 26 21:04:52 2011
elapsed time: 63 seconds

