#
# A fatal error has been detected by the Java Runtime Environment:
#
#  SIGSEGV (0xb) at pc=0x0004160a, pid=6630, tid=1800072048
#
# JRE version: 6.0_24-b07
# Java VM: Java HotSpot(TM) Server VM (19.1-b02 mixed mode linux-x86 )
# Problematic frame:
# C  0x0004160a
#
# If you would like to submit a bug report, please visit:
#   http://java.sun.com/webapps/bugreport/crash.jsp
# The crash happened outside the Java Virtual Machine in native code.
# See problematic frame for where to report the bug.
#

---------------  T H R E A D  ---------------

Current thread (0x08f2d000):  JavaThread "AWT-EventQueue-1" [_thread_in_native, id=6655, stack(0x6b45e000,0x6b4af000)]

siginfo:si_signo=SIGSEGV: si_errno=0, si_code=1 (SEGV_MAPERR), si_addr=0x0004160a

Registers:
EAX=0x6ff03590, EBX=0x6b9ff588, ECX=0x04a00093, EDX=0x094503b8
ESP=0x6b4ad64c, EBP=0x6b4ad698, ESI=0x72595db8, EDI=0x08f2d000
EIP=0x0004160a, CR2=0x0004160a, EFLAGS=0x00210216

Register to memory mapping:

EAX=0x6ff03590
0x6ff03590 is pointing to unknown location

EBX=0x6b9ff588

[error occurred during error reporting (printing registers, top of stack, instructions near pc), id 0xb]

Stack: [0x6b45e000,0x6b4af000],  sp=0x6b4ad64c,  free space=317k
Native frames: (J=compiled Java code, j=interpreted, Vv=VM code, C=native code)
C  0x0004160a
j  com.sun.opengl.impl.x11.GLX.glXMakeCurrent(JJJ)Z+0
j  com.sun.opengl.impl.x11.X11GLContext.makeCurrentImpl()I+78
j  com.sun.opengl.impl.x11.X11OnscreenGLContext.makeCurrentImpl()I+32
j  com.sun.opengl.impl.GLContextImpl.makeCurrent()I+56
j  com.sun.opengl.impl.GLDrawableHelper.invokeGL(Ljavax/media/opengl/GLDrawable;Ljavax/media/opengl/GLContext;Ljava/lang/Runnable;Ljava/lang/Runnable;)V+308
j  javax.media.opengl.GLCanvas$DisplayOnEventDispatchThreadAction.run()V+35
j  java.awt.event.InvocationEvent.dispatch()V+11
j  java.awt.EventQueue.dispatchEventImpl(Ljava/awt/AWTEvent;Ljava/lang/Object;)V+21
j  java.awt.EventQueue.access$000(Ljava/awt/EventQueue;Ljava/awt/AWTEvent;Ljava/lang/Object;)V+3
j  java.awt.EventQueue$1.run()Ljava/lang/Void;+12
j  java.awt.EventQueue$1.run()Ljava/lang/Object;+1
v  ~StubRoutines::call_stub
V  [libjvm.so+0x3cfb21]
V  [libjvm.so+0x5c5478]
V  [libjvm.so+0x3cf94f]
V  [libjvm.so+0x43413e]
C  [libjava.so+0xa96c]  Java_java_security_AccessController_doPrivileged__Ljava_security_PrivilegedAction_2Ljava_security_AccessControlContext_2+0x3c
j  java.security.AccessController.doPrivileged(Ljava/security/PrivilegedAction;Ljava/security/AccessControlContext;)Ljava/lang/Object;+0
j  java.security.AccessControlContext$1.doIntersectionPrivilege(Ljava/security/PrivilegedAction;Ljava/security/AccessControlContext;Ljava/security/AccessControlContext;)Ljava/lang/Object;+28
j  java.awt.EventQueue.dispatchEvent(Ljava/awt/AWTEvent;)V+46
j  org.netbeans.core.TimableEventQueue.dispatchEvent(Ljava/awt/AWTEvent;)V+17

Java frames: (J=compiled Java code, j=interpreted, Vv=VM code)
j  com.sun.opengl.impl.x11.GLX.glXMakeCurrent(JJJ)Z+0
j  com.sun.opengl.impl.x11.X11GLContext.makeCurrentImpl()I+78
j  com.sun.opengl.impl.x11.X11OnscreenGLContext.makeCurrentImpl()I+32
j  com.sun.opengl.impl.GLContextImpl.makeCurrent()I+56
j  com.sun.opengl.impl.GLDrawableHelper.invokeGL(Ljavax/media/opengl/GLDrawable;Ljavax/media/opengl/GLContext;Ljava/lang/Runnable;Ljava/lang/Runnable;)V+308
j  javax.media.opengl.GLCanvas$DisplayOnEventDispatchThreadAction.run()V+35
j  java.awt.event.InvocationEvent.dispatch()V+11
j  java.awt.EventQueue.dispatchEventImpl(Ljava/awt/AWTEvent;Ljava/lang/Object;)V+21
j  java.awt.EventQueue.access$000(Ljava/awt/EventQueue;Ljava/awt/AWTEvent;Ljava/lang/Object;)V+3
j  java.awt.EventQueue$1.run()Ljava/lang/Void;+12
j  java.awt.EventQueue$1.run()Ljava/lang/Object;+1
v  ~StubRoutines::call_stub
j  java.security.AccessController.doPrivileged(Ljava/security/PrivilegedAction;Ljava/security/AccessControlContext;)Ljava/lang/Object;+0
j  java.security.AccessControlContext$1.doIntersectionPrivilege(Ljava/security/PrivilegedAction;Ljava/security/AccessControlContext;Ljava/security/AccessControlContext;)Ljava/lang/Object;+28
j  java.awt.EventQueue.dispatchEvent(Ljava/awt/AWTEvent;)V+46
j  org.netbeans.core.TimableEventQueue.dispatchEvent(Ljava/awt/AWTEvent;)V+17
J  java.awt.EventDispatchThread.pumpOneEventForFilters(I)Z
j  java.awt.EventDispatchThread.pumpEventsForFilter(ILjava/awt/Conditional;Ljava/awt/EventFilter;)V+30
j  java.awt.EventDispatchThread.pumpEventsForHierarchy(ILjava/awt/Conditional;Ljava/awt/Component;)V+11
j  java.awt.EventDispatchThread.pumpEvents(ILjava/awt/Conditional;)V+4
j  java.awt.EventDispatchThread.pumpEvents(Ljava/awt/Conditional;)V+3
j  java.awt.EventDispatchThread.run()V+9
v  ~StubRoutines::call_stub

---------------  P R O C E S S  ---------------

Java Threads: ( => current thread )
  0x6ffd8c00 JavaThread "attribute-event-bus" daemon [_thread_blocked, id=6683, stack(0x6a35e000,0x6a3af000)]
  0x6ffd8400 JavaThread "graph-event-bus" daemon [_thread_blocked, id=6682, stack(0x6e98d000,0x6e9de000)]
  0x6c0efc00 JavaThread "DHNS View Destructor" daemon [_thread_blocked, id=6681, stack(0x6e93c000,0x6e98d000)]
  0x09ccc400 JavaThread "SimpleFPSAnimator" daemon [_thread_blocked, id=6670, stack(0x6df0c000,0x6df5d000)]
  0x09478c00 JavaThread "Timer-1" daemon [_thread_blocked, id=6660, stack(0x6ae81000,0x6aed2000)]
  0x09467400 JavaThread "Dynamic Model EventDispatchThread" daemon [_thread_blocked, id=6659, stack(0x6aed2000,0x6af23000)]
  0x6fa33800 JavaThread "DestroyJavaVM" [_thread_blocked, id=6631, stack(0xb6a1f000,0xb6a70000)]
=>0x08f2d000 JavaThread "AWT-EventQueue-1" [_thread_in_native, id=6655, stack(0x6b45e000,0x6b4af000)]
  0x08d89000 JavaThread "TimerQueue" daemon [_thread_blocked, id=6654, stack(0x6f9af000,0x6fa00000)]
  0x08e13400 JavaThread "Thread-2" daemon [_thread_blocked, id=6653, stack(0x6b4af000,0x6b500000)]
  0x6fffb800 JavaThread "AWT-Shutdown" [_thread_blocked, id=6649, stack(0x6fbe3000,0x6fc34000)]
  0x6ffc4c00 JavaThread "AWT-XAWT" daemon [_thread_blocked, id=6648, stack(0x6fc34000,0x6fc85000)]
  0x6ff16c00 JavaThread "Java2D Disposer" daemon [_thread_blocked, id=6647, stack(0x6fcb5000,0x6fd06000)]
  0x70292000 JavaThread "CLI Requests Server" daemon [_thread_in_native, id=6644, stack(0x7019a000,0x701eb000)]
  0x705bd000 JavaThread "Active Reference Queue Daemon" daemon [_thread_blocked, id=6643, stack(0x70384000,0x703d5000)]
  0x70552000 JavaThread "Timer-0" daemon [_thread_blocked, id=6642, stack(0x703d5000,0x70426000)]
  0x70502c00 JavaThread "Low Memory Detector" daemon [_thread_blocked, id=6640, stack(0x704af000,0x70500000)]
  0x70500c00 JavaThread "CompilerThread1" daemon [_thread_blocked, id=6639, stack(0x70609000,0x7068a000)]
  0x085fb000 JavaThread "CompilerThread0" daemon [_thread_blocked, id=6638, stack(0x7068a000,0x7070b000)]
  0x085f9800 JavaThread "Signal Dispatcher" daemon [_thread_blocked, id=6637, stack(0x7070b000,0x7075c000)]
  0x085eac00 JavaThread "Finalizer" daemon [_thread_blocked, id=6636, stack(0x7095c000,0x709ad000)]
  0x085e6400 JavaThread "Reference Handler" daemon [_thread_blocked, id=6635, stack(0x709ad000,0x709fe000)]

Other Threads:
  0x085e2800 VMThread [stack: 0x709fe000,0x70a7f000] [id=6634]
  0x70504800 WatcherThread [stack: 0x7042e000,0x704af000] [id=6641]

VM state:not at safepoint (normal execution)

VM Mutex/Monitor currently owned by a thread: None

Heap
 PSYoungGen      total 74880K, used 24430K [0x9eb80000, 0xa4c60000, 0xb38d0000)
  eden space 64000K, 24% used [0x9eb80000,0x9facdac0,0xa2a00000)
  from space 10880K, 80% used [0xa2b90000,0xa341df60,0xa3630000)
  to   space 17600K, 0% used [0xa3b30000,0xa3b30000,0xa4c60000)
 PSOldGen        total 174784K, used 8021K [0x750d0000, 0x7fb80000, 0x9eb80000)
  object space 174784K, 4% used [0x750d0000,0x758a5778,0x7fb80000)
 PSPermGen       total 37120K, used 37052K [0x710d0000, 0x73510000, 0x750d0000)
  object space 37120K, 99% used [0x710d0000,0x734ff2d8,0x73510000)

Dynamic libraries:
08048000-08052000 r-xp 00000000 08:05 4469969    /usr/lib/jvm/java-6-sun-1.6.0.24/jre/bin/java
08052000-08053000 rwxp 00009000 08:05 4469969    /usr/lib/jvm/java-6-sun-1.6.0.24/jre/bin/java
0855f000-0a6e1000 rwxp 00000000 00:00 0          [heap]
66900000-66b00000 rwxs 1fbd9000 00:05 7029       /dev/dri/card0
66b00000-66d00000 rwxs 1f9d9000 00:05 7029       /dev/dri/card0
66d00000-66dff000 rwxp 00000000 00:00 0 
66dff000-66e00000 ---p 00000000 00:00 0 
66e00000-66ef0000 rwxp 00000000 00:00 0 
66ef0000-66f00000 ---p 00000000 00:00 0 
66f00000-66ffd000 rwxp 00000000 00:00 0 
66ffd000-67000000 ---p 00000000 00:00 0 
67000000-670fb000 rwxp 00000000 00:00 0 
670fb000-67100000 ---p 00000000 00:00 0 
67100000-671e6000 rwxp 00000000 00:00 0 
671e6000-67200000 ---p 00000000 00:00 0 
67200000-672fc000 rwxp 00000000 00:00 0 
672fc000-67300000 ---p 00000000 00:00 0 
67300000-67500000 rwxp 00000000 00:00 0 
67500000-67600000 rwxp 00000000 00:00 0 
676cf000-67729000 rwxs 00000000 00:04 54853702   /SYSV00000000 (deleted)
67729000-67783000 rwxs 00000000 00:04 54820933   /SYSV00000000 (deleted)
67783000-67786000 ---p 00000000 00:00 0 
67786000-696a9000 rwxp 00000000 00:00 0 
69700000-69800000 rwxp 00000000 00:00 0 
69900000-699ea000 rwxp 00000000 00:00 0 
699ea000-69a00000 ---p 00000000 00:00 0 
69ba9000-69bfd000 r-xp 00000000 08:05 4470041    /usr/lib/jvm/java-6-sun-1.6.0.24/jre/lib/i386/libcmm.so
69bfd000-69c00000 rwxp 00054000 08:05 4470041    /usr/lib/jvm/java-6-sun-1.6.0.24/jre/lib/i386/libcmm.so
69c00000-69ce8000 rwxp 00000000 00:00 0 
69ce8000-69d00000 ---p 00000000 00:00 0 
69d00000-69e00000 rwxp 00000000 00:00 0 
69e00000-69efe000 rwxp 00000000 00:00 0 
69efe000-69f00000 ---p 00000000 00:00 0 
69f00000-6a000000 rwxp 00000000 00:00 0 
6a000000-6a0fd000 rwxp 00000000 00:00 0 
6a0fd000-6a100000 ---p 00000000 00:00 0 
6a100000-6a1f4000 rwxp 00000000 00:00 0 
6a1f4000-6a200000 ---p 00000000 00:00 0 
6a200000-6a2f7000 rwxp 00000000 00:00 0 
6a2f7000-6a300000 ---p 00000000 00:00 0 
6a30d000-6a310000 ---p 00000000 00:00 0 
6a310000-6a35e000 rwxp 00000000 00:00 0 
6a35e000-6a361000 ---p 00000000 00:00 0 
6a361000-6a3af000 rwxp 00000000 00:00 0 
6a3af000-6a3b2000 ---p 00000000 00:00 0 
6a3b2000-6a400000 rwxp 00000000 00:00 0 
6a400000-6a4df000 rwxp 00000000 00:00 0 
6a4df000-6a500000 ---p 00000000 00:00 0 
6a500000-6a5fd000 rwxp 00000000 00:00 0 
6a5fd000-6a600000 ---p 00000000 00:00 0 
6a600000-6a6de000 rwxp 00000000 00:00 0 
6a6de000-6a700000 ---p 00000000 00:00 0 
6a701000-6a71c000 rwxs 00000000 00:04 55017547   /SYSV00000000 (deleted)
6a71c000-6a71f000 ---p 00000000 00:00 0 
6a71f000-6a76d000 rwxp 00000000 00:00 0 
6a76d000-6a770000 ---p 00000000 00:00 0 
6a770000-6a7be000 rwxp 00000000 00:00 0 
6a7be000-6a7c1000 ---p 00000000 00:00 0 
6a7c1000-6a80f000 rwxp 00000000 00:00 0 
6a80f000-6a8d5000 r-xp 00000000 08:05 4470045    /usr/lib/jvm/java-6-sun-1.6.0.24/jre/lib/i386/libmlib_image.so
6a8d5000-6a8d6000 rwxp 000c5000 08:05 4470045    /usr/lib/jvm/java-6-sun-1.6.0.24/jre/lib/i386/libmlib_image.so
6a8d6000-6a936000 rwxs 00000000 00:04 53674000   /SYSV00000000 (deleted)
6a936000-6ad00000 rwxs 00000000 00:04 53641231   /SYSV00000000 (deleted)
6ad00000-6adfe000 rwxp 00000000 00:00 0 
6adfe000-6ae00000 ---p 00000000 00:00 0 
6ae15000-6ae30000 rwxs 00000000 00:04 54984778   /SYSV00000000 (deleted)
6ae30000-6ae33000 ---p 00000000 00:00 0 
6ae33000-6ae81000 rwxp 00000000 00:00 0 
6ae81000-6ae84000 ---p 00000000 00:00 0 
6ae84000-6aed2000 rwxp 00000000 00:00 0 
6aed2000-6aed5000 ---p 00000000 00:00 0 
6aed5000-6af23000 rwxp 00000000 00:00 0 
6af23000-6b00d000 r-xp 00000000 08:05 4349248    /usr/lib/dri/libglsl.so
6b00d000-6b011000 r-xp 000ea000 08:05 4349248    /usr/lib/dri/libglsl.so
6b011000-6b012000 rwxp 000ee000 08:05 4349248    /usr/lib/dri/libglsl.so
6b012000-6b013000 rwxp 00000000 00:00 0 
6b013000-6b1ee000 r-xp 00000000 08:05 4349249    /usr/lib/dri/libdricore.so
6b1ee000-6b1f4000 r-xp 001db000 08:05 4349249    /usr/lib/dri/libdricore.so
6b1f4000-6b1f6000 rwxp 001e1000 08:05 4349249    /usr/lib/dri/libdricore.so
6b1f6000-6b206000 rwxp 00000000 00:00 0 
6b206000-6b2aa000 r-xp 00000000 08:05 4349235    /usr/lib/dri/i965_dri.so
6b2aa000-6b2ad000 r-xp 000a3000 08:05 4349235    /usr/lib/dri/i965_dri.so
6b2ad000-6b2af000 rwxp 000a6000 08:05 4349235    /usr/lib/dri/i965_dri.so
6b2af000-6b2b2000 ---p 00000000 00:00 0 
6b2b2000-6b300000 rwxp 00000000 00:00 0 
6b300000-6b3b4000 rwxp 00000000 00:00 0 
6b3b4000-6b400000 ---p 00000000 00:00 0 
6b40d000-6b410000 ---p 00000000 00:00 0 
6b410000-6b45e000 rwxp 00000000 00:00 0 
6b45e000-6b461000 ---p 00000000 00:00 0 
6b461000-6b4af000 rwxp 00000000 00:00 0 
6b4af000-6b4b2000 ---p 00000000 00:00 0 
6b4b2000-6b500000 rwxp 00000000 00:00 0 
6b500000-6b5e0000 rwxp 00000000 00:00 0 
6b5e0000-6b600000 ---p 00000000 00:00 0 
6b600000-6b6f8000 rwxp 00000000 00:00 0 
6b6f8000-6b700000 ---p 00000000 00:00 0 
6b700000-6b7f0000 rwxp 00000000 00:00 0 
6b7f0000-6b800000 ---p 00000000 00:00 0 
6b800000-6b8f0000 rwxp 00000000 00:00 0 
6b8f0000-6b900000 ---p 00000000 00:00 0 
6b911000-6b912000 rwxs 1f9d8000 00:05 7029       /dev/dri/card0
6b912000-6b916000 rwxs 00000000 00:04 54952009   /SYSV00000000 (deleted)
6b916000-6b91c000 rwxs 00000000 00:04 54886471   /SYSV00000000 (deleted)
6b91c000-6b924000 rwxs 00000000 00:04 54788164   /SYSV00000000 (deleted)
6b924000-6b9ff000 r-xp 00000000 08:05 920610     /home/daniel/gephi/gephibzr/gephi/build/cluster/modules/lib/linux-i586/libjogl.so
6b9ff000-6ba00000 rwxp 000da000 08:05 920610     /home/daniel/gephi/gephibzr/gephi/build/cluster/modules/lib/linux-i586/libjogl.so
6ba00000-6baff000 rwxp 00000000 00:00 0 
6baff000-6bb00000 ---p 00000000 00:00 0 
6bb00000-6bbdd000 rwxp 00000000 00:00 0 
6bbdd000-6bc00000 ---p 00000000 00:00 0 
6bc00000-6bcfd000 rwxp 00000000 00:00 0 
6bcfd000-6bd00000 ---p 00000000 00:00 0 
6bd00000-6bdf7000 rwxp 00000000 00:00 0 
6bdf7000-6be00000 ---p 00000000 00:00 0 
6be00000-6beef000 rwxp 00000000 00:00 0 
6beef000-6bf00000 ---p 00000000 00:00 0 
6bf00000-6bff1000 rwxp 00000000 00:00 0 
6bff1000-6c000000 ---p 00000000 00:00 0 
6c000000-6c0f5000 rwxp 00000000 00:00 0 
6c0f5000-6c100000 ---p 00000000 00:00 0 
6c100000-6c1f9000 rwxp 00000000 00:00 0 
6c1f9000-6c200000 ---p 00000000 00:00 0 
6c200000-6c2ed000 rwxp 00000000 00:00 0 
6c2ed000-6c300000 ---p 00000000 00:00 0 
6c300000-6c30a000 rwxs 00000000 00:04 54755395   /SYSV00000000 (deleted)
6c30a000-6c314000 rwxs 00000000 00:04 54722626   /SYSV00000000 (deleted)
6c314000-6c3f3000 r-xp 00000000 08:05 4331457    /usr/lib/i386-linux-gnu/libstdc++.so.6.0.14
6c3f3000-6c3f7000 r-xp 000de000 08:05 4331457    /usr/lib/i386-linux-gnu/libstdc++.so.6.0.14
6c3f7000-6c3f8000 rwxp 000e2000 08:05 4331457    /usr/lib/i386-linux-gnu/libstdc++.so.6.0.14
6c3f8000-6c3ff000 rwxp 00000000 00:00 0 
6c3ff000-6c400000 ---p 00000000 00:00 0 
6c400000-6cc00000 rwxp 00000000 00:00 0 
6cc00000-6cce3000 rwxp 00000000 00:00 0 
6cce3000-6cd00000 ---p 00000000 00:00 0 
6cd00000-6cdf9000 rwxp 00000000 00:00 0 
6cdf9000-6ce00000 ---p 00000000 00:00 0 
6ce00000-6ceff000 rwxp 00000000 00:00 0 
6ceff000-6cf00000 ---p 00000000 00:00 0 
6cf00000-6cf04000 rwxs 00000000 00:04 54919240   /SYSV00000000 (deleted)
6cf04000-6cf07000 rwxs 00000000 00:04 54689857   /SYSV00000000 (deleted)
6cf07000-6cf0d000 rwxs 00000000 00:04 54624319   /SYSV00000000 (deleted)
6cf0d000-6cf0e000 rwxs 1f914000 00:05 7029       /dev/dri/card0
6cf0e000-6cf2e000 rwxs 1f8f4000 00:05 7029       /dev/dri/card0
6cf2e000-6cf4e000 rwxs 1f843000 00:05 7029       /dev/dri/card0
6cf4e000-6cf4f000 ---p 00000000 00:00 0 
6cf4f000-6d74f000 rwxp 00000000 00:00 0 
6d74f000-6d750000 rwxs 1f810000 00:05 7029       /dev/dri/card0
6d750000-6d76b000 rwxs 00000000 00:04 54165550   /SYSV00000000 (deleted)
6d76b000-6d786000 rwxs 00000000 00:04 54132781   /SYSV00000000 (deleted)
6d786000-6d78e000 rwxs 00000000 00:04 53739544   /SYSV00000000 (deleted)
6d78e000-6d7a8000 r-xp 00000000 08:05 3539183    /lib/i386-linux-gnu/libgcc_s.so.1
6d7a8000-6d7a9000 r-xp 00019000 08:05 3539183    /lib/i386-linux-gnu/libgcc_s.so.1
6d7a9000-6d7aa000 rwxp 0001a000 08:05 3539183    /lib/i386-linux-gnu/libgcc_s.so.1
6d7aa000-6d7f3000 r-xp 00000000 08:05 4328243    /usr/lib/mesa/libGL.so.1.2
6d7f3000-6d7f4000 ---p 00049000 08:05 4328243    /usr/lib/mesa/libGL.so.1.2
6d7f4000-6d7f9000 r-xp 00049000 08:05 4328243    /usr/lib/mesa/libGL.so.1.2
6d7f9000-6d7ff000 rwxp 0004e000 08:05 4328243    /usr/lib/mesa/libGL.so.1.2
6d7ff000-6d800000 rwxp 00000000 00:00 0 
6d800000-6d8e9000 rwxp 00000000 00:00 0 
6d8e9000-6d900000 ---p 00000000 00:00 0 
6d900000-6d906000 r-xp 00000000 08:05 4470056    /usr/lib/jvm/java-6-sun-1.6.0.24/jre/lib/i386/libmanagement.so
6d906000-6d907000 rwxp 00005000 08:05 4470056    /usr/lib/jvm/java-6-sun-1.6.0.24/jre/lib/i386/libmanagement.so
6d907000-6d90f000 rwxs 00000000 00:04 53706769   /SYSV00000000 (deleted)
6d90f000-6d917000 r-xp 00000000 08:05 3539143    /lib/i386-linux-gnu/libdrm.so.2.4.0
6d917000-6d918000 r-xp 00007000 08:05 3539143    /lib/i386-linux-gnu/libdrm.so.2.4.0
6d918000-6d919000 rwxp 00008000 08:05 3539143    /lib/i386-linux-gnu/libdrm.so.2.4.0
6d919000-6d92e000 r-xp 00000000 08:05 4325840    /usr/lib/libdbusmenu-glib.so.3.0.14
6d92e000-6d92f000 r-xp 00014000 08:05 4325840    /usr/lib/libdbusmenu-glib.so.3.0.14
6d92f000-6d930000 rwxp 00015000 08:05 4325840    /usr/lib/libdbusmenu-glib.so.3.0.14
6d930000-6d93e000 r-xp 00000000 08:05 4326996    /usr/lib/libdbusmenu-gtk.so.3.0.14
6d93e000-6d93f000 r-xp 0000d000 08:05 4326996    /usr/lib/libdbusmenu-gtk.so.3.0.14
6d93f000-6d940000 rwxp 0000e000 08:05 4326996    /usr/lib/libdbusmenu-gtk.so.3.0.14
6d940000-6d943000 rwxs 00000000 00:04 54657088   /SYSV00000000 (deleted)
6d943000-6d94c000 r-xp 00000000 08:05 3539009    /lib/i386-linux-gnu/libdrm_intel.so.1.0.0
6d94c000-6d94d000 r-xp 00008000 08:05 3539009    /lib/i386-linux-gnu/libdrm_intel.so.1.0.0
6d94d000-6d94e000 rwxp 00009000 08:05 3539009    /lib/i386-linux-gnu/libdrm_intel.so.1.0.0
6d94e000-6d956000 r-xs 00115000 08:05 4470149    /usr/lib/jvm/java-6-sun-1.6.0.24/jre/lib/resources.jar
6d956000-6d957000 r-xp 00000000 08:05 4331894    /usr/lib/gtk-2.0/2.10.0/immodules/im-cedilla.so
6d957000-6d958000 r-xp 00000000 08:05 4331894    /usr/lib/gtk-2.0/2.10.0/immodules/im-cedilla.so
6d958000-6d959000 rwxp 00001000 08:05 4331894    /usr/lib/gtk-2.0/2.10.0/immodules/im-cedilla.so
6d959000-6d9a8000 r-xp 00000000 08:05 5244500    /usr/share/fonts/truetype/ttf-dejavu/DejaVuSansMono.ttf
6d9a8000-6da00000 r-xp 00000000 08:05 5243956    /usr/share/fonts/truetype/ubuntu-font-family/Ubuntu-R.ttf
6da00000-6dbfc000 rwxp 00000000 00:00 0 
6dbfc000-6dc00000 ---p 00000000 00:00 0 
6dc00000-6dce6000 rwxp 00000000 00:00 0 
6dce6000-6dd00000 ---p 00000000 00:00 0 
6dd00000-6dd04000 rwxs 00000000 00:04 54591550   /SYSV00000000 (deleted)
6dd04000-6dd08000 r-xp 00000000 08:05 4329490    /usr/lib/i386-linux-gnu/libXxf86vm.so.1.0.0
6dd08000-6dd09000 r-xp 00003000 08:05 4329490    /usr/lib/i386-linux-gnu/libXxf86vm.so.1.0.0
6dd09000-6dd0a000 rwxp 00004000 08:05 4329490    /usr/lib/i386-linux-gnu/libXxf86vm.so.1.0.0
6dd0a000-6dd0e000 r-xp 00000000 08:05 4339973    /usr/lib/gtk-2.0/2.10.0/menuproxies/libappmenu.so
6dd0e000-6dd0f000 r-xp 00003000 08:05 4339973    /usr/lib/gtk-2.0/2.10.0/menuproxies/libappmenu.so
6dd0f000-6dd10000 rwxp 00004000 08:05 4339973    /usr/lib/gtk-2.0/2.10.0/menuproxies/libappmenu.so
6dd10000-6dd12000 r-xp 00000000 08:05 4725402    /usr/lib/i386-linux-gnu/pango/1.6.0/modules/pango-basic-fc.so
6dd12000-6dd13000 r-xp 00001000 08:05 4725402    /usr/lib/i386-linux-gnu/pango/1.6.0/modules/pango-basic-fc.so
6dd13000-6dd14000 rwxp 00002000 08:05 4725402    /usr/lib/i386-linux-gnu/pango/1.6.0/modules/pango-basic-fc.so
6dd14000-6dd15000 r-xs 00000000 08:05 1575980    /var/cache/fontconfig/26de28bc8622bbc1fb67fd234c21975f-le32d4.cache-3
6dd15000-6dd16000 r-xs 00000000 08:05 1576028    /var/cache/fontconfig/c05880de57d1f5e948fdfacc138775d9-le32d4.cache-3
6dd16000-6dd1c000 r-xs 00000000 08:05 1576020    /var/cache/fontconfig/945677eb7aeaf62f1d50efc3fb3ec7d8-le32d4.cache-3
6dd1c000-6dd1e000 r-xs 00000000 08:05 1575744    /var/cache/fontconfig/99e8ed0e538f840c565b6ed5dad60d56-le32d4.cache-3
6dd1e000-6dd21000 r-xs 00000000 08:05 1576002    /var/cache/fontconfig/e383d7ea5fbe662a33d9b44caf393297-le32d4.cache-3
6dd21000-6dd26000 r-xs 00000000 08:05 1575986    /var/cache/fontconfig/401a5dd6b567794a1d18dd9342dfa604-le32d4.cache-3
6dd26000-6dd28000 r-xs 00000000 08:05 1575983    /var/cache/fontconfig/2cd17615ca594fa2959ae173292e504c-le32d4.cache-3
6dd28000-6dd29000 r-xs 00000000 08:05 1575740    /var/cache/fontconfig/e7071f4a29fa870f4323321c154eba04-le32d4.cache-3
6dd29000-6dd2b000 r-xs 00000000 08:05 1576599    /var/cache/fontconfig/b5ea634b0fb353b8ea17632d1f9ef766-le32d4.cache-3
6dd2b000-6dd2f000 r-xs 00000000 08:05 1575958    /var/cache/fontconfig/926e794c3d5e5dffcaf2fa83ef8d36c2-le32d4.cache-3
6dd2f000-6dd32000 r-xs 00000000 08:05 1575945    /var/cache/fontconfig/6eb3985aa4124903f6ff08ba781cd364-le32d4.cache-3
6dd32000-6dd33000 r-xs 00000000 08:05 1575924    /var/cache/fontconfig/4c73fe0c47614734b17d736dbde7580a-le32d4.cache-3
6dd33000-6dd34000 r-xs 00000000 08:05 1575918    /var/cache/fontconfig/0d8c3b2ac0904cb8a57a757ad11a4a08-le32d4.cache-3
6dd34000-6dd35000 r-xs 00000000 08:05 1575917    /var/cache/fontconfig/6a53c69dea097a2d716e069445527da8-le32d4.cache-3
6dd35000-6dd39000 r-xs 00000000 08:05 1575788    /var/cache/fontconfig/a755afe4a08bf5b97852ceb7400b47bc-le32d4.cache-3
6dd39000-6dd3d000 r-xs 00000000 08:05 1575915    /var/cache/fontconfig/515ca1ebc4b18308bea979be5704f9db-le32d4.cache-3
6dd3d000-6dd44000 r-xs 00000000 08:05 1575886    /var/cache/fontconfig/6d41288fd70b0be22e8c3a91e032eec0-le32d4.cache-3
6dd44000-6dd4f000 r-xs 00000000 08:05 1575845    /var/cache/fontconfig/0f34bcd4b6ee430af32735b75db7f02b-le32d4.cache-3
6dd4f000-6dd52000 r-xs 00000000 08:05 1575843    /var/cache/fontconfig/d60319d88cac85ba9e1a07bd06cfbb8c-le32d4.cache-3
6dd52000-6dd53000 r-xs 00000000 08:05 1575697    /var/cache/fontconfig/4794a0821666d79190d59a36cb4f44b5-le32d4.cache-3
6dd53000-6dd75000 r-xs 00000000 08:05 1575808    /var/cache/fontconfig/365b55f210c0a22e9a19e35191240f32-le32d4.cache-3
6dd75000-6dd7d000 r-xs 00000000 08:05 1575802    /var/cache/fontconfig/d52a8644073d54c13679302ca1180695-le32d4.cache-3
6dd7d000-6dd8b000 r-xs 00000000 08:05 1575126    /var/cache/fontconfig/e13b20fdb08344e0e664864cc2ede53d-le32d4.cache-3
6dd8b000-6dd99000 r-xs 00000000 08:05 1576043    /var/cache/fontconfig/865f88548240fee46819705c6468c165-le32d4.cache-3
6dd99000-6ddb1000 r-xs 00000000 08:05 1579274    /var/cache/fontconfig/165b9254a84ccada37e340049ffc8b30-le32d4.cache-3
6ddb1000-6ddbf000 r-xs 00679000 08:05 4469899    /usr/lib/jvm/java-6-sun-1.6.0.24/jre/lib/charsets.jar
6ddbf000-6ddc0000 rwxs 1f865000 00:05 7029       /dev/dri/card0
6ddc0000-6ddc1000 rwxs 1f864000 00:05 7029       /dev/dri/card0
6ddc1000-6ddc2000 rwxs 1f863000 00:05 7029       /dev/dri/card0
6ddc2000-6ddc6000 rwxs 00000000 00:04 54558781   /SYSV00000000 (deleted)
6ddc6000-6ddcc000 rwxs 00000000 00:04 54231088   /SYSV00000000 (deleted)
6ddcc000-6ddd4000 rwxs 00000000 00:04 54198319   /SYSV00000000 (deleted)
6ddd4000-6ddde000 rwxs 00000000 00:04 54100012   /SYSV00000000 (deleted)
6ddde000-6dde8000 rwxs 00000000 00:04 54067243   /SYSV00000000 (deleted)
6dde8000-6ddeb000 rwxs 00000000 00:04 54034474   /SYSV00000000 (deleted)
6ddeb000-6ddee000 rwxs 00000000 00:04 54001705   /SYSV00000000 (deleted)
6ddee000-6ddf5000 rwxs 00000000 00:04 53968936   /SYSV00000000 (deleted)
6ddf5000-6ddfc000 rwxs 00000000 00:04 53936167   /SYSV00000000 (deleted)
6ddfc000-6de00000 rwxs 1f2b9000 00:05 7029       /dev/dri/card0
6de00000-6def1000 rwxp 00000000 00:00 0 
6def1000-6df00000 ---p 00000000 00:00 0 
6df00000-6df06000 rwxs 00000000 00:04 53903398   /SYSV00000000 (deleted)
6df06000-6df0c000 rwxs 00000000 00:04 53870629   /SYSV00000000 (deleted)
6df0c000-6df0f000 ---p 00000000 00:00 0 
6df0f000-6df5d000 rwxp 00000000 00:00 0 
6df5d000-6df65000 rwxs 1f355000 00:05 7029       /dev/dri/card0
6df65000-6df6d000 rwxs 1f34d000 00:05 7029       /dev/dri/card0
6df6d000-6df75000 rwxs 1f345000 00:05 7029       /dev/dri/card0
6df75000-6df7d000 rwxs 1f2b1000 00:05 7029       /dev/dri/card0
6df7d000-6df80000 ---p 00000000 00:00 0 
6df80000-6dfce000 rwxp 00000000 00:00 0 
6dfce000-6dfe1000 r-xp 00000000 08:05 2755111    /tmp/jna4059679449871941491.tmp
6dfe1000-6dfe2000 rwxp 00013000 08:05 2755111    /tmp/jna4059679449871941491.tmp
6dfe2000-6dfe6000 rwxs 1f339000 00:05 7029       /dev/dri/card0
6dfe6000-6e86b000 rwxp 00000000 00:00 0 
6e86b000-6e884000 rwxs 00000000 00:04 53837859   /SYSV00000000 (deleted)
6e884000-6e8d9000 rwxs 00000000 00:04 53805086   /SYSV00000000 (deleted)
6e8d9000-6e8ee000 r-xp 00000000 08:05 4470039    /usr/lib/jvm/java-6-sun-1.6.0.24/jre/lib/i386/libdcpr.so
6e8ee000-6e901000 rwxp 00014000 08:05 4470039    /usr/lib/jvm/java-6-sun-1.6.0.24/jre/lib/i386/libdcpr.so
6e901000-6e902000 rwxs 1f832000 00:05 7029       /dev/dri/card0
6e902000-6e905000 rwxs 00000000 00:04 54526012   /SYSV00000000 (deleted)
6e905000-6e908000 rwxs 00000000 00:04 54493243   /SYSV00000000 (deleted)
6e908000-6e90e000 rwxs 00000000 00:04 54460470   /SYSV00000000 (deleted)
6e90e000-6e918000 rwxs 00000000 00:04 54427701   /SYSV00000000 (deleted)
6e918000-6e922000 rwxs 00000000 00:04 54394931   /SYSV00000000 (deleted)
6e922000-6e929000 rwxs 00000000 00:04 54362162   /SYSV00000000 (deleted)
6e929000-6e930000 rwxs 00000000 00:04 54329393   /SYSV00000000 (deleted)
6e930000-6e934000 rwxs 1f81c000 00:05 7029       /dev/dri/card0
6e934000-6e93c000 rwxs 00000000 00:04 54296602   /SYSV00000000 (deleted)
6e93c000-6e93f000 ---p 00000000 00:00 0 
6e93f000-6e98d000 rwxp 00000000 00:00 0 
6e98d000-6e990000 ---p 00000000 00:00 0 
6e990000-6e9de000 rwxp 00000000 00:00 0 
6e9de000-6e9f2000 r-xp 00000000 08:05 4326695    /usr/lib/gtk-2.0/modules/libglobalmenu-plugin.so
6e9f2000-6e9f3000 r-xp 00013000 08:05 4326695    /usr/lib/gtk-2.0/modules/libglobalmenu-plugin.so
6e9f3000-6e9f4000 rwxp 00014000 08:05 4326695    /usr/lib/gtk-2.0/modules/libglobalmenu-plugin.so
6e9f4000-6ea21000 r-xp 00000000 08:05 4325876    /usr/lib/gtk-2.0/2.10.0/engines/libmurrine.so
6ea21000-6ea22000 r-xp 0002c000 08:05 4325876    /usr/lib/gtk-2.0/2.10.0/engines/libmurrine.so
6ea22000-6ea23000 rwxp 0002d000 08:05 4325876    /usr/lib/gtk-2.0/2.10.0/engines/libmurrine.so
6ea23000-6ea28000 r-xp 00000000 08:05 4328876    /usr/lib/libogg.so.0.7.0
6ea28000-6ea29000 r-xp 00004000 08:05 4328876    /usr/lib/libogg.so.0.7.0
6ea29000-6ea2a000 rwxp 00005000 08:05 4328876    /usr/lib/libogg.so.0.7.0
6ea2a000-6ea4f000 r-xp 00000000 08:05 4329115    /usr/lib/libvorbis.so.0.4.5
6ea4f000-6ea50000 r-xp 00025000 08:05 4329115    /usr/lib/libvorbis.so.0.4.5
6ea50000-6ea51000 rwxp 00026000 08:05 4329115    /usr/lib/libvorbis.so.0.4.5
6ea51000-6ea58000 r-xp 00000000 08:05 4327081    /usr/lib/libltdl.so.7.2.1
6ea58000-6ea59000 r-xp 00006000 08:05 4327081    /usr/lib/libltdl.so.7.2.1
6ea59000-6ea5a000 rwxp 00007000 08:05 4327081    /usr/lib/libltdl.so.7.2.1
6ea5a000-6ea69000 r-xp 00000000 08:05 4326562    /usr/lib/libtdb.so.1.2.9
6ea69000-6ea6a000 r-xp 0000e000 08:05 4326562    /usr/lib/libtdb.so.1.2.9
6ea6a000-6ea6b000 rwxp 0000f000 08:05 4326562    /usr/lib/libtdb.so.1.2.9
6ea6b000-6ea72000 r-xp 00000000 08:05 4329060    /usr/lib/libvorbisfile.so.3.3.4
6ea72000-6ea73000 r-xp 00006000 08:05 4329060    /usr/lib/libvorbisfile.so.3.3.4
6ea73000-6ea74000 rwxp 00007000 08:05 4329060    /usr/lib/libvorbisfile.so.3.3.4
6ea74000-6ea82000 r-xp 00000000 08:05 4326490    /usr/lib/libcanberra.so.0.2.5
6ea82000-6ea83000 r-xp 0000d000 08:05 4326490    /usr/lib/libcanberra.so.0.2.5
6ea83000-6ea84000 rwxp 0000e000 08:05 4326490    /usr/lib/libcanberra.so.0.2.5
6ea84000-6ea87000 r-xp 00000000 08:05 4329344    /usr/lib/libcanberra-gtk.so.0.1.8
6ea87000-6ea88000 r-xp 00002000 08:05 4329344    /usr/lib/libcanberra-gtk.so.0.1.8
6ea88000-6ea89000 rwxp 00003000 08:05 4329344    /usr/lib/libcanberra-gtk.so.0.1.8
6ea89000-6ea8a000 r-xp 00000000 08:05 920611     /home/daniel/gephi/gephibzr/gephi/build/cluster/modules/lib/linux-i586/libjogl_awt.so
6ea8a000-6ea8b000 rwxp 00000000 08:05 920611     /home/daniel/gephi/gephibzr/gephi/build/cluster/modules/lib/linux-i586/libjogl_awt.so
6ea8b000-6ea8c000 r-xp 00000000 08:05 4470022    /usr/lib/jvm/java-6-sun-1.6.0.24/jre/lib/i386/libjawt.so
6ea8c000-6ea8d000 rwxp 00000000 08:05 4470022    /usr/lib/jvm/java-6-sun-1.6.0.24/jre/lib/i386/libjawt.so
6ea8d000-6ea95000 rwxs 1f33d000 00:05 7029       /dev/dri/card0
6ea95000-6ea9c000 r-xp 00000000 08:05 4328482    /usr/lib/gtk-2.0/2.10.0/engines/libpixmap.so
6ea9c000-6ea9d000 ---p 00007000 08:05 4328482    /usr/lib/gtk-2.0/2.10.0/engines/libpixmap.so
6ea9d000-6ea9e000 r-xp 00007000 08:05 4328482    /usr/lib/gtk-2.0/2.10.0/engines/libpixmap.so
6ea9e000-6ea9f000 rwxp 00008000 08:05 4328482    /usr/lib/gtk-2.0/2.10.0/engines/libpixmap.so
6ea9f000-6eac5000 r-xp 00000000 08:05 3538983    /lib/i386-linux-gnu/libexpat.so.1.5.2
6eac5000-6eac6000 ---p 00026000 08:05 3538983    /lib/i386-linux-gnu/libexpat.so.1.5.2
6eac6000-6eac8000 r-xp 00026000 08:05 3538983    /lib/i386-linux-gnu/libexpat.so.1.5.2
6eac8000-6eac9000 rwxp 00028000 08:05 3538983    /lib/i386-linux-gnu/libexpat.so.1.5.2
6eac9000-6eae2000 r-xp 00000000 08:05 3538994    /lib/i386-linux-gnu/libselinux.so.1
6eae2000-6eae3000 r-xp 00018000 08:05 3538994    /lib/i386-linux-gnu/libselinux.so.1
6eae3000-6eae4000 rwxp 00019000 08:05 3538994    /lib/i386-linux-gnu/libselinux.so.1
6eae4000-6eaf5000 r-xp 00000000 08:05 3542500    /lib/i386-linux-gnu/libresolv-2.13.so
6eaf5000-6eaf6000 r-xp 00010000 08:05 3542500    /lib/i386-linux-gnu/libresolv-2.13.so
6eaf6000-6eaf7000 rwxp 00011000 08:05 3542500    /lib/i386-linux-gnu/libresolv-2.13.so
6eaf7000-6eaf9000 rwxp 00000000 00:00 0 
6eaf9000-6eb36000 r-xp 00000000 08:05 3539185    /lib/i386-linux-gnu/libpcre.so.3.12.1
6eb36000-6eb37000 r-xp 0003c000 08:05 3539185    /lib/i386-linux-gnu/libpcre.so.3.12.1
6eb37000-6eb38000 rwxp 0003d000 08:05 3539185    /lib/i386-linux-gnu/libpcre.so.3.12.1
6eb38000-6eb4b000 r-xp 00000000 08:05 3538986    /lib/i386-linux-gnu/libz.so.1.2.3.4
6eb4b000-6eb4c000 r-xp 00012000 08:05 3538986    /lib/i386-linux-gnu/libz.so.1.2.3.4
6eb4c000-6eb4d000 rwxp 00013000 08:05 3538986    /lib/i386-linux-gnu/libz.so.1.2.3.4
6eb4d000-6eb53000 r-xp 00000000 08:05 4325996    /usr/lib/i386-linux-gnu/libxcb-render.so.0.0.0
6eb53000-6eb54000 r-xp 00005000 08:05 4325996    /usr/lib/i386-linux-gnu/libxcb-render.so.0.0.0
6eb54000-6eb55000 rwxp 00006000 08:05 4325996    /usr/lib/i386-linux-gnu/libxcb-render.so.0.0.0
6eb55000-6eb57000 r-xp 00000000 08:05 4326159    /usr/lib/i386-linux-gnu/libxcb-shm.so.0.0.0
6eb57000-6eb58000 r-xp 00001000 08:05 4326159    /usr/lib/i386-linux-gnu/libxcb-shm.so.0.0.0
6eb58000-6eb59000 rwxp 00002000 08:05 4326159    /usr/lib/i386-linux-gnu/libxcb-shm.so.0.0.0
6eb59000-6eb7c000 r-xp 00000000 08:05 3539147    /lib/i386-linux-gnu/libpng12.so.0.44.0
6eb7c000-6eb7d000 r-xp 00022000 08:05 3539147    /lib/i386-linux-gnu/libpng12.so.0.44.0
6eb7d000-6eb7e000 rwxp 00023000 08:05 3539147    /lib/i386-linux-gnu/libpng12.so.0.44.0
6eb7e000-6ebe5000 r-xp 00000000 08:05 4326388    /usr/lib/libpixman-1.so.0.20.2
6ebe5000-6ebe6000 ---p 00067000 08:05 4326388    /usr/lib/libpixman-1.so.0.20.2
6ebe6000-6ebe9000 r-xp 00067000 08:05 4326388    /usr/lib/libpixman-1.so.0.20.2
6ebe9000-6ebea000 rwxp 0006a000 08:05 4326388    /usr/lib/libpixman-1.so.0.20.2
6ebea000-6ebf0000 r-xp 00000000 08:05 4333381    /usr/lib/i386-linux-gnu/libXrandr.so.2.2.0
6ebf0000-6ebf1000 r-xp 00005000 08:05 4333381    /usr/lib/i386-linux-gnu/libXrandr.so.2.2.0
6ebf1000-6ebf2000 rwxp 00006000 08:05 4333381    /usr/lib/i386-linux-gnu/libXrandr.so.2.2.0
6ebf2000-6ebf4000 r-xp 00000000 08:05 4333368    /usr/lib/i386-linux-gnu/libXinerama.so.1.0.0
6ebf4000-6ebf5000 r-xp 00001000 08:05 4333368    /usr/lib/i386-linux-gnu/libXinerama.so.1.0.0
6ebf5000-6ebf6000 rwxp 00002000 08:05 4333368    /usr/lib/i386-linux-gnu/libXinerama.so.1.0.0
6ebf6000-6eccb000 r-xp 00000000 08:05 3539080    /lib/i386-linux-gnu/libglib-2.0.so.0.2800.6
6eccb000-6eccc000 r-xp 000d4000 08:05 3539080    /lib/i386-linux-gnu/libglib-2.0.so.0.2800.6
6eccc000-6eccd000 rwxp 000d5000 08:05 3539080    /lib/i386-linux-gnu/libglib-2.0.so.0.2800.6
6eccd000-6ecd0000 r-xp 00000000 08:05 4332911    /usr/lib/i386-linux-gnu/libgthread-2.0.so.0.2800.6
6ecd0000-6ecd1000 r-xp 00003000 08:05 4332911    /usr/lib/i386-linux-gnu/libgthread-2.0.so.0.2800.6
6ecd1000-6ecd2000 rwxp 00004000 08:05 4332911    /usr/lib/i386-linux-gnu/libgthread-2.0.so.0.2800.6
6ecd2000-6ecd4000 r-xp 00000000 08:05 4332910    /usr/lib/i386-linux-gnu/libgmodule-2.0.so.0.2800.6
6ecd4000-6ecd5000 r-xp 00002000 08:05 4332910    /usr/lib/i386-linux-gnu/libgmodule-2.0.so.0.2800.6
6ecd5000-6ecd6000 rwxp 00003000 08:05 4332910    /usr/lib/i386-linux-gnu/libgmodule-2.0.so.0.2800.6
6ecd6000-6ed1b000 r-xp 00000000 08:05 4328915    /usr/lib/i386-linux-gnu/libgobject-2.0.so.0.2800.6
6ed1b000-6ed1c000 r-xp 00044000 08:05 4328915    /usr/lib/i386-linux-gnu/libgobject-2.0.so.0.2800.6
6ed1c000-6ed1d000 rwxp 00045000 08:05 4328915    /usr/lib/i386-linux-gnu/libgobject-2.0.so.0.2800.6
6ed1d000-6ed4a000 r-xp 00000000 08:05 4325572    /usr/lib/i386-linux-gnu/libfontconfig.so.1.4.4
6ed4a000-6ed4b000 r-xp 0002c000 08:05 4325572    /usr/lib/i386-linux-gnu/libfontconfig.so.1.4.4
6ed4b000-6ed4c000 rwxp 0002d000 08:05 4325572    /usr/lib/i386-linux-gnu/libfontconfig.so.1.4.4
6ed4c000-6edcd000 r-xp 00000000 08:05 4325689    /usr/lib/i386-linux-gnu/libfreetype.so.6.6.2
6edcd000-6edd1000 r-xp 00080000 08:05 4325689    /usr/lib/i386-linux-gnu/libfreetype.so.6.6.2
6edd1000-6edd2000 rwxp 00084000 08:05 4325689    /usr/lib/i386-linux-gnu/libfreetype.so.6.6.2
6edd2000-6ee10000 r-xp 00000000 08:05 4325711    /usr/lib/i386-linux-gnu/libpango-1.0.so.0.2800.4
6ee10000-6ee11000 r-xp 0003e000 08:05 4325711    /usr/lib/i386-linux-gnu/libpango-1.0.so.0.2800.4
6ee11000-6ee12000 rwxp 0003f000 08:05 4325711    /usr/lib/i386-linux-gnu/libpango-1.0.so.0.2800.4
6ee12000-6ee37000 r-xp 00000000 08:05 4325713    /usr/lib/i386-linux-gnu/libpangoft2-1.0.so.0.2800.4
6ee37000-6ee38000 ---p 00025000 08:05 4325713    /usr/lib/i386-linux-gnu/libpangoft2-1.0.so.0.2800.4
6ee38000-6ee39000 r-xp 00025000 08:05 4325713    /usr/lib/i386-linux-gnu/libpangoft2-1.0.so.0.2800.4
6ee39000-6ee3a000 rwxp 00026000 08:05 4325713    /usr/lib/i386-linux-gnu/libpangoft2-1.0.so.0.2800.4
6ee3a000-6ef38000 r-xp 00000000 08:05 4332912    /usr/lib/i386-linux-gnu/libgio-2.0.so.0.2800.6
6ef38000-6ef39000 ---p 000fe000 08:05 4332912    /usr/lib/i386-linux-gnu/libgio-2.0.so.0.2800.6
6ef39000-6ef3b000 r-xp 000fe000 08:05 4332912    /usr/lib/i386-linux-gnu/libgio-2.0.so.0.2800.6
6ef3b000-6ef3c000 rwxp 00100000 08:05 4332912    /usr/lib/i386-linux-gnu/libgio-2.0.so.0.2800.6
6ef3c000-6ef3d000 rwxp 00000000 00:00 0 
6ef3d000-6ef58000 r-xp 00000000 08:05 4326627    /usr/lib/libgdk_pixbuf-2.0.so.0.2300.3
6ef58000-6ef59000 r-xp 0001a000 08:05 4326627    /usr/lib/libgdk_pixbuf-2.0.so.0.2300.3
6ef59000-6ef5a000 rwxp 0001b000 08:05 4326627    /usr/lib/libgdk_pixbuf-2.0.so.0.2300.3
6ef5a000-6f008000 r-xp 00000000 08:05 4326380    /usr/lib/libcairo.so.2.11000.2
6f008000-6f009000 ---p 000ae000 08:05 4326380    /usr/lib/libcairo.so.2.11000.2
6f009000-6f00a000 r-xp 000ae000 08:05 4326380    /usr/lib/libcairo.so.2.11000.2
6f00a000-6f00b000 rwxp 000af000 08:05 4326380    /usr/lib/libcairo.so.2.11000.2
6f00b000-6f00d000 rwxp 00000000 00:00 0 
6f00d000-6f026000 r-xp 00000000 08:05 4326135    /usr/lib/i386-linux-gnu/libatk-1.0.so.0.9.1
6f026000-6f027000 ---p 00019000 08:05 4326135    /usr/lib/i386-linux-gnu/libatk-1.0.so.0.9.1
6f027000-6f028000 r-xp 00019000 08:05 4326135    /usr/lib/i386-linux-gnu/libatk-1.0.so.0.9.1
6f028000-6f029000 rwxp 0001a000 08:05 4326135    /usr/lib/i386-linux-gnu/libatk-1.0.so.0.9.1
6f029000-6f02b000 r-xp 00000000 08:05 4333357    /usr/lib/i386-linux-gnu/libXdamage.so.1.1.0
6f02b000-6f02c000 r-xp 00001000 08:05 4333357    /usr/lib/i386-linux-gnu/libXdamage.so.1.1.0
6f02c000-6f02d000 rwxp 00002000 08:05 4333357    /usr/lib/i386-linux-gnu/libXdamage.so.1.1.0
6f02d000-6f02f000 r-xp 00000000 08:05 4333341    /usr/lib/i386-linux-gnu/libXcomposite.so.1.0.0
6f02f000-6f030000 r-xp 00001000 08:05 4333341    /usr/lib/i386-linux-gnu/libXcomposite.so.1.0.0
6f030000-6f031000 rwxp 00002000 08:05 4333341    /usr/lib/i386-linux-gnu/libXcomposite.so.1.0.0
6f031000-6f03b000 r-xp 00000000 08:05 4325712    /usr/lib/i386-linux-gnu/libpangocairo-1.0.so.0.2800.4
6f03b000-6f03c000 r-xp 00009000 08:05 4325712    /usr/lib/i386-linux-gnu/libpangocairo-1.0.so.0.2800.4
6f03c000-6f03d000 rwxp 0000a000 08:05 4325712    /usr/lib/i386-linux-gnu/libpangocairo-1.0.so.0.2800.4
6f03d000-6f0d2000 r-xp 00000000 08:05 4349290    /usr/lib/libgdk-x11-2.0.so.0.2400.4
6f0d2000-6f0d3000 ---p 00095000 08:05 4349290    /usr/lib/libgdk-x11-2.0.so.0.2400.4
6f0d3000-6f0d5000 r-xp 00095000 08:05 4349290    /usr/lib/libgdk-x11-2.0.so.0.2400.4
6f0d5000-6f0d6000 rwxp 00097000 08:05 4349290    /usr/lib/libgdk-x11-2.0.so.0.2400.4
6f0d6000-6f4a7000 r-xp 00000000 08:05 4331892    /usr/lib/libgtk-x11-2.0.so.0.2400.4
6f4a7000-6f4ab000 r-xp 003d0000 08:05 4331892    /usr/lib/libgtk-x11-2.0.so.0.2400.4
6f4ab000-6f4ad000 rwxp 003d4000 08:05 4331892    /usr/lib/libgtk-x11-2.0.so.0.2400.4
6f4ad000-6f4b0000 rwxp 00000000 00:00 0 
6f4b0000-6f4b1000 r-xp 00000000 08:05 920609     /home/daniel/gephi/gephibzr/gephi/build/cluster/modules/lib/linux-i586/libgluegen-rt.so
6f4b1000-6f4b2000 rwxp 00000000 08:05 920609     /home/daniel/gephi/gephibzr/gephi/build/cluster/modules/lib/linux-i586/libgluegen-rt.so
6f4b2000-6f4b5000 r-xs 00000000 08:05 1576598    /var/cache/fontconfig/7ef2298fde41cc6eeb7af42e48b7d293-le32d4.cache-3
6f4b5000-6f4b9000 r-xp 00000000 08:05 4327695    /usr/lib/gtk-2.0/modules/libcanberra-gtk-module.so
6f4b9000-6f4ba000 r-xp 00003000 08:05 4327695    /usr/lib/gtk-2.0/modules/libcanberra-gtk-module.so
6f4ba000-6f4bb000 rwxp 00004000 08:05 4327695    /usr/lib/gtk-2.0/modules/libcanberra-gtk-module.so
6f4bb000-6f4c3000 r-xp 00000000 08:05 4325660    /usr/lib/liboverlay-scrollbar-0.1.so.0.0.12
6f4c3000-6f4c4000 r-xp 00007000 08:05 4325660    /usr/lib/liboverlay-scrollbar-0.1.so.0.0.12
6f4c4000-6f4c5000 rwxp 00008000 08:05 4325660    /usr/lib/liboverlay-scrollbar-0.1.so.0.0.12
6f4c5000-6f4c8000 r-xs 0002c000 08:05 921736     /home/daniel/gephi/gephibzr/gephi/build/cluster/modules/org-gephi-branding-desktop.jar
6f4c8000-6f4c9000 r-xs 0000c000 08:05 921085     /home/daniel/gephi/gephibzr/gephi/build/cluster/modules/org-gephi-clustering-plugin.jar
6f4c9000-6f4cb000 r-xs 00018000 08:05 921201     /home/daniel/gephi/gephibzr/gephi/build/cluster/modules/org-gephi-data-attributes.jar
6f4cb000-6f4d6000 r-xs 000b1000 08:05 921702     /home/daniel/gephi/gephibzr/gephi/build/cluster/modules/org-gephi-datalab-plugin.jar
6f4d6000-6f4d8000 r-xs 00013000 08:05 921662     /home/daniel/gephi/gephibzr/gephi/build/cluster/modules/org-gephi-desktop-clustering.jar
6f4d8000-6f4d9000 r-xs 00003000 08:05 921045     /home/daniel/gephi/gephibzr/gephi/build/cluster/modules/org-gephi-clustering-api.jar
6f4d9000-6f4db000 r-xs 0000a000 08:05 921556     /home/daniel/gephi/gephibzr/gephi/build/cluster/modules/org-gephi-desktop-context.jar
6f4db000-6f4dd000 r-xs 00003000 08:05 921684     /home/daniel/gephi/gephibzr/gephi/build/cluster/modules/ext/spark-1.2.jar
6f4dd000-6f4e1000 r-xs 00053000 08:05 921680     /home/daniel/gephi/gephibzr/gephi/build/cluster/modules/org-gephi-desktop-datalab.jar
6f4e1000-6f4e4000 r-xs 00029000 08:05 921409     /home/daniel/gephi/gephibzr/gephi/build/cluster/modules/org-gephi-desktop-filters.jar
6f4e4000-6f4e5000 r-xs 00005000 08:05 921361     /home/daniel/gephi/gephibzr/gephi/build/cluster/modules/org-gephi-desktop-generate.jar
6f4e5000-6f4e7000 r-xs 00012000 08:05 921740     /home/daniel/gephi/gephibzr/gephi/build/cluster/modules/org-gephi-desktop-hierarchy.jar
6f4e7000-6f4ea000 r-xs 0001a000 08:05 921470     /home/daniel/gephi/gephibzr/gephi/build/cluster/modules/org-gephi-desktop-importer.jar
6f4ea000-6f4ec000 r-xs 00012000 08:05 921718     /home/daniel/gephi/gephibzr/gephi/build/cluster/modules/org-gephi-desktop-layout.jar
6f4ec000-6f4ee000 r-xs 00010000 08:05 921506     /home/daniel/gephi/gephibzr/gephi/build/cluster/modules/org-gephi-desktop-partition.jar
6f4ee000-6f4f1000 r-xs 0001a000 08:05 921745     /home/daniel/gephi/gephibzr/gephi/build/cluster/modules/org-gephi-desktop-preview.jar
6f4f1000-6f4f3000 r-xs 00017000 08:05 921451     /home/daniel/gephi/gephibzr/gephi/build/cluster/modules/org-gephi-desktop-io-export.jar
6f4f3000-6f4f4000 r-xs 00002000 08:05 920711     /home/daniel/gephi/gephibzr/gephi/build/cluster/modules/org-gephi-desktop-progress.jar
6f4f4000-6f4f7000 r-xs 00020000 08:05 921491     /home/daniel/gephi/gephibzr/gephi/build/cluster/modules/org-gephi-desktop-ranking.jar
6f4f7000-6f4f9000 r-xs 00002000 08:05 921385     /home/daniel/gephi/gephibzr/gephi/build/cluster/modules/org-gephi-desktop-recentfiles.jar
6f4f9000-6f4fa000 r-xs 00008000 08:05 921373     /home/daniel/gephi/gephibzr/gephi/build/cluster/modules/org-gephi-desktop-spigot.jar
6f4fa000-6f4fb000 r-xs 00010000 08:05 921587     /home/daniel/gephi/gephibzr/gephi/build/cluster/modules/org-gephi-desktop-statistics.jar
6f4fb000-6f4fe000 r-xs 00024000 08:05 921754     /home/daniel/gephi/gephibzr/gephi/build/cluster/modules/org-gephi-desktop-timeline.jar
6f4fe000-6f500000 r-xs 00011000 08:05 921668     /home/daniel/gephi/gephibzr/gephi/build/cluster/modules/org-gephi-desktop-tools.jar
6f500000-6f502000 r-xs 00119000 08:05 921674     /home/daniel/gephi/gephibzr/gephi/build/cluster/modules/org-gephi-desktop-welcome.jar
6f502000-6f504000 r-xs 0000d000 08:05 921537     /home/daniel/gephi/gephibzr/gephi/build/cluster/modules/org-gephi-dynamic.jar
6f504000-6f506000 r-xs 00014000 08:05 921230     /home/daniel/gephi/gephibzr/gephi/build/cluster/modules/org-gephi-filters.jar
6f506000-6f50a000 r-xs 0005f000 08:05 921212     /home/daniel/gephi/gephibzr/gephi/build/cluster/modules/org-gephi-graph-dhns.jar
6f50a000-6f50f000 r-xs 0004a000 08:05 921192     /home/daniel/gephi/gephibzr/gephi/build/cluster/modules/org-gephi-layout-plugin.jar
6f50f000-6f511000 r-xs 00008000 08:05 921088     /home/daniel/gephi/gephibzr/gephi/build/cluster/modules/org-gephi-layout-api.jar
6f511000-6f513000 r-xs 00007000 08:05 920661     /home/daniel/gephi/gephibzr/gephi/build/cluster/modules/org-gephi-newslider.jar
6f513000-6f516000 r-xs 00040000 08:05 921234     /home/daniel/gephi/gephibzr/gephi/build/cluster/modules/org-gephi-preview.jar
6f516000-6f519000 r-xs 00036000 08:05 920632     /home/daniel/gephi/gephibzr/gephi/build/cluster/modules/ext/core.jar
6f519000-6f51a000 r-xs 00001000 08:05 920630     /home/daniel/gephi/gephibzr/gephi/build/cluster/modules/org-gephi-lib-processing.jar
6f51a000-6f51e000 r-xs 00037000 08:05 921712     /home/daniel/gephi/gephibzr/gephi/build/cluster/modules/org-gephi-tools-plugin.jar
6f51e000-6f520000 r-xs 00010000 08:05 921279     /home/daniel/gephi/gephibzr/gephi/build/cluster/modules/org-gephi-desktop-perspective.jar
6f520000-6f521000 r-xs 00005000 08:05 921157     /home/daniel/gephi/gephibzr/gephi/build/cluster/modules/org-gephi-algorithms.jar
6f521000-6f524000 r-xs 00017000 08:05 921258     /home/daniel/gephi/gephibzr/gephi/build/cluster/modules/ext/TimingFramework-1.0.jar
6f524000-6f526000 r-xs 0001e000 08:05 921256     /home/daniel/gephi/gephibzr/gephi/build/cluster/modules/org-gephi-ui-components-SplineEditor.jar
6f526000-6f528000 r-xs 00012000 08:05 921153     /home/daniel/gephi/gephibzr/gephi/build/cluster/modules/org-gephi-ui-exporter-plugin.jar
6f528000-6f52a000 r-xs 0001f000 08:05 921148     /home/daniel/gephi/gephibzr/gephi/build/cluster/modules/org-gephi-io-exporter-plugin.jar
6f52a000-6f52d000 r-xs 0001d000 08:05 920636     /home/daniel/gephi/gephibzr/gephi/build/cluster/modules/ext/stax-utils.jar
6f52d000-6f52e000 r-xs 00001000 08:05 920634     /home/daniel/gephi/gephibzr/gephi/build/cluster/modules/org-gephi-lib-staxutils.jar
6f52e000-6f52f000 r-xs 0000c000 08:05 921252     /home/daniel/gephi/gephibzr/gephi/build/cluster/modules/org-gephi-ui-exporter-preview.jar
6f52f000-6f531000 r-xs 0000d000 08:05 920726     /home/daniel/gephi/gephibzr/gephi/build/cluster/modules/org-gephi-io-exporter-preview.jar
6f531000-6f533000 r-xs 00008000 08:05 920665     /home/daniel/gephi/gephibzr/gephi/build/cluster/modules/org-gephi-preview-api.jar
6f533000-6f535000 r-xs 00005000 08:05 920719     /home/daniel/gephi/gephibzr/gephi/build/cluster/modules/org-gephi-io-exporter-api.jar
6f535000-6f539000 r-xs 00038000 08:05 919856     /home/daniel/gephi/gephibzr/gephi/build/cluster/modules/ext/batik-gvt.jar
6f539000-6f53b000 r-xs 00010000 08:05 919857     /home/daniel/gephi/gephibzr/gephi/build/cluster/modules/ext/batik-parser.jar
6f53b000-6f53e000 r-xs 0001d000 08:05 920378     /home/daniel/gephi/gephibzr/gephi/build/cluster/modules/ext/batik-util.jar
6f53e000-6f549000 r-xs 000ad000 08:05 920513     /home/daniel/gephi/gephibzr/gephi/build/cluster/modules/ext/pdf-transcoder.jar
6f549000-6f54c000 r-xs 00015000 08:05 919850     /home/daniel/gephi/gephibzr/gephi/build/cluster/modules/ext/batik-anim.jar
6f54c000-6f559000 r-xs 00087000 08:05 919859     /home/daniel/gephi/gephibzr/gephi/build/cluster/modules/ext/batik-svg-dom.jar
6f559000-6f55e000 r-xs 00010000 08:05 920514     /home/daniel/gephi/gephibzr/gephi/build/cluster/modules/ext/xml-apis-ext.jar
6f55e000-6f568000 r-xs 00080000 08:05 919852     /home/daniel/gephi/gephibzr/gephi/build/cluster/modules/ext/batik-bridge.jar
6f568000-6f56a000 r-xs 0001c000 08:05 920377     /home/daniel/gephi/gephibzr/gephi/build/cluster/modules/ext/batik-transcoder.jar
6f56a000-6f56b000 r-xs 00002000 08:05 919855     /home/daniel/gephi/gephibzr/gephi/build/cluster/modules/ext/batik-ext.jar
6f56b000-6f56f000 r-xs 00027000 08:05 919854     /home/daniel/gephi/gephibzr/gephi/build/cluster/modules/ext/batik-dom.jar
6f56f000-6f577000 r-xs 00045000 08:05 919853     /home/daniel/gephi/gephibzr/gephi/build/cluster/modules/ext/batik-css.jar
6f577000-6f578000 r-xs 00007000 08:05 920509     /home/daniel/gephi/gephibzr/gephi/build/cluster/modules/ext/batik-xml.jar
6f578000-6f57b000 r-xs 0000d000 08:05 919858     /home/daniel/gephi/gephibzr/gephi/build/cluster/modules/ext/batik-script.jar
6f57b000-6f582000 r-xs 0005c000 08:05 919851     /home/daniel/gephi/gephibzr/gephi/build/cluster/modules/ext/batik-awt-util.jar
6f582000-6f584000 r-xs 00001000 08:05 919848     /home/daniel/gephi/gephibzr/gephi/build/cluster/modules/org-gephi-lib-batik.jar
6f584000-6f591000 r-xs 00162000 08:05 920575     /home/daniel/gephi/gephibzr/gephi/build/cluster/modules/ext/iText-5.0.1.jar
6f591000-6f592000 r-xs 00001000 08:05 920573     /home/daniel/gephi/gephibzr/gephi/build/cluster/modules/org-gephi-lib-itext.jar
6f592000-6f595000 r-xs 00024000 08:05 921593     /home/daniel/gephi/gephibzr/gephi/build/cluster/modules/org-gephi-ui-filters-plugin.jar
6f595000-6f599000 r-xs 00042000 08:05 921527     /home/daniel/gephi/gephibzr/gephi/build/cluster/modules/org-gephi-filters-plugin.jar
6f599000-6f59a000 r-xs 00003000 08:05 921219     /home/daniel/gephi/gephibzr/gephi/build/cluster/modules/org-gephi-timeline.jar
6f59a000-6f59c000 r-xs 00007000 08:05 921215     /home/daniel/gephi/gephibzr/gephi/build/cluster/modules/org-gephi-filters-api.jar
6f59c000-6f59d000 r-xs 00003000 08:05 921178     /home/daniel/gephi/gephibzr/gephi/build/cluster/modules/org-gephi-ui-generator-plugin.jar
6f59d000-6f59e000 r-xs 00004000 08:05 921173     /home/daniel/gephi/gephibzr/gephi/build/cluster/modules/org-gephi-io-generator-plugin.jar
6f59e000-6f59f000 r-xs 00002000 08:05 921169     /home/daniel/gephi/gephibzr/gephi/build/cluster/modules/org-gephi-io-generator-api.jar
6f59f000-6f5a0000 r-xs 0000e000 08:05 921244     /home/daniel/gephi/gephibzr/gephi/build/cluster/modules/org-gephi-ui-importer-plugin.jar
6f5a0000-6f5a3000 r-xs 00049000 08:05 921195     /home/daniel/gephi/gephibzr/gephi/build/cluster/modules/org-gephi-io-importer-plugin.jar
6f5a3000-6f5a6000 r-xs 0000e000 08:05 921726     /home/daniel/gephi/gephibzr/gephi/build/cluster/modules/org-gephi-ui-partition-plugin.jar
6f5a6000-6f5a8000 r-xs 00003000 08:05 921209     /home/daniel/gephi/gephibzr/gephi/build/cluster/modules/org-gephi-partition-plugin.jar
6f5a8000-6f5aa000 r-xs 00011000 08:05 921205     /home/daniel/gephi/gephibzr/gephi/build/cluster/modules/org-gephi-partition-api.jar
6f5aa000-6f5ab000 r-xs 00009000 08:05 921248     /home/daniel/gephi/gephibzr/gephi/build/cluster/modules/org-gephi-ui-processor-plugin.jar
6f5ab000-6f5ad000 r-xs 0000c000 08:05 921222     /home/daniel/gephi/gephibzr/gephi/build/cluster/modules/org-gephi-io-processor-plugin.jar
6f5ad000-6f5b4000 r-xs 00094000 08:05 920532     /home/daniel/gephi/gephibzr/gephi/build/cluster/modules/ext/beansbinding-1.2.1.jar
6f5b4000-6f5b5000 r-xs 00001000 08:05 920530     /home/daniel/gephi/gephibzr/gephi/build/cluster/modules/org-gephi-lib-beansbinding.jar
6f5b5000-6f5b7000 r-xs 00003000 08:05 920730     /home/daniel/gephi/gephibzr/gephi/build/cluster/modules/org-gephi-ui-project.jar
6f5b7000-6f5b9000 r-xs 00005000 08:05 921187     /home/daniel/gephi/gephibzr/gephi/build/cluster/modules/org-gephi-ui-propertyeditor.jar
6f5b9000-6f5bb000 r-xs 0000d000 08:05 921601     /home/daniel/gephi/gephibzr/gephi/build/cluster/modules/org-gephi-ui-ranking-plugin.jar
6f5bb000-6f5bd000 r-xs 0001c000 08:05 921160     /home/daniel/gephi/gephibzr/gephi/build/cluster/modules/org-gephi-ranking-api.jar
6f5bd000-6f5bf000 r-xs 0001a000 08:05 921431     /home/daniel/gephi/gephibzr/gephi/build/cluster/modules/org-gephi-ui-spigot-plugin.jar
6f5bf000-6f5c1000 r-xs 00010000 08:05 921182     /home/daniel/gephi/gephibzr/gephi/build/cluster/modules/org-gephi-io-spigot-plugin.jar
6f5c1000-6f5c2000 r-xs 00004000 08:05 920583     /home/daniel/gephi/gephibzr/gephi/build/cluster/modules/ext/dsn.jar
6f5c2000-6f5c7000 r-xs 00039000 08:05 920586     /home/daniel/gephi/gephibzr/gephi/build/cluster/modules/ext/mailapi.jar
6f5c7000-6f5c8000 r-xs 00008000 08:05 920587     /home/daniel/gephi/gephibzr/gephi/build/cluster/modules/ext/pop3.jar
6f5c8000-6f5c9000 r-xs 0000a000 08:05 920588     /home/daniel/gephi/gephibzr/gephi/build/cluster/modules/ext/smtp.jar
6f5c9000-6f5cc000 r-xs 00028000 08:05 920584     /home/daniel/gephi/gephibzr/gephi/build/cluster/modules/ext/imap.jar
6f5cc000-6f5d3000 r-xs 0006a000 08:05 920585     /home/daniel/gephi/gephibzr/gephi/build/cluster/modules/ext/mail.jar
6f5d3000-6f5d5000 r-xs 00000000 08:05 920581     /home/daniel/gephi/gephibzr/gephi/build/cluster/modules/org-gephi-lib-javamail.jar
6f5d5000-6f5d8000 r-xs 0001c000 08:05 920592     /home/daniel/gephi/gephibzr/gephi/build/cluster/modules/ext/jcalendar-1.3.3.jar
6f5d8000-6f5e0000 r-xs 00052000 08:05 920593     /home/daniel/gephi/gephibzr/gephi/build/cluster/modules/ext/looks-2.0.1.jar
6f5e0000-6f5e2000 r-xs 00000000 08:05 920590     /home/daniel/gephi/gephibzr/gephi/build/cluster/modules/org-gephi-lib-jcalendar.jar
6f5e2000-6f5e4000 r-xs 00021000 08:05 921544     /home/daniel/gephi/gephibzr/gephi/build/cluster/modules/org-gephi-ui-statistics-plugin.jar
6f5e4000-6f5e6000 r-xs 00021000 08:05 921517     /home/daniel/gephi/gephibzr/gephi/build/cluster/modules/org-gephi-statistics-plugin.jar
6f5e6000-6f5f1000 r-xs 000e0000 08:05 921646     /home/daniel/gephi/gephibzr/gephi/build/cluster/modules/org-gephi-visualization.jar
6f5f1000-6f5f4000 r-xs 00023000 08:05 921165     /home/daniel/gephi/gephibzr/gephi/build/cluster/modules/org-gephi-io-importer-api.jar
6f5f4000-6f5fb000 r-xs 000a7000 08:05 919830     /home/daniel/gephi/gephibzr/gephi/build/cluster/modules/ext/mysql-connector-java-5.1.7-bin.jar
6f5fb000-6f600000 r-xs 0006d000 08:05 919832     /home/daniel/gephi/gephibzr/gephi/build/cluster/modules/ext/sqljdbc4.jar
6f600000-6f6fa000 rwxp 00000000 00:00 0 
6f6fa000-6f700000 ---p 00000000 00:00 0 
6f700000-6f701000 r-xs 0000b000 08:05 921144     /home/daniel/gephi/gephibzr/gephi/build/cluster/modules/org-gephi-statistics-api.jar
6f701000-6f703000 r-xs 00009000 08:05 921696     /home/daniel/gephi/gephibzr/gephi/build/cluster/modules/org-gephi-ui-workspace.jar
6f703000-6f709000 r-xs 00077000 08:05 919831     /home/daniel/gephi/gephibzr/gephi/build/cluster/modules/ext/postgresql-8.4-701.jdbc4.jar
6f709000-6f70a000 r-xs 00003000 08:05 919827     /home/daniel/gephi/gephibzr/gephi/build/cluster/modules/org-gephi-io-database-drivers.jar
6f70a000-6f70e000 r-xs 00024000 08:05 920564     /home/daniel/gephi/gephibzr/gephi/build/cluster/modules/ext/commons-compress-1.1.jar
6f70e000-6f70f000 r-xs 00000000 08:05 920562     /home/daniel/gephi/gephibzr/gephi/build/cluster/modules/org-gephi-lib-commonscompress.jar
6f70f000-6f711000 r-xs 0000a000 08:05 921574     /home/daniel/gephi/gephibzr/gephi/build/cluster/modules/ext/FontChooser.jar
6f711000-6f713000 r-xs 00011000 08:05 921577     /home/daniel/gephi/gephibzr/gephi/build/cluster/modules/ext/MigLayout-3.7.1.jar
6f713000-6f716000 r-xs 0002c000 08:05 921579     /home/daniel/gephi/gephibzr/gephi/build/cluster/modules/ext/colorchooser.jar
6f716000-6f71b000 r-xs 00055000 08:05 921569     /home/daniel/gephi/gephibzr/gephi/build/cluster/modules/org-gephi-ui-components.jar
6f71b000-6f71d000 r-xs 0000d000 08:05 920551     /home/daniel/gephi/gephibzr/gephi/build/cluster/modules/ext/commons-codec-1.4.jar
6f71d000-6f71e000 r-xs 00001000 08:05 920549     /home/daniel/gephi/gephibzr/gephi/build/cluster/modules/org-gephi-lib-commons-codec.jar
6f71e000-6f72c000 r-xs 00090000 08:05 920568     /home/daniel/gephi/gephibzr/gephi/build/cluster/modules/ext/flamingo.jar
6f72c000-6f72d000 r-xs 00001000 08:05 920566     /home/daniel/gephi/gephibzr/gephi/build/cluster/modules/org-gephi-lib-flamingo.jar
6f72d000-6f739000 r-xs 00081000 08:05 920702     /home/daniel/gephi/gephibzr/gephi/build/cluster/modules/ext/google-collect-1.0.jar
6f739000-6f748000 r-xs 000ba000 08:05 920703     /home/daniel/gephi/gephibzr/gephi/build/cluster/modules/ext/trove-2.1.0.jar
6f748000-6f74a000 r-xs 00009000 08:05 920700     /home/daniel/gephi/gephibzr/gephi/build/cluster/modules/org-gephi-utils-collection.jar
6f74a000-6f755000 r-xs 00108000 08:05 920600     /home/daniel/gephi/gephibzr/gephi/build/cluster/modules/ext/jogl.jar
6f755000-6f756000 r-xs 00004000 08:05 920599     /home/daniel/gephi/gephibzr/gephi/build/cluster/modules/ext/gluegen-rt.jar
6f756000-6f758000 r-xs 00004000 08:05 920597     /home/daniel/gephi/gephibzr/gephi/build/cluster/modules/org-gephi-lib-jogl.jar
6f758000-6f75a000 r-xs 0000f000 08:05 920570     /home/daniel/gephi/gephibzr/gephi/build/cluster/modules/org-gephi-lib-gleem.jar
6f75a000-6f75c000 r-xs 0000d000 08:05 921273     /home/daniel/gephi/gephibzr/gephi/build/cluster/modules/org-gephi-ui-utils.jar
6f75c000-6f760000 r-xs 0003e000 08:05 920640     /home/daniel/gephi/gephibzr/gephi/build/cluster/modules/ext/ValidationAPI.jar
6f760000-6f761000 r-xs 00003000 08:05 920638     /home/daniel/gephi/gephibzr/gephi/build/cluster/modules/org-gephi-lib-validation.jar
6f761000-6f763000 r-xs 00002000 08:05 921091     /home/daniel/gephi/gephibzr/gephi/build/cluster/modules/org-gephi-tools-api.jar
6f763000-6f764000 r-xs 00003000 08:05 921226     /home/daniel/gephi/gephibzr/gephi/build/cluster/modules/org-gephi-visualization-api.jar
6f764000-6f767000 r-xs 00024000 08:05 921198     /home/daniel/gephi/gephibzr/gephi/build/cluster/modules/org-gephi-datalab-api.jar
6f767000-6f768000 r-xs 00008000 08:05 921138     /home/daniel/gephi/gephibzr/gephi/build/cluster/modules/org-gephi-dynamic-api.jar
6f768000-6f76b000 r-xs 00030000 08:05 921134     /home/daniel/gephi/gephibzr/gephi/build/cluster/modules/org-gephi-data-attributes-api.jar
6f76b000-6f76c000 r-xs 00007000 08:05 920669     /home/daniel/gephi/gephibzr/gephi/build/cluster/modules/org-gephi-utils.jar
6f76c000-6f76e000 r-xs 00002000 08:05 920579     /home/daniel/gephi/gephibzr/gephi/build/cluster/modules/ext/javacsv.jar
6f76e000-6f76f000 r-xs 00001000 08:05 920577     /home/daniel/gephi/gephibzr/gephi/build/cluster/modules/org-gephi-lib-javacsv.jar
6f76f000-6f771000 r-xs 00007000 08:05 920733     /home/daniel/gephi/gephibzr/gephi/build/cluster/modules/org-gephi-graph-api.jar
6f771000-6f773000 r-xs 00014000 08:05 920715     /home/daniel/gephi/gephibzr/gephi/build/cluster/modules/org-gephi-project-api.jar
6f773000-6f774000 r-xs 00006000 08:05 920706     /home/daniel/gephi/gephibzr/gephi/build/cluster/modules/org-gephi-utils-longtask.jar
6f774000-6f77a000 r-xs 00031000 08:05 921240     /home/daniel/gephi/gephibzr/gephi/build/cluster/modules/ext/swingx-beaninfo-1.6.1.jar
6f77a000-6f795000 r-xs 00139000 08:05 921239     /home/daniel/gephi/gephibzr/gephi/build/cluster/modules/ext/swingx-1.6.1.jar
6f795000-6f796000 r-xs 00001000 08:05 921237     /home/daniel/gephi/gephibzr/gephi/build/cluster/modules/org-jdesktop-swingx.jar
6f796000-6f7a7000 r-xs 0014c000 08:05 921267     /home/daniel/gephi/gephibzr/gephi/build/cluster/modules/ext/jfreechart-1.0.13.jar
6f7a7000-6f7a9000 r-xs 00013000 08:05 921268     /home/daniel/gephi/gephibzr/gephi/build/cluster/modules/ext/orson-0.5.0.jar
6f7a9000-6f7af000 r-xs 00046000 08:05 921266     /home/daniel/gephi/gephibzr/gephi/build/cluster/modules/ext/jcommon-1.0.16.jar
6f7af000-6f7b0000 r-xs 00000000 08:05 921260     /home/daniel/gephi/gephibzr/gephi/build/cluster/modules/org-jfree.jar
6f7b0000-6f7bf000 r-xs 00074000 08:05 921751     /home/daniel/gephi/gephibzr/gephi/build/cluster/modules/ext/joda-time-1.6.jar
6f7bf000-6f7c0000 r-xs 00000000 08:05 921749     /home/daniel/gephi/gephibzr/gephi/build/cluster/modules/org-joda-time.jar
6f7c0000-6f7c2000 r-xs 00008000 08:05 919547     /home/daniel/netbeans-7.0/platform/modules/org-netbeans-core-io-ui.jar
6f7c2000-6f7cb000 r-xs 000ba000 08:05 1051086    /home/daniel/netbeans-7.0/platform/modules/ext/platform-3.2.7.jar
6f7cb000-6f7cc000 r-xs 00001000 08:05 919425     /home/daniel/netbeans-7.0/platform/modules/org-netbeans-core-nativeaccess.jar
6f7cc000-6f7d1000 r-xs 00062000 08:05 919574     /home/daniel/netbeans-7.0/platform/modules/org-netbeans-core-ui.jar
6f7d1000-6f7d2000 r-xs 00000000 08:05 919713     /home/daniel/gephi/gephibzr/gephi/build/cluster/modules/locale/org-netbeans-core-windows_gephi.jar
6f7d2000-6f7de000 r-xs 001b9000 08:05 919518     /home/daniel/netbeans-7.0/platform/modules/org-netbeans-core-windows.jar
6f7de000-6f7e4000 r-xs 00034000 08:05 1053531    /home/daniel/netbeans-7.0/platform/modules/ext/junit-4.8.2.jar
6f7e4000-6f7ec000 r-xs 000e2000 08:05 919355     /home/daniel/netbeans-7.0/platform/modules/org-netbeans-modules-autoupdate-ui.jar
6f7ec000-6f7ee000 r-xs 00039000 08:05 1051095    /home/daniel/netbeans-7.0/platform/modules/ext/updater.jar
6f7ee000-6f7f3000 r-xs 000ab000 08:05 919267     /home/daniel/netbeans-7.0/platform/modules/org-netbeans-modules-autoupdate-services.jar
6f7f3000-6f7f5000 r-xs 0000b000 08:05 919226     /home/daniel/netbeans-7.0/platform/modules/org-netbeans-modules-editor-mimelookup-impl.jar
6f7f5000-6f7f8000 r-xs 00032000 08:05 919427     /home/daniel/netbeans-7.0/platform/modules/org-netbeans-modules-favorites.jar
6f7f8000-6f7fa000 r-xs 0000f000 08:05 919368     /home/daniel/netbeans-7.0/platform/modules/org-netbeans-modules-keyring-impl.jar
6f7fa000-6f800000 r-xs 00070000 08:05 919446     /home/daniel/netbeans-7.0/platform/modules/org-netbeans-modules-masterfs.jar
6f800000-6f8f4000 rwxp 00000000 00:00 0 
6f8f4000-6f900000 ---p 00000000 00:00 0 
6f900000-6f902000 r-xs 0000a000 08:05 921344     /home/daniel/gephi/gephibzr/gephi/build/cluster/modules/org-gephi-desktop-project.jar
6f902000-6f903000 r-xs 00002000 08:05 919799     /home/daniel/gephi/gephibzr/gephi/build/cluster/modules/org-gephi-desktop-mrufiles-api.jar
6f903000-6f907000 r-xs 000e3000 08:05 1051091    /home/daniel/netbeans-7.0/platform/modules/ext/jna-3.2.7.jar
6f907000-6f909000 r-xs 00000000 08:05 919568     /home/daniel/netbeans-7.0/platform/modules/org-netbeans-libs-jna.jar
6f909000-6f90d000 r-xs 0004b000 08:05 919340     /home/daniel/netbeans-7.0/platform/modules/org-netbeans-modules-options-keymap.jar
6f90d000-6f912000 r-xs 00061000 08:05 919389     /home/daniel/netbeans-7.0/platform/modules/org-netbeans-modules-options-api.jar
6f912000-6f918000 r-xs 0008f000 08:05 919604     /home/daniel/netbeans-7.0/platform/modules/org-netbeans-core.jar
6f918000-6f91a000 r-xs 00001000 08:05 919474     /home/daniel/netbeans-7.0/platform/modules/org-netbeans-modules-keyring.jar
6f91a000-6f91e000 r-xs 0003e000 08:05 919507     /home/daniel/netbeans-7.0/platform/modules/org-netbeans-modules-print.jar
6f91e000-6f920000 r-xs 0001f000 08:05 919391     /home/daniel/netbeans-7.0/platform/modules/org-netbeans-modules-progress-ui.jar
6f920000-6f922000 r-xs 00011000 08:05 919447     /home/daniel/netbeans-7.0/platform/modules/org-netbeans-modules-sendopts.jar
6f922000-6f924000 r-xs 0003e000 08:05 919450     /home/daniel/netbeans-7.0/platform/modules/org-netbeans-modules-settings.jar
6f924000-6f9af000 rwxs 00000000 00:04 53608462   /SYSV00000000 (deleted)
6f9af000-6f9b2000 ---p 00000000 00:00 0 
6f9b2000-6fa00000 rwxp 00000000 00:00 0 
6fa00000-6fafe000 rwxp 00000000 00:00 0 
6fafe000-6fb00000 ---p 00000000 00:00 0 
6fb00000-6fb01000 r-xs 00000000 08:05 919650     /home/daniel/netbeans-7.0/platform/modules/org-netbeans-libs-junit4.jar
6fb01000-6fb03000 r-xs 0000a000 08:05 919617     /home/daniel/netbeans-7.0/platform/modules/org-openide-io.jar
6fb03000-6fb0c000 r-xs 0013a000 08:05 919588     /home/daniel/netbeans-7.0/platform/modules/org-openide-loaders.jar
6fb0c000-6fb32000 rwxs 00000000 00:04 53575692   /SYSV00000000 (deleted)
6fb32000-6fb33000 r-xs 00000000 08:05 1575980    /var/cache/fontconfig/26de28bc8622bbc1fb67fd234c21975f-le32d4.cache-3
6fb33000-6fb34000 r-xs 00000000 08:05 1576028    /var/cache/fontconfig/c05880de57d1f5e948fdfacc138775d9-le32d4.cache-3
6fb34000-6fb3a000 r-xs 00000000 08:05 1576020    /var/cache/fontconfig/945677eb7aeaf62f1d50efc3fb3ec7d8-le32d4.cache-3
6fb3a000-6fb3c000 r-xs 00000000 08:05 1575744    /var/cache/fontconfig/99e8ed0e538f840c565b6ed5dad60d56-le32d4.cache-3
6fb3c000-6fb3f000 r-xs 00000000 08:05 1576002    /var/cache/fontconfig/e383d7ea5fbe662a33d9b44caf393297-le32d4.cache-3
6fb3f000-6fb44000 r-xs 00000000 08:05 1575986    /var/cache/fontconfig/401a5dd6b567794a1d18dd9342dfa604-le32d4.cache-3
6fb44000-6fb46000 r-xs 00000000 08:05 1575983    /var/cache/fontconfig/2cd17615ca594fa2959ae173292e504c-le32d4.cache-3
6fb46000-6fb47000 r-xs 00000000 08:05 1575740    /var/cache/fontconfig/e7071f4a29fa870f4323321c154eba04-le32d4.cache-3
6fb47000-6fb49000 r-xs 00000000 08:05 1576599    /var/cache/fontconfig/b5ea634b0fb353b8ea17632d1f9ef766-le32d4.cache-3
6fb49000-6fb4d000 r-xs 00000000 08:05 1575958    /var/cache/fontconfig/926e794c3d5e5dffcaf2fa83ef8d36c2-le32d4.cache-3
6fb4d000-6fb50000 r-xs 00000000 08:05 1575945    /var/cache/fontconfig/6eb3985aa4124903f6ff08ba781cd364-le32d4.cache-3
6fb50000-6fb51000 r-xs 00000000 08:05 1575924    /var/cache/fontconfig/4c73fe0c47614734b17d736dbde7580a-le32d4.cache-3
6fb51000-6fb52000 r-xs 00000000 08:05 1575918    /var/cache/fontconfig/0d8c3b2ac0904cb8a57a757ad11a4a08-le32d4.cache-3
6fb52000-6fb53000 r-xs 00000000 08:05 1575917    /var/cache/fontconfig/6a53c69dea097a2d716e069445527da8-le32d4.cache-3
6fb53000-6fb57000 r-xs 00000000 08:05 1575788    /var/cache/fontconfig/a755afe4a08bf5b97852ceb7400b47bc-le32d4.cache-3
6fb57000-6fb5b000 r-xs 00000000 08:05 1575915    /var/cache/fontconfig/515ca1ebc4b18308bea979be5704f9db-le32d4.cache-3
6fb5b000-6fb62000 r-xs 00000000 08:05 1575886    /var/cache/fontconfig/6d41288fd70b0be22e8c3a91e032eec0-le32d4.cache-3
6fb62000-6fb6d000 r-xs 00000000 08:05 1575845    /var/cache/fontconfig/0f34bcd4b6ee430af32735b75db7f02b-le32d4.cache-3
6fb6d000-6fb70000 r-xs 00000000 08:05 1575843    /var/cache/fontconfig/d60319d88cac85ba9e1a07bd06cfbb8c-le32d4.cache-3
6fb70000-6fb71000 r-xs 00000000 08:05 1575697    /var/cache/fontconfig/4794a0821666d79190d59a36cb4f44b5-le32d4.cache-3
6fb71000-6fb93000 r-xs 00000000 08:05 1575808    /var/cache/fontconfig/365b55f210c0a22e9a19e35191240f32-le32d4.cache-3
6fb93000-6fb9b000 r-xs 00000000 08:05 1575802    /var/cache/fontconfig/d52a8644073d54c13679302ca1180695-le32d4.cache-3
6fb9b000-6fba9000 r-xs 00000000 08:05 1575126    /var/cache/fontconfig/e13b20fdb08344e0e664864cc2ede53d-le32d4.cache-3
6fba9000-6fbc1000 r-xs 00000000 08:05 1579274    /var/cache/fontconfig/165b9254a84ccada37e340049ffc8b30-le32d4.cache-3
6fbc1000-6fbc4000 r-xs 00022000 08:05 919475     /home/daniel/netbeans-7.0/platform/modules/org-netbeans-spi-quicksearch.jar
6fbc4000-6fbc6000 r-xs 0000a000 08:05 919476     /home/daniel/netbeans-7.0/platform/modules/org-netbeans-modules-queries.jar
6fbc6000-6fbc9000 r-xs 00032000 08:05 919589     /home/daniel/netbeans-7.0/platform/modules/org-openide-actions.jar
6fbc9000-6fbd6000 r-xs 0019d000 08:05 919573     /home/daniel/netbeans-7.0/platform/modules/org-openide-explorer.jar
6fbd6000-6fbe3000 r-xs 000de000 08:05 919449     /home/daniel/netbeans-7.0/platform/modules/org-netbeans-swing-tabcontrol.jar
6fbe3000-6fbe6000 ---p 00000000 00:00 0 
6fbe6000-6fc34000 rwxp 00000000 00:00 0 
6fc34000-6fc37000 ---p 00000000 00:00 0 
6fc37000-6fc85000 rwxp 00000000 00:00 0 
6fc85000-6fc89000 r-xp 00000000 08:05 4329147    /usr/lib/i386-linux-gnu/libXfixes.so.3.1.0
6fc89000-6fc8a000 r-xp 00003000 08:05 4329147    /usr/lib/i386-linux-gnu/libXfixes.so.3.1.0
6fc8a000-6fc8b000 rwxp 00004000 08:05 4329147    /usr/lib/i386-linux-gnu/libXfixes.so.3.1.0
6fc8b000-6fc93000 r-xp 00000000 08:05 4326287    /usr/lib/i386-linux-gnu/libXrender.so.1.3.0
6fc93000-6fc94000 r-xp 00007000 08:05 4326287    /usr/lib/i386-linux-gnu/libXrender.so.1.3.0
6fc94000-6fc95000 rwxp 00008000 08:05 4326287    /usr/lib/i386-linux-gnu/libXrender.so.1.3.0
6fc95000-6fc9d000 r-xp 00000000 08:05 4333346    /usr/lib/i386-linux-gnu/libXcursor.so.1.0.2
6fc9d000-6fc9e000 r-xp 00007000 08:05 4333346    /usr/lib/i386-linux-gnu/libXcursor.so.1.0.2
6fc9e000-6fc9f000 rwxp 00008000 08:05 4333346    /usr/lib/i386-linux-gnu/libXcursor.so.1.0.2
6fc9f000-6fca2000 r-xs 0002a000 08:05 921759     /home/daniel/gephi/gephibzr/gephi/build/cluster/modules/org-netbeans-swing-dirchooser.jar
6fca2000-6fca5000 r-xs 00036000 08:05 919549     /home/daniel/netbeans-7.0/platform/modules/org-netbeans-swing-plaf.jar
6fca5000-6fca8000 r-xs 00039000 08:05 919506     /home/daniel/netbeans-7.0/platform/modules/org-netbeans-swing-outline.jar
6fca8000-6fcac000 r-xs 0005f000 08:05 919609     /home/daniel/netbeans-7.0/platform/modules/org-openide-text.jar
6fcac000-6fcae000 r-xs 0000b000 08:05 919314     /home/daniel/netbeans-7.0/platform/modules/org-netbeans-modules-editor-mimelookup.jar
6fcae000-6fcb0000 r-xs 00025000 08:05 919587     /home/daniel/netbeans-7.0/platform/modules/org-openide-windows.jar
6fcb0000-6fcb5000 r-xs 00080000 08:05 919605     /home/daniel/netbeans-7.0/platform/modules/org-openide-nodes.jar
6fcb5000-6fcb8000 ---p 00000000 00:00 0 
6fcb8000-6fd06000 rwxp 00000000 00:00 0 
6fd06000-6fd7f000 r-xp 00000000 08:05 4470066    /usr/lib/jvm/java-6-sun-1.6.0.24/jre/lib/i386/libfontmanager.so
6fd7f000-6fd89000 rwxp 00078000 08:05 4470066    /usr/lib/jvm/java-6-sun-1.6.0.24/jre/lib/i386/libfontmanager.so
6fd89000-6fd8e000 rwxp 00000000 00:00 0 
6fd8e000-6fd92000 r-xp 00000000 08:05 4335172    /usr/lib/i386-linux-gnu/libXdmcp.so.6.0.0
6fd92000-6fd93000 r-xp 00003000 08:05 4335172    /usr/lib/i386-linux-gnu/libXdmcp.so.6.0.0
6fd93000-6fd94000 rwxp 00004000 08:05 4335172    /usr/lib/i386-linux-gnu/libXdmcp.so.6.0.0
6fd94000-6fd96000 r-xp 00000000 08:05 4334188    /usr/lib/i386-linux-gnu/libXau.so.6.0.0
6fd96000-6fd97000 r-xp 00001000 08:05 4334188    /usr/lib/i386-linux-gnu/libXau.so.6.0.0
6fd97000-6fd98000 rwxp 00002000 08:05 4334188    /usr/lib/i386-linux-gnu/libXau.so.6.0.0
6fd98000-6fdaf000 r-xp 00000000 08:05 4337830    /usr/lib/i386-linux-gnu/libxcb.so.1.1.0
6fdaf000-6fdb0000 r-xp 00016000 08:05 4337830    /usr/lib/i386-linux-gnu/libxcb.so.1.1.0
6fdb0000-6fdb1000 rwxp 00017000 08:05 4337830    /usr/lib/i386-linux-gnu/libxcb.so.1.1.0
6fdb1000-6fdbe000 r-xp 00000000 08:05 4337957    /usr/lib/i386-linux-gnu/libXi.so.6.1.0
6fdbe000-6fdbf000 r-xp 0000c000 08:05 4337957    /usr/lib/i386-linux-gnu/libXi.so.6.1.0
6fdbf000-6fdc0000 rwxp 0000d000 08:05 4337957    /usr/lib/i386-linux-gnu/libXi.so.6.1.0
6fdc0000-6fed6000 r-xp 00000000 08:05 4337845    /usr/lib/i386-linux-gnu/libX11.so.6.3.0
6fed6000-6fed7000 ---p 00116000 08:05 4337845    /usr/lib/i386-linux-gnu/libX11.so.6.3.0
6fed7000-6fed8000 r-xp 00116000 08:05 4337845    /usr/lib/i386-linux-gnu/libX11.so.6.3.0
6fed8000-6feda000 rwxp 00117000 08:05 4337845    /usr/lib/i386-linux-gnu/libX11.so.6.3.0
6feda000-6fedb000 rwxp 00000000 00:00 0 
6fedb000-6fee8000 r-xp 00000000 08:05 4332391    /usr/lib/i386-linux-gnu/libXext.so.6.4.0
6fee8000-6fee9000 r-xp 0000c000 08:05 4332391    /usr/lib/i386-linux-gnu/libXext.so.6.4.0
6fee9000-6feea000 rwxp 0000d000 08:05 4332391    /usr/lib/i386-linux-gnu/libXext.so.6.4.0
6feea000-6feef000 r-xs 00085000 08:05 919613     /home/daniel/netbeans-7.0/platform/modules/org-openide-awt.jar
6feef000-6fef2000 r-xs 00000000 08:05 1576598    /var/cache/fontconfig/7ef2298fde41cc6eeb7af42e48b7d293-le32d4.cache-3
6fef2000-6ff00000 r-xs 00000000 08:05 1576043    /var/cache/fontconfig/865f88548240fee46819705c6468c165-le32d4.cache-3
6ff00000-6fffc000 rwxp 00000000 00:00 0 
6fffc000-70000000 ---p 00000000 00:00 0 
70000000-70001000 r-xs 00002000 08:05 919353     /home/daniel/netbeans-7.0/platform/modules/org-netbeans-api-annotations-common.jar
70001000-70003000 r-xs 0002e000 08:05 919590     /home/daniel/netbeans-7.0/platform/modules/org-openide-dialogs.jar
70003000-70046000 r-xp 00000000 08:05 4470051    /usr/lib/jvm/java-6-sun-1.6.0.24/jre/lib/i386/xawt/libmawt.so
70046000-70048000 rwxp 00043000 08:05 4470051    /usr/lib/jvm/java-6-sun-1.6.0.24/jre/lib/i386/xawt/libmawt.so
70048000-70049000 rwxp 00000000 00:00 0 
70049000-700cd000 r-xp 00000000 08:05 4470018    /usr/lib/jvm/java-6-sun-1.6.0.24/jre/lib/i386/libawt.so
700cd000-700d4000 rwxp 00084000 08:05 4470018    /usr/lib/jvm/java-6-sun-1.6.0.24/jre/lib/i386/libawt.so
700d4000-700f8000 rwxp 00000000 00:00 0 
700f8000-700fb000 ---p 00000000 00:00 0 
700fb000-70149000 rwxp 00000000 00:00 0 
70149000-7014c000 ---p 00000000 00:00 0 
7014c000-7019a000 rwxp 00000000 00:00 0 
7019a000-7019d000 ---p 00000000 00:00 0 
7019d000-701eb000 rwxp 00000000 00:00 0 
701eb000-701ff000 r-xp 00000000 08:05 4470064    /usr/lib/jvm/java-6-sun-1.6.0.24/jre/lib/i386/libnet.so
701ff000-70200000 rwxp 00013000 08:05 4470064    /usr/lib/jvm/java-6-sun-1.6.0.24/jre/lib/i386/libnet.so
70200000-70300000 rwxp 00000000 00:00 0 
70300000-70302000 r-xs 00010000 08:05 919523     /home/daniel/netbeans-7.0/platform/modules/org-netbeans-api-progress.jar
70302000-70306000 r-xp 00000000 08:05 4337963    /usr/lib/libXtst.so.6.1.0
70306000-70307000 r-xp 00003000 08:05 4337963    /usr/lib/libXtst.so.6.1.0
70307000-70308000 rwxp 00004000 08:05 4337963    /usr/lib/libXtst.so.6.1.0
70308000-7030f000 r-xp 00000000 08:05 4470019    /usr/lib/jvm/java-6-sun-1.6.0.24/jre/lib/i386/libnio.so
7030f000-70310000 rwxp 00006000 08:05 4470019    /usr/lib/jvm/java-6-sun-1.6.0.24/jre/lib/i386/libnio.so
70310000-7036f000 r-xs 00baa000 08:05 4601474    /usr/lib/jvm/java-6-sun-1.6.0.24/lib/tools.jar
7036f000-70375000 r-xs 0001e000 08:05 4601472    /usr/lib/jvm/java-6-sun-1.6.0.24/lib/dt.jar
70375000-70376000 r-xs 00001000 08:05 919529     /home/daniel/netbeans-7.0/platform/lib/locale/org-openide-util_zh_CN.jar
70376000-70377000 r-xs 00001000 08:05 919564     /home/daniel/netbeans-7.0/platform/lib/locale/org-openide-util_ru.jar
70377000-70378000 r-xs 00001000 08:05 919530     /home/daniel/netbeans-7.0/platform/lib/locale/org-openide-util_pt_BR.jar
70378000-70379000 r-xs 00001000 08:05 919563     /home/daniel/netbeans-7.0/platform/lib/locale/org-openide-util_ja.jar
70379000-7037a000 r-xs 00000000 08:05 919412     /home/daniel/netbeans-7.0/platform/lib/locale/org-openide-util-lookup_zh_CN.jar
7037a000-7037b000 r-xs 00000000 08:05 919469     /home/daniel/netbeans-7.0/platform/lib/locale/org-openide-util-lookup_ru.jar
7037b000-7037c000 r-xs 00000000 08:05 919411     /home/daniel/netbeans-7.0/platform/lib/locale/org-openide-util-lookup_pt_BR.jar
7037c000-7037d000 r-xs 00000000 08:05 919470     /home/daniel/netbeans-7.0/platform/lib/locale/org-openide-util-lookup_ja.jar
7037d000-7037e000 r-xs 00000000 08:05 919488     /home/daniel/netbeans-7.0/platform/lib/locale/org-openide-modules_zh_CN.jar
7037e000-7037f000 r-xs 00000000 08:05 919528     /home/daniel/netbeans-7.0/platform/lib/locale/org-openide-modules_ru.jar
7037f000-70380000 r-xs 00000000 08:05 919489     /home/daniel/netbeans-7.0/platform/lib/locale/org-openide-modules_pt_BR.jar
70380000-70381000 r-xs 00000000 08:05 919531     /home/daniel/netbeans-7.0/platform/lib/locale/org-openide-modules_ja.jar
70381000-70382000 r-xs 00000000 08:05 919623     /home/daniel/netbeans-7.0/platform/lib/locale/boot_zh_CN.jar
70382000-70383000 r-xs 00000000 08:05 919628     /home/daniel/netbeans-7.0/platform/lib/locale/boot_ru.jar
70383000-70384000 r-xs 00000000 08:05 919622     /home/daniel/netbeans-7.0/platform/lib/locale/boot_pt_BR.jar
70384000-70387000 ---p 00000000 00:00 0 
70387000-703d5000 rwxp 00000000 00:00 0 
703d5000-703d8000 ---p 00000000 00:00 0 
703d8000-70426000 rwxp 00000000 00:00 0 
70426000-7042c000 r-xs 000a7000 08:05 919624     /home/daniel/netbeans-7.0/platform/lib/org-openide-util.jar
7042c000-7042e000 r-xs 00008000 08:05 919662     /home/daniel/gephi/gephibzr/gephi/build/cluster/core/locale/core_gephi.jar
7042e000-7042f000 ---p 00000000 00:00 0 
7042f000-704af000 rwxp 00000000 00:00 0 
704af000-704b2000 ---p 00000000 00:00 0 
704b2000-70500000 rwxp 00000000 00:00 0 
70500000-705f9000 rwxp 00000000 00:00 0 
705f9000-70600000 ---p 00000000 00:00 0 
70600000-70601000 r-xs 00000000 08:05 919627     /home/daniel/netbeans-7.0/platform/lib/locale/boot_ja.jar
70601000-70602000 r-xs 00001000 08:05 919620     /home/daniel/netbeans-7.0/platform/core/locale/core_zh_CN.jar
70602000-70603000 r-xs 00001000 08:05 919626     /home/daniel/netbeans-7.0/platform/core/locale/core_ja.jar
70603000-70604000 r-xs 00001000 08:05 919384     /home/daniel/netbeans-7.0/platform/core/locale/org-openide-filesystems_pt_BR.jar
70604000-70609000 r-xs 000b8000 08:05 919629     /home/daniel/netbeans-7.0/platform/core/core.jar
70609000-7060c000 ---p 00000000 00:00 0 
7060c000-7068a000 rwxp 00000000 00:00 0 
7068a000-7068d000 ---p 00000000 00:00 0 
7068d000-7070b000 rwxp 00000000 00:00 0 
7070b000-7070e000 ---p 00000000 00:00 0 
7070e000-7075c000 rwxp 00000000 00:00 0 
7075c000-7095c000 r-xp 00000000 08:05 4326790    /usr/lib/locale/locale-archive
7095c000-7095f000 ---p 00000000 00:00 0 
7095f000-709ad000 rwxp 00000000 00:00 0 
709ad000-709b0000 ---p 00000000 00:00 0 
709b0000-709fe000 rwxp 00000000 00:00 0 
709fe000-709ff000 ---p 00000000 00:00 0 
709ff000-70ab3000 rwxp 00000000 00:00 0 
70ab3000-70c4b000 r-xs 03027000 08:05 4470089    /usr/lib/jvm/java-6-sun-1.6.0.24/jre/lib/rt.jar
70c4b000-70c4c000 ---p 00000000 00:00 0 
70c4c000-70ccc000 rwxp 00000000 00:00 0 
70ccc000-70ccd000 ---p 00000000 00:00 0 
70ccd000-70d60000 rwxp 00000000 00:00 0 
70d60000-70d6d000 rwxp 00000000 00:00 0 
70d6d000-70dc3000 rwxp 00000000 00:00 0 
70dc3000-70ebb000 rwxp 00000000 00:00 0 
70ebb000-70ece000 rwxp 00000000 00:00 0 
70ece000-70edb000 rwxp 00000000 00:00 0 
70edb000-70f31000 rwxp 00000000 00:00 0 
70f31000-71028000 rwxp 00000000 00:00 0 
71028000-71059000 rwxp 00000000 00:00 0 
71059000-71074000 ---p 00000000 00:00 0 
71074000-710cf000 rwxp 00000000 00:00 0 
710cf000-73510000 rwxp 00000000 00:00 0 
73510000-750d0000 rwxp 00000000 00:00 0 
750d0000-7fb80000 rwxp 00000000 00:00 0 
7fb80000-9eb80000 rwxp 00000000 00:00 0 
9eb80000-a4c60000 rwxp 00000000 00:00 0 
a4c60000-a80e0000 ---p 00000000 00:00 0 
a80e0000-b38d0000 rwxp 00000000 00:00 0 
b38d0000-b38d1000 r-xs 00001000 08:05 919619     /home/daniel/netbeans-7.0/platform/core/locale/core_pt_BR.jar
b38d1000-b38d2000 r-xs 00001000 08:05 919625     /home/daniel/netbeans-7.0/platform/core/locale/core_ru.jar
b38d2000-b38d3000 r-xs 00001000 08:05 919385     /home/daniel/netbeans-7.0/platform/core/locale/org-openide-filesystems_zh_CN.jar
b38d3000-b38d4000 r-xs 00001000 08:05 919437     /home/daniel/netbeans-7.0/platform/core/locale/org-openide-filesystems_ru.jar
b38d4000-b38de000 rwxp 00000000 00:00 0 
b38de000-b3994000 rwxp 00000000 00:00 0 
b3994000-b3bdc000 rwxp 00000000 00:00 0 
b3bdc000-b6994000 rwxp 00000000 00:00 0 
b6994000-b69a3000 r-xp 00000000 08:05 4470020    /usr/lib/jvm/java-6-sun-1.6.0.24/jre/lib/i386/libzip.so
b69a3000-b69a5000 rwxp 0000e000 08:05 4470020    /usr/lib/jvm/java-6-sun-1.6.0.24/jre/lib/i386/libzip.so
b69a5000-b69af000 r-xp 00000000 08:05 3547576    /lib/i386-linux-gnu/libnss_files-2.13.so
b69af000-b69b0000 r-xp 00009000 08:05 3547576    /lib/i386-linux-gnu/libnss_files-2.13.so
b69b0000-b69b1000 rwxp 0000a000 08:05 3547576    /lib/i386-linux-gnu/libnss_files-2.13.so
b69b1000-b69ba000 r-xp 00000000 08:05 3547561    /lib/i386-linux-gnu/libnss_nis-2.13.so
b69ba000-b69bb000 r-xp 00008000 08:05 3547561    /lib/i386-linux-gnu/libnss_nis-2.13.so
b69bb000-b69bc000 rwxp 00009000 08:05 3547561    /lib/i386-linux-gnu/libnss_nis-2.13.so
b69bc000-b69c2000 r-xp 00000000 08:05 3547562    /lib/i386-linux-gnu/libnss_compat-2.13.so
b69c2000-b69c3000 r-xp 00005000 08:05 3547562    /lib/i386-linux-gnu/libnss_compat-2.13.so
b69c3000-b69c4000 rwxp 00006000 08:05 3547562    /lib/i386-linux-gnu/libnss_compat-2.13.so
b69c4000-b69d7000 r-xp 00000000 08:05 3547557    /lib/i386-linux-gnu/libnsl-2.13.so
b69d7000-b69d8000 r-xp 00012000 08:05 3547557    /lib/i386-linux-gnu/libnsl-2.13.so
b69d8000-b69d9000 rwxp 00013000 08:05 3547557    /lib/i386-linux-gnu/libnsl-2.13.so
b69d9000-b69db000 rwxp 00000000 00:00 0 
b69db000-b69dc000 r-xs 00001000 08:05 919436     /home/daniel/netbeans-7.0/platform/core/locale/org-openide-filesystems_ja.jar
b69dc000-b69e2000 r-xs 000d0000 08:05 919577     /home/daniel/netbeans-7.0/platform/core/org-openide-filesystems.jar
b69e2000-b69e5000 r-xs 00047000 08:05 919593     /home/daniel/netbeans-7.0/platform/lib/org-openide-util-lookup.jar
b69e5000-b69e6000 r-xs 00009000 08:05 919615     /home/daniel/netbeans-7.0/platform/lib/org-openide-modules.jar
b69e6000-b69e9000 r-xs 0005a000 08:05 919630     /home/daniel/netbeans-7.0/platform/lib/boot.jar
b69e9000-b69f1000 rwxs 00000000 08:05 2752700    /tmp/hsperfdata_daniel/6630
b69f1000-b6a14000 r-xp 00000000 08:05 4470015    /usr/lib/jvm/java-6-sun-1.6.0.24/jre/lib/i386/libjava.so
b6a14000-b6a16000 rwxp 00023000 08:05 4470015    /usr/lib/jvm/java-6-sun-1.6.0.24/jre/lib/i386/libjava.so
b6a16000-b6a1d000 r-xp 00000000 08:05 3547553    /lib/i386-linux-gnu/librt-2.13.so
b6a1d000-b6a1e000 r-xp 00006000 08:05 3547553    /lib/i386-linux-gnu/librt-2.13.so
b6a1e000-b6a1f000 rwxp 00007000 08:05 3547553    /lib/i386-linux-gnu/librt-2.13.so
b6a1f000-b6a22000 ---p 00000000 00:00 0 
b6a22000-b6a70000 rwxp 00000000 00:00 0 
b6a70000-b6a94000 r-xp 00000000 08:05 3547572    /lib/i386-linux-gnu/libm-2.13.so
b6a94000-b6a95000 r-xp 00023000 08:05 3547572    /lib/i386-linux-gnu/libm-2.13.so
b6a95000-b6a96000 rwxp 00024000 08:05 3547572    /lib/i386-linux-gnu/libm-2.13.so
b6a96000-b7223000 r-xp 00000000 08:05 4470035    /usr/lib/jvm/java-6-sun-1.6.0.24/jre/lib/i386/server/libjvm.so
b7223000-b7276000 rwxp 0078d000 08:05 4470035    /usr/lib/jvm/java-6-sun-1.6.0.24/jre/lib/i386/server/libjvm.so
b7276000-b7695000 rwxp 00000000 00:00 0 
b7695000-b77ef000 r-xp 00000000 08:05 3542501    /lib/i386-linux-gnu/libc-2.13.so
b77ef000-b77f0000 ---p 0015a000 08:05 3542501    /lib/i386-linux-gnu/libc-2.13.so
b77f0000-b77f2000 r-xp 0015a000 08:05 3542501    /lib/i386-linux-gnu/libc-2.13.so
b77f2000-b77f3000 rwxp 0015c000 08:05 3542501    /lib/i386-linux-gnu/libc-2.13.so
b77f3000-b77f6000 rwxp 00000000 00:00 0 
b77f6000-b77f8000 r-xp 00000000 08:05 3547569    /lib/i386-linux-gnu/libdl-2.13.so
b77f8000-b77f9000 r-xp 00001000 08:05 3547569    /lib/i386-linux-gnu/libdl-2.13.so
b77f9000-b77fa000 rwxp 00002000 08:05 3547569    /lib/i386-linux-gnu/libdl-2.13.so
b77fa000-b7801000 r-xp 00000000 08:05 4470024    /usr/lib/jvm/java-6-sun-1.6.0.24/jre/lib/i386/jli/libjli.so
b7801000-b7803000 rwxp 00006000 08:05 4470024    /usr/lib/jvm/java-6-sun-1.6.0.24/jre/lib/i386/jli/libjli.so
b7803000-b7804000 rwxp 00000000 00:00 0 
b7804000-b7819000 r-xp 00000000 08:05 3547567    /lib/i386-linux-gnu/libpthread-2.13.so
b7819000-b781a000 r-xp 00015000 08:05 3547567    /lib/i386-linux-gnu/libpthread-2.13.so
b781a000-b781b000 rwxp 00016000 08:05 3547567    /lib/i386-linux-gnu/libpthread-2.13.so
b781b000-b781d000 rwxp 00000000 00:00 0 
b781d000-b781e000 r-xp 002a1000 08:05 4326790    /usr/lib/locale/locale-archive
b781e000-b7824000 r-xp 00000000 08:05 4470038    /usr/lib/jvm/java-6-sun-1.6.0.24/jre/lib/i386/native_threads/libhpi.so
b7824000-b7825000 rwxp 00006000 08:05 4470038    /usr/lib/jvm/java-6-sun-1.6.0.24/jre/lib/i386/native_threads/libhpi.so
b7825000-b7826000 rwxp 00000000 00:00 0 
b7826000-b7827000 r-xp 00000000 00:00 0 
b7827000-b7832000 r-xp 00000000 08:05 4470049    /usr/lib/jvm/java-6-sun-1.6.0.24/jre/lib/i386/libverify.so
b7832000-b7833000 rwxp 0000b000 08:05 4470049    /usr/lib/jvm/java-6-sun-1.6.0.24/jre/lib/i386/libverify.so
b7833000-b7835000 rwxp 00000000 00:00 0 
b7835000-b7836000 r-xp 00000000 00:00 0          [vdso]
b7836000-b7852000 r-xp 00000000 08:05 3547574    /lib/i386-linux-gnu/ld-2.13.so
b7852000-b7853000 r-xp 0001b000 08:05 3547574    /lib/i386-linux-gnu/ld-2.13.so
b7853000-b7854000 rwxp 0001c000 08:05 3547574    /lib/i386-linux-gnu/ld-2.13.so
bf90f000-bf930000 rwxp 00000000 00:00 0          [stack]

VM Arguments:
jvm_args: -Djdk.home=/usr/lib/jvm/java-6-sun-1.6.0.24 -Dnetbeans.system_http_proxy=DIRECT -Dnetbeans.system_http_non_proxy_hosts= -Dnetbeans.dirs=/home/daniel/gephi/gephibzr/gephi/build/cluster:/home/daniel/netbeans-7.0/platform -Dnetbeans.home=/home/daniel/netbeans-7.0/platform -Dnetbeans.logger.console=true -ea -Xms256m -Xmx1000m -Dsun.java2d.noddraw=true -Dsun.awt.noerasebackground=true -XX:+HeapDumpOnOutOfMemoryError -XX:HeapDumpPath=/home/daniel/gephi/gephibzr/gephi/build/testuserdir/var/log/heapdump.hprof 
java_command: org.netbeans.Main --userdir /home/daniel/gephi/gephibzr/gephi/build/testuserdir --branding gephi
Launcher Type: SUN_STANDARD

Environment Variables:
PATH=/usr/local/sbin:/usr/local/bin:/usr/sbin:/usr/bin:/sbin:/bin:/usr/games
USERNAME=daniel
LD_LIBRARY_PATH=/usr/lib/jvm/java-6-sun-1.6.0.24/jre/lib/i386/server:/usr/lib/jvm/java-6-sun-1.6.0.24/jre/lib/i386:/usr/lib/jvm/java-6-sun-1.6.0.24/jre/../lib/i386:/usr/lib/jvm/java-6-sun-1.6.0.24/jre/lib/i386/client:/usr/lib/jvm/java-6-sun-1.6.0.24/jre/lib/i386:/usr/lib/jvm/java-6-sun-1.6.0.24/jre/../lib/i386
SHELL=/bin/bash
DISPLAY=:0

Signal Handlers:
SIGSEGV: [libjvm.so+0x708f80], sa_mask[0]=0x7ffbfeff, sa_flags=0x10000004
SIGBUS: [libjvm.so+0x708f80], sa_mask[0]=0x7ffbfeff, sa_flags=0x10000004
SIGFPE: [libjvm.so+0x5c4100], sa_mask[0]=0x7ffbfeff, sa_flags=0x10000004
SIGPIPE: SIG_IGN, sa_mask[0]=0x00001000, sa_flags=0x10000000
SIGXFSZ: [libjvm.so+0x5c4100], sa_mask[0]=0x7ffbfeff, sa_flags=0x10000004
SIGILL: [libjvm.so+0x5c4100], sa_mask[0]=0x7ffbfeff, sa_flags=0x10000004
SIGUSR1: SIG_DFL, sa_mask[0]=0x00000000, sa_flags=0x00000000
SIGUSR2: [libjvm.so+0x5c70e0], sa_mask[0]=0x00000004, sa_flags=0x10000004
SIGHUP: [libjvm.so+0x5c6cc0], sa_mask[0]=0x7ffbfeff, sa_flags=0x10000004
SIGINT: SIG_IGN, sa_mask[0]=0x00000000, sa_flags=0x00000000
SIGTERM: [libjvm.so+0x5c6cc0], sa_mask[0]=0x7ffbfeff, sa_flags=0x10000004
SIGQUIT: [libjvm.so+0x5c6cc0], sa_mask[0]=0x7ffbfeff, sa_flags=0x10000004


---------------  S Y S T E M  ---------------

OS:squeeze/sid

uname:Linux 2.6.38-8-generic #42-Ubuntu SMP Mon Apr 11 03:31:50 UTC 2011 i686
libc:glibc 2.13 NPTL 2.13 
rlimit: STACK 8192k, CORE 0k, NPROC infinity, NOFILE 4096, AS infinity
load average:0.27 0.21 0.16

/proc/meminfo:
MemTotal:        1955572 kB
MemFree:           59800 kB
Buffers:          114036 kB
Cached:           539704 kB
SwapCached:           64 kB
Active:          1099468 kB
Inactive:         668904 kB
Active(anon):     829672 kB
Inactive(anon):   422416 kB
Active(file):     269796 kB
Inactive(file):   246488 kB
Unevictable:          48 kB
Mlocked:              48 kB
HighTotal:       1081776 kB
HighFree:           3412 kB
LowTotal:         873796 kB
LowFree:           56388 kB
SwapTotal:       4476924 kB
SwapFree:        4475704 kB
Dirty:              5448 kB
Writeback:            32 kB
AnonPages:       1114572 kB
Mapped:           121512 kB
Shmem:            137508 kB
Slab:              79200 kB
SReclaimable:      60576 kB
SUnreclaim:        18624 kB
KernelStack:        3256 kB
PageTables:         9028 kB
NFS_Unstable:          0 kB
Bounce:                0 kB
WritebackTmp:          0 kB
CommitLimit:     5454708 kB
Committed_AS:    3919368 kB
VmallocTotal:     122880 kB
VmallocUsed:       34648 kB
VmallocChunk:      69768 kB
HardwareCorrupted:     0 kB
HugePages_Total:       0
HugePages_Free:        0
HugePages_Rsvd:        0
HugePages_Surp:        0
Hugepagesize:       4096 kB
DirectMap4k:       16376 kB
DirectMap4M:      892928 kB


CPU:total 2 (2 cores per cpu, 1 threads per core) family 6 model 23 stepping 10, cmov, cx8, fxsr, mmx, sse, sse2, sse3, ssse3, sse4.1

Memory: 4k page, physical 1955572k(59800k free), swap 4476924k(4475704k free)

vm_info: Java HotSpot(TM) Server VM (19.1-b02) for linux-x86 JRE (1.6.0_24-b07), built on Feb  2 2011 16:51:52 by "java_re" with gcc 3.2.1-7a (J2SE release)

time: Sat Jun 25 19:59:16 2011
elapsed time: 222 seconds

