-------------------------------------------------------------------------------
>Log Session: Wednesday, June 1, 2011 5:09:50 PM IST
>System Info: 
  Product Version         = Gephi 201104080000
  Operating System        = Linux version 2.6.32-31-generic running on i386
  Java; VM; Vendor        = 1.6.0_24; Java HotSpot(TM) Server VM 19.1-b02; Sun Microsystems Inc.
  Runtime                 = Java(TM) SE Runtime Environment 1.6.0_24-b07
  Java Home               = /usr/lib/jvm/java-6-sun-1.6.0.24/jre
  System Locale; Encoding = en_US (gephi); UTF-8
  Home Directory          = /home/keheliya
  Current Directory       = /home/keheliya/Projects/gephibzr/gephimaven/gephi/application
  User Directory          = /home/keheliya/Projects/gephibzr/gephimaven/gephi/application/target/userdir
  Installation            = /home/keheliya/Projects/gephibzr/gephimaven/gephi/application/target/gephi/bin
                            /home/keheliya/Projects/gephibzr/gephimaven/gephi/application/target/gephi/gephi
                            /home/keheliya/Projects/gephibzr/gephimaven/gephi/application/target/gephi/platform
                            /home/keheliya/Projects/gephibzr/gephimaven/gephi/application/target/gephi/etc
                            /home/keheliya/Projects/gephibzr/gephimaven/gephi/application/target/gephi/platform
  Boot & Ext. Classpath   = /usr/lib/jvm/java-6-sun-1.6.0.24/jre/lib/resources.jar:/usr/lib/jvm/java-6-sun-1.6.0.24/jre/lib/rt.jar:/usr/lib/jvm/java-6-sun-1.6.0.24/jre/lib/sunrsasign.jar:/usr/lib/jvm/java-6-sun-1.6.0.24/jre/lib/jsse.jar:/usr/lib/jvm/java-6-sun-1.6.0.24/jre/lib/jce.jar:/usr/lib/jvm/java-6-sun-1.6.0.24/jre/lib/charsets.jar:/usr/lib/jvm/java-6-sun-1.6.0.24/jre/lib/modules/jdk.boot.jar:/usr/lib/jvm/java-6-sun-1.6.0.24/jre/classes:/usr/lib/jvm/java-6-sun-1.6.0.24/jre/lib/ext/sunpkcs11.jar:/usr/lib/jvm/java-6-sun-1.6.0.24/jre/lib/ext/localedata.jar:/usr/lib/jvm/java-6-sun-1.6.0.24/jre/lib/ext/dnsns.jar:/usr/lib/jvm/java-6-sun-1.6.0.24/jre/lib/ext/sunjce_provider.jar
  Application Classpath   = /home/keheliya/Projects/gephibzr/gephimaven/gephi/application/target/gephi/platform/lib/boot.jar:/home/keheliya/Projects/gephibzr/gephimaven/gephi/application/target/gephi/platform/lib/org-openide-modules.jar:/home/keheliya/Projects/gephibzr/gephimaven/gephi/application/target/gephi/platform/lib/org-openide-util.jar:/home/keheliya/Projects/gephibzr/gephimaven/gephi/application/target/gephi/platform/lib/org-openide-util-lookup.jar:/usr/lib/jvm/java-6-sun/lib/dt.jar:/usr/lib/jvm/java-6-sun/lib/tools.jar
  Startup Classpath       = /home/keheliya/Projects/gephibzr/gephimaven/gephi/application/target/gephi/platform/core/org-openide-filesystems.jar:/home/keheliya/Projects/gephibzr/gephimaven/gephi/application/target/gephi/platform/core/core.jar:/home/keheliya/Projects/gephibzr/gephimaven/gephi/application/target/gephi/bin/../gephi/core/locale/core_gephi.jar
-------------------------------------------------------------------------------
WARNING [org.netbeans.core.projects.cache]: Inefficient to include an empty layer in a module: jar:file:/home/keheliya/Projects/gephibzr/gephimaven/gephi/application/target/gephi/gephi/modules/org-gephi-gephi-graph-api.jar!/org/gephi/layer.xml
INFO [org.netbeans.core.startup.NbEvents]: Turning on modules:
	org.openide.util.lookup [8.6.1 201104080000]
	org.openide.util [8.14.1 201104080000]
	org.openide.modules [7.22.1 201104080000]
	org.openide.filesystems [7.46.1 201104080000]
	org.openide.awt [7.30.1 201104080000]
	org.netbeans.api.progress/1 [1.23.1 201104080000]
	org.openide.dialogs [7.18.1 201104080000]
	org.openide.nodes [7.20.1 201104080000]
	org.openide.windows [6.39.1 201104080000]
	org.netbeans.modules.editor.mimelookup/1 [1.21.1 201104080000]
	org.openide.text [6.36.1 201104080000]
	org.netbeans.swing.tabcontrol [1.24.1 201104080000]
	org.netbeans.swing.outline [1.13.1 201104080000]
	org.openide.explorer [6.34.1 201104080000]
	org.openide.actions [6.21.1 201104080000]
	org.netbeans.modules.queries/1 [1.22.1 201104080000]
	org.openide.loaders [7.20.1 201104080000]
	org.openide.io [1.26.1 201104080000]
	org.netbeans.swing.plaf [1.19.1 201104080000]
	org.netbeans.api.annotations.common/1 [1.8.1 201104080000]
	org.netbeans.spi.quicksearch [1.9.1 201104080000]
	org.netbeans.bootstrap/1 [2.39.1 201104080000]
	org.netbeans.core.startup/1 [1.29.1 201104080000]
	org.netbeans.modules.settings/1 [1.30.1 201104080000]
	org.netbeans.modules.progress.ui [1.15.1 201104080000]
	org.netbeans.modules.print [7.8.1 201104080000]
	org.netbeans.modules.keyring [1.5.1 201104080000]
	org.netbeans.core/2 [3.24.1 201104080000]
	org.netbeans.modules.options.api/1 [1.21.1 201104080000]
	org.netbeans.modules.options.keymap [1.13.1 201104080000]
	org.netbeans.libs.jna/1 [1.13.1 201104080000]
	org.netbeans.modules.masterfs/2 [2.31.1 201104080000]
	org.netbeans.modules.keyring.impl [1.2.1 201104080000]
	org.netbeans.modules.favorites/1 [1.24.1 201104080000]
	org.netbeans.modules.editor.mimelookup.impl/1 [1.13.1 201104080000]
	org.netbeans.modules.autoupdate.services [1.25.1 201104080000]
	org.netbeans.core.ui/1 [1.26.1 201104080000]
	org.netbeans.modules.autoupdate.ui [1.22.1 201104080000]
	org.netbeans.libs.osgi [1.4.1 201104080000]
	org.netbeans.libs.felix [1.4.1 201104080000]
	org.netbeans.core.windows/2 [2.27.1 201104080000]
	org.netbeans.modules.core.kit [1.11.1 201104080000]
	org.netbeans.core.output2/1 [1.21.1 201104080000]
	org.netbeans.core.netigso [1.8.1 201104080000]
	org.netbeans.core.nativeaccess/1 [1.11.1 201104080000]
	org.netbeans.core.io.ui/1 [1.11.1 201104080000]
	org.gephi.gephi.graph.api [1.0 1.0-20110531 201105311327]
	org.gephi.branding [1.0 1.0-20110531 201105311327]
Diagnostic information
Input arguments:
	-Djdk.home=/usr/lib/jvm/java-6-sun
	-Dnetbeans.system_http_proxy=DIRECT
	-Dnetbeans.system_http_non_proxy_hosts=
	-Dnetbeans.dirs=/home/keheliya/Projects/gephibzr/gephimaven/gephi/application/target/gephi/bin/../bin:/home/keheliya/Projects/gephibzr/gephimaven/gephi/application/target/gephi/bin/../gephi:/home/keheliya/Projects/gephibzr/gephimaven/gephi/application/target/gephi/bin/../platform:/home/keheliya/Projects/gephibzr/gephimaven/gephi/application/target/gephi/bin/../etc:
	-Dnetbeans.home=/home/keheliya/Projects/gephibzr/gephimaven/gephi/application/target/gephi/platform
	-Xms24m
	-Xmx64m
	-Dnetbeans.logger.console=true
	-ea
	-XX:+HeapDumpOnOutOfMemoryError
	-XX:HeapDumpPath=/home/keheliya/Projects/gephibzr/gephimaven/gephi/application/target/userdir/var/log/heapdump.hprof
Compiler: HotSpot Tiered Compilers
Heap memory usage: initial 24.0MB maximum 56.9MB
Non heap memory usage: initial 18.2MB maximum 112.0MB
Garbage collector: PS Scavenge (Collections=7 Total time spent=0s)
Garbage collector: PS MarkSweep (Collections=0 Total time spent=0s)
Classes: loaded=3645 total loaded=3645 unloaded 0
INFO [org.netbeans.core.ui.warmup.DiagnosticTask]: Total memory 3,161,694,208
INFO [null]: Total physical memory 3,161,694,208
